[2022-11-12 11:06:33,876] {processor.py:162} INFO - Started process (PID=81917) to work on /home/upm/.local/lib/python3.8/site-packages/airflow/example_dags/example_dag_decorator.py
[2022-11-12 11:06:33,878] {processor.py:613} INFO - Processing file /home/upm/.local/lib/python3.8/site-packages/airflow/example_dags/example_dag_decorator.py for tasks to queue
[2022-11-12 11:06:33,879] {logging_mixin.py:109} INFO - [2022-11-12 11:06:33,879] {dagbag.py:496} INFO - Filling up the DagBag from /home/upm/.local/lib/python3.8/site-packages/airflow/example_dags/example_dag_decorator.py
[2022-11-12 11:06:33,901] {processor.py:623} INFO - DAG(s) dict_keys(['example_dag_decorator']) retrieved from /home/upm/.local/lib/python3.8/site-packages/airflow/example_dags/example_dag_decorator.py
[2022-11-12 11:06:34,103] {logging_mixin.py:109} INFO - [2022-11-12 11:06:34,103] {dag.py:1834} INFO - Sync 1 DAGs
[2022-11-12 11:06:34,108] {logging_mixin.py:109} INFO - [2022-11-12 11:06:34,108] {dag.py:2287} INFO - Setting next_dagrun for example_dag_decorator to None
[2022-11-12 11:06:34,118] {processor.py:170} INFO - Processing /home/upm/.local/lib/python3.8/site-packages/airflow/example_dags/example_dag_decorator.py took 0.248 seconds
[2022-11-12 11:07:06,218] {processor.py:162} INFO - Started process (PID=82032) to work on /home/upm/.local/lib/python3.8/site-packages/airflow/example_dags/example_dag_decorator.py
[2022-11-12 11:07:06,219] {processor.py:613} INFO - Processing file /home/upm/.local/lib/python3.8/site-packages/airflow/example_dags/example_dag_decorator.py for tasks to queue
[2022-11-12 11:07:06,220] {logging_mixin.py:109} INFO - [2022-11-12 11:07:06,220] {dagbag.py:496} INFO - Filling up the DagBag from /home/upm/.local/lib/python3.8/site-packages/airflow/example_dags/example_dag_decorator.py
[2022-11-12 11:07:06,240] {processor.py:623} INFO - DAG(s) dict_keys(['example_dag_decorator']) retrieved from /home/upm/.local/lib/python3.8/site-packages/airflow/example_dags/example_dag_decorator.py
[2022-11-12 11:07:06,539] {logging_mixin.py:109} INFO - [2022-11-12 11:07:06,539] {dag.py:1834} INFO - Sync 1 DAGs
[2022-11-12 11:07:06,545] {logging_mixin.py:109} INFO - [2022-11-12 11:07:06,545] {dag.py:2287} INFO - Setting next_dagrun for example_dag_decorator to None
[2022-11-12 11:07:06,558] {processor.py:170} INFO - Processing /home/upm/.local/lib/python3.8/site-packages/airflow/example_dags/example_dag_decorator.py took 0.343 seconds
[2022-11-12 11:07:38,440] {processor.py:162} INFO - Started process (PID=82172) to work on /home/upm/.local/lib/python3.8/site-packages/airflow/example_dags/example_dag_decorator.py
[2022-11-12 11:07:38,442] {processor.py:613} INFO - Processing file /home/upm/.local/lib/python3.8/site-packages/airflow/example_dags/example_dag_decorator.py for tasks to queue
[2022-11-12 11:07:38,442] {logging_mixin.py:109} INFO - [2022-11-12 11:07:38,442] {dagbag.py:496} INFO - Filling up the DagBag from /home/upm/.local/lib/python3.8/site-packages/airflow/example_dags/example_dag_decorator.py
[2022-11-12 11:07:38,460] {processor.py:623} INFO - DAG(s) dict_keys(['example_dag_decorator']) retrieved from /home/upm/.local/lib/python3.8/site-packages/airflow/example_dags/example_dag_decorator.py
[2022-11-12 11:07:38,705] {logging_mixin.py:109} INFO - [2022-11-12 11:07:38,705] {dag.py:1834} INFO - Sync 1 DAGs
[2022-11-12 11:07:38,712] {logging_mixin.py:109} INFO - [2022-11-12 11:07:38,712] {dag.py:2287} INFO - Setting next_dagrun for example_dag_decorator to None
[2022-11-12 11:07:38,721] {processor.py:170} INFO - Processing /home/upm/.local/lib/python3.8/site-packages/airflow/example_dags/example_dag_decorator.py took 0.284 seconds
[2022-11-12 11:10:53,074] {processor.py:162} INFO - Started process (PID=82399) to work on /home/upm/.local/lib/python3.8/site-packages/airflow/example_dags/example_dag_decorator.py
[2022-11-12 11:10:53,076] {processor.py:613} INFO - Processing file /home/upm/.local/lib/python3.8/site-packages/airflow/example_dags/example_dag_decorator.py for tasks to queue
[2022-11-12 11:10:53,076] {logging_mixin.py:109} INFO - [2022-11-12 11:10:53,076] {dagbag.py:496} INFO - Filling up the DagBag from /home/upm/.local/lib/python3.8/site-packages/airflow/example_dags/example_dag_decorator.py
[2022-11-12 11:10:53,090] {processor.py:623} INFO - DAG(s) dict_keys(['example_dag_decorator']) retrieved from /home/upm/.local/lib/python3.8/site-packages/airflow/example_dags/example_dag_decorator.py
[2022-11-12 11:10:53,340] {logging_mixin.py:109} INFO - [2022-11-12 11:10:53,340] {dag.py:1834} INFO - Sync 1 DAGs
[2022-11-12 11:10:53,346] {logging_mixin.py:109} INFO - [2022-11-12 11:10:53,346] {dag.py:2287} INFO - Setting next_dagrun for example_dag_decorator to None
[2022-11-12 11:10:53,357] {processor.py:170} INFO - Processing /home/upm/.local/lib/python3.8/site-packages/airflow/example_dags/example_dag_decorator.py took 0.286 seconds
[2022-11-12 11:11:25,336] {processor.py:162} INFO - Started process (PID=82520) to work on /home/upm/.local/lib/python3.8/site-packages/airflow/example_dags/example_dag_decorator.py
[2022-11-12 11:11:25,337] {processor.py:613} INFO - Processing file /home/upm/.local/lib/python3.8/site-packages/airflow/example_dags/example_dag_decorator.py for tasks to queue
[2022-11-12 11:11:25,337] {logging_mixin.py:109} INFO - [2022-11-12 11:11:25,337] {dagbag.py:496} INFO - Filling up the DagBag from /home/upm/.local/lib/python3.8/site-packages/airflow/example_dags/example_dag_decorator.py
[2022-11-12 11:11:25,352] {processor.py:623} INFO - DAG(s) dict_keys(['example_dag_decorator']) retrieved from /home/upm/.local/lib/python3.8/site-packages/airflow/example_dags/example_dag_decorator.py
[2022-11-12 11:11:25,561] {logging_mixin.py:109} INFO - [2022-11-12 11:11:25,561] {dag.py:1834} INFO - Sync 1 DAGs
[2022-11-12 11:11:25,566] {logging_mixin.py:109} INFO - [2022-11-12 11:11:25,566] {dag.py:2287} INFO - Setting next_dagrun for example_dag_decorator to None
[2022-11-12 11:11:25,576] {processor.py:170} INFO - Processing /home/upm/.local/lib/python3.8/site-packages/airflow/example_dags/example_dag_decorator.py took 0.243 seconds
[2022-11-12 11:11:56,505] {processor.py:162} INFO - Started process (PID=82620) to work on /home/upm/.local/lib/python3.8/site-packages/airflow/example_dags/example_dag_decorator.py
[2022-11-12 11:11:56,506] {processor.py:613} INFO - Processing file /home/upm/.local/lib/python3.8/site-packages/airflow/example_dags/example_dag_decorator.py for tasks to queue
[2022-11-12 11:11:56,507] {logging_mixin.py:109} INFO - [2022-11-12 11:11:56,507] {dagbag.py:496} INFO - Filling up the DagBag from /home/upm/.local/lib/python3.8/site-packages/airflow/example_dags/example_dag_decorator.py
[2022-11-12 11:11:56,521] {processor.py:623} INFO - DAG(s) dict_keys(['example_dag_decorator']) retrieved from /home/upm/.local/lib/python3.8/site-packages/airflow/example_dags/example_dag_decorator.py
[2022-11-12 11:11:56,737] {logging_mixin.py:109} INFO - [2022-11-12 11:11:56,737] {dag.py:1834} INFO - Sync 1 DAGs
[2022-11-12 11:11:56,742] {logging_mixin.py:109} INFO - [2022-11-12 11:11:56,742] {dag.py:2287} INFO - Setting next_dagrun for example_dag_decorator to None
[2022-11-12 11:11:56,753] {processor.py:170} INFO - Processing /home/upm/.local/lib/python3.8/site-packages/airflow/example_dags/example_dag_decorator.py took 0.250 seconds
[2022-11-12 11:12:28,745] {processor.py:162} INFO - Started process (PID=82719) to work on /home/upm/.local/lib/python3.8/site-packages/airflow/example_dags/example_dag_decorator.py
[2022-11-12 11:12:28,747] {processor.py:613} INFO - Processing file /home/upm/.local/lib/python3.8/site-packages/airflow/example_dags/example_dag_decorator.py for tasks to queue
[2022-11-12 11:12:28,747] {logging_mixin.py:109} INFO - [2022-11-12 11:12:28,747] {dagbag.py:496} INFO - Filling up the DagBag from /home/upm/.local/lib/python3.8/site-packages/airflow/example_dags/example_dag_decorator.py
[2022-11-12 11:12:28,766] {processor.py:623} INFO - DAG(s) dict_keys(['example_dag_decorator']) retrieved from /home/upm/.local/lib/python3.8/site-packages/airflow/example_dags/example_dag_decorator.py
[2022-11-12 11:12:29,025] {logging_mixin.py:109} INFO - [2022-11-12 11:12:29,025] {dag.py:1834} INFO - Sync 1 DAGs
[2022-11-12 11:12:29,030] {logging_mixin.py:109} INFO - [2022-11-12 11:12:29,030] {dag.py:2287} INFO - Setting next_dagrun for example_dag_decorator to None
[2022-11-12 11:12:29,041] {processor.py:170} INFO - Processing /home/upm/.local/lib/python3.8/site-packages/airflow/example_dags/example_dag_decorator.py took 0.299 seconds
[2022-11-12 11:13:36,677] {processor.py:162} INFO - Started process (PID=82910) to work on /home/upm/.local/lib/python3.8/site-packages/airflow/example_dags/example_dag_decorator.py
[2022-11-12 11:13:36,679] {processor.py:613} INFO - Processing file /home/upm/.local/lib/python3.8/site-packages/airflow/example_dags/example_dag_decorator.py for tasks to queue
[2022-11-12 11:13:36,679] {logging_mixin.py:109} INFO - [2022-11-12 11:13:36,679] {dagbag.py:496} INFO - Filling up the DagBag from /home/upm/.local/lib/python3.8/site-packages/airflow/example_dags/example_dag_decorator.py
[2022-11-12 11:13:36,695] {processor.py:623} INFO - DAG(s) dict_keys(['example_dag_decorator']) retrieved from /home/upm/.local/lib/python3.8/site-packages/airflow/example_dags/example_dag_decorator.py
[2022-11-12 11:13:36,899] {logging_mixin.py:109} INFO - [2022-11-12 11:13:36,899] {dag.py:1834} INFO - Sync 1 DAGs
[2022-11-12 11:13:36,904] {logging_mixin.py:109} INFO - [2022-11-12 11:13:36,904] {dag.py:2287} INFO - Setting next_dagrun for example_dag_decorator to None
[2022-11-12 11:13:36,914] {processor.py:170} INFO - Processing /home/upm/.local/lib/python3.8/site-packages/airflow/example_dags/example_dag_decorator.py took 0.239 seconds
[2022-11-12 11:14:08,956] {processor.py:162} INFO - Started process (PID=83022) to work on /home/upm/.local/lib/python3.8/site-packages/airflow/example_dags/example_dag_decorator.py
[2022-11-12 11:14:08,957] {processor.py:613} INFO - Processing file /home/upm/.local/lib/python3.8/site-packages/airflow/example_dags/example_dag_decorator.py for tasks to queue
[2022-11-12 11:14:08,958] {logging_mixin.py:109} INFO - [2022-11-12 11:14:08,957] {dagbag.py:496} INFO - Filling up the DagBag from /home/upm/.local/lib/python3.8/site-packages/airflow/example_dags/example_dag_decorator.py
[2022-11-12 11:14:08,975] {processor.py:623} INFO - DAG(s) dict_keys(['example_dag_decorator']) retrieved from /home/upm/.local/lib/python3.8/site-packages/airflow/example_dags/example_dag_decorator.py
[2022-11-12 11:14:09,187] {logging_mixin.py:109} INFO - [2022-11-12 11:14:09,187] {dag.py:1834} INFO - Sync 1 DAGs
[2022-11-12 11:14:09,192] {logging_mixin.py:109} INFO - [2022-11-12 11:14:09,192] {dag.py:2287} INFO - Setting next_dagrun for example_dag_decorator to None
[2022-11-12 11:14:09,202] {processor.py:170} INFO - Processing /home/upm/.local/lib/python3.8/site-packages/airflow/example_dags/example_dag_decorator.py took 0.249 seconds
[2022-11-12 11:17:05,022] {processor.py:162} INFO - Started process (PID=83564) to work on /home/upm/.local/lib/python3.8/site-packages/airflow/example_dags/example_dag_decorator.py
[2022-11-12 11:17:05,023] {processor.py:613} INFO - Processing file /home/upm/.local/lib/python3.8/site-packages/airflow/example_dags/example_dag_decorator.py for tasks to queue
[2022-11-12 11:17:05,024] {logging_mixin.py:109} INFO - [2022-11-12 11:17:05,024] {dagbag.py:496} INFO - Filling up the DagBag from /home/upm/.local/lib/python3.8/site-packages/airflow/example_dags/example_dag_decorator.py
[2022-11-12 11:17:05,038] {processor.py:623} INFO - DAG(s) dict_keys(['example_dag_decorator']) retrieved from /home/upm/.local/lib/python3.8/site-packages/airflow/example_dags/example_dag_decorator.py
[2022-11-12 11:17:05,272] {logging_mixin.py:109} INFO - [2022-11-12 11:17:05,272] {dag.py:1834} INFO - Sync 1 DAGs
[2022-11-12 11:17:05,277] {logging_mixin.py:109} INFO - [2022-11-12 11:17:05,277] {dag.py:2287} INFO - Setting next_dagrun for example_dag_decorator to None
[2022-11-12 11:17:05,288] {processor.py:170} INFO - Processing /home/upm/.local/lib/python3.8/site-packages/airflow/example_dags/example_dag_decorator.py took 0.268 seconds
[2022-11-12 11:17:37,272] {processor.py:162} INFO - Started process (PID=83673) to work on /home/upm/.local/lib/python3.8/site-packages/airflow/example_dags/example_dag_decorator.py
[2022-11-12 11:17:37,273] {processor.py:613} INFO - Processing file /home/upm/.local/lib/python3.8/site-packages/airflow/example_dags/example_dag_decorator.py for tasks to queue
[2022-11-12 11:17:37,274] {logging_mixin.py:109} INFO - [2022-11-12 11:17:37,273] {dagbag.py:496} INFO - Filling up the DagBag from /home/upm/.local/lib/python3.8/site-packages/airflow/example_dags/example_dag_decorator.py
[2022-11-12 11:17:37,289] {processor.py:623} INFO - DAG(s) dict_keys(['example_dag_decorator']) retrieved from /home/upm/.local/lib/python3.8/site-packages/airflow/example_dags/example_dag_decorator.py
[2022-11-12 11:17:37,520] {logging_mixin.py:109} INFO - [2022-11-12 11:17:37,520] {dag.py:1834} INFO - Sync 1 DAGs
[2022-11-12 11:17:37,526] {logging_mixin.py:109} INFO - [2022-11-12 11:17:37,526] {dag.py:2287} INFO - Setting next_dagrun for example_dag_decorator to None
[2022-11-12 11:17:37,542] {processor.py:170} INFO - Processing /home/upm/.local/lib/python3.8/site-packages/airflow/example_dags/example_dag_decorator.py took 0.272 seconds
[2022-11-12 11:18:08,396] {processor.py:162} INFO - Started process (PID=83806) to work on /home/upm/.local/lib/python3.8/site-packages/airflow/example_dags/example_dag_decorator.py
[2022-11-12 11:18:08,397] {processor.py:613} INFO - Processing file /home/upm/.local/lib/python3.8/site-packages/airflow/example_dags/example_dag_decorator.py for tasks to queue
[2022-11-12 11:18:08,398] {logging_mixin.py:109} INFO - [2022-11-12 11:18:08,397] {dagbag.py:496} INFO - Filling up the DagBag from /home/upm/.local/lib/python3.8/site-packages/airflow/example_dags/example_dag_decorator.py
[2022-11-12 11:18:08,419] {processor.py:623} INFO - DAG(s) dict_keys(['example_dag_decorator']) retrieved from /home/upm/.local/lib/python3.8/site-packages/airflow/example_dags/example_dag_decorator.py
[2022-11-12 11:18:08,660] {logging_mixin.py:109} INFO - [2022-11-12 11:18:08,660] {dag.py:1834} INFO - Sync 1 DAGs
[2022-11-12 11:18:08,665] {logging_mixin.py:109} INFO - [2022-11-12 11:18:08,665] {dag.py:2287} INFO - Setting next_dagrun for example_dag_decorator to None
[2022-11-12 11:18:08,674] {processor.py:170} INFO - Processing /home/upm/.local/lib/python3.8/site-packages/airflow/example_dags/example_dag_decorator.py took 0.283 seconds
[2022-11-12 11:18:41,287] {processor.py:162} INFO - Started process (PID=83916) to work on /home/upm/.local/lib/python3.8/site-packages/airflow/example_dags/example_dag_decorator.py
[2022-11-12 11:18:41,288] {processor.py:613} INFO - Processing file /home/upm/.local/lib/python3.8/site-packages/airflow/example_dags/example_dag_decorator.py for tasks to queue
[2022-11-12 11:18:41,289] {logging_mixin.py:109} INFO - [2022-11-12 11:18:41,289] {dagbag.py:496} INFO - Filling up the DagBag from /home/upm/.local/lib/python3.8/site-packages/airflow/example_dags/example_dag_decorator.py
[2022-11-12 11:18:41,307] {processor.py:623} INFO - DAG(s) dict_keys(['example_dag_decorator']) retrieved from /home/upm/.local/lib/python3.8/site-packages/airflow/example_dags/example_dag_decorator.py
[2022-11-12 11:18:41,566] {logging_mixin.py:109} INFO - [2022-11-12 11:18:41,566] {dag.py:1834} INFO - Sync 1 DAGs
[2022-11-12 11:18:41,571] {logging_mixin.py:109} INFO - [2022-11-12 11:18:41,571] {dag.py:2287} INFO - Setting next_dagrun for example_dag_decorator to None
[2022-11-12 11:18:41,583] {processor.py:170} INFO - Processing /home/upm/.local/lib/python3.8/site-packages/airflow/example_dags/example_dag_decorator.py took 0.301 seconds
[2022-11-12 11:19:13,953] {processor.py:162} INFO - Started process (PID=84091) to work on /home/upm/.local/lib/python3.8/site-packages/airflow/example_dags/example_dag_decorator.py
[2022-11-12 11:19:13,954] {processor.py:613} INFO - Processing file /home/upm/.local/lib/python3.8/site-packages/airflow/example_dags/example_dag_decorator.py for tasks to queue
[2022-11-12 11:19:13,954] {logging_mixin.py:109} INFO - [2022-11-12 11:19:13,954] {dagbag.py:496} INFO - Filling up the DagBag from /home/upm/.local/lib/python3.8/site-packages/airflow/example_dags/example_dag_decorator.py
[2022-11-12 11:19:13,969] {processor.py:623} INFO - DAG(s) dict_keys(['example_dag_decorator']) retrieved from /home/upm/.local/lib/python3.8/site-packages/airflow/example_dags/example_dag_decorator.py
[2022-11-12 11:19:14,192] {logging_mixin.py:109} INFO - [2022-11-12 11:19:14,192] {dag.py:1834} INFO - Sync 1 DAGs
[2022-11-12 11:19:14,198] {logging_mixin.py:109} INFO - [2022-11-12 11:19:14,198] {dag.py:2287} INFO - Setting next_dagrun for example_dag_decorator to None
[2022-11-12 11:19:14,210] {processor.py:170} INFO - Processing /home/upm/.local/lib/python3.8/site-packages/airflow/example_dags/example_dag_decorator.py took 0.260 seconds
[2022-11-12 11:21:34,887] {processor.py:162} INFO - Started process (PID=84385) to work on /home/upm/.local/lib/python3.8/site-packages/airflow/example_dags/example_dag_decorator.py
[2022-11-12 11:21:34,889] {processor.py:613} INFO - Processing file /home/upm/.local/lib/python3.8/site-packages/airflow/example_dags/example_dag_decorator.py for tasks to queue
[2022-11-12 11:21:34,889] {logging_mixin.py:109} INFO - [2022-11-12 11:21:34,889] {dagbag.py:496} INFO - Filling up the DagBag from /home/upm/.local/lib/python3.8/site-packages/airflow/example_dags/example_dag_decorator.py
[2022-11-12 11:21:34,913] {processor.py:623} INFO - DAG(s) dict_keys(['example_dag_decorator']) retrieved from /home/upm/.local/lib/python3.8/site-packages/airflow/example_dags/example_dag_decorator.py
[2022-11-12 11:21:35,199] {logging_mixin.py:109} INFO - [2022-11-12 11:21:35,199] {dag.py:1834} INFO - Sync 1 DAGs
[2022-11-12 11:21:35,207] {logging_mixin.py:109} INFO - [2022-11-12 11:21:35,207] {dag.py:2287} INFO - Setting next_dagrun for example_dag_decorator to None
[2022-11-12 11:21:35,225] {processor.py:170} INFO - Processing /home/upm/.local/lib/python3.8/site-packages/airflow/example_dags/example_dag_decorator.py took 0.343 seconds
[2022-11-12 11:22:07,224] {processor.py:162} INFO - Started process (PID=84489) to work on /home/upm/.local/lib/python3.8/site-packages/airflow/example_dags/example_dag_decorator.py
[2022-11-12 11:22:07,226] {processor.py:613} INFO - Processing file /home/upm/.local/lib/python3.8/site-packages/airflow/example_dags/example_dag_decorator.py for tasks to queue
[2022-11-12 11:22:07,226] {logging_mixin.py:109} INFO - [2022-11-12 11:22:07,226] {dagbag.py:496} INFO - Filling up the DagBag from /home/upm/.local/lib/python3.8/site-packages/airflow/example_dags/example_dag_decorator.py
[2022-11-12 11:22:07,245] {processor.py:623} INFO - DAG(s) dict_keys(['example_dag_decorator']) retrieved from /home/upm/.local/lib/python3.8/site-packages/airflow/example_dags/example_dag_decorator.py
[2022-11-12 11:22:07,548] {logging_mixin.py:109} INFO - [2022-11-12 11:22:07,548] {dag.py:1834} INFO - Sync 1 DAGs
[2022-11-12 11:22:07,555] {logging_mixin.py:109} INFO - [2022-11-12 11:22:07,555] {dag.py:2287} INFO - Setting next_dagrun for example_dag_decorator to None
[2022-11-12 11:22:07,572] {processor.py:170} INFO - Processing /home/upm/.local/lib/python3.8/site-packages/airflow/example_dags/example_dag_decorator.py took 0.352 seconds
[2022-11-12 11:22:38,339] {processor.py:162} INFO - Started process (PID=84598) to work on /home/upm/.local/lib/python3.8/site-packages/airflow/example_dags/example_dag_decorator.py
[2022-11-12 11:22:38,342] {processor.py:613} INFO - Processing file /home/upm/.local/lib/python3.8/site-packages/airflow/example_dags/example_dag_decorator.py for tasks to queue
[2022-11-12 11:22:38,342] {logging_mixin.py:109} INFO - [2022-11-12 11:22:38,342] {dagbag.py:496} INFO - Filling up the DagBag from /home/upm/.local/lib/python3.8/site-packages/airflow/example_dags/example_dag_decorator.py
[2022-11-12 11:22:38,356] {processor.py:623} INFO - DAG(s) dict_keys(['example_dag_decorator']) retrieved from /home/upm/.local/lib/python3.8/site-packages/airflow/example_dags/example_dag_decorator.py
[2022-11-12 11:22:38,630] {logging_mixin.py:109} INFO - [2022-11-12 11:22:38,629] {dag.py:1834} INFO - Sync 1 DAGs
[2022-11-12 11:22:38,636] {logging_mixin.py:109} INFO - [2022-11-12 11:22:38,636] {dag.py:2287} INFO - Setting next_dagrun for example_dag_decorator to None
[2022-11-12 11:22:38,652] {processor.py:170} INFO - Processing /home/upm/.local/lib/python3.8/site-packages/airflow/example_dags/example_dag_decorator.py took 0.315 seconds
[2022-11-12 11:27:26,466] {processor.py:162} INFO - Started process (PID=85230) to work on /home/upm/.local/lib/python3.8/site-packages/airflow/example_dags/example_dag_decorator.py
[2022-11-12 11:27:26,468] {processor.py:613} INFO - Processing file /home/upm/.local/lib/python3.8/site-packages/airflow/example_dags/example_dag_decorator.py for tasks to queue
[2022-11-12 11:27:26,468] {logging_mixin.py:109} INFO - [2022-11-12 11:27:26,468] {dagbag.py:496} INFO - Filling up the DagBag from /home/upm/.local/lib/python3.8/site-packages/airflow/example_dags/example_dag_decorator.py
[2022-11-12 11:27:26,486] {processor.py:623} INFO - DAG(s) dict_keys(['example_dag_decorator']) retrieved from /home/upm/.local/lib/python3.8/site-packages/airflow/example_dags/example_dag_decorator.py
[2022-11-12 11:27:26,703] {logging_mixin.py:109} INFO - [2022-11-12 11:27:26,702] {dag.py:1834} INFO - Sync 1 DAGs
[2022-11-12 11:27:26,708] {logging_mixin.py:109} INFO - [2022-11-12 11:27:26,707] {dag.py:2287} INFO - Setting next_dagrun for example_dag_decorator to None
[2022-11-12 11:27:26,717] {processor.py:170} INFO - Processing /home/upm/.local/lib/python3.8/site-packages/airflow/example_dags/example_dag_decorator.py took 0.253 seconds
[2022-11-12 11:27:58,757] {processor.py:162} INFO - Started process (PID=85495) to work on /home/upm/.local/lib/python3.8/site-packages/airflow/example_dags/example_dag_decorator.py
[2022-11-12 11:27:58,758] {processor.py:613} INFO - Processing file /home/upm/.local/lib/python3.8/site-packages/airflow/example_dags/example_dag_decorator.py for tasks to queue
[2022-11-12 11:27:58,758] {logging_mixin.py:109} INFO - [2022-11-12 11:27:58,758] {dagbag.py:496} INFO - Filling up the DagBag from /home/upm/.local/lib/python3.8/site-packages/airflow/example_dags/example_dag_decorator.py
[2022-11-12 11:27:58,777] {processor.py:623} INFO - DAG(s) dict_keys(['example_dag_decorator']) retrieved from /home/upm/.local/lib/python3.8/site-packages/airflow/example_dags/example_dag_decorator.py
[2022-11-12 11:27:58,996] {logging_mixin.py:109} INFO - [2022-11-12 11:27:58,996] {dag.py:1834} INFO - Sync 1 DAGs
[2022-11-12 11:27:59,001] {logging_mixin.py:109} INFO - [2022-11-12 11:27:59,001] {dag.py:2287} INFO - Setting next_dagrun for example_dag_decorator to None
[2022-11-12 11:27:59,012] {processor.py:170} INFO - Processing /home/upm/.local/lib/python3.8/site-packages/airflow/example_dags/example_dag_decorator.py took 0.257 seconds
[2022-11-12 11:29:32,329] {processor.py:162} INFO - Started process (PID=85817) to work on /home/upm/.local/lib/python3.8/site-packages/airflow/example_dags/example_dag_decorator.py
[2022-11-12 11:29:32,331] {processor.py:613} INFO - Processing file /home/upm/.local/lib/python3.8/site-packages/airflow/example_dags/example_dag_decorator.py for tasks to queue
[2022-11-12 11:29:32,332] {logging_mixin.py:109} INFO - [2022-11-12 11:29:32,332] {dagbag.py:496} INFO - Filling up the DagBag from /home/upm/.local/lib/python3.8/site-packages/airflow/example_dags/example_dag_decorator.py
[2022-11-12 11:29:32,348] {processor.py:623} INFO - DAG(s) dict_keys(['example_dag_decorator']) retrieved from /home/upm/.local/lib/python3.8/site-packages/airflow/example_dags/example_dag_decorator.py
[2022-11-12 11:29:32,576] {logging_mixin.py:109} INFO - [2022-11-12 11:29:32,576] {dag.py:1834} INFO - Sync 1 DAGs
[2022-11-12 11:29:32,581] {logging_mixin.py:109} INFO - [2022-11-12 11:29:32,581] {dag.py:2287} INFO - Setting next_dagrun for example_dag_decorator to None
[2022-11-12 11:29:32,591] {processor.py:170} INFO - Processing /home/upm/.local/lib/python3.8/site-packages/airflow/example_dags/example_dag_decorator.py took 0.264 seconds
[2022-11-12 11:30:04,580] {processor.py:162} INFO - Started process (PID=85927) to work on /home/upm/.local/lib/python3.8/site-packages/airflow/example_dags/example_dag_decorator.py
[2022-11-12 11:30:04,581] {processor.py:613} INFO - Processing file /home/upm/.local/lib/python3.8/site-packages/airflow/example_dags/example_dag_decorator.py for tasks to queue
[2022-11-12 11:30:04,582] {logging_mixin.py:109} INFO - [2022-11-12 11:30:04,582] {dagbag.py:496} INFO - Filling up the DagBag from /home/upm/.local/lib/python3.8/site-packages/airflow/example_dags/example_dag_decorator.py
[2022-11-12 11:30:04,598] {processor.py:623} INFO - DAG(s) dict_keys(['example_dag_decorator']) retrieved from /home/upm/.local/lib/python3.8/site-packages/airflow/example_dags/example_dag_decorator.py
[2022-11-12 11:30:04,841] {logging_mixin.py:109} INFO - [2022-11-12 11:30:04,841] {dag.py:1834} INFO - Sync 1 DAGs
[2022-11-12 11:30:04,846] {logging_mixin.py:109} INFO - [2022-11-12 11:30:04,845] {dag.py:2287} INFO - Setting next_dagrun for example_dag_decorator to None
[2022-11-12 11:30:04,858] {processor.py:170} INFO - Processing /home/upm/.local/lib/python3.8/site-packages/airflow/example_dags/example_dag_decorator.py took 0.280 seconds
[2022-11-12 11:30:35,689] {processor.py:162} INFO - Started process (PID=86140) to work on /home/upm/.local/lib/python3.8/site-packages/airflow/example_dags/example_dag_decorator.py
[2022-11-12 11:30:35,690] {processor.py:613} INFO - Processing file /home/upm/.local/lib/python3.8/site-packages/airflow/example_dags/example_dag_decorator.py for tasks to queue
[2022-11-12 11:30:35,691] {logging_mixin.py:109} INFO - [2022-11-12 11:30:35,691] {dagbag.py:496} INFO - Filling up the DagBag from /home/upm/.local/lib/python3.8/site-packages/airflow/example_dags/example_dag_decorator.py
[2022-11-12 11:30:35,706] {processor.py:623} INFO - DAG(s) dict_keys(['example_dag_decorator']) retrieved from /home/upm/.local/lib/python3.8/site-packages/airflow/example_dags/example_dag_decorator.py
[2022-11-12 11:30:35,914] {logging_mixin.py:109} INFO - [2022-11-12 11:30:35,914] {dag.py:1834} INFO - Sync 1 DAGs
[2022-11-12 11:30:35,919] {logging_mixin.py:109} INFO - [2022-11-12 11:30:35,919] {dag.py:2287} INFO - Setting next_dagrun for example_dag_decorator to None
[2022-11-12 11:30:35,930] {processor.py:170} INFO - Processing /home/upm/.local/lib/python3.8/site-packages/airflow/example_dags/example_dag_decorator.py took 0.244 seconds
[2022-11-12 11:31:07,972] {processor.py:162} INFO - Started process (PID=86260) to work on /home/upm/.local/lib/python3.8/site-packages/airflow/example_dags/example_dag_decorator.py
[2022-11-12 11:31:07,976] {processor.py:613} INFO - Processing file /home/upm/.local/lib/python3.8/site-packages/airflow/example_dags/example_dag_decorator.py for tasks to queue
[2022-11-12 11:31:07,976] {logging_mixin.py:109} INFO - [2022-11-12 11:31:07,976] {dagbag.py:496} INFO - Filling up the DagBag from /home/upm/.local/lib/python3.8/site-packages/airflow/example_dags/example_dag_decorator.py
[2022-11-12 11:31:08,003] {processor.py:623} INFO - DAG(s) dict_keys(['example_dag_decorator']) retrieved from /home/upm/.local/lib/python3.8/site-packages/airflow/example_dags/example_dag_decorator.py
[2022-11-12 11:31:08,251] {logging_mixin.py:109} INFO - [2022-11-12 11:31:08,251] {dag.py:1834} INFO - Sync 1 DAGs
[2022-11-12 11:31:08,257] {logging_mixin.py:109} INFO - [2022-11-12 11:31:08,257] {dag.py:2287} INFO - Setting next_dagrun for example_dag_decorator to None
[2022-11-12 11:31:08,276] {processor.py:170} INFO - Processing /home/upm/.local/lib/python3.8/site-packages/airflow/example_dags/example_dag_decorator.py took 0.307 seconds
[2022-11-12 11:31:39,491] {processor.py:162} INFO - Started process (PID=86412) to work on /home/upm/.local/lib/python3.8/site-packages/airflow/example_dags/example_dag_decorator.py
[2022-11-12 11:31:39,492] {processor.py:613} INFO - Processing file /home/upm/.local/lib/python3.8/site-packages/airflow/example_dags/example_dag_decorator.py for tasks to queue
[2022-11-12 11:31:39,492] {logging_mixin.py:109} INFO - [2022-11-12 11:31:39,492] {dagbag.py:496} INFO - Filling up the DagBag from /home/upm/.local/lib/python3.8/site-packages/airflow/example_dags/example_dag_decorator.py
[2022-11-12 11:31:39,508] {processor.py:623} INFO - DAG(s) dict_keys(['example_dag_decorator']) retrieved from /home/upm/.local/lib/python3.8/site-packages/airflow/example_dags/example_dag_decorator.py
[2022-11-12 11:31:39,760] {logging_mixin.py:109} INFO - [2022-11-12 11:31:39,760] {dag.py:1834} INFO - Sync 1 DAGs
[2022-11-12 11:31:39,765] {logging_mixin.py:109} INFO - [2022-11-12 11:31:39,765] {dag.py:2287} INFO - Setting next_dagrun for example_dag_decorator to None
[2022-11-12 11:31:39,779] {processor.py:170} INFO - Processing /home/upm/.local/lib/python3.8/site-packages/airflow/example_dags/example_dag_decorator.py took 0.291 seconds
[2022-11-12 11:32:11,308] {processor.py:162} INFO - Started process (PID=86657) to work on /home/upm/.local/lib/python3.8/site-packages/airflow/example_dags/example_dag_decorator.py
[2022-11-12 11:32:11,309] {processor.py:613} INFO - Processing file /home/upm/.local/lib/python3.8/site-packages/airflow/example_dags/example_dag_decorator.py for tasks to queue
[2022-11-12 11:32:11,310] {logging_mixin.py:109} INFO - [2022-11-12 11:32:11,309] {dagbag.py:496} INFO - Filling up the DagBag from /home/upm/.local/lib/python3.8/site-packages/airflow/example_dags/example_dag_decorator.py
[2022-11-12 11:32:11,329] {processor.py:623} INFO - DAG(s) dict_keys(['example_dag_decorator']) retrieved from /home/upm/.local/lib/python3.8/site-packages/airflow/example_dags/example_dag_decorator.py
[2022-11-12 11:32:11,587] {logging_mixin.py:109} INFO - [2022-11-12 11:32:11,587] {dag.py:1834} INFO - Sync 1 DAGs
[2022-11-12 11:32:11,592] {logging_mixin.py:109} INFO - [2022-11-12 11:32:11,592] {dag.py:2287} INFO - Setting next_dagrun for example_dag_decorator to None
[2022-11-12 11:32:11,603] {processor.py:170} INFO - Processing /home/upm/.local/lib/python3.8/site-packages/airflow/example_dags/example_dag_decorator.py took 0.299 seconds
[2022-11-12 11:32:44,238] {processor.py:162} INFO - Started process (PID=86774) to work on /home/upm/.local/lib/python3.8/site-packages/airflow/example_dags/example_dag_decorator.py
[2022-11-12 11:32:44,240] {processor.py:613} INFO - Processing file /home/upm/.local/lib/python3.8/site-packages/airflow/example_dags/example_dag_decorator.py for tasks to queue
[2022-11-12 11:32:44,241] {logging_mixin.py:109} INFO - [2022-11-12 11:32:44,241] {dagbag.py:496} INFO - Filling up the DagBag from /home/upm/.local/lib/python3.8/site-packages/airflow/example_dags/example_dag_decorator.py
[2022-11-12 11:32:44,256] {processor.py:623} INFO - DAG(s) dict_keys(['example_dag_decorator']) retrieved from /home/upm/.local/lib/python3.8/site-packages/airflow/example_dags/example_dag_decorator.py
[2022-11-12 11:32:44,497] {logging_mixin.py:109} INFO - [2022-11-12 11:32:44,497] {dag.py:1834} INFO - Sync 1 DAGs
[2022-11-12 11:32:44,504] {logging_mixin.py:109} INFO - [2022-11-12 11:32:44,504] {dag.py:2287} INFO - Setting next_dagrun for example_dag_decorator to None
[2022-11-12 11:32:44,518] {processor.py:170} INFO - Processing /home/upm/.local/lib/python3.8/site-packages/airflow/example_dags/example_dag_decorator.py took 0.283 seconds
