[2022-11-12 11:06:16,862] {processor.py:162} INFO - Started process (PID=81810) to work on /home/upm/.local/lib/python3.8/site-packages/airflow/example_dags/example_skip_dag.py
[2022-11-12 11:06:16,863] {processor.py:613} INFO - Processing file /home/upm/.local/lib/python3.8/site-packages/airflow/example_dags/example_skip_dag.py for tasks to queue
[2022-11-12 11:06:16,863] {logging_mixin.py:109} INFO - [2022-11-12 11:06:16,863] {dagbag.py:496} INFO - Filling up the DagBag from /home/upm/.local/lib/python3.8/site-packages/airflow/example_dags/example_skip_dag.py
[2022-11-12 11:06:16,871] {processor.py:623} INFO - DAG(s) dict_keys(['example_skip_dag']) retrieved from /home/upm/.local/lib/python3.8/site-packages/airflow/example_dags/example_skip_dag.py
[2022-11-12 11:06:16,884] {logging_mixin.py:109} INFO - [2022-11-12 11:06:16,884] {dag.py:1834} INFO - Sync 1 DAGs
[2022-11-12 11:06:16,891] {logging_mixin.py:109} INFO - [2022-11-12 11:06:16,891] {dag.py:2287} INFO - Setting next_dagrun for example_skip_dag to 2022-11-10 00:00:00+00:00
[2022-11-12 11:06:16,902] {processor.py:170} INFO - Processing /home/upm/.local/lib/python3.8/site-packages/airflow/example_dags/example_skip_dag.py took 0.042 seconds
[2022-11-12 11:06:49,473] {processor.py:162} INFO - Started process (PID=81976) to work on /home/upm/.local/lib/python3.8/site-packages/airflow/example_dags/example_skip_dag.py
[2022-11-12 11:06:49,474] {processor.py:613} INFO - Processing file /home/upm/.local/lib/python3.8/site-packages/airflow/example_dags/example_skip_dag.py for tasks to queue
[2022-11-12 11:06:49,475] {logging_mixin.py:109} INFO - [2022-11-12 11:06:49,475] {dagbag.py:496} INFO - Filling up the DagBag from /home/upm/.local/lib/python3.8/site-packages/airflow/example_dags/example_skip_dag.py
[2022-11-12 11:06:49,482] {processor.py:623} INFO - DAG(s) dict_keys(['example_skip_dag']) retrieved from /home/upm/.local/lib/python3.8/site-packages/airflow/example_dags/example_skip_dag.py
[2022-11-12 11:06:49,494] {logging_mixin.py:109} INFO - [2022-11-12 11:06:49,494] {dag.py:1834} INFO - Sync 1 DAGs
[2022-11-12 11:06:49,501] {logging_mixin.py:109} INFO - [2022-11-12 11:06:49,501] {dag.py:2287} INFO - Setting next_dagrun for example_skip_dag to 2022-11-10 00:00:00+00:00
[2022-11-12 11:06:49,510] {processor.py:170} INFO - Processing /home/upm/.local/lib/python3.8/site-packages/airflow/example_dags/example_skip_dag.py took 0.040 seconds
[2022-11-12 11:07:21,864] {processor.py:162} INFO - Started process (PID=82093) to work on /home/upm/.local/lib/python3.8/site-packages/airflow/example_dags/example_skip_dag.py
[2022-11-12 11:07:21,865] {processor.py:613} INFO - Processing file /home/upm/.local/lib/python3.8/site-packages/airflow/example_dags/example_skip_dag.py for tasks to queue
[2022-11-12 11:07:21,866] {logging_mixin.py:109} INFO - [2022-11-12 11:07:21,866] {dagbag.py:496} INFO - Filling up the DagBag from /home/upm/.local/lib/python3.8/site-packages/airflow/example_dags/example_skip_dag.py
[2022-11-12 11:07:21,874] {processor.py:623} INFO - DAG(s) dict_keys(['example_skip_dag']) retrieved from /home/upm/.local/lib/python3.8/site-packages/airflow/example_dags/example_skip_dag.py
[2022-11-12 11:07:21,886] {logging_mixin.py:109} INFO - [2022-11-12 11:07:21,886] {dag.py:1834} INFO - Sync 1 DAGs
[2022-11-12 11:07:21,892] {logging_mixin.py:109} INFO - [2022-11-12 11:07:21,892] {dag.py:2287} INFO - Setting next_dagrun for example_skip_dag to 2022-11-10 00:00:00+00:00
[2022-11-12 11:07:21,902] {processor.py:170} INFO - Processing /home/upm/.local/lib/python3.8/site-packages/airflow/example_dags/example_skip_dag.py took 0.040 seconds
[2022-11-12 11:07:53,986] {processor.py:162} INFO - Started process (PID=82224) to work on /home/upm/.local/lib/python3.8/site-packages/airflow/example_dags/example_skip_dag.py
[2022-11-12 11:07:53,987] {processor.py:613} INFO - Processing file /home/upm/.local/lib/python3.8/site-packages/airflow/example_dags/example_skip_dag.py for tasks to queue
[2022-11-12 11:07:53,988] {logging_mixin.py:109} INFO - [2022-11-12 11:07:53,988] {dagbag.py:496} INFO - Filling up the DagBag from /home/upm/.local/lib/python3.8/site-packages/airflow/example_dags/example_skip_dag.py
[2022-11-12 11:07:53,995] {processor.py:623} INFO - DAG(s) dict_keys(['example_skip_dag']) retrieved from /home/upm/.local/lib/python3.8/site-packages/airflow/example_dags/example_skip_dag.py
[2022-11-12 11:07:54,007] {logging_mixin.py:109} INFO - [2022-11-12 11:07:54,007] {dag.py:1834} INFO - Sync 1 DAGs
[2022-11-12 11:07:54,014] {logging_mixin.py:109} INFO - [2022-11-12 11:07:54,014] {dag.py:2287} INFO - Setting next_dagrun for example_skip_dag to 2022-11-10 00:00:00+00:00
[2022-11-12 11:07:54,024] {processor.py:170} INFO - Processing /home/upm/.local/lib/python3.8/site-packages/airflow/example_dags/example_skip_dag.py took 0.040 seconds
[2022-11-12 11:10:36,278] {processor.py:162} INFO - Started process (PID=82341) to work on /home/upm/.local/lib/python3.8/site-packages/airflow/example_dags/example_skip_dag.py
[2022-11-12 11:10:36,279] {processor.py:613} INFO - Processing file /home/upm/.local/lib/python3.8/site-packages/airflow/example_dags/example_skip_dag.py for tasks to queue
[2022-11-12 11:10:36,279] {logging_mixin.py:109} INFO - [2022-11-12 11:10:36,279] {dagbag.py:496} INFO - Filling up the DagBag from /home/upm/.local/lib/python3.8/site-packages/airflow/example_dags/example_skip_dag.py
[2022-11-12 11:10:36,286] {processor.py:623} INFO - DAG(s) dict_keys(['example_skip_dag']) retrieved from /home/upm/.local/lib/python3.8/site-packages/airflow/example_dags/example_skip_dag.py
[2022-11-12 11:10:36,298] {logging_mixin.py:109} INFO - [2022-11-12 11:10:36,298] {dag.py:1834} INFO - Sync 1 DAGs
[2022-11-12 11:10:36,305] {logging_mixin.py:109} INFO - [2022-11-12 11:10:36,305] {dag.py:2287} INFO - Setting next_dagrun for example_skip_dag to 2022-11-10 00:00:00+00:00
[2022-11-12 11:10:36,315] {processor.py:170} INFO - Processing /home/upm/.local/lib/python3.8/site-packages/airflow/example_dags/example_skip_dag.py took 0.039 seconds
[2022-11-12 11:11:08,514] {processor.py:162} INFO - Started process (PID=82456) to work on /home/upm/.local/lib/python3.8/site-packages/airflow/example_dags/example_skip_dag.py
[2022-11-12 11:11:08,515] {processor.py:613} INFO - Processing file /home/upm/.local/lib/python3.8/site-packages/airflow/example_dags/example_skip_dag.py for tasks to queue
[2022-11-12 11:11:08,516] {logging_mixin.py:109} INFO - [2022-11-12 11:11:08,516] {dagbag.py:496} INFO - Filling up the DagBag from /home/upm/.local/lib/python3.8/site-packages/airflow/example_dags/example_skip_dag.py
[2022-11-12 11:11:08,523] {processor.py:623} INFO - DAG(s) dict_keys(['example_skip_dag']) retrieved from /home/upm/.local/lib/python3.8/site-packages/airflow/example_dags/example_skip_dag.py
[2022-11-12 11:11:08,535] {logging_mixin.py:109} INFO - [2022-11-12 11:11:08,535] {dag.py:1834} INFO - Sync 1 DAGs
[2022-11-12 11:11:08,541] {logging_mixin.py:109} INFO - [2022-11-12 11:11:08,541] {dag.py:2287} INFO - Setting next_dagrun for example_skip_dag to 2022-11-10 00:00:00+00:00
[2022-11-12 11:11:08,552] {processor.py:170} INFO - Processing /home/upm/.local/lib/python3.8/site-packages/airflow/example_dags/example_skip_dag.py took 0.039 seconds
[2022-11-12 11:11:39,640] {processor.py:162} INFO - Started process (PID=82566) to work on /home/upm/.local/lib/python3.8/site-packages/airflow/example_dags/example_skip_dag.py
[2022-11-12 11:11:39,641] {processor.py:613} INFO - Processing file /home/upm/.local/lib/python3.8/site-packages/airflow/example_dags/example_skip_dag.py for tasks to queue
[2022-11-12 11:11:39,641] {logging_mixin.py:109} INFO - [2022-11-12 11:11:39,641] {dagbag.py:496} INFO - Filling up the DagBag from /home/upm/.local/lib/python3.8/site-packages/airflow/example_dags/example_skip_dag.py
[2022-11-12 11:11:39,650] {processor.py:623} INFO - DAG(s) dict_keys(['example_skip_dag']) retrieved from /home/upm/.local/lib/python3.8/site-packages/airflow/example_dags/example_skip_dag.py
[2022-11-12 11:11:39,664] {logging_mixin.py:109} INFO - [2022-11-12 11:11:39,664] {dag.py:1834} INFO - Sync 1 DAGs
[2022-11-12 11:11:39,672] {logging_mixin.py:109} INFO - [2022-11-12 11:11:39,672] {dag.py:2287} INFO - Setting next_dagrun for example_skip_dag to 2022-11-10 00:00:00+00:00
[2022-11-12 11:11:39,684] {processor.py:170} INFO - Processing /home/upm/.local/lib/python3.8/site-packages/airflow/example_dags/example_skip_dag.py took 0.047 seconds
[2022-11-12 11:12:12,158] {processor.py:162} INFO - Started process (PID=82674) to work on /home/upm/.local/lib/python3.8/site-packages/airflow/example_dags/example_skip_dag.py
[2022-11-12 11:12:12,160] {processor.py:613} INFO - Processing file /home/upm/.local/lib/python3.8/site-packages/airflow/example_dags/example_skip_dag.py for tasks to queue
[2022-11-12 11:12:12,161] {logging_mixin.py:109} INFO - [2022-11-12 11:12:12,161] {dagbag.py:496} INFO - Filling up the DagBag from /home/upm/.local/lib/python3.8/site-packages/airflow/example_dags/example_skip_dag.py
[2022-11-12 11:12:12,169] {processor.py:623} INFO - DAG(s) dict_keys(['example_skip_dag']) retrieved from /home/upm/.local/lib/python3.8/site-packages/airflow/example_dags/example_skip_dag.py
[2022-11-12 11:12:12,185] {logging_mixin.py:109} INFO - [2022-11-12 11:12:12,185] {dag.py:1834} INFO - Sync 1 DAGs
[2022-11-12 11:12:12,194] {logging_mixin.py:109} INFO - [2022-11-12 11:12:12,193] {dag.py:2287} INFO - Setting next_dagrun for example_skip_dag to 2022-11-10 00:00:00+00:00
[2022-11-12 11:12:12,206] {processor.py:170} INFO - Processing /home/upm/.local/lib/python3.8/site-packages/airflow/example_dags/example_skip_dag.py took 0.050 seconds
[2022-11-12 11:13:19,875] {processor.py:162} INFO - Started process (PID=82820) to work on /home/upm/.local/lib/python3.8/site-packages/airflow/example_dags/example_skip_dag.py
[2022-11-12 11:13:19,878] {processor.py:613} INFO - Processing file /home/upm/.local/lib/python3.8/site-packages/airflow/example_dags/example_skip_dag.py for tasks to queue
[2022-11-12 11:13:19,879] {logging_mixin.py:109} INFO - [2022-11-12 11:13:19,879] {dagbag.py:496} INFO - Filling up the DagBag from /home/upm/.local/lib/python3.8/site-packages/airflow/example_dags/example_skip_dag.py
[2022-11-12 11:13:19,887] {processor.py:623} INFO - DAG(s) dict_keys(['example_skip_dag']) retrieved from /home/upm/.local/lib/python3.8/site-packages/airflow/example_dags/example_skip_dag.py
[2022-11-12 11:13:19,902] {logging_mixin.py:109} INFO - [2022-11-12 11:13:19,902] {dag.py:1834} INFO - Sync 1 DAGs
[2022-11-12 11:13:19,909] {logging_mixin.py:109} INFO - [2022-11-12 11:13:19,908] {dag.py:2287} INFO - Setting next_dagrun for example_skip_dag to 2022-11-10 00:00:00+00:00
[2022-11-12 11:13:19,921] {processor.py:170} INFO - Processing /home/upm/.local/lib/python3.8/site-packages/airflow/example_dags/example_skip_dag.py took 0.049 seconds
[2022-11-12 11:13:52,329] {processor.py:162} INFO - Started process (PID=82966) to work on /home/upm/.local/lib/python3.8/site-packages/airflow/example_dags/example_skip_dag.py
[2022-11-12 11:13:52,331] {processor.py:613} INFO - Processing file /home/upm/.local/lib/python3.8/site-packages/airflow/example_dags/example_skip_dag.py for tasks to queue
[2022-11-12 11:13:52,332] {logging_mixin.py:109} INFO - [2022-11-12 11:13:52,332] {dagbag.py:496} INFO - Filling up the DagBag from /home/upm/.local/lib/python3.8/site-packages/airflow/example_dags/example_skip_dag.py
[2022-11-12 11:13:52,344] {processor.py:623} INFO - DAG(s) dict_keys(['example_skip_dag']) retrieved from /home/upm/.local/lib/python3.8/site-packages/airflow/example_dags/example_skip_dag.py
[2022-11-12 11:13:52,358] {logging_mixin.py:109} INFO - [2022-11-12 11:13:52,358] {dag.py:1834} INFO - Sync 1 DAGs
[2022-11-12 11:13:52,364] {logging_mixin.py:109} INFO - [2022-11-12 11:13:52,364] {dag.py:2287} INFO - Setting next_dagrun for example_skip_dag to 2022-11-10 00:00:00+00:00
[2022-11-12 11:13:52,374] {processor.py:170} INFO - Processing /home/upm/.local/lib/python3.8/site-packages/airflow/example_dags/example_skip_dag.py took 0.049 seconds
[2022-11-12 11:14:24,617] {processor.py:162} INFO - Started process (PID=83185) to work on /home/upm/.local/lib/python3.8/site-packages/airflow/example_dags/example_skip_dag.py
[2022-11-12 11:14:24,618] {processor.py:613} INFO - Processing file /home/upm/.local/lib/python3.8/site-packages/airflow/example_dags/example_skip_dag.py for tasks to queue
[2022-11-12 11:14:24,618] {logging_mixin.py:109} INFO - [2022-11-12 11:14:24,618] {dagbag.py:496} INFO - Filling up the DagBag from /home/upm/.local/lib/python3.8/site-packages/airflow/example_dags/example_skip_dag.py
[2022-11-12 11:14:24,628] {processor.py:623} INFO - DAG(s) dict_keys(['example_skip_dag']) retrieved from /home/upm/.local/lib/python3.8/site-packages/airflow/example_dags/example_skip_dag.py
[2022-11-12 11:14:24,643] {logging_mixin.py:109} INFO - [2022-11-12 11:14:24,643] {dag.py:1834} INFO - Sync 1 DAGs
[2022-11-12 11:14:24,652] {logging_mixin.py:109} INFO - [2022-11-12 11:14:24,652] {dag.py:2287} INFO - Setting next_dagrun for example_skip_dag to 2022-11-10 00:00:00+00:00
[2022-11-12 11:14:24,664] {processor.py:170} INFO - Processing /home/upm/.local/lib/python3.8/site-packages/airflow/example_dags/example_skip_dag.py took 0.050 seconds
[2022-11-12 11:16:48,220] {processor.py:162} INFO - Started process (PID=83478) to work on /home/upm/.local/lib/python3.8/site-packages/airflow/example_dags/example_skip_dag.py
[2022-11-12 11:16:48,222] {processor.py:613} INFO - Processing file /home/upm/.local/lib/python3.8/site-packages/airflow/example_dags/example_skip_dag.py for tasks to queue
[2022-11-12 11:16:48,223] {logging_mixin.py:109} INFO - [2022-11-12 11:16:48,223] {dagbag.py:496} INFO - Filling up the DagBag from /home/upm/.local/lib/python3.8/site-packages/airflow/example_dags/example_skip_dag.py
[2022-11-12 11:16:48,233] {processor.py:623} INFO - DAG(s) dict_keys(['example_skip_dag']) retrieved from /home/upm/.local/lib/python3.8/site-packages/airflow/example_dags/example_skip_dag.py
[2022-11-12 11:16:48,250] {logging_mixin.py:109} INFO - [2022-11-12 11:16:48,250] {dag.py:1834} INFO - Sync 1 DAGs
[2022-11-12 11:16:48,258] {logging_mixin.py:109} INFO - [2022-11-12 11:16:48,258] {dag.py:2287} INFO - Setting next_dagrun for example_skip_dag to 2022-11-10 00:00:00+00:00
[2022-11-12 11:16:48,272] {processor.py:170} INFO - Processing /home/upm/.local/lib/python3.8/site-packages/airflow/example_dags/example_skip_dag.py took 0.054 seconds
[2022-11-12 11:17:20,505] {processor.py:162} INFO - Started process (PID=83618) to work on /home/upm/.local/lib/python3.8/site-packages/airflow/example_dags/example_skip_dag.py
[2022-11-12 11:17:20,507] {processor.py:613} INFO - Processing file /home/upm/.local/lib/python3.8/site-packages/airflow/example_dags/example_skip_dag.py for tasks to queue
[2022-11-12 11:17:20,508] {logging_mixin.py:109} INFO - [2022-11-12 11:17:20,508] {dagbag.py:496} INFO - Filling up the DagBag from /home/upm/.local/lib/python3.8/site-packages/airflow/example_dags/example_skip_dag.py
[2022-11-12 11:17:20,521] {processor.py:623} INFO - DAG(s) dict_keys(['example_skip_dag']) retrieved from /home/upm/.local/lib/python3.8/site-packages/airflow/example_dags/example_skip_dag.py
[2022-11-12 11:17:20,537] {logging_mixin.py:109} INFO - [2022-11-12 11:17:20,537] {dag.py:1834} INFO - Sync 1 DAGs
[2022-11-12 11:17:20,543] {logging_mixin.py:109} INFO - [2022-11-12 11:17:20,543] {dag.py:2287} INFO - Setting next_dagrun for example_skip_dag to 2022-11-10 00:00:00+00:00
[2022-11-12 11:17:20,551] {processor.py:170} INFO - Processing /home/upm/.local/lib/python3.8/site-packages/airflow/example_dags/example_skip_dag.py took 0.053 seconds
[2022-11-12 11:17:51,611] {processor.py:162} INFO - Started process (PID=83751) to work on /home/upm/.local/lib/python3.8/site-packages/airflow/example_dags/example_skip_dag.py
[2022-11-12 11:17:51,612] {processor.py:613} INFO - Processing file /home/upm/.local/lib/python3.8/site-packages/airflow/example_dags/example_skip_dag.py for tasks to queue
[2022-11-12 11:17:51,613] {logging_mixin.py:109} INFO - [2022-11-12 11:17:51,613] {dagbag.py:496} INFO - Filling up the DagBag from /home/upm/.local/lib/python3.8/site-packages/airflow/example_dags/example_skip_dag.py
[2022-11-12 11:17:51,620] {processor.py:623} INFO - DAG(s) dict_keys(['example_skip_dag']) retrieved from /home/upm/.local/lib/python3.8/site-packages/airflow/example_dags/example_skip_dag.py
[2022-11-12 11:17:51,632] {logging_mixin.py:109} INFO - [2022-11-12 11:17:51,632] {dag.py:1834} INFO - Sync 1 DAGs
[2022-11-12 11:17:51,639] {logging_mixin.py:109} INFO - [2022-11-12 11:17:51,639] {dag.py:2287} INFO - Setting next_dagrun for example_skip_dag to 2022-11-10 00:00:00+00:00
[2022-11-12 11:17:51,648] {processor.py:170} INFO - Processing /home/upm/.local/lib/python3.8/site-packages/airflow/example_dags/example_skip_dag.py took 0.039 seconds
[2022-11-12 11:18:24,165] {processor.py:162} INFO - Started process (PID=83860) to work on /home/upm/.local/lib/python3.8/site-packages/airflow/example_dags/example_skip_dag.py
[2022-11-12 11:18:24,166] {processor.py:613} INFO - Processing file /home/upm/.local/lib/python3.8/site-packages/airflow/example_dags/example_skip_dag.py for tasks to queue
[2022-11-12 11:18:24,166] {logging_mixin.py:109} INFO - [2022-11-12 11:18:24,166] {dagbag.py:496} INFO - Filling up the DagBag from /home/upm/.local/lib/python3.8/site-packages/airflow/example_dags/example_skip_dag.py
[2022-11-12 11:18:24,175] {processor.py:623} INFO - DAG(s) dict_keys(['example_skip_dag']) retrieved from /home/upm/.local/lib/python3.8/site-packages/airflow/example_dags/example_skip_dag.py
[2022-11-12 11:18:24,188] {logging_mixin.py:109} INFO - [2022-11-12 11:18:24,188] {dag.py:1834} INFO - Sync 1 DAGs
[2022-11-12 11:18:24,195] {logging_mixin.py:109} INFO - [2022-11-12 11:18:24,194] {dag.py:2287} INFO - Setting next_dagrun for example_skip_dag to 2022-11-10 00:00:00+00:00
[2022-11-12 11:18:24,205] {processor.py:170} INFO - Processing /home/upm/.local/lib/python3.8/site-packages/airflow/example_dags/example_skip_dag.py took 0.043 seconds
[2022-11-12 11:18:57,047] {processor.py:162} INFO - Started process (PID=83981) to work on /home/upm/.local/lib/python3.8/site-packages/airflow/example_dags/example_skip_dag.py
[2022-11-12 11:18:57,048] {processor.py:613} INFO - Processing file /home/upm/.local/lib/python3.8/site-packages/airflow/example_dags/example_skip_dag.py for tasks to queue
[2022-11-12 11:18:57,049] {logging_mixin.py:109} INFO - [2022-11-12 11:18:57,049] {dagbag.py:496} INFO - Filling up the DagBag from /home/upm/.local/lib/python3.8/site-packages/airflow/example_dags/example_skip_dag.py
[2022-11-12 11:18:57,064] {processor.py:623} INFO - DAG(s) dict_keys(['example_skip_dag']) retrieved from /home/upm/.local/lib/python3.8/site-packages/airflow/example_dags/example_skip_dag.py
[2022-11-12 11:18:57,079] {logging_mixin.py:109} INFO - [2022-11-12 11:18:57,079] {dag.py:1834} INFO - Sync 1 DAGs
[2022-11-12 11:18:57,090] {logging_mixin.py:109} INFO - [2022-11-12 11:18:57,090] {dag.py:2287} INFO - Setting next_dagrun for example_skip_dag to 2022-11-10 00:00:00+00:00
[2022-11-12 11:18:57,106] {processor.py:170} INFO - Processing /home/upm/.local/lib/python3.8/site-packages/airflow/example_dags/example_skip_dag.py took 0.063 seconds
[2022-11-12 11:21:18,085] {processor.py:162} INFO - Started process (PID=84306) to work on /home/upm/.local/lib/python3.8/site-packages/airflow/example_dags/example_skip_dag.py
[2022-11-12 11:21:18,087] {processor.py:613} INFO - Processing file /home/upm/.local/lib/python3.8/site-packages/airflow/example_dags/example_skip_dag.py for tasks to queue
[2022-11-12 11:21:18,088] {logging_mixin.py:109} INFO - [2022-11-12 11:21:18,088] {dagbag.py:496} INFO - Filling up the DagBag from /home/upm/.local/lib/python3.8/site-packages/airflow/example_dags/example_skip_dag.py
[2022-11-12 11:21:18,096] {processor.py:623} INFO - DAG(s) dict_keys(['example_skip_dag']) retrieved from /home/upm/.local/lib/python3.8/site-packages/airflow/example_dags/example_skip_dag.py
[2022-11-12 11:21:18,109] {logging_mixin.py:109} INFO - [2022-11-12 11:21:18,109] {dag.py:1834} INFO - Sync 1 DAGs
[2022-11-12 11:21:18,116] {logging_mixin.py:109} INFO - [2022-11-12 11:21:18,116] {dag.py:2287} INFO - Setting next_dagrun for example_skip_dag to 2022-11-10 00:00:00+00:00
[2022-11-12 11:21:18,125] {processor.py:170} INFO - Processing /home/upm/.local/lib/python3.8/site-packages/airflow/example_dags/example_skip_dag.py took 0.043 seconds
[2022-11-12 11:21:50,335] {processor.py:162} INFO - Started process (PID=84437) to work on /home/upm/.local/lib/python3.8/site-packages/airflow/example_dags/example_skip_dag.py
[2022-11-12 11:21:50,337] {processor.py:613} INFO - Processing file /home/upm/.local/lib/python3.8/site-packages/airflow/example_dags/example_skip_dag.py for tasks to queue
[2022-11-12 11:21:50,337] {logging_mixin.py:109} INFO - [2022-11-12 11:21:50,337] {dagbag.py:496} INFO - Filling up the DagBag from /home/upm/.local/lib/python3.8/site-packages/airflow/example_dags/example_skip_dag.py
[2022-11-12 11:21:50,346] {processor.py:623} INFO - DAG(s) dict_keys(['example_skip_dag']) retrieved from /home/upm/.local/lib/python3.8/site-packages/airflow/example_dags/example_skip_dag.py
[2022-11-12 11:21:50,359] {logging_mixin.py:109} INFO - [2022-11-12 11:21:50,359] {dag.py:1834} INFO - Sync 1 DAGs
[2022-11-12 11:21:50,365] {logging_mixin.py:109} INFO - [2022-11-12 11:21:50,365] {dag.py:2287} INFO - Setting next_dagrun for example_skip_dag to 2022-11-10 00:00:00+00:00
[2022-11-12 11:21:50,375] {processor.py:170} INFO - Processing /home/upm/.local/lib/python3.8/site-packages/airflow/example_dags/example_skip_dag.py took 0.042 seconds
[2022-11-12 11:22:21,535] {processor.py:162} INFO - Started process (PID=84546) to work on /home/upm/.local/lib/python3.8/site-packages/airflow/example_dags/example_skip_dag.py
[2022-11-12 11:22:21,536] {processor.py:613} INFO - Processing file /home/upm/.local/lib/python3.8/site-packages/airflow/example_dags/example_skip_dag.py for tasks to queue
[2022-11-12 11:22:21,536] {logging_mixin.py:109} INFO - [2022-11-12 11:22:21,536] {dagbag.py:496} INFO - Filling up the DagBag from /home/upm/.local/lib/python3.8/site-packages/airflow/example_dags/example_skip_dag.py
[2022-11-12 11:22:21,546] {processor.py:623} INFO - DAG(s) dict_keys(['example_skip_dag']) retrieved from /home/upm/.local/lib/python3.8/site-packages/airflow/example_dags/example_skip_dag.py
[2022-11-12 11:22:21,558] {logging_mixin.py:109} INFO - [2022-11-12 11:22:21,558] {dag.py:1834} INFO - Sync 1 DAGs
[2022-11-12 11:22:21,565] {logging_mixin.py:109} INFO - [2022-11-12 11:22:21,565] {dag.py:2287} INFO - Setting next_dagrun for example_skip_dag to 2022-11-10 00:00:00+00:00
[2022-11-12 11:22:21,576] {processor.py:170} INFO - Processing /home/upm/.local/lib/python3.8/site-packages/airflow/example_dags/example_skip_dag.py took 0.045 seconds
[2022-11-12 11:22:53,976] {processor.py:162} INFO - Started process (PID=84656) to work on /home/upm/.local/lib/python3.8/site-packages/airflow/example_dags/example_skip_dag.py
[2022-11-12 11:22:53,977] {processor.py:613} INFO - Processing file /home/upm/.local/lib/python3.8/site-packages/airflow/example_dags/example_skip_dag.py for tasks to queue
[2022-11-12 11:22:53,978] {logging_mixin.py:109} INFO - [2022-11-12 11:22:53,977] {dagbag.py:496} INFO - Filling up the DagBag from /home/upm/.local/lib/python3.8/site-packages/airflow/example_dags/example_skip_dag.py
[2022-11-12 11:22:53,985] {processor.py:623} INFO - DAG(s) dict_keys(['example_skip_dag']) retrieved from /home/upm/.local/lib/python3.8/site-packages/airflow/example_dags/example_skip_dag.py
[2022-11-12 11:22:53,997] {logging_mixin.py:109} INFO - [2022-11-12 11:22:53,997] {dag.py:1834} INFO - Sync 1 DAGs
[2022-11-12 11:22:54,005] {logging_mixin.py:109} INFO - [2022-11-12 11:22:54,005] {dag.py:2287} INFO - Setting next_dagrun for example_skip_dag to 2022-11-10 00:00:00+00:00
[2022-11-12 11:22:54,015] {processor.py:170} INFO - Processing /home/upm/.local/lib/python3.8/site-packages/airflow/example_dags/example_skip_dag.py took 0.041 seconds
[2022-11-12 11:27:09,649] {processor.py:162} INFO - Started process (PID=85175) to work on /home/upm/.local/lib/python3.8/site-packages/airflow/example_dags/example_skip_dag.py
[2022-11-12 11:27:09,651] {processor.py:613} INFO - Processing file /home/upm/.local/lib/python3.8/site-packages/airflow/example_dags/example_skip_dag.py for tasks to queue
[2022-11-12 11:27:09,652] {logging_mixin.py:109} INFO - [2022-11-12 11:27:09,652] {dagbag.py:496} INFO - Filling up the DagBag from /home/upm/.local/lib/python3.8/site-packages/airflow/example_dags/example_skip_dag.py
[2022-11-12 11:27:09,660] {processor.py:623} INFO - DAG(s) dict_keys(['example_skip_dag']) retrieved from /home/upm/.local/lib/python3.8/site-packages/airflow/example_dags/example_skip_dag.py
[2022-11-12 11:27:09,673] {logging_mixin.py:109} INFO - [2022-11-12 11:27:09,673] {dag.py:1834} INFO - Sync 1 DAGs
[2022-11-12 11:27:09,680] {logging_mixin.py:109} INFO - [2022-11-12 11:27:09,680] {dag.py:2287} INFO - Setting next_dagrun for example_skip_dag to 2022-11-10 00:00:00+00:00
[2022-11-12 11:27:09,689] {processor.py:170} INFO - Processing /home/upm/.local/lib/python3.8/site-packages/airflow/example_dags/example_skip_dag.py took 0.042 seconds
[2022-11-12 11:27:41,934] {processor.py:162} INFO - Started process (PID=85348) to work on /home/upm/.local/lib/python3.8/site-packages/airflow/example_dags/example_skip_dag.py
[2022-11-12 11:27:41,935] {processor.py:613} INFO - Processing file /home/upm/.local/lib/python3.8/site-packages/airflow/example_dags/example_skip_dag.py for tasks to queue
[2022-11-12 11:27:41,936] {logging_mixin.py:109} INFO - [2022-11-12 11:27:41,936] {dagbag.py:496} INFO - Filling up the DagBag from /home/upm/.local/lib/python3.8/site-packages/airflow/example_dags/example_skip_dag.py
[2022-11-12 11:27:41,944] {processor.py:623} INFO - DAG(s) dict_keys(['example_skip_dag']) retrieved from /home/upm/.local/lib/python3.8/site-packages/airflow/example_dags/example_skip_dag.py
[2022-11-12 11:27:41,957] {logging_mixin.py:109} INFO - [2022-11-12 11:27:41,957] {dag.py:1834} INFO - Sync 1 DAGs
[2022-11-12 11:27:41,964] {logging_mixin.py:109} INFO - [2022-11-12 11:27:41,963] {dag.py:2287} INFO - Setting next_dagrun for example_skip_dag to 2022-11-10 00:00:00+00:00
[2022-11-12 11:27:41,974] {processor.py:170} INFO - Processing /home/upm/.local/lib/python3.8/site-packages/airflow/example_dags/example_skip_dag.py took 0.043 seconds
[2022-11-12 11:28:13,051] {processor.py:162} INFO - Started process (PID=85611) to work on /home/upm/.local/lib/python3.8/site-packages/airflow/example_dags/example_skip_dag.py
[2022-11-12 11:28:13,052] {processor.py:613} INFO - Processing file /home/upm/.local/lib/python3.8/site-packages/airflow/example_dags/example_skip_dag.py for tasks to queue
[2022-11-12 11:28:13,053] {logging_mixin.py:109} INFO - [2022-11-12 11:28:13,053] {dagbag.py:496} INFO - Filling up the DagBag from /home/upm/.local/lib/python3.8/site-packages/airflow/example_dags/example_skip_dag.py
[2022-11-12 11:28:13,060] {processor.py:623} INFO - DAG(s) dict_keys(['example_skip_dag']) retrieved from /home/upm/.local/lib/python3.8/site-packages/airflow/example_dags/example_skip_dag.py
[2022-11-12 11:28:13,072] {logging_mixin.py:109} INFO - [2022-11-12 11:28:13,072] {dag.py:1834} INFO - Sync 1 DAGs
[2022-11-12 11:28:13,079] {logging_mixin.py:109} INFO - [2022-11-12 11:28:13,079] {dag.py:2287} INFO - Setting next_dagrun for example_skip_dag to 2022-11-10 00:00:00+00:00
[2022-11-12 11:28:13,090] {processor.py:170} INFO - Processing /home/upm/.local/lib/python3.8/site-packages/airflow/example_dags/example_skip_dag.py took 0.041 seconds
[2022-11-12 11:29:15,509] {processor.py:162} INFO - Started process (PID=85731) to work on /home/upm/.local/lib/python3.8/site-packages/airflow/example_dags/example_skip_dag.py
[2022-11-12 11:29:15,510] {processor.py:613} INFO - Processing file /home/upm/.local/lib/python3.8/site-packages/airflow/example_dags/example_skip_dag.py for tasks to queue
[2022-11-12 11:29:15,511] {logging_mixin.py:109} INFO - [2022-11-12 11:29:15,511] {dagbag.py:496} INFO - Filling up the DagBag from /home/upm/.local/lib/python3.8/site-packages/airflow/example_dags/example_skip_dag.py
[2022-11-12 11:29:15,518] {processor.py:623} INFO - DAG(s) dict_keys(['example_skip_dag']) retrieved from /home/upm/.local/lib/python3.8/site-packages/airflow/example_dags/example_skip_dag.py
[2022-11-12 11:29:15,531] {logging_mixin.py:109} INFO - [2022-11-12 11:29:15,531] {dag.py:1834} INFO - Sync 1 DAGs
[2022-11-12 11:29:15,538] {logging_mixin.py:109} INFO - [2022-11-12 11:29:15,538] {dag.py:2287} INFO - Setting next_dagrun for example_skip_dag to 2022-11-10 00:00:00+00:00
[2022-11-12 11:29:15,548] {processor.py:170} INFO - Processing /home/upm/.local/lib/python3.8/site-packages/airflow/example_dags/example_skip_dag.py took 0.042 seconds
[2022-11-12 11:29:47,786] {processor.py:162} INFO - Started process (PID=85866) to work on /home/upm/.local/lib/python3.8/site-packages/airflow/example_dags/example_skip_dag.py
[2022-11-12 11:29:47,787] {processor.py:613} INFO - Processing file /home/upm/.local/lib/python3.8/site-packages/airflow/example_dags/example_skip_dag.py for tasks to queue
[2022-11-12 11:29:47,787] {logging_mixin.py:109} INFO - [2022-11-12 11:29:47,787] {dagbag.py:496} INFO - Filling up the DagBag from /home/upm/.local/lib/python3.8/site-packages/airflow/example_dags/example_skip_dag.py
[2022-11-12 11:29:47,795] {processor.py:623} INFO - DAG(s) dict_keys(['example_skip_dag']) retrieved from /home/upm/.local/lib/python3.8/site-packages/airflow/example_dags/example_skip_dag.py
[2022-11-12 11:29:47,808] {logging_mixin.py:109} INFO - [2022-11-12 11:29:47,808] {dag.py:1834} INFO - Sync 1 DAGs
[2022-11-12 11:29:47,814] {logging_mixin.py:109} INFO - [2022-11-12 11:29:47,814] {dag.py:2287} INFO - Setting next_dagrun for example_skip_dag to 2022-11-10 00:00:00+00:00
[2022-11-12 11:29:47,826] {processor.py:170} INFO - Processing /home/upm/.local/lib/python3.8/site-packages/airflow/example_dags/example_skip_dag.py took 0.042 seconds
[2022-11-12 11:30:18,893] {processor.py:162} INFO - Started process (PID=85993) to work on /home/upm/.local/lib/python3.8/site-packages/airflow/example_dags/example_skip_dag.py
[2022-11-12 11:30:18,894] {processor.py:613} INFO - Processing file /home/upm/.local/lib/python3.8/site-packages/airflow/example_dags/example_skip_dag.py for tasks to queue
[2022-11-12 11:30:18,895] {logging_mixin.py:109} INFO - [2022-11-12 11:30:18,895] {dagbag.py:496} INFO - Filling up the DagBag from /home/upm/.local/lib/python3.8/site-packages/airflow/example_dags/example_skip_dag.py
[2022-11-12 11:30:18,905] {processor.py:623} INFO - DAG(s) dict_keys(['example_skip_dag']) retrieved from /home/upm/.local/lib/python3.8/site-packages/airflow/example_dags/example_skip_dag.py
[2022-11-12 11:30:18,925] {logging_mixin.py:109} INFO - [2022-11-12 11:30:18,925] {dag.py:1834} INFO - Sync 1 DAGs
[2022-11-12 11:30:18,936] {logging_mixin.py:109} INFO - [2022-11-12 11:30:18,936] {dag.py:2287} INFO - Setting next_dagrun for example_skip_dag to 2022-11-10 00:00:00+00:00
[2022-11-12 11:30:18,951] {processor.py:170} INFO - Processing /home/upm/.local/lib/python3.8/site-packages/airflow/example_dags/example_skip_dag.py took 0.062 seconds
[2022-11-12 11:30:51,351] {processor.py:162} INFO - Started process (PID=86200) to work on /home/upm/.local/lib/python3.8/site-packages/airflow/example_dags/example_skip_dag.py
[2022-11-12 11:30:51,352] {processor.py:613} INFO - Processing file /home/upm/.local/lib/python3.8/site-packages/airflow/example_dags/example_skip_dag.py for tasks to queue
[2022-11-12 11:30:51,353] {logging_mixin.py:109} INFO - [2022-11-12 11:30:51,353] {dagbag.py:496} INFO - Filling up the DagBag from /home/upm/.local/lib/python3.8/site-packages/airflow/example_dags/example_skip_dag.py
[2022-11-12 11:30:51,362] {processor.py:623} INFO - DAG(s) dict_keys(['example_skip_dag']) retrieved from /home/upm/.local/lib/python3.8/site-packages/airflow/example_dags/example_skip_dag.py
[2022-11-12 11:30:51,375] {logging_mixin.py:109} INFO - [2022-11-12 11:30:51,374] {dag.py:1834} INFO - Sync 1 DAGs
[2022-11-12 11:30:51,382] {logging_mixin.py:109} INFO - [2022-11-12 11:30:51,382] {dag.py:2287} INFO - Setting next_dagrun for example_skip_dag to 2022-11-10 00:00:00+00:00
[2022-11-12 11:30:51,395] {processor.py:170} INFO - Processing /home/upm/.local/lib/python3.8/site-packages/airflow/example_dags/example_skip_dag.py took 0.046 seconds
[2022-11-12 11:31:23,756] {processor.py:162} INFO - Started process (PID=86327) to work on /home/upm/.local/lib/python3.8/site-packages/airflow/example_dags/example_skip_dag.py
[2022-11-12 11:31:23,757] {processor.py:613} INFO - Processing file /home/upm/.local/lib/python3.8/site-packages/airflow/example_dags/example_skip_dag.py for tasks to queue
[2022-11-12 11:31:23,757] {logging_mixin.py:109} INFO - [2022-11-12 11:31:23,757] {dagbag.py:496} INFO - Filling up the DagBag from /home/upm/.local/lib/python3.8/site-packages/airflow/example_dags/example_skip_dag.py
[2022-11-12 11:31:23,767] {processor.py:623} INFO - DAG(s) dict_keys(['example_skip_dag']) retrieved from /home/upm/.local/lib/python3.8/site-packages/airflow/example_dags/example_skip_dag.py
[2022-11-12 11:31:23,777] {logging_mixin.py:109} INFO - [2022-11-12 11:31:23,777] {dag.py:1834} INFO - Sync 1 DAGs
[2022-11-12 11:31:23,784] {logging_mixin.py:109} INFO - [2022-11-12 11:31:23,784] {dag.py:2287} INFO - Setting next_dagrun for example_skip_dag to 2022-11-10 00:00:00+00:00
[2022-11-12 11:31:23,795] {processor.py:170} INFO - Processing /home/upm/.local/lib/python3.8/site-packages/airflow/example_dags/example_skip_dag.py took 0.041 seconds
[2022-11-12 11:31:55,149] {processor.py:162} INFO - Started process (PID=86599) to work on /home/upm/.local/lib/python3.8/site-packages/airflow/example_dags/example_skip_dag.py
[2022-11-12 11:31:55,151] {processor.py:613} INFO - Processing file /home/upm/.local/lib/python3.8/site-packages/airflow/example_dags/example_skip_dag.py for tasks to queue
[2022-11-12 11:31:55,151] {logging_mixin.py:109} INFO - [2022-11-12 11:31:55,151] {dagbag.py:496} INFO - Filling up the DagBag from /home/upm/.local/lib/python3.8/site-packages/airflow/example_dags/example_skip_dag.py
[2022-11-12 11:31:55,160] {processor.py:623} INFO - DAG(s) dict_keys(['example_skip_dag']) retrieved from /home/upm/.local/lib/python3.8/site-packages/airflow/example_dags/example_skip_dag.py
[2022-11-12 11:31:55,170] {logging_mixin.py:109} INFO - [2022-11-12 11:31:55,170] {dag.py:1834} INFO - Sync 1 DAGs
[2022-11-12 11:31:55,177] {logging_mixin.py:109} INFO - [2022-11-12 11:31:55,177] {dag.py:2287} INFO - Setting next_dagrun for example_skip_dag to 2022-11-10 00:00:00+00:00
[2022-11-12 11:31:55,186] {processor.py:170} INFO - Processing /home/upm/.local/lib/python3.8/site-packages/airflow/example_dags/example_skip_dag.py took 0.040 seconds
[2022-11-12 11:32:26,765] {processor.py:162} INFO - Started process (PID=86716) to work on /home/upm/.local/lib/python3.8/site-packages/airflow/example_dags/example_skip_dag.py
[2022-11-12 11:32:26,766] {processor.py:613} INFO - Processing file /home/upm/.local/lib/python3.8/site-packages/airflow/example_dags/example_skip_dag.py for tasks to queue
[2022-11-12 11:32:26,767] {logging_mixin.py:109} INFO - [2022-11-12 11:32:26,767] {dagbag.py:496} INFO - Filling up the DagBag from /home/upm/.local/lib/python3.8/site-packages/airflow/example_dags/example_skip_dag.py
[2022-11-12 11:32:26,784] {processor.py:623} INFO - DAG(s) dict_keys(['example_skip_dag']) retrieved from /home/upm/.local/lib/python3.8/site-packages/airflow/example_dags/example_skip_dag.py
[2022-11-12 11:32:26,802] {logging_mixin.py:109} INFO - [2022-11-12 11:32:26,802] {dag.py:1834} INFO - Sync 1 DAGs
[2022-11-12 11:32:26,814] {logging_mixin.py:109} INFO - [2022-11-12 11:32:26,814] {dag.py:2287} INFO - Setting next_dagrun for example_skip_dag to 2022-11-10 00:00:00+00:00
[2022-11-12 11:32:26,829] {processor.py:170} INFO - Processing /home/upm/.local/lib/python3.8/site-packages/airflow/example_dags/example_skip_dag.py took 0.068 seconds
[2022-11-12 11:32:58,539] {processor.py:162} INFO - Started process (PID=86854) to work on /home/upm/.local/lib/python3.8/site-packages/airflow/example_dags/example_skip_dag.py
[2022-11-12 11:32:58,543] {processor.py:613} INFO - Processing file /home/upm/.local/lib/python3.8/site-packages/airflow/example_dags/example_skip_dag.py for tasks to queue
[2022-11-12 11:32:58,544] {logging_mixin.py:109} INFO - [2022-11-12 11:32:58,544] {dagbag.py:496} INFO - Filling up the DagBag from /home/upm/.local/lib/python3.8/site-packages/airflow/example_dags/example_skip_dag.py
[2022-11-12 11:32:58,554] {processor.py:623} INFO - DAG(s) dict_keys(['example_skip_dag']) retrieved from /home/upm/.local/lib/python3.8/site-packages/airflow/example_dags/example_skip_dag.py
[2022-11-12 11:32:58,565] {logging_mixin.py:109} INFO - [2022-11-12 11:32:58,565] {dag.py:1834} INFO - Sync 1 DAGs
[2022-11-12 11:32:58,572] {logging_mixin.py:109} INFO - [2022-11-12 11:32:58,572] {dag.py:2287} INFO - Setting next_dagrun for example_skip_dag to 2022-11-10 00:00:00+00:00
[2022-11-12 11:32:58,583] {processor.py:170} INFO - Processing /home/upm/.local/lib/python3.8/site-packages/airflow/example_dags/example_skip_dag.py took 0.048 seconds
