[2022-11-12 11:06:31,567] {processor.py:162} INFO - Started process (PID=81911) to work on /home/upm/.local/lib/python3.8/site-packages/airflow/example_dags/example_kubernetes_executor_config.py
[2022-11-12 11:06:31,568] {processor.py:613} INFO - Processing file /home/upm/.local/lib/python3.8/site-packages/airflow/example_dags/example_kubernetes_executor_config.py for tasks to queue
[2022-11-12 11:06:31,569] {logging_mixin.py:109} INFO - [2022-11-12 11:06:31,569] {dagbag.py:496} INFO - Filling up the DagBag from /home/upm/.local/lib/python3.8/site-packages/airflow/example_dags/example_kubernetes_executor_config.py
[2022-11-12 11:06:31,573] {logging_mixin.py:109} INFO - [2022-11-12 11:06:31,573] {example_kubernetes_executor_config.py:175} WARNING - Could not import DAGs in example_kubernetes_executor_config.py: No module named 'kubernetes'
[2022-11-12 11:06:31,574] {logging_mixin.py:109} INFO - [2022-11-12 11:06:31,573] {example_kubernetes_executor_config.py:176} WARNING - Install kubernetes dependencies with: pip install apache-airflow['cncf.kubernetes']
[2022-11-12 11:06:31,574] {processor.py:625} WARNING - No viable dags retrieved from /home/upm/.local/lib/python3.8/site-packages/airflow/example_dags/example_kubernetes_executor_config.py
[2022-11-12 11:06:31,579] {processor.py:170} INFO - Processing /home/upm/.local/lib/python3.8/site-packages/airflow/example_dags/example_kubernetes_executor_config.py took 0.014 seconds
[2022-11-12 11:07:03,949] {processor.py:162} INFO - Started process (PID=82026) to work on /home/upm/.local/lib/python3.8/site-packages/airflow/example_dags/example_kubernetes_executor_config.py
[2022-11-12 11:07:03,951] {processor.py:613} INFO - Processing file /home/upm/.local/lib/python3.8/site-packages/airflow/example_dags/example_kubernetes_executor_config.py for tasks to queue
[2022-11-12 11:07:03,952] {logging_mixin.py:109} INFO - [2022-11-12 11:07:03,951] {dagbag.py:496} INFO - Filling up the DagBag from /home/upm/.local/lib/python3.8/site-packages/airflow/example_dags/example_kubernetes_executor_config.py
[2022-11-12 11:07:03,960] {logging_mixin.py:109} INFO - [2022-11-12 11:07:03,960] {example_kubernetes_executor_config.py:175} WARNING - Could not import DAGs in example_kubernetes_executor_config.py: No module named 'kubernetes'
[2022-11-12 11:07:03,960] {logging_mixin.py:109} INFO - [2022-11-12 11:07:03,960] {example_kubernetes_executor_config.py:176} WARNING - Install kubernetes dependencies with: pip install apache-airflow['cncf.kubernetes']
[2022-11-12 11:07:03,960] {processor.py:625} WARNING - No viable dags retrieved from /home/upm/.local/lib/python3.8/site-packages/airflow/example_dags/example_kubernetes_executor_config.py
[2022-11-12 11:07:03,968] {processor.py:170} INFO - Processing /home/upm/.local/lib/python3.8/site-packages/airflow/example_dags/example_kubernetes_executor_config.py took 0.023 seconds
[2022-11-12 11:07:36,169] {processor.py:162} INFO - Started process (PID=82153) to work on /home/upm/.local/lib/python3.8/site-packages/airflow/example_dags/example_kubernetes_executor_config.py
[2022-11-12 11:07:36,170] {processor.py:613} INFO - Processing file /home/upm/.local/lib/python3.8/site-packages/airflow/example_dags/example_kubernetes_executor_config.py for tasks to queue
[2022-11-12 11:07:36,170] {logging_mixin.py:109} INFO - [2022-11-12 11:07:36,170] {dagbag.py:496} INFO - Filling up the DagBag from /home/upm/.local/lib/python3.8/site-packages/airflow/example_dags/example_kubernetes_executor_config.py
[2022-11-12 11:07:36,175] {logging_mixin.py:109} INFO - [2022-11-12 11:07:36,175] {example_kubernetes_executor_config.py:175} WARNING - Could not import DAGs in example_kubernetes_executor_config.py: No module named 'kubernetes'
[2022-11-12 11:07:36,175] {logging_mixin.py:109} INFO - [2022-11-12 11:07:36,175] {example_kubernetes_executor_config.py:176} WARNING - Install kubernetes dependencies with: pip install apache-airflow['cncf.kubernetes']
[2022-11-12 11:07:36,175] {processor.py:625} WARNING - No viable dags retrieved from /home/upm/.local/lib/python3.8/site-packages/airflow/example_dags/example_kubernetes_executor_config.py
[2022-11-12 11:07:36,180] {processor.py:170} INFO - Processing /home/upm/.local/lib/python3.8/site-packages/airflow/example_dags/example_kubernetes_executor_config.py took 0.013 seconds
[2022-11-12 11:10:50,787] {processor.py:162} INFO - Started process (PID=82393) to work on /home/upm/.local/lib/python3.8/site-packages/airflow/example_dags/example_kubernetes_executor_config.py
[2022-11-12 11:10:50,789] {processor.py:613} INFO - Processing file /home/upm/.local/lib/python3.8/site-packages/airflow/example_dags/example_kubernetes_executor_config.py for tasks to queue
[2022-11-12 11:10:50,789] {logging_mixin.py:109} INFO - [2022-11-12 11:10:50,789] {dagbag.py:496} INFO - Filling up the DagBag from /home/upm/.local/lib/python3.8/site-packages/airflow/example_dags/example_kubernetes_executor_config.py
[2022-11-12 11:10:50,794] {logging_mixin.py:109} INFO - [2022-11-12 11:10:50,794] {example_kubernetes_executor_config.py:175} WARNING - Could not import DAGs in example_kubernetes_executor_config.py: No module named 'kubernetes'
[2022-11-12 11:10:50,794] {logging_mixin.py:109} INFO - [2022-11-12 11:10:50,794] {example_kubernetes_executor_config.py:176} WARNING - Install kubernetes dependencies with: pip install apache-airflow['cncf.kubernetes']
[2022-11-12 11:10:50,794] {processor.py:625} WARNING - No viable dags retrieved from /home/upm/.local/lib/python3.8/site-packages/airflow/example_dags/example_kubernetes_executor_config.py
[2022-11-12 11:10:50,799] {processor.py:170} INFO - Processing /home/upm/.local/lib/python3.8/site-packages/airflow/example_dags/example_kubernetes_executor_config.py took 0.014 seconds
[2022-11-12 11:11:23,072] {processor.py:162} INFO - Started process (PID=82506) to work on /home/upm/.local/lib/python3.8/site-packages/airflow/example_dags/example_kubernetes_executor_config.py
[2022-11-12 11:11:23,074] {processor.py:613} INFO - Processing file /home/upm/.local/lib/python3.8/site-packages/airflow/example_dags/example_kubernetes_executor_config.py for tasks to queue
[2022-11-12 11:11:23,075] {logging_mixin.py:109} INFO - [2022-11-12 11:11:23,075] {dagbag.py:496} INFO - Filling up the DagBag from /home/upm/.local/lib/python3.8/site-packages/airflow/example_dags/example_kubernetes_executor_config.py
[2022-11-12 11:11:23,083] {logging_mixin.py:109} INFO - [2022-11-12 11:11:23,083] {example_kubernetes_executor_config.py:175} WARNING - Could not import DAGs in example_kubernetes_executor_config.py: No module named 'kubernetes'
[2022-11-12 11:11:23,084] {logging_mixin.py:109} INFO - [2022-11-12 11:11:23,084] {example_kubernetes_executor_config.py:176} WARNING - Install kubernetes dependencies with: pip install apache-airflow['cncf.kubernetes']
[2022-11-12 11:11:23,084] {processor.py:625} WARNING - No viable dags retrieved from /home/upm/.local/lib/python3.8/site-packages/airflow/example_dags/example_kubernetes_executor_config.py
[2022-11-12 11:11:23,091] {processor.py:170} INFO - Processing /home/upm/.local/lib/python3.8/site-packages/airflow/example_dags/example_kubernetes_executor_config.py took 0.028 seconds
[2022-11-12 11:11:54,243] {processor.py:162} INFO - Started process (PID=82615) to work on /home/upm/.local/lib/python3.8/site-packages/airflow/example_dags/example_kubernetes_executor_config.py
[2022-11-12 11:11:54,244] {processor.py:613} INFO - Processing file /home/upm/.local/lib/python3.8/site-packages/airflow/example_dags/example_kubernetes_executor_config.py for tasks to queue
[2022-11-12 11:11:54,245] {logging_mixin.py:109} INFO - [2022-11-12 11:11:54,245] {dagbag.py:496} INFO - Filling up the DagBag from /home/upm/.local/lib/python3.8/site-packages/airflow/example_dags/example_kubernetes_executor_config.py
[2022-11-12 11:11:54,252] {logging_mixin.py:109} INFO - [2022-11-12 11:11:54,252] {example_kubernetes_executor_config.py:175} WARNING - Could not import DAGs in example_kubernetes_executor_config.py: No module named 'kubernetes'
[2022-11-12 11:11:54,253] {logging_mixin.py:109} INFO - [2022-11-12 11:11:54,253] {example_kubernetes_executor_config.py:176} WARNING - Install kubernetes dependencies with: pip install apache-airflow['cncf.kubernetes']
[2022-11-12 11:11:54,253] {processor.py:625} WARNING - No viable dags retrieved from /home/upm/.local/lib/python3.8/site-packages/airflow/example_dags/example_kubernetes_executor_config.py
[2022-11-12 11:11:54,260] {processor.py:170} INFO - Processing /home/upm/.local/lib/python3.8/site-packages/airflow/example_dags/example_kubernetes_executor_config.py took 0.021 seconds
[2022-11-12 11:12:26,471] {processor.py:162} INFO - Started process (PID=82714) to work on /home/upm/.local/lib/python3.8/site-packages/airflow/example_dags/example_kubernetes_executor_config.py
[2022-11-12 11:12:26,472] {processor.py:613} INFO - Processing file /home/upm/.local/lib/python3.8/site-packages/airflow/example_dags/example_kubernetes_executor_config.py for tasks to queue
[2022-11-12 11:12:26,472] {logging_mixin.py:109} INFO - [2022-11-12 11:12:26,472] {dagbag.py:496} INFO - Filling up the DagBag from /home/upm/.local/lib/python3.8/site-packages/airflow/example_dags/example_kubernetes_executor_config.py
[2022-11-12 11:12:26,477] {logging_mixin.py:109} INFO - [2022-11-12 11:12:26,477] {example_kubernetes_executor_config.py:175} WARNING - Could not import DAGs in example_kubernetes_executor_config.py: No module named 'kubernetes'
[2022-11-12 11:12:26,477] {logging_mixin.py:109} INFO - [2022-11-12 11:12:26,477] {example_kubernetes_executor_config.py:176} WARNING - Install kubernetes dependencies with: pip install apache-airflow['cncf.kubernetes']
[2022-11-12 11:12:26,477] {processor.py:625} WARNING - No viable dags retrieved from /home/upm/.local/lib/python3.8/site-packages/airflow/example_dags/example_kubernetes_executor_config.py
[2022-11-12 11:12:26,483] {processor.py:170} INFO - Processing /home/upm/.local/lib/python3.8/site-packages/airflow/example_dags/example_kubernetes_executor_config.py took 0.014 seconds
[2022-11-12 11:13:34,398] {processor.py:162} INFO - Started process (PID=82905) to work on /home/upm/.local/lib/python3.8/site-packages/airflow/example_dags/example_kubernetes_executor_config.py
[2022-11-12 11:13:34,400] {processor.py:613} INFO - Processing file /home/upm/.local/lib/python3.8/site-packages/airflow/example_dags/example_kubernetes_executor_config.py for tasks to queue
[2022-11-12 11:13:34,401] {logging_mixin.py:109} INFO - [2022-11-12 11:13:34,401] {dagbag.py:496} INFO - Filling up the DagBag from /home/upm/.local/lib/python3.8/site-packages/airflow/example_dags/example_kubernetes_executor_config.py
[2022-11-12 11:13:34,406] {logging_mixin.py:109} INFO - [2022-11-12 11:13:34,406] {example_kubernetes_executor_config.py:175} WARNING - Could not import DAGs in example_kubernetes_executor_config.py: No module named 'kubernetes'
[2022-11-12 11:13:34,406] {logging_mixin.py:109} INFO - [2022-11-12 11:13:34,406] {example_kubernetes_executor_config.py:176} WARNING - Install kubernetes dependencies with: pip install apache-airflow['cncf.kubernetes']
[2022-11-12 11:13:34,406] {processor.py:625} WARNING - No viable dags retrieved from /home/upm/.local/lib/python3.8/site-packages/airflow/example_dags/example_kubernetes_executor_config.py
[2022-11-12 11:13:34,414] {processor.py:170} INFO - Processing /home/upm/.local/lib/python3.8/site-packages/airflow/example_dags/example_kubernetes_executor_config.py took 0.019 seconds
[2022-11-12 11:14:06,684] {processor.py:162} INFO - Started process (PID=83014) to work on /home/upm/.local/lib/python3.8/site-packages/airflow/example_dags/example_kubernetes_executor_config.py
[2022-11-12 11:14:06,685] {processor.py:613} INFO - Processing file /home/upm/.local/lib/python3.8/site-packages/airflow/example_dags/example_kubernetes_executor_config.py for tasks to queue
[2022-11-12 11:14:06,686] {logging_mixin.py:109} INFO - [2022-11-12 11:14:06,686] {dagbag.py:496} INFO - Filling up the DagBag from /home/upm/.local/lib/python3.8/site-packages/airflow/example_dags/example_kubernetes_executor_config.py
[2022-11-12 11:14:06,690] {logging_mixin.py:109} INFO - [2022-11-12 11:14:06,690] {example_kubernetes_executor_config.py:175} WARNING - Could not import DAGs in example_kubernetes_executor_config.py: No module named 'kubernetes'
[2022-11-12 11:14:06,690] {logging_mixin.py:109} INFO - [2022-11-12 11:14:06,690] {example_kubernetes_executor_config.py:176} WARNING - Install kubernetes dependencies with: pip install apache-airflow['cncf.kubernetes']
[2022-11-12 11:14:06,691] {processor.py:625} WARNING - No viable dags retrieved from /home/upm/.local/lib/python3.8/site-packages/airflow/example_dags/example_kubernetes_executor_config.py
[2022-11-12 11:14:06,696] {processor.py:170} INFO - Processing /home/upm/.local/lib/python3.8/site-packages/airflow/example_dags/example_kubernetes_executor_config.py took 0.013 seconds
[2022-11-12 11:17:02,743] {processor.py:162} INFO - Started process (PID=83558) to work on /home/upm/.local/lib/python3.8/site-packages/airflow/example_dags/example_kubernetes_executor_config.py
[2022-11-12 11:17:02,744] {processor.py:613} INFO - Processing file /home/upm/.local/lib/python3.8/site-packages/airflow/example_dags/example_kubernetes_executor_config.py for tasks to queue
[2022-11-12 11:17:02,744] {logging_mixin.py:109} INFO - [2022-11-12 11:17:02,744] {dagbag.py:496} INFO - Filling up the DagBag from /home/upm/.local/lib/python3.8/site-packages/airflow/example_dags/example_kubernetes_executor_config.py
[2022-11-12 11:17:02,749] {logging_mixin.py:109} INFO - [2022-11-12 11:17:02,749] {example_kubernetes_executor_config.py:175} WARNING - Could not import DAGs in example_kubernetes_executor_config.py: No module named 'kubernetes'
[2022-11-12 11:17:02,749] {logging_mixin.py:109} INFO - [2022-11-12 11:17:02,749] {example_kubernetes_executor_config.py:176} WARNING - Install kubernetes dependencies with: pip install apache-airflow['cncf.kubernetes']
[2022-11-12 11:17:02,749] {processor.py:625} WARNING - No viable dags retrieved from /home/upm/.local/lib/python3.8/site-packages/airflow/example_dags/example_kubernetes_executor_config.py
[2022-11-12 11:17:02,755] {processor.py:170} INFO - Processing /home/upm/.local/lib/python3.8/site-packages/airflow/example_dags/example_kubernetes_executor_config.py took 0.014 seconds
[2022-11-12 11:17:35,001] {processor.py:162} INFO - Started process (PID=83668) to work on /home/upm/.local/lib/python3.8/site-packages/airflow/example_dags/example_kubernetes_executor_config.py
[2022-11-12 11:17:35,001] {processor.py:613} INFO - Processing file /home/upm/.local/lib/python3.8/site-packages/airflow/example_dags/example_kubernetes_executor_config.py for tasks to queue
[2022-11-12 11:17:35,002] {logging_mixin.py:109} INFO - [2022-11-12 11:17:35,002] {dagbag.py:496} INFO - Filling up the DagBag from /home/upm/.local/lib/python3.8/site-packages/airflow/example_dags/example_kubernetes_executor_config.py
[2022-11-12 11:17:35,006] {logging_mixin.py:109} INFO - [2022-11-12 11:17:35,006] {example_kubernetes_executor_config.py:175} WARNING - Could not import DAGs in example_kubernetes_executor_config.py: No module named 'kubernetes'
[2022-11-12 11:17:35,006] {logging_mixin.py:109} INFO - [2022-11-12 11:17:35,006] {example_kubernetes_executor_config.py:176} WARNING - Install kubernetes dependencies with: pip install apache-airflow['cncf.kubernetes']
[2022-11-12 11:17:35,007] {processor.py:625} WARNING - No viable dags retrieved from /home/upm/.local/lib/python3.8/site-packages/airflow/example_dags/example_kubernetes_executor_config.py
[2022-11-12 11:17:35,012] {processor.py:170} INFO - Processing /home/upm/.local/lib/python3.8/site-packages/airflow/example_dags/example_kubernetes_executor_config.py took 0.013 seconds
[2022-11-12 11:18:06,123] {processor.py:162} INFO - Started process (PID=83801) to work on /home/upm/.local/lib/python3.8/site-packages/airflow/example_dags/example_kubernetes_executor_config.py
[2022-11-12 11:18:06,125] {processor.py:613} INFO - Processing file /home/upm/.local/lib/python3.8/site-packages/airflow/example_dags/example_kubernetes_executor_config.py for tasks to queue
[2022-11-12 11:18:06,126] {logging_mixin.py:109} INFO - [2022-11-12 11:18:06,126] {dagbag.py:496} INFO - Filling up the DagBag from /home/upm/.local/lib/python3.8/site-packages/airflow/example_dags/example_kubernetes_executor_config.py
[2022-11-12 11:18:06,131] {logging_mixin.py:109} INFO - [2022-11-12 11:18:06,131] {example_kubernetes_executor_config.py:175} WARNING - Could not import DAGs in example_kubernetes_executor_config.py: No module named 'kubernetes'
[2022-11-12 11:18:06,131] {logging_mixin.py:109} INFO - [2022-11-12 11:18:06,131] {example_kubernetes_executor_config.py:176} WARNING - Install kubernetes dependencies with: pip install apache-airflow['cncf.kubernetes']
[2022-11-12 11:18:06,131] {processor.py:625} WARNING - No viable dags retrieved from /home/upm/.local/lib/python3.8/site-packages/airflow/example_dags/example_kubernetes_executor_config.py
[2022-11-12 11:18:06,137] {processor.py:170} INFO - Processing /home/upm/.local/lib/python3.8/site-packages/airflow/example_dags/example_kubernetes_executor_config.py took 0.017 seconds
[2022-11-12 11:18:39,539] {processor.py:162} INFO - Started process (PID=83911) to work on /home/upm/.local/lib/python3.8/site-packages/airflow/example_dags/example_kubernetes_executor_config.py
[2022-11-12 11:18:39,541] {processor.py:613} INFO - Processing file /home/upm/.local/lib/python3.8/site-packages/airflow/example_dags/example_kubernetes_executor_config.py for tasks to queue
[2022-11-12 11:18:39,541] {logging_mixin.py:109} INFO - [2022-11-12 11:18:39,541] {dagbag.py:496} INFO - Filling up the DagBag from /home/upm/.local/lib/python3.8/site-packages/airflow/example_dags/example_kubernetes_executor_config.py
[2022-11-12 11:18:39,547] {logging_mixin.py:109} INFO - [2022-11-12 11:18:39,547] {example_kubernetes_executor_config.py:175} WARNING - Could not import DAGs in example_kubernetes_executor_config.py: No module named 'kubernetes'
[2022-11-12 11:18:39,547] {logging_mixin.py:109} INFO - [2022-11-12 11:18:39,547] {example_kubernetes_executor_config.py:176} WARNING - Install kubernetes dependencies with: pip install apache-airflow['cncf.kubernetes']
[2022-11-12 11:18:39,547] {processor.py:625} WARNING - No viable dags retrieved from /home/upm/.local/lib/python3.8/site-packages/airflow/example_dags/example_kubernetes_executor_config.py
[2022-11-12 11:18:39,553] {processor.py:170} INFO - Processing /home/upm/.local/lib/python3.8/site-packages/airflow/example_dags/example_kubernetes_executor_config.py took 0.017 seconds
[2022-11-12 11:19:12,224] {processor.py:162} INFO - Started process (PID=84085) to work on /home/upm/.local/lib/python3.8/site-packages/airflow/example_dags/example_kubernetes_executor_config.py
[2022-11-12 11:19:12,225] {processor.py:613} INFO - Processing file /home/upm/.local/lib/python3.8/site-packages/airflow/example_dags/example_kubernetes_executor_config.py for tasks to queue
[2022-11-12 11:19:12,225] {logging_mixin.py:109} INFO - [2022-11-12 11:19:12,225] {dagbag.py:496} INFO - Filling up the DagBag from /home/upm/.local/lib/python3.8/site-packages/airflow/example_dags/example_kubernetes_executor_config.py
[2022-11-12 11:19:12,230] {logging_mixin.py:109} INFO - [2022-11-12 11:19:12,230] {example_kubernetes_executor_config.py:175} WARNING - Could not import DAGs in example_kubernetes_executor_config.py: No module named 'kubernetes'
[2022-11-12 11:19:12,230] {logging_mixin.py:109} INFO - [2022-11-12 11:19:12,230] {example_kubernetes_executor_config.py:176} WARNING - Install kubernetes dependencies with: pip install apache-airflow['cncf.kubernetes']
[2022-11-12 11:19:12,230] {processor.py:625} WARNING - No viable dags retrieved from /home/upm/.local/lib/python3.8/site-packages/airflow/example_dags/example_kubernetes_executor_config.py
[2022-11-12 11:19:12,236] {processor.py:170} INFO - Processing /home/upm/.local/lib/python3.8/site-packages/airflow/example_dags/example_kubernetes_executor_config.py took 0.015 seconds
[2022-11-12 11:21:32,601] {processor.py:162} INFO - Started process (PID=84379) to work on /home/upm/.local/lib/python3.8/site-packages/airflow/example_dags/example_kubernetes_executor_config.py
[2022-11-12 11:21:32,604] {processor.py:613} INFO - Processing file /home/upm/.local/lib/python3.8/site-packages/airflow/example_dags/example_kubernetes_executor_config.py for tasks to queue
[2022-11-12 11:21:32,604] {logging_mixin.py:109} INFO - [2022-11-12 11:21:32,604] {dagbag.py:496} INFO - Filling up the DagBag from /home/upm/.local/lib/python3.8/site-packages/airflow/example_dags/example_kubernetes_executor_config.py
[2022-11-12 11:21:32,609] {logging_mixin.py:109} INFO - [2022-11-12 11:21:32,609] {example_kubernetes_executor_config.py:175} WARNING - Could not import DAGs in example_kubernetes_executor_config.py: No module named 'kubernetes'
[2022-11-12 11:21:32,609] {logging_mixin.py:109} INFO - [2022-11-12 11:21:32,609] {example_kubernetes_executor_config.py:176} WARNING - Install kubernetes dependencies with: pip install apache-airflow['cncf.kubernetes']
[2022-11-12 11:21:32,609] {processor.py:625} WARNING - No viable dags retrieved from /home/upm/.local/lib/python3.8/site-packages/airflow/example_dags/example_kubernetes_executor_config.py
[2022-11-12 11:21:32,614] {processor.py:170} INFO - Processing /home/upm/.local/lib/python3.8/site-packages/airflow/example_dags/example_kubernetes_executor_config.py took 0.015 seconds
[2022-11-12 11:22:04,947] {processor.py:162} INFO - Started process (PID=84484) to work on /home/upm/.local/lib/python3.8/site-packages/airflow/example_dags/example_kubernetes_executor_config.py
[2022-11-12 11:22:04,948] {processor.py:613} INFO - Processing file /home/upm/.local/lib/python3.8/site-packages/airflow/example_dags/example_kubernetes_executor_config.py for tasks to queue
[2022-11-12 11:22:04,949] {logging_mixin.py:109} INFO - [2022-11-12 11:22:04,949] {dagbag.py:496} INFO - Filling up the DagBag from /home/upm/.local/lib/python3.8/site-packages/airflow/example_dags/example_kubernetes_executor_config.py
[2022-11-12 11:22:04,954] {logging_mixin.py:109} INFO - [2022-11-12 11:22:04,954] {example_kubernetes_executor_config.py:175} WARNING - Could not import DAGs in example_kubernetes_executor_config.py: No module named 'kubernetes'
[2022-11-12 11:22:04,954] {logging_mixin.py:109} INFO - [2022-11-12 11:22:04,954] {example_kubernetes_executor_config.py:176} WARNING - Install kubernetes dependencies with: pip install apache-airflow['cncf.kubernetes']
[2022-11-12 11:22:04,954] {processor.py:625} WARNING - No viable dags retrieved from /home/upm/.local/lib/python3.8/site-packages/airflow/example_dags/example_kubernetes_executor_config.py
[2022-11-12 11:22:04,960] {processor.py:170} INFO - Processing /home/upm/.local/lib/python3.8/site-packages/airflow/example_dags/example_kubernetes_executor_config.py took 0.015 seconds
[2022-11-12 11:22:36,052] {processor.py:162} INFO - Started process (PID=84593) to work on /home/upm/.local/lib/python3.8/site-packages/airflow/example_dags/example_kubernetes_executor_config.py
[2022-11-12 11:22:36,054] {processor.py:613} INFO - Processing file /home/upm/.local/lib/python3.8/site-packages/airflow/example_dags/example_kubernetes_executor_config.py for tasks to queue
[2022-11-12 11:22:36,055] {logging_mixin.py:109} INFO - [2022-11-12 11:22:36,055] {dagbag.py:496} INFO - Filling up the DagBag from /home/upm/.local/lib/python3.8/site-packages/airflow/example_dags/example_kubernetes_executor_config.py
[2022-11-12 11:22:36,061] {logging_mixin.py:109} INFO - [2022-11-12 11:22:36,061] {example_kubernetes_executor_config.py:175} WARNING - Could not import DAGs in example_kubernetes_executor_config.py: No module named 'kubernetes'
[2022-11-12 11:22:36,061] {logging_mixin.py:109} INFO - [2022-11-12 11:22:36,061] {example_kubernetes_executor_config.py:176} WARNING - Install kubernetes dependencies with: pip install apache-airflow['cncf.kubernetes']
[2022-11-12 11:22:36,062] {processor.py:625} WARNING - No viable dags retrieved from /home/upm/.local/lib/python3.8/site-packages/airflow/example_dags/example_kubernetes_executor_config.py
[2022-11-12 11:22:36,068] {processor.py:170} INFO - Processing /home/upm/.local/lib/python3.8/site-packages/airflow/example_dags/example_kubernetes_executor_config.py took 0.020 seconds
[2022-11-12 11:27:24,169] {processor.py:162} INFO - Started process (PID=85223) to work on /home/upm/.local/lib/python3.8/site-packages/airflow/example_dags/example_kubernetes_executor_config.py
[2022-11-12 11:27:24,171] {processor.py:613} INFO - Processing file /home/upm/.local/lib/python3.8/site-packages/airflow/example_dags/example_kubernetes_executor_config.py for tasks to queue
[2022-11-12 11:27:24,172] {logging_mixin.py:109} INFO - [2022-11-12 11:27:24,172] {dagbag.py:496} INFO - Filling up the DagBag from /home/upm/.local/lib/python3.8/site-packages/airflow/example_dags/example_kubernetes_executor_config.py
[2022-11-12 11:27:24,176] {logging_mixin.py:109} INFO - [2022-11-12 11:27:24,176] {example_kubernetes_executor_config.py:175} WARNING - Could not import DAGs in example_kubernetes_executor_config.py: No module named 'kubernetes'
[2022-11-12 11:27:24,176] {logging_mixin.py:109} INFO - [2022-11-12 11:27:24,176] {example_kubernetes_executor_config.py:176} WARNING - Install kubernetes dependencies with: pip install apache-airflow['cncf.kubernetes']
[2022-11-12 11:27:24,177] {processor.py:625} WARNING - No viable dags retrieved from /home/upm/.local/lib/python3.8/site-packages/airflow/example_dags/example_kubernetes_executor_config.py
[2022-11-12 11:27:24,181] {processor.py:170} INFO - Processing /home/upm/.local/lib/python3.8/site-packages/airflow/example_dags/example_kubernetes_executor_config.py took 0.015 seconds
[2022-11-12 11:27:56,466] {processor.py:162} INFO - Started process (PID=85489) to work on /home/upm/.local/lib/python3.8/site-packages/airflow/example_dags/example_kubernetes_executor_config.py
[2022-11-12 11:27:56,468] {processor.py:613} INFO - Processing file /home/upm/.local/lib/python3.8/site-packages/airflow/example_dags/example_kubernetes_executor_config.py for tasks to queue
[2022-11-12 11:27:56,468] {logging_mixin.py:109} INFO - [2022-11-12 11:27:56,468] {dagbag.py:496} INFO - Filling up the DagBag from /home/upm/.local/lib/python3.8/site-packages/airflow/example_dags/example_kubernetes_executor_config.py
[2022-11-12 11:27:56,474] {logging_mixin.py:109} INFO - [2022-11-12 11:27:56,474] {example_kubernetes_executor_config.py:175} WARNING - Could not import DAGs in example_kubernetes_executor_config.py: No module named 'kubernetes'
[2022-11-12 11:27:56,474] {logging_mixin.py:109} INFO - [2022-11-12 11:27:56,474] {example_kubernetes_executor_config.py:176} WARNING - Install kubernetes dependencies with: pip install apache-airflow['cncf.kubernetes']
[2022-11-12 11:27:56,475] {processor.py:625} WARNING - No viable dags retrieved from /home/upm/.local/lib/python3.8/site-packages/airflow/example_dags/example_kubernetes_executor_config.py
[2022-11-12 11:27:56,480] {processor.py:170} INFO - Processing /home/upm/.local/lib/python3.8/site-packages/airflow/example_dags/example_kubernetes_executor_config.py took 0.017 seconds
[2022-11-12 11:29:30,027] {processor.py:162} INFO - Started process (PID=85811) to work on /home/upm/.local/lib/python3.8/site-packages/airflow/example_dags/example_kubernetes_executor_config.py
[2022-11-12 11:29:30,029] {processor.py:613} INFO - Processing file /home/upm/.local/lib/python3.8/site-packages/airflow/example_dags/example_kubernetes_executor_config.py for tasks to queue
[2022-11-12 11:29:30,029] {logging_mixin.py:109} INFO - [2022-11-12 11:29:30,029] {dagbag.py:496} INFO - Filling up the DagBag from /home/upm/.local/lib/python3.8/site-packages/airflow/example_dags/example_kubernetes_executor_config.py
[2022-11-12 11:29:30,034] {logging_mixin.py:109} INFO - [2022-11-12 11:29:30,034] {example_kubernetes_executor_config.py:175} WARNING - Could not import DAGs in example_kubernetes_executor_config.py: No module named 'kubernetes'
[2022-11-12 11:29:30,034] {logging_mixin.py:109} INFO - [2022-11-12 11:29:30,034] {example_kubernetes_executor_config.py:176} WARNING - Install kubernetes dependencies with: pip install apache-airflow['cncf.kubernetes']
[2022-11-12 11:29:30,034] {processor.py:625} WARNING - No viable dags retrieved from /home/upm/.local/lib/python3.8/site-packages/airflow/example_dags/example_kubernetes_executor_config.py
[2022-11-12 11:29:30,039] {processor.py:170} INFO - Processing /home/upm/.local/lib/python3.8/site-packages/airflow/example_dags/example_kubernetes_executor_config.py took 0.014 seconds
[2022-11-12 11:30:02,307] {processor.py:162} INFO - Started process (PID=85917) to work on /home/upm/.local/lib/python3.8/site-packages/airflow/example_dags/example_kubernetes_executor_config.py
[2022-11-12 11:30:02,308] {processor.py:613} INFO - Processing file /home/upm/.local/lib/python3.8/site-packages/airflow/example_dags/example_kubernetes_executor_config.py for tasks to queue
[2022-11-12 11:30:02,309] {logging_mixin.py:109} INFO - [2022-11-12 11:30:02,308] {dagbag.py:496} INFO - Filling up the DagBag from /home/upm/.local/lib/python3.8/site-packages/airflow/example_dags/example_kubernetes_executor_config.py
[2022-11-12 11:30:02,314] {logging_mixin.py:109} INFO - [2022-11-12 11:30:02,314] {example_kubernetes_executor_config.py:175} WARNING - Could not import DAGs in example_kubernetes_executor_config.py: No module named 'kubernetes'
[2022-11-12 11:30:02,314] {logging_mixin.py:109} INFO - [2022-11-12 11:30:02,314] {example_kubernetes_executor_config.py:176} WARNING - Install kubernetes dependencies with: pip install apache-airflow['cncf.kubernetes']
[2022-11-12 11:30:02,314] {processor.py:625} WARNING - No viable dags retrieved from /home/upm/.local/lib/python3.8/site-packages/airflow/example_dags/example_kubernetes_executor_config.py
[2022-11-12 11:30:02,320] {processor.py:170} INFO - Processing /home/upm/.local/lib/python3.8/site-packages/airflow/example_dags/example_kubernetes_executor_config.py took 0.015 seconds
[2022-11-12 11:30:33,414] {processor.py:162} INFO - Started process (PID=86135) to work on /home/upm/.local/lib/python3.8/site-packages/airflow/example_dags/example_kubernetes_executor_config.py
[2022-11-12 11:30:33,416] {processor.py:613} INFO - Processing file /home/upm/.local/lib/python3.8/site-packages/airflow/example_dags/example_kubernetes_executor_config.py for tasks to queue
[2022-11-12 11:30:33,416] {logging_mixin.py:109} INFO - [2022-11-12 11:30:33,416] {dagbag.py:496} INFO - Filling up the DagBag from /home/upm/.local/lib/python3.8/site-packages/airflow/example_dags/example_kubernetes_executor_config.py
[2022-11-12 11:30:33,422] {logging_mixin.py:109} INFO - [2022-11-12 11:30:33,422] {example_kubernetes_executor_config.py:175} WARNING - Could not import DAGs in example_kubernetes_executor_config.py: No module named 'kubernetes'
[2022-11-12 11:30:33,422] {logging_mixin.py:109} INFO - [2022-11-12 11:30:33,422] {example_kubernetes_executor_config.py:176} WARNING - Install kubernetes dependencies with: pip install apache-airflow['cncf.kubernetes']
[2022-11-12 11:30:33,423] {processor.py:625} WARNING - No viable dags retrieved from /home/upm/.local/lib/python3.8/site-packages/airflow/example_dags/example_kubernetes_executor_config.py
[2022-11-12 11:30:33,430] {processor.py:170} INFO - Processing /home/upm/.local/lib/python3.8/site-packages/airflow/example_dags/example_kubernetes_executor_config.py took 0.023 seconds
[2022-11-12 11:31:05,682] {processor.py:162} INFO - Started process (PID=86255) to work on /home/upm/.local/lib/python3.8/site-packages/airflow/example_dags/example_kubernetes_executor_config.py
[2022-11-12 11:31:05,683] {processor.py:613} INFO - Processing file /home/upm/.local/lib/python3.8/site-packages/airflow/example_dags/example_kubernetes_executor_config.py for tasks to queue
[2022-11-12 11:31:05,683] {logging_mixin.py:109} INFO - [2022-11-12 11:31:05,683] {dagbag.py:496} INFO - Filling up the DagBag from /home/upm/.local/lib/python3.8/site-packages/airflow/example_dags/example_kubernetes_executor_config.py
[2022-11-12 11:31:05,688] {logging_mixin.py:109} INFO - [2022-11-12 11:31:05,688] {example_kubernetes_executor_config.py:175} WARNING - Could not import DAGs in example_kubernetes_executor_config.py: No module named 'kubernetes'
[2022-11-12 11:31:05,688] {logging_mixin.py:109} INFO - [2022-11-12 11:31:05,688] {example_kubernetes_executor_config.py:176} WARNING - Install kubernetes dependencies with: pip install apache-airflow['cncf.kubernetes']
[2022-11-12 11:31:05,688] {processor.py:625} WARNING - No viable dags retrieved from /home/upm/.local/lib/python3.8/site-packages/airflow/example_dags/example_kubernetes_executor_config.py
[2022-11-12 11:31:05,694] {processor.py:170} INFO - Processing /home/upm/.local/lib/python3.8/site-packages/airflow/example_dags/example_kubernetes_executor_config.py took 0.014 seconds
[2022-11-12 11:31:37,788] {processor.py:162} INFO - Started process (PID=86379) to work on /home/upm/.local/lib/python3.8/site-packages/airflow/example_dags/example_kubernetes_executor_config.py
[2022-11-12 11:31:37,789] {processor.py:613} INFO - Processing file /home/upm/.local/lib/python3.8/site-packages/airflow/example_dags/example_kubernetes_executor_config.py for tasks to queue
[2022-11-12 11:31:37,789] {logging_mixin.py:109} INFO - [2022-11-12 11:31:37,789] {dagbag.py:496} INFO - Filling up the DagBag from /home/upm/.local/lib/python3.8/site-packages/airflow/example_dags/example_kubernetes_executor_config.py
[2022-11-12 11:31:37,795] {logging_mixin.py:109} INFO - [2022-11-12 11:31:37,795] {example_kubernetes_executor_config.py:175} WARNING - Could not import DAGs in example_kubernetes_executor_config.py: No module named 'kubernetes'
[2022-11-12 11:31:37,795] {logging_mixin.py:109} INFO - [2022-11-12 11:31:37,795] {example_kubernetes_executor_config.py:176} WARNING - Install kubernetes dependencies with: pip install apache-airflow['cncf.kubernetes']
[2022-11-12 11:31:37,795] {processor.py:625} WARNING - No viable dags retrieved from /home/upm/.local/lib/python3.8/site-packages/airflow/example_dags/example_kubernetes_executor_config.py
[2022-11-12 11:31:37,803] {processor.py:170} INFO - Processing /home/upm/.local/lib/python3.8/site-packages/airflow/example_dags/example_kubernetes_executor_config.py took 0.017 seconds
[2022-11-12 11:32:10,280] {processor.py:162} INFO - Started process (PID=86649) to work on /home/upm/.local/lib/python3.8/site-packages/airflow/example_dags/example_kubernetes_executor_config.py
[2022-11-12 11:32:10,281] {processor.py:613} INFO - Processing file /home/upm/.local/lib/python3.8/site-packages/airflow/example_dags/example_kubernetes_executor_config.py for tasks to queue
[2022-11-12 11:32:10,282] {logging_mixin.py:109} INFO - [2022-11-12 11:32:10,282] {dagbag.py:496} INFO - Filling up the DagBag from /home/upm/.local/lib/python3.8/site-packages/airflow/example_dags/example_kubernetes_executor_config.py
[2022-11-12 11:32:10,286] {logging_mixin.py:109} INFO - [2022-11-12 11:32:10,286] {example_kubernetes_executor_config.py:175} WARNING - Could not import DAGs in example_kubernetes_executor_config.py: No module named 'kubernetes'
[2022-11-12 11:32:10,286] {logging_mixin.py:109} INFO - [2022-11-12 11:32:10,286] {example_kubernetes_executor_config.py:176} WARNING - Install kubernetes dependencies with: pip install apache-airflow['cncf.kubernetes']
[2022-11-12 11:32:10,286] {processor.py:625} WARNING - No viable dags retrieved from /home/upm/.local/lib/python3.8/site-packages/airflow/example_dags/example_kubernetes_executor_config.py
[2022-11-12 11:32:10,294] {processor.py:170} INFO - Processing /home/upm/.local/lib/python3.8/site-packages/airflow/example_dags/example_kubernetes_executor_config.py took 0.016 seconds
[2022-11-12 11:32:41,930] {processor.py:162} INFO - Started process (PID=86768) to work on /home/upm/.local/lib/python3.8/site-packages/airflow/example_dags/example_kubernetes_executor_config.py
[2022-11-12 11:32:41,936] {processor.py:613} INFO - Processing file /home/upm/.local/lib/python3.8/site-packages/airflow/example_dags/example_kubernetes_executor_config.py for tasks to queue
[2022-11-12 11:32:41,937] {logging_mixin.py:109} INFO - [2022-11-12 11:32:41,936] {dagbag.py:496} INFO - Filling up the DagBag from /home/upm/.local/lib/python3.8/site-packages/airflow/example_dags/example_kubernetes_executor_config.py
[2022-11-12 11:32:41,947] {logging_mixin.py:109} INFO - [2022-11-12 11:32:41,947] {example_kubernetes_executor_config.py:175} WARNING - Could not import DAGs in example_kubernetes_executor_config.py: No module named 'kubernetes'
[2022-11-12 11:32:41,947] {logging_mixin.py:109} INFO - [2022-11-12 11:32:41,947] {example_kubernetes_executor_config.py:176} WARNING - Install kubernetes dependencies with: pip install apache-airflow['cncf.kubernetes']
[2022-11-12 11:32:41,947] {processor.py:625} WARNING - No viable dags retrieved from /home/upm/.local/lib/python3.8/site-packages/airflow/example_dags/example_kubernetes_executor_config.py
[2022-11-12 11:32:41,954] {processor.py:170} INFO - Processing /home/upm/.local/lib/python3.8/site-packages/airflow/example_dags/example_kubernetes_executor_config.py took 0.030 seconds
