[2022-11-12 11:06:29,850] {processor.py:162} INFO - Started process (PID=81906) to work on /home/upm/.local/lib/python3.8/site-packages/airflow/example_dags/example_branch_operator.py
[2022-11-12 11:06:29,851] {processor.py:613} INFO - Processing file /home/upm/.local/lib/python3.8/site-packages/airflow/example_dags/example_branch_operator.py for tasks to queue
[2022-11-12 11:06:29,852] {logging_mixin.py:109} INFO - [2022-11-12 11:06:29,852] {dagbag.py:496} INFO - Filling up the DagBag from /home/upm/.local/lib/python3.8/site-packages/airflow/example_dags/example_branch_operator.py
[2022-11-12 11:06:29,861] {processor.py:623} INFO - DAG(s) dict_keys(['example_branch_operator']) retrieved from /home/upm/.local/lib/python3.8/site-packages/airflow/example_dags/example_branch_operator.py
[2022-11-12 11:06:29,873] {logging_mixin.py:109} INFO - [2022-11-12 11:06:29,873] {dag.py:1834} INFO - Sync 1 DAGs
[2022-11-12 11:06:29,882] {logging_mixin.py:109} INFO - [2022-11-12 11:06:29,882] {dag.py:2287} INFO - Setting next_dagrun for example_branch_operator to 2022-11-10 00:00:00+00:00
[2022-11-12 11:06:29,893] {processor.py:170} INFO - Processing /home/upm/.local/lib/python3.8/site-packages/airflow/example_dags/example_branch_operator.py took 0.045 seconds
[2022-11-12 11:07:02,232] {processor.py:162} INFO - Started process (PID=82021) to work on /home/upm/.local/lib/python3.8/site-packages/airflow/example_dags/example_branch_operator.py
[2022-11-12 11:07:02,233] {processor.py:613} INFO - Processing file /home/upm/.local/lib/python3.8/site-packages/airflow/example_dags/example_branch_operator.py for tasks to queue
[2022-11-12 11:07:02,234] {logging_mixin.py:109} INFO - [2022-11-12 11:07:02,234] {dagbag.py:496} INFO - Filling up the DagBag from /home/upm/.local/lib/python3.8/site-packages/airflow/example_dags/example_branch_operator.py
[2022-11-12 11:07:02,245] {processor.py:623} INFO - DAG(s) dict_keys(['example_branch_operator']) retrieved from /home/upm/.local/lib/python3.8/site-packages/airflow/example_dags/example_branch_operator.py
[2022-11-12 11:07:02,255] {logging_mixin.py:109} INFO - [2022-11-12 11:07:02,255] {dag.py:1834} INFO - Sync 1 DAGs
[2022-11-12 11:07:02,263] {logging_mixin.py:109} INFO - [2022-11-12 11:07:02,263] {dag.py:2287} INFO - Setting next_dagrun for example_branch_operator to 2022-11-10 00:00:00+00:00
[2022-11-12 11:07:02,274] {processor.py:170} INFO - Processing /home/upm/.local/lib/python3.8/site-packages/airflow/example_dags/example_branch_operator.py took 0.044 seconds
[2022-11-12 11:07:33,899] {processor.py:162} INFO - Started process (PID=82128) to work on /home/upm/.local/lib/python3.8/site-packages/airflow/example_dags/example_branch_operator.py
[2022-11-12 11:07:33,901] {processor.py:613} INFO - Processing file /home/upm/.local/lib/python3.8/site-packages/airflow/example_dags/example_branch_operator.py for tasks to queue
[2022-11-12 11:07:33,902] {logging_mixin.py:109} INFO - [2022-11-12 11:07:33,902] {dagbag.py:496} INFO - Filling up the DagBag from /home/upm/.local/lib/python3.8/site-packages/airflow/example_dags/example_branch_operator.py
[2022-11-12 11:07:33,920] {processor.py:623} INFO - DAG(s) dict_keys(['example_branch_operator']) retrieved from /home/upm/.local/lib/python3.8/site-packages/airflow/example_dags/example_branch_operator.py
[2022-11-12 11:07:33,933] {logging_mixin.py:109} INFO - [2022-11-12 11:07:33,933] {dag.py:1834} INFO - Sync 1 DAGs
[2022-11-12 11:07:33,942] {logging_mixin.py:109} INFO - [2022-11-12 11:07:33,942] {dag.py:2287} INFO - Setting next_dagrun for example_branch_operator to 2022-11-10 00:00:00+00:00
[2022-11-12 11:07:33,952] {processor.py:170} INFO - Processing /home/upm/.local/lib/python3.8/site-packages/airflow/example_dags/example_branch_operator.py took 0.059 seconds
[2022-11-12 11:10:49,061] {processor.py:162} INFO - Started process (PID=82387) to work on /home/upm/.local/lib/python3.8/site-packages/airflow/example_dags/example_branch_operator.py
[2022-11-12 11:10:49,062] {processor.py:613} INFO - Processing file /home/upm/.local/lib/python3.8/site-packages/airflow/example_dags/example_branch_operator.py for tasks to queue
[2022-11-12 11:10:49,062] {logging_mixin.py:109} INFO - [2022-11-12 11:10:49,062] {dagbag.py:496} INFO - Filling up the DagBag from /home/upm/.local/lib/python3.8/site-packages/airflow/example_dags/example_branch_operator.py
[2022-11-12 11:10:49,072] {processor.py:623} INFO - DAG(s) dict_keys(['example_branch_operator']) retrieved from /home/upm/.local/lib/python3.8/site-packages/airflow/example_dags/example_branch_operator.py
[2022-11-12 11:10:49,087] {logging_mixin.py:109} INFO - [2022-11-12 11:10:49,086] {dag.py:1834} INFO - Sync 1 DAGs
[2022-11-12 11:10:49,096] {logging_mixin.py:109} INFO - [2022-11-12 11:10:49,096] {dag.py:2287} INFO - Setting next_dagrun for example_branch_operator to 2022-11-10 00:00:00+00:00
[2022-11-12 11:10:49,106] {processor.py:170} INFO - Processing /home/upm/.local/lib/python3.8/site-packages/airflow/example_dags/example_branch_operator.py took 0.047 seconds
[2022-11-12 11:11:21,281] {processor.py:162} INFO - Started process (PID=82496) to work on /home/upm/.local/lib/python3.8/site-packages/airflow/example_dags/example_branch_operator.py
[2022-11-12 11:11:21,282] {processor.py:613} INFO - Processing file /home/upm/.local/lib/python3.8/site-packages/airflow/example_dags/example_branch_operator.py for tasks to queue
[2022-11-12 11:11:21,282] {logging_mixin.py:109} INFO - [2022-11-12 11:11:21,282] {dagbag.py:496} INFO - Filling up the DagBag from /home/upm/.local/lib/python3.8/site-packages/airflow/example_dags/example_branch_operator.py
[2022-11-12 11:11:21,296] {processor.py:623} INFO - DAG(s) dict_keys(['example_branch_operator']) retrieved from /home/upm/.local/lib/python3.8/site-packages/airflow/example_dags/example_branch_operator.py
[2022-11-12 11:11:21,309] {logging_mixin.py:109} INFO - [2022-11-12 11:11:21,309] {dag.py:1834} INFO - Sync 1 DAGs
[2022-11-12 11:11:21,320] {logging_mixin.py:109} INFO - [2022-11-12 11:11:21,320] {dag.py:2287} INFO - Setting next_dagrun for example_branch_operator to 2022-11-10 00:00:00+00:00
[2022-11-12 11:11:21,331] {processor.py:170} INFO - Processing /home/upm/.local/lib/python3.8/site-packages/airflow/example_dags/example_branch_operator.py took 0.053 seconds
[2022-11-12 11:11:52,531] {processor.py:162} INFO - Started process (PID=82606) to work on /home/upm/.local/lib/python3.8/site-packages/airflow/example_dags/example_branch_operator.py
[2022-11-12 11:11:52,532] {processor.py:613} INFO - Processing file /home/upm/.local/lib/python3.8/site-packages/airflow/example_dags/example_branch_operator.py for tasks to queue
[2022-11-12 11:11:52,533] {logging_mixin.py:109} INFO - [2022-11-12 11:11:52,533] {dagbag.py:496} INFO - Filling up the DagBag from /home/upm/.local/lib/python3.8/site-packages/airflow/example_dags/example_branch_operator.py
[2022-11-12 11:11:52,547] {processor.py:623} INFO - DAG(s) dict_keys(['example_branch_operator']) retrieved from /home/upm/.local/lib/python3.8/site-packages/airflow/example_dags/example_branch_operator.py
[2022-11-12 11:11:52,558] {logging_mixin.py:109} INFO - [2022-11-12 11:11:52,558] {dag.py:1834} INFO - Sync 1 DAGs
[2022-11-12 11:11:52,567] {logging_mixin.py:109} INFO - [2022-11-12 11:11:52,566] {dag.py:2287} INFO - Setting next_dagrun for example_branch_operator to 2022-11-10 00:00:00+00:00
[2022-11-12 11:11:52,577] {processor.py:170} INFO - Processing /home/upm/.local/lib/python3.8/site-packages/airflow/example_dags/example_branch_operator.py took 0.049 seconds
[2022-11-12 11:12:24,200] {processor.py:162} INFO - Started process (PID=82705) to work on /home/upm/.local/lib/python3.8/site-packages/airflow/example_dags/example_branch_operator.py
[2022-11-12 11:12:24,205] {processor.py:613} INFO - Processing file /home/upm/.local/lib/python3.8/site-packages/airflow/example_dags/example_branch_operator.py for tasks to queue
[2022-11-12 11:12:24,206] {logging_mixin.py:109} INFO - [2022-11-12 11:12:24,206] {dagbag.py:496} INFO - Filling up the DagBag from /home/upm/.local/lib/python3.8/site-packages/airflow/example_dags/example_branch_operator.py
[2022-11-12 11:12:24,222] {processor.py:623} INFO - DAG(s) dict_keys(['example_branch_operator']) retrieved from /home/upm/.local/lib/python3.8/site-packages/airflow/example_dags/example_branch_operator.py
[2022-11-12 11:12:24,234] {logging_mixin.py:109} INFO - [2022-11-12 11:12:24,233] {dag.py:1834} INFO - Sync 1 DAGs
[2022-11-12 11:12:24,242] {logging_mixin.py:109} INFO - [2022-11-12 11:12:24,242] {dag.py:2287} INFO - Setting next_dagrun for example_branch_operator to 2022-11-10 00:00:00+00:00
[2022-11-12 11:12:24,254] {processor.py:170} INFO - Processing /home/upm/.local/lib/python3.8/site-packages/airflow/example_dags/example_branch_operator.py took 0.058 seconds
[2022-11-12 11:13:32,670] {processor.py:162} INFO - Started process (PID=82896) to work on /home/upm/.local/lib/python3.8/site-packages/airflow/example_dags/example_branch_operator.py
[2022-11-12 11:13:32,672] {processor.py:613} INFO - Processing file /home/upm/.local/lib/python3.8/site-packages/airflow/example_dags/example_branch_operator.py for tasks to queue
[2022-11-12 11:13:32,673] {logging_mixin.py:109} INFO - [2022-11-12 11:13:32,672] {dagbag.py:496} INFO - Filling up the DagBag from /home/upm/.local/lib/python3.8/site-packages/airflow/example_dags/example_branch_operator.py
[2022-11-12 11:13:32,682] {processor.py:623} INFO - DAG(s) dict_keys(['example_branch_operator']) retrieved from /home/upm/.local/lib/python3.8/site-packages/airflow/example_dags/example_branch_operator.py
[2022-11-12 11:13:32,695] {logging_mixin.py:109} INFO - [2022-11-12 11:13:32,695] {dag.py:1834} INFO - Sync 1 DAGs
[2022-11-12 11:13:32,703] {logging_mixin.py:109} INFO - [2022-11-12 11:13:32,703] {dag.py:2287} INFO - Setting next_dagrun for example_branch_operator to 2022-11-10 00:00:00+00:00
[2022-11-12 11:13:32,714] {processor.py:170} INFO - Processing /home/upm/.local/lib/python3.8/site-packages/airflow/example_dags/example_branch_operator.py took 0.047 seconds
[2022-11-12 11:14:04,371] {processor.py:162} INFO - Started process (PID=83005) to work on /home/upm/.local/lib/python3.8/site-packages/airflow/example_dags/example_branch_operator.py
[2022-11-12 11:14:04,371] {processor.py:613} INFO - Processing file /home/upm/.local/lib/python3.8/site-packages/airflow/example_dags/example_branch_operator.py for tasks to queue
[2022-11-12 11:14:04,372] {logging_mixin.py:109} INFO - [2022-11-12 11:14:04,372] {dagbag.py:496} INFO - Filling up the DagBag from /home/upm/.local/lib/python3.8/site-packages/airflow/example_dags/example_branch_operator.py
[2022-11-12 11:14:04,384] {processor.py:623} INFO - DAG(s) dict_keys(['example_branch_operator']) retrieved from /home/upm/.local/lib/python3.8/site-packages/airflow/example_dags/example_branch_operator.py
[2022-11-12 11:14:04,395] {logging_mixin.py:109} INFO - [2022-11-12 11:14:04,395] {dag.py:1834} INFO - Sync 1 DAGs
[2022-11-12 11:14:04,404] {logging_mixin.py:109} INFO - [2022-11-12 11:14:04,404] {dag.py:2287} INFO - Setting next_dagrun for example_branch_operator to 2022-11-10 00:00:00+00:00
[2022-11-12 11:14:04,415] {processor.py:170} INFO - Processing /home/upm/.local/lib/python3.8/site-packages/airflow/example_dags/example_branch_operator.py took 0.046 seconds
[2022-11-12 11:17:01,018] {processor.py:162} INFO - Started process (PID=83549) to work on /home/upm/.local/lib/python3.8/site-packages/airflow/example_dags/example_branch_operator.py
[2022-11-12 11:17:01,020] {processor.py:613} INFO - Processing file /home/upm/.local/lib/python3.8/site-packages/airflow/example_dags/example_branch_operator.py for tasks to queue
[2022-11-12 11:17:01,020] {logging_mixin.py:109} INFO - [2022-11-12 11:17:01,020] {dagbag.py:496} INFO - Filling up the DagBag from /home/upm/.local/lib/python3.8/site-packages/airflow/example_dags/example_branch_operator.py
[2022-11-12 11:17:01,030] {processor.py:623} INFO - DAG(s) dict_keys(['example_branch_operator']) retrieved from /home/upm/.local/lib/python3.8/site-packages/airflow/example_dags/example_branch_operator.py
[2022-11-12 11:17:01,044] {logging_mixin.py:109} INFO - [2022-11-12 11:17:01,043] {dag.py:1834} INFO - Sync 1 DAGs
[2022-11-12 11:17:01,052] {logging_mixin.py:109} INFO - [2022-11-12 11:17:01,052] {dag.py:2287} INFO - Setting next_dagrun for example_branch_operator to 2022-11-10 00:00:00+00:00
[2022-11-12 11:17:01,062] {processor.py:170} INFO - Processing /home/upm/.local/lib/python3.8/site-packages/airflow/example_dags/example_branch_operator.py took 0.046 seconds
[2022-11-12 11:17:33,251] {processor.py:162} INFO - Started process (PID=83659) to work on /home/upm/.local/lib/python3.8/site-packages/airflow/example_dags/example_branch_operator.py
[2022-11-12 11:17:33,252] {processor.py:613} INFO - Processing file /home/upm/.local/lib/python3.8/site-packages/airflow/example_dags/example_branch_operator.py for tasks to queue
[2022-11-12 11:17:33,252] {logging_mixin.py:109} INFO - [2022-11-12 11:17:33,252] {dagbag.py:496} INFO - Filling up the DagBag from /home/upm/.local/lib/python3.8/site-packages/airflow/example_dags/example_branch_operator.py
[2022-11-12 11:17:33,267] {processor.py:623} INFO - DAG(s) dict_keys(['example_branch_operator']) retrieved from /home/upm/.local/lib/python3.8/site-packages/airflow/example_dags/example_branch_operator.py
[2022-11-12 11:17:33,278] {logging_mixin.py:109} INFO - [2022-11-12 11:17:33,278] {dag.py:1834} INFO - Sync 1 DAGs
[2022-11-12 11:17:33,287] {logging_mixin.py:109} INFO - [2022-11-12 11:17:33,287] {dag.py:2287} INFO - Setting next_dagrun for example_branch_operator to 2022-11-10 00:00:00+00:00
[2022-11-12 11:17:33,299] {processor.py:170} INFO - Processing /home/upm/.local/lib/python3.8/site-packages/airflow/example_dags/example_branch_operator.py took 0.051 seconds
[2022-11-12 11:18:04,375] {processor.py:162} INFO - Started process (PID=83793) to work on /home/upm/.local/lib/python3.8/site-packages/airflow/example_dags/example_branch_operator.py
[2022-11-12 11:18:04,376] {processor.py:613} INFO - Processing file /home/upm/.local/lib/python3.8/site-packages/airflow/example_dags/example_branch_operator.py for tasks to queue
[2022-11-12 11:18:04,378] {logging_mixin.py:109} INFO - [2022-11-12 11:18:04,377] {dagbag.py:496} INFO - Filling up the DagBag from /home/upm/.local/lib/python3.8/site-packages/airflow/example_dags/example_branch_operator.py
[2022-11-12 11:18:04,402] {processor.py:623} INFO - DAG(s) dict_keys(['example_branch_operator']) retrieved from /home/upm/.local/lib/python3.8/site-packages/airflow/example_dags/example_branch_operator.py
[2022-11-12 11:18:04,419] {logging_mixin.py:109} INFO - [2022-11-12 11:18:04,419] {dag.py:1834} INFO - Sync 1 DAGs
[2022-11-12 11:18:04,432] {logging_mixin.py:109} INFO - [2022-11-12 11:18:04,432] {dag.py:2287} INFO - Setting next_dagrun for example_branch_operator to 2022-11-10 00:00:00+00:00
[2022-11-12 11:18:04,446] {processor.py:170} INFO - Processing /home/upm/.local/lib/python3.8/site-packages/airflow/example_dags/example_branch_operator.py took 0.075 seconds
[2022-11-12 11:18:37,273] {processor.py:162} INFO - Started process (PID=83905) to work on /home/upm/.local/lib/python3.8/site-packages/airflow/example_dags/example_branch_operator.py
[2022-11-12 11:18:37,274] {processor.py:613} INFO - Processing file /home/upm/.local/lib/python3.8/site-packages/airflow/example_dags/example_branch_operator.py for tasks to queue
[2022-11-12 11:18:37,275] {logging_mixin.py:109} INFO - [2022-11-12 11:18:37,275] {dagbag.py:496} INFO - Filling up the DagBag from /home/upm/.local/lib/python3.8/site-packages/airflow/example_dags/example_branch_operator.py
[2022-11-12 11:18:37,291] {processor.py:623} INFO - DAG(s) dict_keys(['example_branch_operator']) retrieved from /home/upm/.local/lib/python3.8/site-packages/airflow/example_dags/example_branch_operator.py
[2022-11-12 11:18:37,304] {logging_mixin.py:109} INFO - [2022-11-12 11:18:37,304] {dag.py:1834} INFO - Sync 1 DAGs
[2022-11-12 11:18:37,314] {logging_mixin.py:109} INFO - [2022-11-12 11:18:37,314] {dag.py:2287} INFO - Setting next_dagrun for example_branch_operator to 2022-11-10 00:00:00+00:00
[2022-11-12 11:18:37,325] {processor.py:170} INFO - Processing /home/upm/.local/lib/python3.8/site-packages/airflow/example_dags/example_branch_operator.py took 0.055 seconds
[2022-11-12 11:19:09,954] {processor.py:162} INFO - Started process (PID=84079) to work on /home/upm/.local/lib/python3.8/site-packages/airflow/example_dags/example_branch_operator.py
[2022-11-12 11:19:09,955] {processor.py:613} INFO - Processing file /home/upm/.local/lib/python3.8/site-packages/airflow/example_dags/example_branch_operator.py for tasks to queue
[2022-11-12 11:19:09,955] {logging_mixin.py:109} INFO - [2022-11-12 11:19:09,955] {dagbag.py:496} INFO - Filling up the DagBag from /home/upm/.local/lib/python3.8/site-packages/airflow/example_dags/example_branch_operator.py
[2022-11-12 11:19:09,969] {processor.py:623} INFO - DAG(s) dict_keys(['example_branch_operator']) retrieved from /home/upm/.local/lib/python3.8/site-packages/airflow/example_dags/example_branch_operator.py
[2022-11-12 11:19:09,981] {logging_mixin.py:109} INFO - [2022-11-12 11:19:09,980] {dag.py:1834} INFO - Sync 1 DAGs
[2022-11-12 11:19:09,990] {logging_mixin.py:109} INFO - [2022-11-12 11:19:09,990] {dag.py:2287} INFO - Setting next_dagrun for example_branch_operator to 2022-11-10 00:00:00+00:00
[2022-11-12 11:19:10,005] {processor.py:170} INFO - Processing /home/upm/.local/lib/python3.8/site-packages/airflow/example_dags/example_branch_operator.py took 0.053 seconds
[2022-11-12 11:21:30,863] {processor.py:162} INFO - Started process (PID=84373) to work on /home/upm/.local/lib/python3.8/site-packages/airflow/example_dags/example_branch_operator.py
[2022-11-12 11:21:30,865] {processor.py:613} INFO - Processing file /home/upm/.local/lib/python3.8/site-packages/airflow/example_dags/example_branch_operator.py for tasks to queue
[2022-11-12 11:21:30,865] {logging_mixin.py:109} INFO - [2022-11-12 11:21:30,865] {dagbag.py:496} INFO - Filling up the DagBag from /home/upm/.local/lib/python3.8/site-packages/airflow/example_dags/example_branch_operator.py
[2022-11-12 11:21:30,875] {processor.py:623} INFO - DAG(s) dict_keys(['example_branch_operator']) retrieved from /home/upm/.local/lib/python3.8/site-packages/airflow/example_dags/example_branch_operator.py
[2022-11-12 11:21:30,890] {logging_mixin.py:109} INFO - [2022-11-12 11:21:30,890] {dag.py:1834} INFO - Sync 1 DAGs
[2022-11-12 11:21:30,899] {logging_mixin.py:109} INFO - [2022-11-12 11:21:30,899] {dag.py:2287} INFO - Setting next_dagrun for example_branch_operator to 2022-11-10 00:00:00+00:00
[2022-11-12 11:21:30,909] {processor.py:170} INFO - Processing /home/upm/.local/lib/python3.8/site-packages/airflow/example_dags/example_branch_operator.py took 0.048 seconds
[2022-11-12 11:22:03,228] {processor.py:162} INFO - Started process (PID=84476) to work on /home/upm/.local/lib/python3.8/site-packages/airflow/example_dags/example_branch_operator.py
[2022-11-12 11:22:03,230] {processor.py:613} INFO - Processing file /home/upm/.local/lib/python3.8/site-packages/airflow/example_dags/example_branch_operator.py for tasks to queue
[2022-11-12 11:22:03,230] {logging_mixin.py:109} INFO - [2022-11-12 11:22:03,230] {dagbag.py:496} INFO - Filling up the DagBag from /home/upm/.local/lib/python3.8/site-packages/airflow/example_dags/example_branch_operator.py
[2022-11-12 11:22:03,246] {processor.py:623} INFO - DAG(s) dict_keys(['example_branch_operator']) retrieved from /home/upm/.local/lib/python3.8/site-packages/airflow/example_dags/example_branch_operator.py
[2022-11-12 11:22:03,258] {logging_mixin.py:109} INFO - [2022-11-12 11:22:03,257] {dag.py:1834} INFO - Sync 1 DAGs
[2022-11-12 11:22:03,266] {logging_mixin.py:109} INFO - [2022-11-12 11:22:03,266] {dag.py:2287} INFO - Setting next_dagrun for example_branch_operator to 2022-11-10 00:00:00+00:00
[2022-11-12 11:22:03,278] {processor.py:170} INFO - Processing /home/upm/.local/lib/python3.8/site-packages/airflow/example_dags/example_branch_operator.py took 0.053 seconds
[2022-11-12 11:22:34,338] {processor.py:162} INFO - Started process (PID=84583) to work on /home/upm/.local/lib/python3.8/site-packages/airflow/example_dags/example_branch_operator.py
[2022-11-12 11:22:34,340] {processor.py:613} INFO - Processing file /home/upm/.local/lib/python3.8/site-packages/airflow/example_dags/example_branch_operator.py for tasks to queue
[2022-11-12 11:22:34,341] {logging_mixin.py:109} INFO - [2022-11-12 11:22:34,341] {dagbag.py:496} INFO - Filling up the DagBag from /home/upm/.local/lib/python3.8/site-packages/airflow/example_dags/example_branch_operator.py
[2022-11-12 11:22:34,353] {processor.py:623} INFO - DAG(s) dict_keys(['example_branch_operator']) retrieved from /home/upm/.local/lib/python3.8/site-packages/airflow/example_dags/example_branch_operator.py
[2022-11-12 11:22:34,363] {logging_mixin.py:109} INFO - [2022-11-12 11:22:34,363] {dag.py:1834} INFO - Sync 1 DAGs
[2022-11-12 11:22:34,372] {logging_mixin.py:109} INFO - [2022-11-12 11:22:34,372] {dag.py:2287} INFO - Setting next_dagrun for example_branch_operator to 2022-11-10 00:00:00+00:00
[2022-11-12 11:22:34,382] {processor.py:170} INFO - Processing /home/upm/.local/lib/python3.8/site-packages/airflow/example_dags/example_branch_operator.py took 0.046 seconds
[2022-11-12 11:27:22,439] {processor.py:162} INFO - Started process (PID=85217) to work on /home/upm/.local/lib/python3.8/site-packages/airflow/example_dags/example_branch_operator.py
[2022-11-12 11:27:22,442] {processor.py:613} INFO - Processing file /home/upm/.local/lib/python3.8/site-packages/airflow/example_dags/example_branch_operator.py for tasks to queue
[2022-11-12 11:27:22,442] {logging_mixin.py:109} INFO - [2022-11-12 11:27:22,442] {dagbag.py:496} INFO - Filling up the DagBag from /home/upm/.local/lib/python3.8/site-packages/airflow/example_dags/example_branch_operator.py
[2022-11-12 11:27:22,454] {processor.py:623} INFO - DAG(s) dict_keys(['example_branch_operator']) retrieved from /home/upm/.local/lib/python3.8/site-packages/airflow/example_dags/example_branch_operator.py
[2022-11-12 11:27:22,468] {logging_mixin.py:109} INFO - [2022-11-12 11:27:22,468] {dag.py:1834} INFO - Sync 1 DAGs
[2022-11-12 11:27:22,477] {logging_mixin.py:109} INFO - [2022-11-12 11:27:22,477] {dag.py:2287} INFO - Setting next_dagrun for example_branch_operator to 2022-11-10 00:00:00+00:00
[2022-11-12 11:27:22,488] {processor.py:170} INFO - Processing /home/upm/.local/lib/python3.8/site-packages/airflow/example_dags/example_branch_operator.py took 0.051 seconds
[2022-11-12 11:27:54,720] {processor.py:162} INFO - Started process (PID=85420) to work on /home/upm/.local/lib/python3.8/site-packages/airflow/example_dags/example_branch_operator.py
[2022-11-12 11:27:54,720] {processor.py:613} INFO - Processing file /home/upm/.local/lib/python3.8/site-packages/airflow/example_dags/example_branch_operator.py for tasks to queue
[2022-11-12 11:27:54,721] {logging_mixin.py:109} INFO - [2022-11-12 11:27:54,721] {dagbag.py:496} INFO - Filling up the DagBag from /home/upm/.local/lib/python3.8/site-packages/airflow/example_dags/example_branch_operator.py
[2022-11-12 11:27:54,735] {processor.py:623} INFO - DAG(s) dict_keys(['example_branch_operator']) retrieved from /home/upm/.local/lib/python3.8/site-packages/airflow/example_dags/example_branch_operator.py
[2022-11-12 11:27:54,749] {logging_mixin.py:109} INFO - [2022-11-12 11:27:54,749] {dag.py:1834} INFO - Sync 1 DAGs
[2022-11-12 11:27:54,759] {logging_mixin.py:109} INFO - [2022-11-12 11:27:54,759] {dag.py:2287} INFO - Setting next_dagrun for example_branch_operator to 2022-11-10 00:00:00+00:00
[2022-11-12 11:27:54,770] {processor.py:170} INFO - Processing /home/upm/.local/lib/python3.8/site-packages/airflow/example_dags/example_branch_operator.py took 0.053 seconds
[2022-11-12 11:28:25,873] {processor.py:162} INFO - Started process (PID=85652) to work on /home/upm/.local/lib/python3.8/site-packages/airflow/example_dags/example_branch_operator.py
[2022-11-12 11:28:25,877] {processor.py:613} INFO - Processing file /home/upm/.local/lib/python3.8/site-packages/airflow/example_dags/example_branch_operator.py for tasks to queue
[2022-11-12 11:28:25,878] {logging_mixin.py:109} INFO - [2022-11-12 11:28:25,878] {dagbag.py:496} INFO - Filling up the DagBag from /home/upm/.local/lib/python3.8/site-packages/airflow/example_dags/example_branch_operator.py
[2022-11-12 11:28:25,898] {processor.py:623} INFO - DAG(s) dict_keys(['example_branch_operator']) retrieved from /home/upm/.local/lib/python3.8/site-packages/airflow/example_dags/example_branch_operator.py
[2022-11-12 11:28:25,912] {logging_mixin.py:109} INFO - [2022-11-12 11:28:25,911] {dag.py:1834} INFO - Sync 1 DAGs
[2022-11-12 11:28:25,922] {logging_mixin.py:109} INFO - [2022-11-12 11:28:25,922] {dag.py:2287} INFO - Setting next_dagrun for example_branch_operator to 2022-11-10 00:00:00+00:00
[2022-11-12 11:28:25,935] {processor.py:170} INFO - Processing /home/upm/.local/lib/python3.8/site-packages/airflow/example_dags/example_branch_operator.py took 0.068 seconds
[2022-11-12 11:29:28,325] {processor.py:162} INFO - Started process (PID=85804) to work on /home/upm/.local/lib/python3.8/site-packages/airflow/example_dags/example_branch_operator.py
[2022-11-12 11:29:28,327] {processor.py:613} INFO - Processing file /home/upm/.local/lib/python3.8/site-packages/airflow/example_dags/example_branch_operator.py for tasks to queue
[2022-11-12 11:29:28,328] {logging_mixin.py:109} INFO - [2022-11-12 11:29:28,328] {dagbag.py:496} INFO - Filling up the DagBag from /home/upm/.local/lib/python3.8/site-packages/airflow/example_dags/example_branch_operator.py
[2022-11-12 11:29:28,343] {processor.py:623} INFO - DAG(s) dict_keys(['example_branch_operator']) retrieved from /home/upm/.local/lib/python3.8/site-packages/airflow/example_dags/example_branch_operator.py
[2022-11-12 11:29:28,357] {logging_mixin.py:109} INFO - [2022-11-12 11:29:28,357] {dag.py:1834} INFO - Sync 1 DAGs
[2022-11-12 11:29:28,366] {logging_mixin.py:109} INFO - [2022-11-12 11:29:28,366] {dag.py:2287} INFO - Setting next_dagrun for example_branch_operator to 2022-11-10 00:00:00+00:00
[2022-11-12 11:29:28,376] {processor.py:170} INFO - Processing /home/upm/.local/lib/python3.8/site-packages/airflow/example_dags/example_branch_operator.py took 0.057 seconds
[2022-11-12 11:30:00,591] {processor.py:162} INFO - Started process (PID=85906) to work on /home/upm/.local/lib/python3.8/site-packages/airflow/example_dags/example_branch_operator.py
[2022-11-12 11:30:00,592] {processor.py:613} INFO - Processing file /home/upm/.local/lib/python3.8/site-packages/airflow/example_dags/example_branch_operator.py for tasks to queue
[2022-11-12 11:30:00,592] {logging_mixin.py:109} INFO - [2022-11-12 11:30:00,592] {dagbag.py:496} INFO - Filling up the DagBag from /home/upm/.local/lib/python3.8/site-packages/airflow/example_dags/example_branch_operator.py
[2022-11-12 11:30:00,605] {processor.py:623} INFO - DAG(s) dict_keys(['example_branch_operator']) retrieved from /home/upm/.local/lib/python3.8/site-packages/airflow/example_dags/example_branch_operator.py
[2022-11-12 11:30:00,617] {logging_mixin.py:109} INFO - [2022-11-12 11:30:00,617] {dag.py:1834} INFO - Sync 1 DAGs
[2022-11-12 11:30:00,626] {logging_mixin.py:109} INFO - [2022-11-12 11:30:00,626] {dag.py:2287} INFO - Setting next_dagrun for example_branch_operator to 2022-11-10 00:00:00+00:00
[2022-11-12 11:30:00,637] {processor.py:170} INFO - Processing /home/upm/.local/lib/python3.8/site-packages/airflow/example_dags/example_branch_operator.py took 0.048 seconds
[2022-11-12 11:30:31,676] {processor.py:162} INFO - Started process (PID=86126) to work on /home/upm/.local/lib/python3.8/site-packages/airflow/example_dags/example_branch_operator.py
[2022-11-12 11:30:31,678] {processor.py:613} INFO - Processing file /home/upm/.local/lib/python3.8/site-packages/airflow/example_dags/example_branch_operator.py for tasks to queue
[2022-11-12 11:30:31,678] {logging_mixin.py:109} INFO - [2022-11-12 11:30:31,678] {dagbag.py:496} INFO - Filling up the DagBag from /home/upm/.local/lib/python3.8/site-packages/airflow/example_dags/example_branch_operator.py
[2022-11-12 11:30:31,691] {processor.py:623} INFO - DAG(s) dict_keys(['example_branch_operator']) retrieved from /home/upm/.local/lib/python3.8/site-packages/airflow/example_dags/example_branch_operator.py
[2022-11-12 11:30:31,702] {logging_mixin.py:109} INFO - [2022-11-12 11:30:31,702] {dag.py:1834} INFO - Sync 1 DAGs
[2022-11-12 11:30:31,711] {logging_mixin.py:109} INFO - [2022-11-12 11:30:31,711] {dag.py:2287} INFO - Setting next_dagrun for example_branch_operator to 2022-11-10 00:00:00+00:00
[2022-11-12 11:30:31,721] {processor.py:170} INFO - Processing /home/upm/.local/lib/python3.8/site-packages/airflow/example_dags/example_branch_operator.py took 0.047 seconds
[2022-11-12 11:31:03,387] {processor.py:162} INFO - Started process (PID=86244) to work on /home/upm/.local/lib/python3.8/site-packages/airflow/example_dags/example_branch_operator.py
[2022-11-12 11:31:03,388] {processor.py:613} INFO - Processing file /home/upm/.local/lib/python3.8/site-packages/airflow/example_dags/example_branch_operator.py for tasks to queue
[2022-11-12 11:31:03,388] {logging_mixin.py:109} INFO - [2022-11-12 11:31:03,388] {dagbag.py:496} INFO - Filling up the DagBag from /home/upm/.local/lib/python3.8/site-packages/airflow/example_dags/example_branch_operator.py
[2022-11-12 11:31:03,403] {processor.py:623} INFO - DAG(s) dict_keys(['example_branch_operator']) retrieved from /home/upm/.local/lib/python3.8/site-packages/airflow/example_dags/example_branch_operator.py
[2022-11-12 11:31:03,414] {logging_mixin.py:109} INFO - [2022-11-12 11:31:03,414] {dag.py:1834} INFO - Sync 1 DAGs
[2022-11-12 11:31:03,423] {logging_mixin.py:109} INFO - [2022-11-12 11:31:03,423] {dag.py:2287} INFO - Setting next_dagrun for example_branch_operator to 2022-11-10 00:00:00+00:00
[2022-11-12 11:31:03,432] {processor.py:170} INFO - Processing /home/upm/.local/lib/python3.8/site-packages/airflow/example_dags/example_branch_operator.py took 0.049 seconds
[2022-11-12 11:31:35,519] {processor.py:162} INFO - Started process (PID=86366) to work on /home/upm/.local/lib/python3.8/site-packages/airflow/example_dags/example_branch_operator.py
[2022-11-12 11:31:35,522] {processor.py:613} INFO - Processing file /home/upm/.local/lib/python3.8/site-packages/airflow/example_dags/example_branch_operator.py for tasks to queue
[2022-11-12 11:31:35,522] {logging_mixin.py:109} INFO - [2022-11-12 11:31:35,522] {dagbag.py:496} INFO - Filling up the DagBag from /home/upm/.local/lib/python3.8/site-packages/airflow/example_dags/example_branch_operator.py
[2022-11-12 11:31:35,534] {processor.py:623} INFO - DAG(s) dict_keys(['example_branch_operator']) retrieved from /home/upm/.local/lib/python3.8/site-packages/airflow/example_dags/example_branch_operator.py
[2022-11-12 11:31:35,547] {logging_mixin.py:109} INFO - [2022-11-12 11:31:35,547] {dag.py:1834} INFO - Sync 1 DAGs
[2022-11-12 11:31:35,556] {logging_mixin.py:109} INFO - [2022-11-12 11:31:35,556] {dag.py:2287} INFO - Setting next_dagrun for example_branch_operator to 2022-11-10 00:00:00+00:00
[2022-11-12 11:31:35,566] {processor.py:170} INFO - Processing /home/upm/.local/lib/python3.8/site-packages/airflow/example_dags/example_branch_operator.py took 0.049 seconds
[2022-11-12 11:32:07,968] {processor.py:162} INFO - Started process (PID=86643) to work on /home/upm/.local/lib/python3.8/site-packages/airflow/example_dags/example_branch_operator.py
[2022-11-12 11:32:07,969] {processor.py:613} INFO - Processing file /home/upm/.local/lib/python3.8/site-packages/airflow/example_dags/example_branch_operator.py for tasks to queue
[2022-11-12 11:32:07,970] {logging_mixin.py:109} INFO - [2022-11-12 11:32:07,970] {dagbag.py:496} INFO - Filling up the DagBag from /home/upm/.local/lib/python3.8/site-packages/airflow/example_dags/example_branch_operator.py
[2022-11-12 11:32:07,981] {processor.py:623} INFO - DAG(s) dict_keys(['example_branch_operator']) retrieved from /home/upm/.local/lib/python3.8/site-packages/airflow/example_dags/example_branch_operator.py
[2022-11-12 11:32:07,992] {logging_mixin.py:109} INFO - [2022-11-12 11:32:07,992] {dag.py:1834} INFO - Sync 1 DAGs
[2022-11-12 11:32:08,001] {logging_mixin.py:109} INFO - [2022-11-12 11:32:08,001] {dag.py:2287} INFO - Setting next_dagrun for example_branch_operator to 2022-11-10 00:00:00+00:00
[2022-11-12 11:32:08,011] {processor.py:170} INFO - Processing /home/upm/.local/lib/python3.8/site-packages/airflow/example_dags/example_branch_operator.py took 0.045 seconds
[2022-11-12 11:32:40,224] {processor.py:162} INFO - Started process (PID=86760) to work on /home/upm/.local/lib/python3.8/site-packages/airflow/example_dags/example_branch_operator.py
[2022-11-12 11:32:40,225] {processor.py:613} INFO - Processing file /home/upm/.local/lib/python3.8/site-packages/airflow/example_dags/example_branch_operator.py for tasks to queue
[2022-11-12 11:32:40,226] {logging_mixin.py:109} INFO - [2022-11-12 11:32:40,226] {dagbag.py:496} INFO - Filling up the DagBag from /home/upm/.local/lib/python3.8/site-packages/airflow/example_dags/example_branch_operator.py
[2022-11-12 11:32:40,238] {processor.py:623} INFO - DAG(s) dict_keys(['example_branch_operator']) retrieved from /home/upm/.local/lib/python3.8/site-packages/airflow/example_dags/example_branch_operator.py
[2022-11-12 11:32:40,249] {logging_mixin.py:109} INFO - [2022-11-12 11:32:40,249] {dag.py:1834} INFO - Sync 1 DAGs
[2022-11-12 11:32:40,258] {logging_mixin.py:109} INFO - [2022-11-12 11:32:40,258] {dag.py:2287} INFO - Setting next_dagrun for example_branch_operator to 2022-11-10 00:00:00+00:00
[2022-11-12 11:32:40,269] {processor.py:170} INFO - Processing /home/upm/.local/lib/python3.8/site-packages/airflow/example_dags/example_branch_operator.py took 0.046 seconds
