[2022-11-17 10:48:36,398] INFO Shutting down the log cleaner. (kafka.log.LogCleaner)
[2022-11-17 10:48:36,398] INFO [kafka-log-cleaner-thread-0]: Shutting down (kafka.log.LogCleaner)
[2022-11-17 10:48:36,399] INFO [kafka-log-cleaner-thread-0]: Stopped (kafka.log.LogCleaner)
[2022-11-17 10:48:36,399] INFO [kafka-log-cleaner-thread-0]: Shutdown completed (kafka.log.LogCleaner)
[2022-11-17 10:48:43,674] INFO Starting the log cleaner (kafka.log.LogCleaner)
[2022-11-17 10:48:43,729] INFO [kafka-log-cleaner-thread-0]: Starting (kafka.log.LogCleaner)
[2022-11-17 10:48:58,759] INFO Cleaner 0: Beginning cleaning of log __consumer_offsets-34. (kafka.log.LogCleaner)
[2022-11-17 10:48:58,759] INFO Cleaner 0: Building offset map for __consumer_offsets-34... (kafka.log.LogCleaner)
[2022-11-17 10:48:58,785] INFO Cleaner 0: Building offset map for log __consumer_offsets-34 for 1 segments in offset range [0, 3). (kafka.log.LogCleaner)
[2022-11-17 10:48:58,804] INFO Cleaner 0: Offset map for log __consumer_offsets-34 complete. (kafka.log.LogCleaner)
[2022-11-17 10:48:58,805] INFO Cleaner 0: Cleaning log __consumer_offsets-34 (cleaning prior to Wed Nov 09 15:58:38 CET 2022, discarding tombstones prior to Thu Jan 01 01:00:00 CET 1970)... (kafka.log.LogCleaner)
[2022-11-17 10:48:58,809] INFO Cleaner 0: Cleaning LogSegment(baseOffset=0, size=989, lastModifiedTime=1668005918692, largestRecordTimestamp=Some(1668005918696)) in log __consumer_offsets-34 into 0 with deletion horizon 0, retaining deletes. (kafka.log.LogCleaner)
[2022-11-17 10:48:58,817] INFO Cleaner 0: Swapping in cleaned segment LogSegment(baseOffset=0, size=149, lastModifiedTime=1668005918692, largestRecordTimestamp=Some(1668005918696)) for segment(s) List(LogSegment(baseOffset=0, size=989, lastModifiedTime=1668005918692, largestRecordTimestamp=Some(1668005918696))) in log Log(dir=/tmp/kafka-logs/__consumer_offsets-34, topicId=r96IUua3R3-IS6lPP44hTg, topic=__consumer_offsets, partition=34, highWatermark=4, lastStableOffset=4, logStartOffset=0, logEndOffset=4) (kafka.log.LogCleaner)
[2022-11-17 10:48:58,826] INFO [kafka-log-cleaner-thread-0]: 
	Log cleaner thread 0 cleaned log __consumer_offsets-34 (dirty section = [0, 3])
	0,0 MB of log processed in 0,1 seconds (0,0 MB/sec).
	Indexed 0,0 MB in 0,0 seconds (0,0 Mb/sec, 70,3% of total time)
	Buffer utilization: 0,0%
	Cleaned 0,0 MB in 0,0 seconds (0,0 Mb/sec, 29,7% of total time)
	Start size: 0,0 MB (3 messages)
	End size: 0,0 MB (1 messages)
	84,9% size reduction (66,7% fewer messages)
 (kafka.log.LogCleaner)
[2022-11-17 10:49:43,848] INFO Cleaner 0: Beginning cleaning of log __consumer_offsets-39. (kafka.log.LogCleaner)
[2022-11-17 10:49:43,848] INFO Cleaner 0: Building offset map for __consumer_offsets-39... (kafka.log.LogCleaner)
[2022-11-17 10:49:43,875] INFO Cleaner 0: Building offset map for log __consumer_offsets-39 for 1 segments in offset range [0, 4). (kafka.log.LogCleaner)
[2022-11-17 10:49:43,876] INFO Cleaner 0: Offset map for log __consumer_offsets-39 complete. (kafka.log.LogCleaner)
[2022-11-17 10:49:43,876] INFO Cleaner 0: Cleaning log __consumer_offsets-39 (cleaning prior to Mon Nov 14 21:31:41 CET 2022, discarding tombstones prior to Thu Jan 01 01:00:00 CET 1970)... (kafka.log.LogCleaner)
[2022-11-17 10:49:43,876] INFO Cleaner 0: Cleaning LogSegment(baseOffset=0, size=1435, lastModifiedTime=1668457901234, largestRecordTimestamp=Some(1668457901240)) in log __consumer_offsets-39 into 0 with deletion horizon 0, retaining deletes. (kafka.log.LogCleaner)
[2022-11-17 10:49:43,882] INFO Cleaner 0: Swapping in cleaned segment LogSegment(baseOffset=0, size=595, lastModifiedTime=1668457901234, largestRecordTimestamp=Some(1668457901240)) for segment(s) List(LogSegment(baseOffset=0, size=1435, lastModifiedTime=1668457901234, largestRecordTimestamp=Some(1668457901240))) in log Log(dir=/tmp/kafka-logs/__consumer_offsets-39, topicId=r96IUua3R3-IS6lPP44hTg, topic=__consumer_offsets, partition=39, highWatermark=5, lastStableOffset=5, logStartOffset=0, logEndOffset=5) (kafka.log.LogCleaner)
[2022-11-17 10:49:43,884] INFO [kafka-log-cleaner-thread-0]: 
	Log cleaner thread 0 cleaned log __consumer_offsets-39 (dirty section = [0, 4])
	0,0 MB of log processed in 0,0 seconds (0,0 MB/sec).
	Indexed 0,0 MB in 0,0 seconds (0,0 Mb/sec, 80,0% of total time)
	Buffer utilization: 0,0%
	Cleaned 0,0 MB in 0,0 seconds (0,2 Mb/sec, 20,0% of total time)
	Start size: 0,0 MB (4 messages)
	End size: 0,0 MB (2 messages)
	58,5% size reduction (50,0% fewer messages)
 (kafka.log.LogCleaner)
