[2022-11-12 11:06:28,704] {processor.py:162} INFO - Started process (PID=81903) to work on /home/upm/.local/lib/python3.8/site-packages/airflow/example_dags/subdags/subdag.py
[2022-11-12 11:06:28,705] {processor.py:613} INFO - Processing file /home/upm/.local/lib/python3.8/site-packages/airflow/example_dags/subdags/subdag.py for tasks to queue
[2022-11-12 11:06:28,705] {logging_mixin.py:109} INFO - [2022-11-12 11:06:28,705] {dagbag.py:496} INFO - Filling up the DagBag from /home/upm/.local/lib/python3.8/site-packages/airflow/example_dags/subdags/subdag.py
[2022-11-12 11:06:28,707] {processor.py:625} WARNING - No viable dags retrieved from /home/upm/.local/lib/python3.8/site-packages/airflow/example_dags/subdags/subdag.py
[2022-11-12 11:06:28,712] {processor.py:170} INFO - Processing /home/upm/.local/lib/python3.8/site-packages/airflow/example_dags/subdags/subdag.py took 0.010 seconds
[2022-11-12 11:07:01,086] {processor.py:162} INFO - Started process (PID=82019) to work on /home/upm/.local/lib/python3.8/site-packages/airflow/example_dags/subdags/subdag.py
[2022-11-12 11:07:01,088] {processor.py:613} INFO - Processing file /home/upm/.local/lib/python3.8/site-packages/airflow/example_dags/subdags/subdag.py for tasks to queue
[2022-11-12 11:07:01,089] {logging_mixin.py:109} INFO - [2022-11-12 11:07:01,088] {dagbag.py:496} INFO - Filling up the DagBag from /home/upm/.local/lib/python3.8/site-packages/airflow/example_dags/subdags/subdag.py
[2022-11-12 11:07:01,093] {processor.py:625} WARNING - No viable dags retrieved from /home/upm/.local/lib/python3.8/site-packages/airflow/example_dags/subdags/subdag.py
[2022-11-12 11:07:01,102] {processor.py:170} INFO - Processing /home/upm/.local/lib/python3.8/site-packages/airflow/example_dags/subdags/subdag.py took 0.020 seconds
[2022-11-12 11:07:33,507] {processor.py:162} INFO - Started process (PID=82127) to work on /home/upm/.local/lib/python3.8/site-packages/airflow/example_dags/subdags/subdag.py
[2022-11-12 11:07:33,508] {processor.py:613} INFO - Processing file /home/upm/.local/lib/python3.8/site-packages/airflow/example_dags/subdags/subdag.py for tasks to queue
[2022-11-12 11:07:33,509] {logging_mixin.py:109} INFO - [2022-11-12 11:07:33,508] {dagbag.py:496} INFO - Filling up the DagBag from /home/upm/.local/lib/python3.8/site-packages/airflow/example_dags/subdags/subdag.py
[2022-11-12 11:07:33,511] {processor.py:625} WARNING - No viable dags retrieved from /home/upm/.local/lib/python3.8/site-packages/airflow/example_dags/subdags/subdag.py
[2022-11-12 11:07:33,516] {processor.py:170} INFO - Processing /home/upm/.local/lib/python3.8/site-packages/airflow/example_dags/subdags/subdag.py took 0.011 seconds
[2022-11-12 11:10:47,932] {processor.py:162} INFO - Started process (PID=82385) to work on /home/upm/.local/lib/python3.8/site-packages/airflow/example_dags/subdags/subdag.py
[2022-11-12 11:10:47,933] {processor.py:613} INFO - Processing file /home/upm/.local/lib/python3.8/site-packages/airflow/example_dags/subdags/subdag.py for tasks to queue
[2022-11-12 11:10:47,933] {logging_mixin.py:109} INFO - [2022-11-12 11:10:47,933] {dagbag.py:496} INFO - Filling up the DagBag from /home/upm/.local/lib/python3.8/site-packages/airflow/example_dags/subdags/subdag.py
[2022-11-12 11:10:47,935] {processor.py:625} WARNING - No viable dags retrieved from /home/upm/.local/lib/python3.8/site-packages/airflow/example_dags/subdags/subdag.py
[2022-11-12 11:10:47,940] {processor.py:170} INFO - Processing /home/upm/.local/lib/python3.8/site-packages/airflow/example_dags/subdags/subdag.py took 0.011 seconds
[2022-11-12 11:11:20,146] {processor.py:162} INFO - Started process (PID=82490) to work on /home/upm/.local/lib/python3.8/site-packages/airflow/example_dags/subdags/subdag.py
[2022-11-12 11:11:20,147] {processor.py:613} INFO - Processing file /home/upm/.local/lib/python3.8/site-packages/airflow/example_dags/subdags/subdag.py for tasks to queue
[2022-11-12 11:11:20,148] {logging_mixin.py:109} INFO - [2022-11-12 11:11:20,148] {dagbag.py:496} INFO - Filling up the DagBag from /home/upm/.local/lib/python3.8/site-packages/airflow/example_dags/subdags/subdag.py
[2022-11-12 11:11:20,150] {processor.py:625} WARNING - No viable dags retrieved from /home/upm/.local/lib/python3.8/site-packages/airflow/example_dags/subdags/subdag.py
[2022-11-12 11:11:20,157] {processor.py:170} INFO - Processing /home/upm/.local/lib/python3.8/site-packages/airflow/example_dags/subdags/subdag.py took 0.013 seconds
[2022-11-12 11:11:51,371] {processor.py:162} INFO - Started process (PID=82604) to work on /home/upm/.local/lib/python3.8/site-packages/airflow/example_dags/subdags/subdag.py
[2022-11-12 11:11:51,372] {processor.py:613} INFO - Processing file /home/upm/.local/lib/python3.8/site-packages/airflow/example_dags/subdags/subdag.py for tasks to queue
[2022-11-12 11:11:51,373] {logging_mixin.py:109} INFO - [2022-11-12 11:11:51,373] {dagbag.py:496} INFO - Filling up the DagBag from /home/upm/.local/lib/python3.8/site-packages/airflow/example_dags/subdags/subdag.py
[2022-11-12 11:11:51,377] {processor.py:625} WARNING - No viable dags retrieved from /home/upm/.local/lib/python3.8/site-packages/airflow/example_dags/subdags/subdag.py
[2022-11-12 11:11:51,385] {processor.py:170} INFO - Processing /home/upm/.local/lib/python3.8/site-packages/airflow/example_dags/subdags/subdag.py took 0.018 seconds
[2022-11-12 11:12:23,794] {processor.py:162} INFO - Started process (PID=82703) to work on /home/upm/.local/lib/python3.8/site-packages/airflow/example_dags/subdags/subdag.py
[2022-11-12 11:12:23,795] {processor.py:613} INFO - Processing file /home/upm/.local/lib/python3.8/site-packages/airflow/example_dags/subdags/subdag.py for tasks to queue
[2022-11-12 11:12:23,796] {logging_mixin.py:109} INFO - [2022-11-12 11:12:23,795] {dagbag.py:496} INFO - Filling up the DagBag from /home/upm/.local/lib/python3.8/site-packages/airflow/example_dags/subdags/subdag.py
[2022-11-12 11:12:23,798] {processor.py:625} WARNING - No viable dags retrieved from /home/upm/.local/lib/python3.8/site-packages/airflow/example_dags/subdags/subdag.py
[2022-11-12 11:12:23,803] {processor.py:170} INFO - Processing /home/upm/.local/lib/python3.8/site-packages/airflow/example_dags/subdags/subdag.py took 0.011 seconds
[2022-11-12 11:13:31,526] {processor.py:162} INFO - Started process (PID=82894) to work on /home/upm/.local/lib/python3.8/site-packages/airflow/example_dags/subdags/subdag.py
[2022-11-12 11:13:31,527] {processor.py:613} INFO - Processing file /home/upm/.local/lib/python3.8/site-packages/airflow/example_dags/subdags/subdag.py for tasks to queue
[2022-11-12 11:13:31,528] {logging_mixin.py:109} INFO - [2022-11-12 11:13:31,528] {dagbag.py:496} INFO - Filling up the DagBag from /home/upm/.local/lib/python3.8/site-packages/airflow/example_dags/subdags/subdag.py
[2022-11-12 11:13:31,530] {processor.py:625} WARNING - No viable dags retrieved from /home/upm/.local/lib/python3.8/site-packages/airflow/example_dags/subdags/subdag.py
[2022-11-12 11:13:31,535] {processor.py:170} INFO - Processing /home/upm/.local/lib/python3.8/site-packages/airflow/example_dags/subdags/subdag.py took 0.012 seconds
[2022-11-12 11:14:03,971] {processor.py:162} INFO - Started process (PID=83003) to work on /home/upm/.local/lib/python3.8/site-packages/airflow/example_dags/subdags/subdag.py
[2022-11-12 11:14:03,972] {processor.py:613} INFO - Processing file /home/upm/.local/lib/python3.8/site-packages/airflow/example_dags/subdags/subdag.py for tasks to queue
[2022-11-12 11:14:03,972] {logging_mixin.py:109} INFO - [2022-11-12 11:14:03,972] {dagbag.py:496} INFO - Filling up the DagBag from /home/upm/.local/lib/python3.8/site-packages/airflow/example_dags/subdags/subdag.py
[2022-11-12 11:14:03,974] {processor.py:625} WARNING - No viable dags retrieved from /home/upm/.local/lib/python3.8/site-packages/airflow/example_dags/subdags/subdag.py
[2022-11-12 11:14:03,979] {processor.py:170} INFO - Processing /home/upm/.local/lib/python3.8/site-packages/airflow/example_dags/subdags/subdag.py took 0.010 seconds
[2022-11-12 11:14:35,299] {processor.py:162} INFO - Started process (PID=83220) to work on /home/upm/.local/lib/python3.8/site-packages/airflow/example_dags/subdags/subdag.py
[2022-11-12 11:14:35,301] {processor.py:613} INFO - Processing file /home/upm/.local/lib/python3.8/site-packages/airflow/example_dags/subdags/subdag.py for tasks to queue
[2022-11-12 11:14:35,301] {logging_mixin.py:109} INFO - [2022-11-12 11:14:35,301] {dagbag.py:496} INFO - Filling up the DagBag from /home/upm/.local/lib/python3.8/site-packages/airflow/example_dags/subdags/subdag.py
[2022-11-12 11:14:35,303] {processor.py:625} WARNING - No viable dags retrieved from /home/upm/.local/lib/python3.8/site-packages/airflow/example_dags/subdags/subdag.py
[2022-11-12 11:14:35,309] {processor.py:170} INFO - Processing /home/upm/.local/lib/python3.8/site-packages/airflow/example_dags/subdags/subdag.py took 0.012 seconds
[2022-11-12 11:16:59,884] {processor.py:162} INFO - Started process (PID=83547) to work on /home/upm/.local/lib/python3.8/site-packages/airflow/example_dags/subdags/subdag.py
[2022-11-12 11:16:59,887] {processor.py:613} INFO - Processing file /home/upm/.local/lib/python3.8/site-packages/airflow/example_dags/subdags/subdag.py for tasks to queue
[2022-11-12 11:16:59,888] {logging_mixin.py:109} INFO - [2022-11-12 11:16:59,887] {dagbag.py:496} INFO - Filling up the DagBag from /home/upm/.local/lib/python3.8/site-packages/airflow/example_dags/subdags/subdag.py
[2022-11-12 11:16:59,890] {processor.py:625} WARNING - No viable dags retrieved from /home/upm/.local/lib/python3.8/site-packages/airflow/example_dags/subdags/subdag.py
[2022-11-12 11:16:59,896] {processor.py:170} INFO - Processing /home/upm/.local/lib/python3.8/site-packages/airflow/example_dags/subdags/subdag.py took 0.014 seconds
[2022-11-12 11:17:32,116] {processor.py:162} INFO - Started process (PID=83657) to work on /home/upm/.local/lib/python3.8/site-packages/airflow/example_dags/subdags/subdag.py
[2022-11-12 11:17:32,117] {processor.py:613} INFO - Processing file /home/upm/.local/lib/python3.8/site-packages/airflow/example_dags/subdags/subdag.py for tasks to queue
[2022-11-12 11:17:32,118] {logging_mixin.py:109} INFO - [2022-11-12 11:17:32,118] {dagbag.py:496} INFO - Filling up the DagBag from /home/upm/.local/lib/python3.8/site-packages/airflow/example_dags/subdags/subdag.py
[2022-11-12 11:17:32,120] {processor.py:625} WARNING - No viable dags retrieved from /home/upm/.local/lib/python3.8/site-packages/airflow/example_dags/subdags/subdag.py
[2022-11-12 11:17:32,125] {processor.py:170} INFO - Processing /home/upm/.local/lib/python3.8/site-packages/airflow/example_dags/subdags/subdag.py took 0.011 seconds
[2022-11-12 11:18:03,236] {processor.py:162} INFO - Started process (PID=83791) to work on /home/upm/.local/lib/python3.8/site-packages/airflow/example_dags/subdags/subdag.py
[2022-11-12 11:18:03,237] {processor.py:613} INFO - Processing file /home/upm/.local/lib/python3.8/site-packages/airflow/example_dags/subdags/subdag.py for tasks to queue
[2022-11-12 11:18:03,238] {logging_mixin.py:109} INFO - [2022-11-12 11:18:03,238] {dagbag.py:496} INFO - Filling up the DagBag from /home/upm/.local/lib/python3.8/site-packages/airflow/example_dags/subdags/subdag.py
[2022-11-12 11:18:03,240] {processor.py:625} WARNING - No viable dags retrieved from /home/upm/.local/lib/python3.8/site-packages/airflow/example_dags/subdags/subdag.py
[2022-11-12 11:18:03,245] {processor.py:170} INFO - Processing /home/upm/.local/lib/python3.8/site-packages/airflow/example_dags/subdags/subdag.py took 0.012 seconds
[2022-11-12 11:18:36,125] {processor.py:162} INFO - Started process (PID=83903) to work on /home/upm/.local/lib/python3.8/site-packages/airflow/example_dags/subdags/subdag.py
[2022-11-12 11:18:36,126] {processor.py:613} INFO - Processing file /home/upm/.local/lib/python3.8/site-packages/airflow/example_dags/subdags/subdag.py for tasks to queue
[2022-11-12 11:18:36,127] {logging_mixin.py:109} INFO - [2022-11-12 11:18:36,127] {dagbag.py:496} INFO - Filling up the DagBag from /home/upm/.local/lib/python3.8/site-packages/airflow/example_dags/subdags/subdag.py
[2022-11-12 11:18:36,130] {processor.py:625} WARNING - No viable dags retrieved from /home/upm/.local/lib/python3.8/site-packages/airflow/example_dags/subdags/subdag.py
[2022-11-12 11:18:36,138] {processor.py:170} INFO - Processing /home/upm/.local/lib/python3.8/site-packages/airflow/example_dags/subdags/subdag.py took 0.016 seconds
[2022-11-12 11:19:08,814] {processor.py:162} INFO - Started process (PID=84076) to work on /home/upm/.local/lib/python3.8/site-packages/airflow/example_dags/subdags/subdag.py
[2022-11-12 11:19:08,815] {processor.py:613} INFO - Processing file /home/upm/.local/lib/python3.8/site-packages/airflow/example_dags/subdags/subdag.py for tasks to queue
[2022-11-12 11:19:08,816] {logging_mixin.py:109} INFO - [2022-11-12 11:19:08,816] {dagbag.py:496} INFO - Filling up the DagBag from /home/upm/.local/lib/python3.8/site-packages/airflow/example_dags/subdags/subdag.py
[2022-11-12 11:19:08,818] {processor.py:625} WARNING - No viable dags retrieved from /home/upm/.local/lib/python3.8/site-packages/airflow/example_dags/subdags/subdag.py
[2022-11-12 11:19:08,824] {processor.py:170} INFO - Processing /home/upm/.local/lib/python3.8/site-packages/airflow/example_dags/subdags/subdag.py took 0.013 seconds
[2022-11-12 11:21:29,730] {processor.py:162} INFO - Started process (PID=84371) to work on /home/upm/.local/lib/python3.8/site-packages/airflow/example_dags/subdags/subdag.py
[2022-11-12 11:21:29,732] {processor.py:613} INFO - Processing file /home/upm/.local/lib/python3.8/site-packages/airflow/example_dags/subdags/subdag.py for tasks to queue
[2022-11-12 11:21:29,732] {logging_mixin.py:109} INFO - [2022-11-12 11:21:29,732] {dagbag.py:496} INFO - Filling up the DagBag from /home/upm/.local/lib/python3.8/site-packages/airflow/example_dags/subdags/subdag.py
[2022-11-12 11:21:29,734] {processor.py:625} WARNING - No viable dags retrieved from /home/upm/.local/lib/python3.8/site-packages/airflow/example_dags/subdags/subdag.py
[2022-11-12 11:21:29,740] {processor.py:170} INFO - Processing /home/upm/.local/lib/python3.8/site-packages/airflow/example_dags/subdags/subdag.py took 0.013 seconds
[2022-11-12 11:22:02,083] {processor.py:162} INFO - Started process (PID=84473) to work on /home/upm/.local/lib/python3.8/site-packages/airflow/example_dags/subdags/subdag.py
[2022-11-12 11:22:02,085] {processor.py:613} INFO - Processing file /home/upm/.local/lib/python3.8/site-packages/airflow/example_dags/subdags/subdag.py for tasks to queue
[2022-11-12 11:22:02,085] {logging_mixin.py:109} INFO - [2022-11-12 11:22:02,085] {dagbag.py:496} INFO - Filling up the DagBag from /home/upm/.local/lib/python3.8/site-packages/airflow/example_dags/subdags/subdag.py
[2022-11-12 11:22:02,088] {processor.py:625} WARNING - No viable dags retrieved from /home/upm/.local/lib/python3.8/site-packages/airflow/example_dags/subdags/subdag.py
[2022-11-12 11:22:02,095] {processor.py:170} INFO - Processing /home/upm/.local/lib/python3.8/site-packages/airflow/example_dags/subdags/subdag.py took 0.020 seconds
[2022-11-12 11:22:33,187] {processor.py:162} INFO - Started process (PID=84581) to work on /home/upm/.local/lib/python3.8/site-packages/airflow/example_dags/subdags/subdag.py
[2022-11-12 11:22:33,189] {processor.py:613} INFO - Processing file /home/upm/.local/lib/python3.8/site-packages/airflow/example_dags/subdags/subdag.py for tasks to queue
[2022-11-12 11:22:33,190] {logging_mixin.py:109} INFO - [2022-11-12 11:22:33,190] {dagbag.py:496} INFO - Filling up the DagBag from /home/upm/.local/lib/python3.8/site-packages/airflow/example_dags/subdags/subdag.py
[2022-11-12 11:22:33,192] {processor.py:625} WARNING - No viable dags retrieved from /home/upm/.local/lib/python3.8/site-packages/airflow/example_dags/subdags/subdag.py
[2022-11-12 11:22:33,197] {processor.py:170} INFO - Processing /home/upm/.local/lib/python3.8/site-packages/airflow/example_dags/subdags/subdag.py took 0.012 seconds
[2022-11-12 11:27:21,299] {processor.py:162} INFO - Started process (PID=85215) to work on /home/upm/.local/lib/python3.8/site-packages/airflow/example_dags/subdags/subdag.py
[2022-11-12 11:27:21,301] {processor.py:613} INFO - Processing file /home/upm/.local/lib/python3.8/site-packages/airflow/example_dags/subdags/subdag.py for tasks to queue
[2022-11-12 11:27:21,302] {logging_mixin.py:109} INFO - [2022-11-12 11:27:21,302] {dagbag.py:496} INFO - Filling up the DagBag from /home/upm/.local/lib/python3.8/site-packages/airflow/example_dags/subdags/subdag.py
[2022-11-12 11:27:21,304] {processor.py:625} WARNING - No viable dags retrieved from /home/upm/.local/lib/python3.8/site-packages/airflow/example_dags/subdags/subdag.py
[2022-11-12 11:27:21,310] {processor.py:170} INFO - Processing /home/upm/.local/lib/python3.8/site-packages/airflow/example_dags/subdags/subdag.py took 0.013 seconds
[2022-11-12 11:27:53,584] {processor.py:162} INFO - Started process (PID=85410) to work on /home/upm/.local/lib/python3.8/site-packages/airflow/example_dags/subdags/subdag.py
[2022-11-12 11:27:53,585] {processor.py:613} INFO - Processing file /home/upm/.local/lib/python3.8/site-packages/airflow/example_dags/subdags/subdag.py for tasks to queue
[2022-11-12 11:27:53,585] {logging_mixin.py:109} INFO - [2022-11-12 11:27:53,585] {dagbag.py:496} INFO - Filling up the DagBag from /home/upm/.local/lib/python3.8/site-packages/airflow/example_dags/subdags/subdag.py
[2022-11-12 11:27:53,587] {processor.py:625} WARNING - No viable dags retrieved from /home/upm/.local/lib/python3.8/site-packages/airflow/example_dags/subdags/subdag.py
[2022-11-12 11:27:53,593] {processor.py:170} INFO - Processing /home/upm/.local/lib/python3.8/site-packages/airflow/example_dags/subdags/subdag.py took 0.011 seconds
[2022-11-12 11:28:24,723] {processor.py:162} INFO - Started process (PID=85650) to work on /home/upm/.local/lib/python3.8/site-packages/airflow/example_dags/subdags/subdag.py
[2022-11-12 11:28:24,725] {processor.py:613} INFO - Processing file /home/upm/.local/lib/python3.8/site-packages/airflow/example_dags/subdags/subdag.py for tasks to queue
[2022-11-12 11:28:24,726] {logging_mixin.py:109} INFO - [2022-11-12 11:28:24,726] {dagbag.py:496} INFO - Filling up the DagBag from /home/upm/.local/lib/python3.8/site-packages/airflow/example_dags/subdags/subdag.py
[2022-11-12 11:28:24,729] {processor.py:625} WARNING - No viable dags retrieved from /home/upm/.local/lib/python3.8/site-packages/airflow/example_dags/subdags/subdag.py
[2022-11-12 11:28:24,736] {processor.py:170} INFO - Processing /home/upm/.local/lib/python3.8/site-packages/airflow/example_dags/subdags/subdag.py took 0.017 seconds
[2022-11-12 11:29:27,166] {processor.py:162} INFO - Started process (PID=85802) to work on /home/upm/.local/lib/python3.8/site-packages/airflow/example_dags/subdags/subdag.py
[2022-11-12 11:29:27,168] {processor.py:613} INFO - Processing file /home/upm/.local/lib/python3.8/site-packages/airflow/example_dags/subdags/subdag.py for tasks to queue
[2022-11-12 11:29:27,169] {logging_mixin.py:109} INFO - [2022-11-12 11:29:27,169] {dagbag.py:496} INFO - Filling up the DagBag from /home/upm/.local/lib/python3.8/site-packages/airflow/example_dags/subdags/subdag.py
[2022-11-12 11:29:27,171] {processor.py:625} WARNING - No viable dags retrieved from /home/upm/.local/lib/python3.8/site-packages/airflow/example_dags/subdags/subdag.py
[2022-11-12 11:29:27,177] {processor.py:170} INFO - Processing /home/upm/.local/lib/python3.8/site-packages/airflow/example_dags/subdags/subdag.py took 0.013 seconds
[2022-11-12 11:29:59,451] {processor.py:162} INFO - Started process (PID=85904) to work on /home/upm/.local/lib/python3.8/site-packages/airflow/example_dags/subdags/subdag.py
[2022-11-12 11:29:59,453] {processor.py:613} INFO - Processing file /home/upm/.local/lib/python3.8/site-packages/airflow/example_dags/subdags/subdag.py for tasks to queue
[2022-11-12 11:29:59,453] {logging_mixin.py:109} INFO - [2022-11-12 11:29:59,453] {dagbag.py:496} INFO - Filling up the DagBag from /home/upm/.local/lib/python3.8/site-packages/airflow/example_dags/subdags/subdag.py
[2022-11-12 11:29:59,456] {processor.py:625} WARNING - No viable dags retrieved from /home/upm/.local/lib/python3.8/site-packages/airflow/example_dags/subdags/subdag.py
[2022-11-12 11:29:59,462] {processor.py:170} INFO - Processing /home/upm/.local/lib/python3.8/site-packages/airflow/example_dags/subdags/subdag.py took 0.013 seconds
[2022-11-12 11:30:30,525] {processor.py:162} INFO - Started process (PID=86124) to work on /home/upm/.local/lib/python3.8/site-packages/airflow/example_dags/subdags/subdag.py
[2022-11-12 11:30:30,528] {processor.py:613} INFO - Processing file /home/upm/.local/lib/python3.8/site-packages/airflow/example_dags/subdags/subdag.py for tasks to queue
[2022-11-12 11:30:30,528] {logging_mixin.py:109} INFO - [2022-11-12 11:30:30,528] {dagbag.py:496} INFO - Filling up the DagBag from /home/upm/.local/lib/python3.8/site-packages/airflow/example_dags/subdags/subdag.py
[2022-11-12 11:30:30,530] {processor.py:625} WARNING - No viable dags retrieved from /home/upm/.local/lib/python3.8/site-packages/airflow/example_dags/subdags/subdag.py
[2022-11-12 11:30:30,536] {processor.py:170} INFO - Processing /home/upm/.local/lib/python3.8/site-packages/airflow/example_dags/subdags/subdag.py took 0.013 seconds
[2022-11-12 11:31:03,002] {processor.py:162} INFO - Started process (PID=86242) to work on /home/upm/.local/lib/python3.8/site-packages/airflow/example_dags/subdags/subdag.py
[2022-11-12 11:31:03,003] {processor.py:613} INFO - Processing file /home/upm/.local/lib/python3.8/site-packages/airflow/example_dags/subdags/subdag.py for tasks to queue
[2022-11-12 11:31:03,003] {logging_mixin.py:109} INFO - [2022-11-12 11:31:03,003] {dagbag.py:496} INFO - Filling up the DagBag from /home/upm/.local/lib/python3.8/site-packages/airflow/example_dags/subdags/subdag.py
[2022-11-12 11:31:03,006] {processor.py:625} WARNING - No viable dags retrieved from /home/upm/.local/lib/python3.8/site-packages/airflow/example_dags/subdags/subdag.py
[2022-11-12 11:31:03,012] {processor.py:170} INFO - Processing /home/upm/.local/lib/python3.8/site-packages/airflow/example_dags/subdags/subdag.py took 0.012 seconds
[2022-11-12 11:31:34,337] {processor.py:162} INFO - Started process (PID=86364) to work on /home/upm/.local/lib/python3.8/site-packages/airflow/example_dags/subdags/subdag.py
[2022-11-12 11:31:34,339] {processor.py:613} INFO - Processing file /home/upm/.local/lib/python3.8/site-packages/airflow/example_dags/subdags/subdag.py for tasks to queue
[2022-11-12 11:31:34,340] {logging_mixin.py:109} INFO - [2022-11-12 11:31:34,340] {dagbag.py:496} INFO - Filling up the DagBag from /home/upm/.local/lib/python3.8/site-packages/airflow/example_dags/subdags/subdag.py
[2022-11-12 11:31:34,343] {processor.py:625} WARNING - No viable dags retrieved from /home/upm/.local/lib/python3.8/site-packages/airflow/example_dags/subdags/subdag.py
[2022-11-12 11:31:34,350] {processor.py:170} INFO - Processing /home/upm/.local/lib/python3.8/site-packages/airflow/example_dags/subdags/subdag.py took 0.017 seconds
[2022-11-12 11:32:06,809] {processor.py:162} INFO - Started process (PID=86641) to work on /home/upm/.local/lib/python3.8/site-packages/airflow/example_dags/subdags/subdag.py
[2022-11-12 11:32:06,810] {processor.py:613} INFO - Processing file /home/upm/.local/lib/python3.8/site-packages/airflow/example_dags/subdags/subdag.py for tasks to queue
[2022-11-12 11:32:06,811] {logging_mixin.py:109} INFO - [2022-11-12 11:32:06,811] {dagbag.py:496} INFO - Filling up the DagBag from /home/upm/.local/lib/python3.8/site-packages/airflow/example_dags/subdags/subdag.py
[2022-11-12 11:32:06,813] {processor.py:625} WARNING - No viable dags retrieved from /home/upm/.local/lib/python3.8/site-packages/airflow/example_dags/subdags/subdag.py
[2022-11-12 11:32:06,818] {processor.py:170} INFO - Processing /home/upm/.local/lib/python3.8/site-packages/airflow/example_dags/subdags/subdag.py took 0.011 seconds
[2022-11-12 11:32:39,085] {processor.py:162} INFO - Started process (PID=86758) to work on /home/upm/.local/lib/python3.8/site-packages/airflow/example_dags/subdags/subdag.py
[2022-11-12 11:32:39,089] {processor.py:613} INFO - Processing file /home/upm/.local/lib/python3.8/site-packages/airflow/example_dags/subdags/subdag.py for tasks to queue
[2022-11-12 11:32:39,090] {logging_mixin.py:109} INFO - [2022-11-12 11:32:39,090] {dagbag.py:496} INFO - Filling up the DagBag from /home/upm/.local/lib/python3.8/site-packages/airflow/example_dags/subdags/subdag.py
[2022-11-12 11:32:39,095] {processor.py:625} WARNING - No viable dags retrieved from /home/upm/.local/lib/python3.8/site-packages/airflow/example_dags/subdags/subdag.py
[2022-11-12 11:32:39,104] {processor.py:170} INFO - Processing /home/upm/.local/lib/python3.8/site-packages/airflow/example_dags/subdags/subdag.py took 0.024 seconds
