[2022-11-12 11:06:41,068] {processor.py:162} INFO - Started process (PID=81940) to work on /home/upm/.local/lib/python3.8/site-packages/airflow/example_dags/example_kubernetes_executor.py
[2022-11-12 11:06:41,069] {processor.py:613} INFO - Processing file /home/upm/.local/lib/python3.8/site-packages/airflow/example_dags/example_kubernetes_executor.py for tasks to queue
[2022-11-12 11:06:41,070] {logging_mixin.py:109} INFO - [2022-11-12 11:06:41,070] {dagbag.py:496} INFO - Filling up the DagBag from /home/upm/.local/lib/python3.8/site-packages/airflow/example_dags/example_kubernetes_executor.py
[2022-11-12 11:06:41,081] {processor.py:623} INFO - DAG(s) dict_keys(['example_kubernetes_executor']) retrieved from /home/upm/.local/lib/python3.8/site-packages/airflow/example_dags/example_kubernetes_executor.py
[2022-11-12 11:06:41,096] {logging_mixin.py:109} INFO - [2022-11-12 11:06:41,096] {dag.py:1834} INFO - Sync 1 DAGs
[2022-11-12 11:06:41,104] {logging_mixin.py:109} INFO - [2022-11-12 11:06:41,104] {dag.py:2287} INFO - Setting next_dagrun for example_kubernetes_executor to None
[2022-11-12 11:06:41,118] {processor.py:170} INFO - Processing /home/upm/.local/lib/python3.8/site-packages/airflow/example_dags/example_kubernetes_executor.py took 0.054 seconds
[2022-11-12 11:07:13,093] {processor.py:162} INFO - Started process (PID=82059) to work on /home/upm/.local/lib/python3.8/site-packages/airflow/example_dags/example_kubernetes_executor.py
[2022-11-12 11:07:13,094] {processor.py:613} INFO - Processing file /home/upm/.local/lib/python3.8/site-packages/airflow/example_dags/example_kubernetes_executor.py for tasks to queue
[2022-11-12 11:07:13,094] {logging_mixin.py:109} INFO - [2022-11-12 11:07:13,094] {dagbag.py:496} INFO - Filling up the DagBag from /home/upm/.local/lib/python3.8/site-packages/airflow/example_dags/example_kubernetes_executor.py
[2022-11-12 11:07:13,103] {processor.py:623} INFO - DAG(s) dict_keys(['example_kubernetes_executor']) retrieved from /home/upm/.local/lib/python3.8/site-packages/airflow/example_dags/example_kubernetes_executor.py
[2022-11-12 11:07:13,116] {logging_mixin.py:109} INFO - [2022-11-12 11:07:13,116] {dag.py:1834} INFO - Sync 1 DAGs
[2022-11-12 11:07:13,123] {logging_mixin.py:109} INFO - [2022-11-12 11:07:13,123] {dag.py:2287} INFO - Setting next_dagrun for example_kubernetes_executor to None
[2022-11-12 11:07:13,134] {processor.py:170} INFO - Processing /home/upm/.local/lib/python3.8/site-packages/airflow/example_dags/example_kubernetes_executor.py took 0.043 seconds
[2022-11-12 11:07:45,231] {processor.py:162} INFO - Started process (PID=82193) to work on /home/upm/.local/lib/python3.8/site-packages/airflow/example_dags/example_kubernetes_executor.py
[2022-11-12 11:07:45,233] {processor.py:613} INFO - Processing file /home/upm/.local/lib/python3.8/site-packages/airflow/example_dags/example_kubernetes_executor.py for tasks to queue
[2022-11-12 11:07:45,234] {logging_mixin.py:109} INFO - [2022-11-12 11:07:45,234] {dagbag.py:496} INFO - Filling up the DagBag from /home/upm/.local/lib/python3.8/site-packages/airflow/example_dags/example_kubernetes_executor.py
[2022-11-12 11:07:45,247] {processor.py:623} INFO - DAG(s) dict_keys(['example_kubernetes_executor']) retrieved from /home/upm/.local/lib/python3.8/site-packages/airflow/example_dags/example_kubernetes_executor.py
[2022-11-12 11:07:45,257] {logging_mixin.py:109} INFO - [2022-11-12 11:07:45,257] {dag.py:1834} INFO - Sync 1 DAGs
[2022-11-12 11:07:45,264] {logging_mixin.py:109} INFO - [2022-11-12 11:07:45,264] {dag.py:2287} INFO - Setting next_dagrun for example_kubernetes_executor to None
[2022-11-12 11:07:45,273] {processor.py:170} INFO - Processing /home/upm/.local/lib/python3.8/site-packages/airflow/example_dags/example_kubernetes_executor.py took 0.047 seconds
[2022-11-12 11:11:00,477] {processor.py:162} INFO - Started process (PID=82426) to work on /home/upm/.local/lib/python3.8/site-packages/airflow/example_dags/example_kubernetes_executor.py
[2022-11-12 11:11:00,479] {processor.py:613} INFO - Processing file /home/upm/.local/lib/python3.8/site-packages/airflow/example_dags/example_kubernetes_executor.py for tasks to queue
[2022-11-12 11:11:00,480] {logging_mixin.py:109} INFO - [2022-11-12 11:11:00,480] {dagbag.py:496} INFO - Filling up the DagBag from /home/upm/.local/lib/python3.8/site-packages/airflow/example_dags/example_kubernetes_executor.py
[2022-11-12 11:11:00,488] {processor.py:623} INFO - DAG(s) dict_keys(['example_kubernetes_executor']) retrieved from /home/upm/.local/lib/python3.8/site-packages/airflow/example_dags/example_kubernetes_executor.py
[2022-11-12 11:11:00,501] {logging_mixin.py:109} INFO - [2022-11-12 11:11:00,500] {dag.py:1834} INFO - Sync 1 DAGs
[2022-11-12 11:11:00,507] {logging_mixin.py:109} INFO - [2022-11-12 11:11:00,507] {dag.py:2287} INFO - Setting next_dagrun for example_kubernetes_executor to None
[2022-11-12 11:11:00,518] {processor.py:170} INFO - Processing /home/upm/.local/lib/python3.8/site-packages/airflow/example_dags/example_kubernetes_executor.py took 0.043 seconds
[2022-11-12 11:11:31,955] {processor.py:162} INFO - Started process (PID=82542) to work on /home/upm/.local/lib/python3.8/site-packages/airflow/example_dags/example_kubernetes_executor.py
[2022-11-12 11:11:31,956] {processor.py:613} INFO - Processing file /home/upm/.local/lib/python3.8/site-packages/airflow/example_dags/example_kubernetes_executor.py for tasks to queue
[2022-11-12 11:11:31,956] {logging_mixin.py:109} INFO - [2022-11-12 11:11:31,956] {dagbag.py:496} INFO - Filling up the DagBag from /home/upm/.local/lib/python3.8/site-packages/airflow/example_dags/example_kubernetes_executor.py
[2022-11-12 11:11:31,964] {processor.py:623} INFO - DAG(s) dict_keys(['example_kubernetes_executor']) retrieved from /home/upm/.local/lib/python3.8/site-packages/airflow/example_dags/example_kubernetes_executor.py
[2022-11-12 11:11:31,975] {logging_mixin.py:109} INFO - [2022-11-12 11:11:31,975] {dag.py:1834} INFO - Sync 1 DAGs
[2022-11-12 11:11:31,981] {logging_mixin.py:109} INFO - [2022-11-12 11:11:31,981] {dag.py:2287} INFO - Setting next_dagrun for example_kubernetes_executor to None
[2022-11-12 11:11:31,992] {processor.py:170} INFO - Processing /home/upm/.local/lib/python3.8/site-packages/airflow/example_dags/example_kubernetes_executor.py took 0.039 seconds
[2022-11-12 11:12:03,392] {processor.py:162} INFO - Started process (PID=82642) to work on /home/upm/.local/lib/python3.8/site-packages/airflow/example_dags/example_kubernetes_executor.py
[2022-11-12 11:12:03,394] {processor.py:613} INFO - Processing file /home/upm/.local/lib/python3.8/site-packages/airflow/example_dags/example_kubernetes_executor.py for tasks to queue
[2022-11-12 11:12:03,394] {logging_mixin.py:109} INFO - [2022-11-12 11:12:03,394] {dagbag.py:496} INFO - Filling up the DagBag from /home/upm/.local/lib/python3.8/site-packages/airflow/example_dags/example_kubernetes_executor.py
[2022-11-12 11:12:03,405] {processor.py:623} INFO - DAG(s) dict_keys(['example_kubernetes_executor']) retrieved from /home/upm/.local/lib/python3.8/site-packages/airflow/example_dags/example_kubernetes_executor.py
[2022-11-12 11:12:03,414] {logging_mixin.py:109} INFO - [2022-11-12 11:12:03,414] {dag.py:1834} INFO - Sync 1 DAGs
[2022-11-12 11:12:03,420] {logging_mixin.py:109} INFO - [2022-11-12 11:12:03,420] {dag.py:2287} INFO - Setting next_dagrun for example_kubernetes_executor to None
[2022-11-12 11:12:03,431] {processor.py:170} INFO - Processing /home/upm/.local/lib/python3.8/site-packages/airflow/example_dags/example_kubernetes_executor.py took 0.042 seconds
[2022-11-12 11:13:43,550] {processor.py:162} INFO - Started process (PID=82933) to work on /home/upm/.local/lib/python3.8/site-packages/airflow/example_dags/example_kubernetes_executor.py
[2022-11-12 11:13:43,552] {processor.py:613} INFO - Processing file /home/upm/.local/lib/python3.8/site-packages/airflow/example_dags/example_kubernetes_executor.py for tasks to queue
[2022-11-12 11:13:43,553] {logging_mixin.py:109} INFO - [2022-11-12 11:13:43,553] {dagbag.py:496} INFO - Filling up the DagBag from /home/upm/.local/lib/python3.8/site-packages/airflow/example_dags/example_kubernetes_executor.py
[2022-11-12 11:13:43,563] {processor.py:623} INFO - DAG(s) dict_keys(['example_kubernetes_executor']) retrieved from /home/upm/.local/lib/python3.8/site-packages/airflow/example_dags/example_kubernetes_executor.py
[2022-11-12 11:13:43,577] {logging_mixin.py:109} INFO - [2022-11-12 11:13:43,577] {dag.py:1834} INFO - Sync 1 DAGs
[2022-11-12 11:13:43,584] {logging_mixin.py:109} INFO - [2022-11-12 11:13:43,584] {dag.py:2287} INFO - Setting next_dagrun for example_kubernetes_executor to None
[2022-11-12 11:13:43,596] {processor.py:170} INFO - Processing /home/upm/.local/lib/python3.8/site-packages/airflow/example_dags/example_kubernetes_executor.py took 0.048 seconds
[2022-11-12 11:14:15,843] {processor.py:162} INFO - Started process (PID=83157) to work on /home/upm/.local/lib/python3.8/site-packages/airflow/example_dags/example_kubernetes_executor.py
[2022-11-12 11:14:15,843] {processor.py:613} INFO - Processing file /home/upm/.local/lib/python3.8/site-packages/airflow/example_dags/example_kubernetes_executor.py for tasks to queue
[2022-11-12 11:14:15,844] {logging_mixin.py:109} INFO - [2022-11-12 11:14:15,844] {dagbag.py:496} INFO - Filling up the DagBag from /home/upm/.local/lib/python3.8/site-packages/airflow/example_dags/example_kubernetes_executor.py
[2022-11-12 11:14:15,852] {processor.py:623} INFO - DAG(s) dict_keys(['example_kubernetes_executor']) retrieved from /home/upm/.local/lib/python3.8/site-packages/airflow/example_dags/example_kubernetes_executor.py
[2022-11-12 11:14:15,864] {logging_mixin.py:109} INFO - [2022-11-12 11:14:15,864] {dag.py:1834} INFO - Sync 1 DAGs
[2022-11-12 11:14:15,870] {logging_mixin.py:109} INFO - [2022-11-12 11:14:15,870] {dag.py:2287} INFO - Setting next_dagrun for example_kubernetes_executor to None
[2022-11-12 11:14:15,881] {processor.py:170} INFO - Processing /home/upm/.local/lib/python3.8/site-packages/airflow/example_dags/example_kubernetes_executor.py took 0.041 seconds
[2022-11-12 11:17:12,421] {processor.py:162} INFO - Started process (PID=83585) to work on /home/upm/.local/lib/python3.8/site-packages/airflow/example_dags/example_kubernetes_executor.py
[2022-11-12 11:17:12,423] {processor.py:613} INFO - Processing file /home/upm/.local/lib/python3.8/site-packages/airflow/example_dags/example_kubernetes_executor.py for tasks to queue
[2022-11-12 11:17:12,423] {logging_mixin.py:109} INFO - [2022-11-12 11:17:12,423] {dagbag.py:496} INFO - Filling up the DagBag from /home/upm/.local/lib/python3.8/site-packages/airflow/example_dags/example_kubernetes_executor.py
[2022-11-12 11:17:12,432] {processor.py:623} INFO - DAG(s) dict_keys(['example_kubernetes_executor']) retrieved from /home/upm/.local/lib/python3.8/site-packages/airflow/example_dags/example_kubernetes_executor.py
[2022-11-12 11:17:12,445] {logging_mixin.py:109} INFO - [2022-11-12 11:17:12,445] {dag.py:1834} INFO - Sync 1 DAGs
[2022-11-12 11:17:12,451] {logging_mixin.py:109} INFO - [2022-11-12 11:17:12,451] {dag.py:2287} INFO - Setting next_dagrun for example_kubernetes_executor to None
[2022-11-12 11:17:12,461] {processor.py:170} INFO - Processing /home/upm/.local/lib/python3.8/site-packages/airflow/example_dags/example_kubernetes_executor.py took 0.043 seconds
[2022-11-12 11:17:43,899] {processor.py:162} INFO - Started process (PID=83696) to work on /home/upm/.local/lib/python3.8/site-packages/airflow/example_dags/example_kubernetes_executor.py
[2022-11-12 11:17:43,900] {processor.py:613} INFO - Processing file /home/upm/.local/lib/python3.8/site-packages/airflow/example_dags/example_kubernetes_executor.py for tasks to queue
[2022-11-12 11:17:43,900] {logging_mixin.py:109} INFO - [2022-11-12 11:17:43,900] {dagbag.py:496} INFO - Filling up the DagBag from /home/upm/.local/lib/python3.8/site-packages/airflow/example_dags/example_kubernetes_executor.py
[2022-11-12 11:17:43,908] {processor.py:623} INFO - DAG(s) dict_keys(['example_kubernetes_executor']) retrieved from /home/upm/.local/lib/python3.8/site-packages/airflow/example_dags/example_kubernetes_executor.py
[2022-11-12 11:17:43,920] {logging_mixin.py:109} INFO - [2022-11-12 11:17:43,920] {dag.py:1834} INFO - Sync 1 DAGs
[2022-11-12 11:17:43,926] {logging_mixin.py:109} INFO - [2022-11-12 11:17:43,926] {dag.py:2287} INFO - Setting next_dagrun for example_kubernetes_executor to None
[2022-11-12 11:17:43,938] {processor.py:170} INFO - Processing /home/upm/.local/lib/python3.8/site-packages/airflow/example_dags/example_kubernetes_executor.py took 0.041 seconds
[2022-11-12 11:18:15,278] {processor.py:162} INFO - Started process (PID=83830) to work on /home/upm/.local/lib/python3.8/site-packages/airflow/example_dags/example_kubernetes_executor.py
[2022-11-12 11:18:15,281] {processor.py:613} INFO - Processing file /home/upm/.local/lib/python3.8/site-packages/airflow/example_dags/example_kubernetes_executor.py for tasks to queue
[2022-11-12 11:18:15,281] {logging_mixin.py:109} INFO - [2022-11-12 11:18:15,281] {dagbag.py:496} INFO - Filling up the DagBag from /home/upm/.local/lib/python3.8/site-packages/airflow/example_dags/example_kubernetes_executor.py
[2022-11-12 11:18:15,296] {processor.py:623} INFO - DAG(s) dict_keys(['example_kubernetes_executor']) retrieved from /home/upm/.local/lib/python3.8/site-packages/airflow/example_dags/example_kubernetes_executor.py
[2022-11-12 11:18:15,310] {logging_mixin.py:109} INFO - [2022-11-12 11:18:15,310] {dag.py:1834} INFO - Sync 1 DAGs
[2022-11-12 11:18:15,320] {logging_mixin.py:109} INFO - [2022-11-12 11:18:15,319] {dag.py:2287} INFO - Setting next_dagrun for example_kubernetes_executor to None
[2022-11-12 11:18:15,341] {processor.py:170} INFO - Processing /home/upm/.local/lib/python3.8/site-packages/airflow/example_dags/example_kubernetes_executor.py took 0.066 seconds
[2022-11-12 11:18:49,015] {processor.py:162} INFO - Started process (PID=83940) to work on /home/upm/.local/lib/python3.8/site-packages/airflow/example_dags/example_kubernetes_executor.py
[2022-11-12 11:18:49,017] {processor.py:613} INFO - Processing file /home/upm/.local/lib/python3.8/site-packages/airflow/example_dags/example_kubernetes_executor.py for tasks to queue
[2022-11-12 11:18:49,017] {logging_mixin.py:109} INFO - [2022-11-12 11:18:49,017] {dagbag.py:496} INFO - Filling up the DagBag from /home/upm/.local/lib/python3.8/site-packages/airflow/example_dags/example_kubernetes_executor.py
[2022-11-12 11:18:49,027] {processor.py:623} INFO - DAG(s) dict_keys(['example_kubernetes_executor']) retrieved from /home/upm/.local/lib/python3.8/site-packages/airflow/example_dags/example_kubernetes_executor.py
[2022-11-12 11:18:49,039] {logging_mixin.py:109} INFO - [2022-11-12 11:18:49,038] {dag.py:1834} INFO - Sync 1 DAGs
[2022-11-12 11:18:49,046] {logging_mixin.py:109} INFO - [2022-11-12 11:18:49,045] {dag.py:2287} INFO - Setting next_dagrun for example_kubernetes_executor to None
[2022-11-12 11:18:49,057] {processor.py:170} INFO - Processing /home/upm/.local/lib/python3.8/site-packages/airflow/example_dags/example_kubernetes_executor.py took 0.045 seconds
[2022-11-12 11:19:21,379] {processor.py:162} INFO - Started process (PID=84119) to work on /home/upm/.local/lib/python3.8/site-packages/airflow/example_dags/example_kubernetes_executor.py
[2022-11-12 11:19:21,380] {processor.py:613} INFO - Processing file /home/upm/.local/lib/python3.8/site-packages/airflow/example_dags/example_kubernetes_executor.py for tasks to queue
[2022-11-12 11:19:21,380] {logging_mixin.py:109} INFO - [2022-11-12 11:19:21,380] {dagbag.py:496} INFO - Filling up the DagBag from /home/upm/.local/lib/python3.8/site-packages/airflow/example_dags/example_kubernetes_executor.py
[2022-11-12 11:19:21,391] {processor.py:623} INFO - DAG(s) dict_keys(['example_kubernetes_executor']) retrieved from /home/upm/.local/lib/python3.8/site-packages/airflow/example_dags/example_kubernetes_executor.py
[2022-11-12 11:19:21,403] {logging_mixin.py:109} INFO - [2022-11-12 11:19:21,403] {dag.py:1834} INFO - Sync 1 DAGs
[2022-11-12 11:19:21,410] {logging_mixin.py:109} INFO - [2022-11-12 11:19:21,410] {dag.py:2287} INFO - Setting next_dagrun for example_kubernetes_executor to None
[2022-11-12 11:19:21,422] {processor.py:170} INFO - Processing /home/upm/.local/lib/python3.8/site-packages/airflow/example_dags/example_kubernetes_executor.py took 0.045 seconds
[2022-11-12 11:21:42,321] {processor.py:162} INFO - Started process (PID=84409) to work on /home/upm/.local/lib/python3.8/site-packages/airflow/example_dags/example_kubernetes_executor.py
[2022-11-12 11:21:42,323] {processor.py:613} INFO - Processing file /home/upm/.local/lib/python3.8/site-packages/airflow/example_dags/example_kubernetes_executor.py for tasks to queue
[2022-11-12 11:21:42,324] {logging_mixin.py:109} INFO - [2022-11-12 11:21:42,324] {dagbag.py:496} INFO - Filling up the DagBag from /home/upm/.local/lib/python3.8/site-packages/airflow/example_dags/example_kubernetes_executor.py
[2022-11-12 11:21:42,333] {processor.py:623} INFO - DAG(s) dict_keys(['example_kubernetes_executor']) retrieved from /home/upm/.local/lib/python3.8/site-packages/airflow/example_dags/example_kubernetes_executor.py
[2022-11-12 11:21:42,345] {logging_mixin.py:109} INFO - [2022-11-12 11:21:42,345] {dag.py:1834} INFO - Sync 1 DAGs
[2022-11-12 11:21:42,352] {logging_mixin.py:109} INFO - [2022-11-12 11:21:42,352] {dag.py:2287} INFO - Setting next_dagrun for example_kubernetes_executor to None
[2022-11-12 11:21:42,363] {processor.py:170} INFO - Processing /home/upm/.local/lib/python3.8/site-packages/airflow/example_dags/example_kubernetes_executor.py took 0.044 seconds
[2022-11-12 11:22:13,804] {processor.py:162} INFO - Started process (PID=84512) to work on /home/upm/.local/lib/python3.8/site-packages/airflow/example_dags/example_kubernetes_executor.py
[2022-11-12 11:22:13,806] {processor.py:613} INFO - Processing file /home/upm/.local/lib/python3.8/site-packages/airflow/example_dags/example_kubernetes_executor.py for tasks to queue
[2022-11-12 11:22:13,806] {logging_mixin.py:109} INFO - [2022-11-12 11:22:13,806] {dagbag.py:496} INFO - Filling up the DagBag from /home/upm/.local/lib/python3.8/site-packages/airflow/example_dags/example_kubernetes_executor.py
[2022-11-12 11:22:13,817] {processor.py:623} INFO - DAG(s) dict_keys(['example_kubernetes_executor']) retrieved from /home/upm/.local/lib/python3.8/site-packages/airflow/example_dags/example_kubernetes_executor.py
[2022-11-12 11:22:13,829] {logging_mixin.py:109} INFO - [2022-11-12 11:22:13,828] {dag.py:1834} INFO - Sync 1 DAGs
[2022-11-12 11:22:13,835] {logging_mixin.py:109} INFO - [2022-11-12 11:22:13,834] {dag.py:2287} INFO - Setting next_dagrun for example_kubernetes_executor to None
[2022-11-12 11:22:13,846] {processor.py:170} INFO - Processing /home/upm/.local/lib/python3.8/site-packages/airflow/example_dags/example_kubernetes_executor.py took 0.045 seconds
[2022-11-12 11:22:45,208] {processor.py:162} INFO - Started process (PID=84620) to work on /home/upm/.local/lib/python3.8/site-packages/airflow/example_dags/example_kubernetes_executor.py
[2022-11-12 11:22:45,209] {processor.py:613} INFO - Processing file /home/upm/.local/lib/python3.8/site-packages/airflow/example_dags/example_kubernetes_executor.py for tasks to queue
[2022-11-12 11:22:45,210] {logging_mixin.py:109} INFO - [2022-11-12 11:22:45,210] {dagbag.py:496} INFO - Filling up the DagBag from /home/upm/.local/lib/python3.8/site-packages/airflow/example_dags/example_kubernetes_executor.py
[2022-11-12 11:22:45,220] {processor.py:623} INFO - DAG(s) dict_keys(['example_kubernetes_executor']) retrieved from /home/upm/.local/lib/python3.8/site-packages/airflow/example_dags/example_kubernetes_executor.py
[2022-11-12 11:22:45,230] {logging_mixin.py:109} INFO - [2022-11-12 11:22:45,230] {dag.py:1834} INFO - Sync 1 DAGs
[2022-11-12 11:22:45,237] {logging_mixin.py:109} INFO - [2022-11-12 11:22:45,237] {dag.py:2287} INFO - Setting next_dagrun for example_kubernetes_executor to None
[2022-11-12 11:22:45,249] {processor.py:170} INFO - Processing /home/upm/.local/lib/python3.8/site-packages/airflow/example_dags/example_kubernetes_executor.py took 0.043 seconds
[2022-11-12 11:27:33,878] {processor.py:162} INFO - Started process (PID=85261) to work on /home/upm/.local/lib/python3.8/site-packages/airflow/example_dags/example_kubernetes_executor.py
[2022-11-12 11:27:33,880] {processor.py:613} INFO - Processing file /home/upm/.local/lib/python3.8/site-packages/airflow/example_dags/example_kubernetes_executor.py for tasks to queue
[2022-11-12 11:27:33,881] {logging_mixin.py:109} INFO - [2022-11-12 11:27:33,881] {dagbag.py:496} INFO - Filling up the DagBag from /home/upm/.local/lib/python3.8/site-packages/airflow/example_dags/example_kubernetes_executor.py
[2022-11-12 11:27:33,897] {processor.py:623} INFO - DAG(s) dict_keys(['example_kubernetes_executor']) retrieved from /home/upm/.local/lib/python3.8/site-packages/airflow/example_dags/example_kubernetes_executor.py
[2022-11-12 11:27:33,921] {logging_mixin.py:109} INFO - [2022-11-12 11:27:33,921] {dag.py:1834} INFO - Sync 1 DAGs
[2022-11-12 11:27:33,933] {logging_mixin.py:109} INFO - [2022-11-12 11:27:33,933] {dag.py:2287} INFO - Setting next_dagrun for example_kubernetes_executor to None
[2022-11-12 11:27:33,948] {processor.py:170} INFO - Processing /home/upm/.local/lib/python3.8/site-packages/airflow/example_dags/example_kubernetes_executor.py took 0.074 seconds
[2022-11-12 11:28:05,360] {processor.py:162} INFO - Started process (PID=85547) to work on /home/upm/.local/lib/python3.8/site-packages/airflow/example_dags/example_kubernetes_executor.py
[2022-11-12 11:28:05,361] {processor.py:613} INFO - Processing file /home/upm/.local/lib/python3.8/site-packages/airflow/example_dags/example_kubernetes_executor.py for tasks to queue
[2022-11-12 11:28:05,361] {logging_mixin.py:109} INFO - [2022-11-12 11:28:05,361] {dagbag.py:496} INFO - Filling up the DagBag from /home/upm/.local/lib/python3.8/site-packages/airflow/example_dags/example_kubernetes_executor.py
[2022-11-12 11:28:05,371] {processor.py:623} INFO - DAG(s) dict_keys(['example_kubernetes_executor']) retrieved from /home/upm/.local/lib/python3.8/site-packages/airflow/example_dags/example_kubernetes_executor.py
[2022-11-12 11:28:05,384] {logging_mixin.py:109} INFO - [2022-11-12 11:28:05,384] {dag.py:1834} INFO - Sync 1 DAGs
[2022-11-12 11:28:05,391] {logging_mixin.py:109} INFO - [2022-11-12 11:28:05,391] {dag.py:2287} INFO - Setting next_dagrun for example_kubernetes_executor to None
[2022-11-12 11:28:05,404] {processor.py:170} INFO - Processing /home/upm/.local/lib/python3.8/site-packages/airflow/example_dags/example_kubernetes_executor.py took 0.047 seconds
[2022-11-12 11:29:39,735] {processor.py:162} INFO - Started process (PID=85841) to work on /home/upm/.local/lib/python3.8/site-packages/airflow/example_dags/example_kubernetes_executor.py
[2022-11-12 11:29:39,737] {processor.py:613} INFO - Processing file /home/upm/.local/lib/python3.8/site-packages/airflow/example_dags/example_kubernetes_executor.py for tasks to queue
[2022-11-12 11:29:39,738] {logging_mixin.py:109} INFO - [2022-11-12 11:29:39,738] {dagbag.py:496} INFO - Filling up the DagBag from /home/upm/.local/lib/python3.8/site-packages/airflow/example_dags/example_kubernetes_executor.py
[2022-11-12 11:29:39,746] {processor.py:623} INFO - DAG(s) dict_keys(['example_kubernetes_executor']) retrieved from /home/upm/.local/lib/python3.8/site-packages/airflow/example_dags/example_kubernetes_executor.py
[2022-11-12 11:29:39,759] {logging_mixin.py:109} INFO - [2022-11-12 11:29:39,759] {dag.py:1834} INFO - Sync 1 DAGs
[2022-11-12 11:29:39,766] {logging_mixin.py:109} INFO - [2022-11-12 11:29:39,766] {dag.py:2287} INFO - Setting next_dagrun for example_kubernetes_executor to None
[2022-11-12 11:29:39,777] {processor.py:170} INFO - Processing /home/upm/.local/lib/python3.8/site-packages/airflow/example_dags/example_kubernetes_executor.py took 0.044 seconds
[2022-11-12 11:30:11,202] {processor.py:162} INFO - Started process (PID=85950) to work on /home/upm/.local/lib/python3.8/site-packages/airflow/example_dags/example_kubernetes_executor.py
[2022-11-12 11:30:11,203] {processor.py:613} INFO - Processing file /home/upm/.local/lib/python3.8/site-packages/airflow/example_dags/example_kubernetes_executor.py for tasks to queue
[2022-11-12 11:30:11,203] {logging_mixin.py:109} INFO - [2022-11-12 11:30:11,203] {dagbag.py:496} INFO - Filling up the DagBag from /home/upm/.local/lib/python3.8/site-packages/airflow/example_dags/example_kubernetes_executor.py
[2022-11-12 11:30:11,212] {processor.py:623} INFO - DAG(s) dict_keys(['example_kubernetes_executor']) retrieved from /home/upm/.local/lib/python3.8/site-packages/airflow/example_dags/example_kubernetes_executor.py
[2022-11-12 11:30:11,223] {logging_mixin.py:109} INFO - [2022-11-12 11:30:11,223] {dag.py:1834} INFO - Sync 1 DAGs
[2022-11-12 11:30:11,230] {logging_mixin.py:109} INFO - [2022-11-12 11:30:11,230] {dag.py:2287} INFO - Setting next_dagrun for example_kubernetes_executor to None
[2022-11-12 11:30:11,240] {processor.py:170} INFO - Processing /home/upm/.local/lib/python3.8/site-packages/airflow/example_dags/example_kubernetes_executor.py took 0.041 seconds
[2022-11-12 11:30:42,566] {processor.py:162} INFO - Started process (PID=86168) to work on /home/upm/.local/lib/python3.8/site-packages/airflow/example_dags/example_kubernetes_executor.py
[2022-11-12 11:30:42,567] {processor.py:613} INFO - Processing file /home/upm/.local/lib/python3.8/site-packages/airflow/example_dags/example_kubernetes_executor.py for tasks to queue
[2022-11-12 11:30:42,568] {logging_mixin.py:109} INFO - [2022-11-12 11:30:42,568] {dagbag.py:496} INFO - Filling up the DagBag from /home/upm/.local/lib/python3.8/site-packages/airflow/example_dags/example_kubernetes_executor.py
[2022-11-12 11:30:42,579] {processor.py:623} INFO - DAG(s) dict_keys(['example_kubernetes_executor']) retrieved from /home/upm/.local/lib/python3.8/site-packages/airflow/example_dags/example_kubernetes_executor.py
[2022-11-12 11:30:42,589] {logging_mixin.py:109} INFO - [2022-11-12 11:30:42,589] {dag.py:1834} INFO - Sync 1 DAGs
[2022-11-12 11:30:42,598] {logging_mixin.py:109} INFO - [2022-11-12 11:30:42,598] {dag.py:2287} INFO - Setting next_dagrun for example_kubernetes_executor to None
[2022-11-12 11:30:42,609] {processor.py:170} INFO - Processing /home/upm/.local/lib/python3.8/site-packages/airflow/example_dags/example_kubernetes_executor.py took 0.046 seconds
[2022-11-12 11:31:14,881] {processor.py:162} INFO - Started process (PID=86289) to work on /home/upm/.local/lib/python3.8/site-packages/airflow/example_dags/example_kubernetes_executor.py
[2022-11-12 11:31:14,883] {processor.py:613} INFO - Processing file /home/upm/.local/lib/python3.8/site-packages/airflow/example_dags/example_kubernetes_executor.py for tasks to queue
[2022-11-12 11:31:14,884] {logging_mixin.py:109} INFO - [2022-11-12 11:31:14,884] {dagbag.py:496} INFO - Filling up the DagBag from /home/upm/.local/lib/python3.8/site-packages/airflow/example_dags/example_kubernetes_executor.py
[2022-11-12 11:31:14,894] {processor.py:623} INFO - DAG(s) dict_keys(['example_kubernetes_executor']) retrieved from /home/upm/.local/lib/python3.8/site-packages/airflow/example_dags/example_kubernetes_executor.py
[2022-11-12 11:31:14,905] {logging_mixin.py:109} INFO - [2022-11-12 11:31:14,905] {dag.py:1834} INFO - Sync 1 DAGs
[2022-11-12 11:31:14,911] {logging_mixin.py:109} INFO - [2022-11-12 11:31:14,911] {dag.py:2287} INFO - Setting next_dagrun for example_kubernetes_executor to None
[2022-11-12 11:31:14,922] {processor.py:170} INFO - Processing /home/upm/.local/lib/python3.8/site-packages/airflow/example_dags/example_kubernetes_executor.py took 0.044 seconds
[2022-11-12 11:31:48,293] {processor.py:162} INFO - Started process (PID=86513) to work on /home/upm/.local/lib/python3.8/site-packages/airflow/example_dags/example_kubernetes_executor.py
[2022-11-12 11:31:48,295] {processor.py:613} INFO - Processing file /home/upm/.local/lib/python3.8/site-packages/airflow/example_dags/example_kubernetes_executor.py for tasks to queue
[2022-11-12 11:31:48,296] {logging_mixin.py:109} INFO - [2022-11-12 11:31:48,296] {dagbag.py:496} INFO - Filling up the DagBag from /home/upm/.local/lib/python3.8/site-packages/airflow/example_dags/example_kubernetes_executor.py
[2022-11-12 11:31:48,311] {processor.py:623} INFO - DAG(s) dict_keys(['example_kubernetes_executor']) retrieved from /home/upm/.local/lib/python3.8/site-packages/airflow/example_dags/example_kubernetes_executor.py
[2022-11-12 11:31:48,323] {logging_mixin.py:109} INFO - [2022-11-12 11:31:48,323] {dag.py:1834} INFO - Sync 1 DAGs
[2022-11-12 11:31:48,330] {logging_mixin.py:109} INFO - [2022-11-12 11:31:48,330] {dag.py:2287} INFO - Setting next_dagrun for example_kubernetes_executor to None
[2022-11-12 11:31:48,341] {processor.py:170} INFO - Processing /home/upm/.local/lib/python3.8/site-packages/airflow/example_dags/example_kubernetes_executor.py took 0.053 seconds
[2022-11-12 11:32:22,284] {processor.py:162} INFO - Started process (PID=86694) to work on /home/upm/.local/lib/python3.8/site-packages/airflow/example_dags/example_kubernetes_executor.py
[2022-11-12 11:32:22,287] {processor.py:613} INFO - Processing file /home/upm/.local/lib/python3.8/site-packages/airflow/example_dags/example_kubernetes_executor.py for tasks to queue
[2022-11-12 11:32:22,287] {logging_mixin.py:109} INFO - [2022-11-12 11:32:22,287] {dagbag.py:496} INFO - Filling up the DagBag from /home/upm/.local/lib/python3.8/site-packages/airflow/example_dags/example_kubernetes_executor.py
[2022-11-12 11:32:22,305] {processor.py:623} INFO - DAG(s) dict_keys(['example_kubernetes_executor']) retrieved from /home/upm/.local/lib/python3.8/site-packages/airflow/example_dags/example_kubernetes_executor.py
[2022-11-12 11:32:22,322] {logging_mixin.py:109} INFO - [2022-11-12 11:32:22,322] {dag.py:1834} INFO - Sync 1 DAGs
[2022-11-12 11:32:22,334] {logging_mixin.py:109} INFO - [2022-11-12 11:32:22,334] {dag.py:2287} INFO - Setting next_dagrun for example_kubernetes_executor to None
[2022-11-12 11:32:22,354] {processor.py:170} INFO - Processing /home/upm/.local/lib/python3.8/site-packages/airflow/example_dags/example_kubernetes_executor.py took 0.073 seconds
[2022-11-12 11:32:55,898] {processor.py:162} INFO - Started process (PID=86843) to work on /home/upm/.local/lib/python3.8/site-packages/airflow/example_dags/example_kubernetes_executor.py
[2022-11-12 11:32:55,900] {processor.py:613} INFO - Processing file /home/upm/.local/lib/python3.8/site-packages/airflow/example_dags/example_kubernetes_executor.py for tasks to queue
[2022-11-12 11:32:55,900] {logging_mixin.py:109} INFO - [2022-11-12 11:32:55,900] {dagbag.py:496} INFO - Filling up the DagBag from /home/upm/.local/lib/python3.8/site-packages/airflow/example_dags/example_kubernetes_executor.py
[2022-11-12 11:32:55,913] {processor.py:623} INFO - DAG(s) dict_keys(['example_kubernetes_executor']) retrieved from /home/upm/.local/lib/python3.8/site-packages/airflow/example_dags/example_kubernetes_executor.py
[2022-11-12 11:32:55,926] {logging_mixin.py:109} INFO - [2022-11-12 11:32:55,926] {dag.py:1834} INFO - Sync 1 DAGs
[2022-11-12 11:32:55,934] {logging_mixin.py:109} INFO - [2022-11-12 11:32:55,934] {dag.py:2287} INFO - Setting next_dagrun for example_kubernetes_executor to None
[2022-11-12 11:32:55,945] {processor.py:170} INFO - Processing /home/upm/.local/lib/python3.8/site-packages/airflow/example_dags/example_kubernetes_executor.py took 0.050 seconds
