[2022-11-12 11:06:38,997] {processor.py:162} INFO - Started process (PID=81935) to work on /home/upm/.local/lib/python3.8/site-packages/airflow/example_dags/example_branch_datetime_operator.py
[2022-11-12 11:06:38,998] {processor.py:613} INFO - Processing file /home/upm/.local/lib/python3.8/site-packages/airflow/example_dags/example_branch_datetime_operator.py for tasks to queue
[2022-11-12 11:06:38,998] {logging_mixin.py:109} INFO - [2022-11-12 11:06:38,998] {dagbag.py:496} INFO - Filling up the DagBag from /home/upm/.local/lib/python3.8/site-packages/airflow/example_dags/example_branch_datetime_operator.py
[2022-11-12 11:06:39,011] {processor.py:623} INFO - DAG(s) dict_keys(['example_branch_datetime_operator_2']) retrieved from /home/upm/.local/lib/python3.8/site-packages/airflow/example_dags/example_branch_datetime_operator.py
[2022-11-12 11:06:39,024] {logging_mixin.py:109} INFO - [2022-11-12 11:06:39,024] {dag.py:1834} INFO - Sync 1 DAGs
[2022-11-12 11:06:39,033] {logging_mixin.py:109} INFO - [2022-11-12 11:06:39,033] {dag.py:2287} INFO - Setting next_dagrun for example_branch_datetime_operator_2 to 2022-11-10 00:00:00+00:00
[2022-11-12 11:06:39,045] {processor.py:170} INFO - Processing /home/upm/.local/lib/python3.8/site-packages/airflow/example_dags/example_branch_datetime_operator.py took 0.051 seconds
[2022-11-12 11:07:11,280] {processor.py:162} INFO - Started process (PID=82049) to work on /home/upm/.local/lib/python3.8/site-packages/airflow/example_dags/example_branch_datetime_operator.py
[2022-11-12 11:07:11,281] {processor.py:613} INFO - Processing file /home/upm/.local/lib/python3.8/site-packages/airflow/example_dags/example_branch_datetime_operator.py for tasks to queue
[2022-11-12 11:07:11,281] {logging_mixin.py:109} INFO - [2022-11-12 11:07:11,281] {dagbag.py:496} INFO - Filling up the DagBag from /home/upm/.local/lib/python3.8/site-packages/airflow/example_dags/example_branch_datetime_operator.py
[2022-11-12 11:07:11,290] {processor.py:623} INFO - DAG(s) dict_keys(['example_branch_datetime_operator_2']) retrieved from /home/upm/.local/lib/python3.8/site-packages/airflow/example_dags/example_branch_datetime_operator.py
[2022-11-12 11:07:11,301] {logging_mixin.py:109} INFO - [2022-11-12 11:07:11,301] {dag.py:1834} INFO - Sync 1 DAGs
[2022-11-12 11:07:11,309] {logging_mixin.py:109} INFO - [2022-11-12 11:07:11,309] {dag.py:2287} INFO - Setting next_dagrun for example_branch_datetime_operator_2 to 2022-11-10 00:00:00+00:00
[2022-11-12 11:07:11,321] {processor.py:170} INFO - Processing /home/upm/.local/lib/python3.8/site-packages/airflow/example_dags/example_branch_datetime_operator.py took 0.043 seconds
[2022-11-12 11:07:42,922] {processor.py:162} INFO - Started process (PID=82187) to work on /home/upm/.local/lib/python3.8/site-packages/airflow/example_dags/example_branch_datetime_operator.py
[2022-11-12 11:07:42,924] {processor.py:613} INFO - Processing file /home/upm/.local/lib/python3.8/site-packages/airflow/example_dags/example_branch_datetime_operator.py for tasks to queue
[2022-11-12 11:07:42,924] {logging_mixin.py:109} INFO - [2022-11-12 11:07:42,924] {dagbag.py:496} INFO - Filling up the DagBag from /home/upm/.local/lib/python3.8/site-packages/airflow/example_dags/example_branch_datetime_operator.py
[2022-11-12 11:07:42,933] {processor.py:623} INFO - DAG(s) dict_keys(['example_branch_datetime_operator_2']) retrieved from /home/upm/.local/lib/python3.8/site-packages/airflow/example_dags/example_branch_datetime_operator.py
[2022-11-12 11:07:42,945] {logging_mixin.py:109} INFO - [2022-11-12 11:07:42,945] {dag.py:1834} INFO - Sync 1 DAGs
[2022-11-12 11:07:42,954] {logging_mixin.py:109} INFO - [2022-11-12 11:07:42,954] {dag.py:2287} INFO - Setting next_dagrun for example_branch_datetime_operator_2 to 2022-11-10 00:00:00+00:00
[2022-11-12 11:07:42,965] {processor.py:170} INFO - Processing /home/upm/.local/lib/python3.8/site-packages/airflow/example_dags/example_branch_datetime_operator.py took 0.046 seconds
[2022-11-12 11:10:58,213] {processor.py:162} INFO - Started process (PID=82419) to work on /home/upm/.local/lib/python3.8/site-packages/airflow/example_dags/example_branch_datetime_operator.py
[2022-11-12 11:10:58,215] {processor.py:613} INFO - Processing file /home/upm/.local/lib/python3.8/site-packages/airflow/example_dags/example_branch_datetime_operator.py for tasks to queue
[2022-11-12 11:10:58,216] {logging_mixin.py:109} INFO - [2022-11-12 11:10:58,216] {dagbag.py:496} INFO - Filling up the DagBag from /home/upm/.local/lib/python3.8/site-packages/airflow/example_dags/example_branch_datetime_operator.py
[2022-11-12 11:10:58,224] {processor.py:623} INFO - DAG(s) dict_keys(['example_branch_datetime_operator_2']) retrieved from /home/upm/.local/lib/python3.8/site-packages/airflow/example_dags/example_branch_datetime_operator.py
[2022-11-12 11:10:58,237] {logging_mixin.py:109} INFO - [2022-11-12 11:10:58,237] {dag.py:1834} INFO - Sync 1 DAGs
[2022-11-12 11:10:58,246] {logging_mixin.py:109} INFO - [2022-11-12 11:10:58,246] {dag.py:2287} INFO - Setting next_dagrun for example_branch_datetime_operator_2 to 2022-11-10 00:00:00+00:00
[2022-11-12 11:10:58,256] {processor.py:170} INFO - Processing /home/upm/.local/lib/python3.8/site-packages/airflow/example_dags/example_branch_datetime_operator.py took 0.045 seconds
[2022-11-12 11:11:30,497] {processor.py:162} INFO - Started process (PID=82537) to work on /home/upm/.local/lib/python3.8/site-packages/airflow/example_dags/example_branch_datetime_operator.py
[2022-11-12 11:11:30,498] {processor.py:613} INFO - Processing file /home/upm/.local/lib/python3.8/site-packages/airflow/example_dags/example_branch_datetime_operator.py for tasks to queue
[2022-11-12 11:11:30,499] {logging_mixin.py:109} INFO - [2022-11-12 11:11:30,498] {dagbag.py:496} INFO - Filling up the DagBag from /home/upm/.local/lib/python3.8/site-packages/airflow/example_dags/example_branch_datetime_operator.py
[2022-11-12 11:11:30,509] {processor.py:623} INFO - DAG(s) dict_keys(['example_branch_datetime_operator_2']) retrieved from /home/upm/.local/lib/python3.8/site-packages/airflow/example_dags/example_branch_datetime_operator.py
[2022-11-12 11:11:30,522] {logging_mixin.py:109} INFO - [2022-11-12 11:11:30,522] {dag.py:1834} INFO - Sync 1 DAGs
[2022-11-12 11:11:30,531] {logging_mixin.py:109} INFO - [2022-11-12 11:11:30,531] {dag.py:2287} INFO - Setting next_dagrun for example_branch_datetime_operator_2 to 2022-11-10 00:00:00+00:00
[2022-11-12 11:11:30,542] {processor.py:170} INFO - Processing /home/upm/.local/lib/python3.8/site-packages/airflow/example_dags/example_branch_datetime_operator.py took 0.048 seconds
[2022-11-12 11:12:01,094] {processor.py:162} INFO - Started process (PID=82637) to work on /home/upm/.local/lib/python3.8/site-packages/airflow/example_dags/example_branch_datetime_operator.py
[2022-11-12 11:12:01,097] {processor.py:613} INFO - Processing file /home/upm/.local/lib/python3.8/site-packages/airflow/example_dags/example_branch_datetime_operator.py for tasks to queue
[2022-11-12 11:12:01,098] {logging_mixin.py:109} INFO - [2022-11-12 11:12:01,097] {dagbag.py:496} INFO - Filling up the DagBag from /home/upm/.local/lib/python3.8/site-packages/airflow/example_dags/example_branch_datetime_operator.py
[2022-11-12 11:12:01,110] {processor.py:623} INFO - DAG(s) dict_keys(['example_branch_datetime_operator_2']) retrieved from /home/upm/.local/lib/python3.8/site-packages/airflow/example_dags/example_branch_datetime_operator.py
[2022-11-12 11:12:01,122] {logging_mixin.py:109} INFO - [2022-11-12 11:12:01,122] {dag.py:1834} INFO - Sync 1 DAGs
[2022-11-12 11:12:01,131] {logging_mixin.py:109} INFO - [2022-11-12 11:12:01,131] {dag.py:2287} INFO - Setting next_dagrun for example_branch_datetime_operator_2 to 2022-11-10 00:00:00+00:00
[2022-11-12 11:12:01,141] {processor.py:170} INFO - Processing /home/upm/.local/lib/python3.8/site-packages/airflow/example_dags/example_branch_datetime_operator.py took 0.052 seconds
[2022-11-12 11:13:41,823] {processor.py:162} INFO - Started process (PID=82927) to work on /home/upm/.local/lib/python3.8/site-packages/airflow/example_dags/example_branch_datetime_operator.py
[2022-11-12 11:13:41,825] {processor.py:613} INFO - Processing file /home/upm/.local/lib/python3.8/site-packages/airflow/example_dags/example_branch_datetime_operator.py for tasks to queue
[2022-11-12 11:13:41,826] {logging_mixin.py:109} INFO - [2022-11-12 11:13:41,825] {dagbag.py:496} INFO - Filling up the DagBag from /home/upm/.local/lib/python3.8/site-packages/airflow/example_dags/example_branch_datetime_operator.py
[2022-11-12 11:13:41,834] {processor.py:623} INFO - DAG(s) dict_keys(['example_branch_datetime_operator_2']) retrieved from /home/upm/.local/lib/python3.8/site-packages/airflow/example_dags/example_branch_datetime_operator.py
[2022-11-12 11:13:41,846] {logging_mixin.py:109} INFO - [2022-11-12 11:13:41,846] {dag.py:1834} INFO - Sync 1 DAGs
[2022-11-12 11:13:41,854] {logging_mixin.py:109} INFO - [2022-11-12 11:13:41,854] {dag.py:2287} INFO - Setting next_dagrun for example_branch_datetime_operator_2 to 2022-11-10 00:00:00+00:00
[2022-11-12 11:13:41,866] {processor.py:170} INFO - Processing /home/upm/.local/lib/python3.8/site-packages/airflow/example_dags/example_branch_datetime_operator.py took 0.045 seconds
[2022-11-12 11:14:14,120] {processor.py:162} INFO - Started process (PID=83090) to work on /home/upm/.local/lib/python3.8/site-packages/airflow/example_dags/example_branch_datetime_operator.py
[2022-11-12 11:14:14,122] {processor.py:613} INFO - Processing file /home/upm/.local/lib/python3.8/site-packages/airflow/example_dags/example_branch_datetime_operator.py for tasks to queue
[2022-11-12 11:14:14,123] {logging_mixin.py:109} INFO - [2022-11-12 11:14:14,123] {dagbag.py:496} INFO - Filling up the DagBag from /home/upm/.local/lib/python3.8/site-packages/airflow/example_dags/example_branch_datetime_operator.py
[2022-11-12 11:14:14,140] {processor.py:623} INFO - DAG(s) dict_keys(['example_branch_datetime_operator_2']) retrieved from /home/upm/.local/lib/python3.8/site-packages/airflow/example_dags/example_branch_datetime_operator.py
[2022-11-12 11:14:14,161] {logging_mixin.py:109} INFO - [2022-11-12 11:14:14,161] {dag.py:1834} INFO - Sync 1 DAGs
[2022-11-12 11:14:14,177] {logging_mixin.py:109} INFO - [2022-11-12 11:14:14,177] {dag.py:2287} INFO - Setting next_dagrun for example_branch_datetime_operator_2 to 2022-11-10 00:00:00+00:00
[2022-11-12 11:14:14,193] {processor.py:170} INFO - Processing /home/upm/.local/lib/python3.8/site-packages/airflow/example_dags/example_branch_datetime_operator.py took 0.077 seconds
[2022-11-12 11:17:10,199] {processor.py:162} INFO - Started process (PID=83578) to work on /home/upm/.local/lib/python3.8/site-packages/airflow/example_dags/example_branch_datetime_operator.py
[2022-11-12 11:17:10,202] {processor.py:613} INFO - Processing file /home/upm/.local/lib/python3.8/site-packages/airflow/example_dags/example_branch_datetime_operator.py for tasks to queue
[2022-11-12 11:17:10,202] {logging_mixin.py:109} INFO - [2022-11-12 11:17:10,202] {dagbag.py:496} INFO - Filling up the DagBag from /home/upm/.local/lib/python3.8/site-packages/airflow/example_dags/example_branch_datetime_operator.py
[2022-11-12 11:17:10,212] {processor.py:623} INFO - DAG(s) dict_keys(['example_branch_datetime_operator_2']) retrieved from /home/upm/.local/lib/python3.8/site-packages/airflow/example_dags/example_branch_datetime_operator.py
[2022-11-12 11:17:10,225] {logging_mixin.py:109} INFO - [2022-11-12 11:17:10,225] {dag.py:1834} INFO - Sync 1 DAGs
[2022-11-12 11:17:10,234] {logging_mixin.py:109} INFO - [2022-11-12 11:17:10,234] {dag.py:2287} INFO - Setting next_dagrun for example_branch_datetime_operator_2 to 2022-11-10 00:00:00+00:00
[2022-11-12 11:17:10,244] {processor.py:170} INFO - Processing /home/upm/.local/lib/python3.8/site-packages/airflow/example_dags/example_branch_datetime_operator.py took 0.048 seconds
[2022-11-12 11:17:42,433] {processor.py:162} INFO - Started process (PID=83692) to work on /home/upm/.local/lib/python3.8/site-packages/airflow/example_dags/example_branch_datetime_operator.py
[2022-11-12 11:17:42,434] {processor.py:613} INFO - Processing file /home/upm/.local/lib/python3.8/site-packages/airflow/example_dags/example_branch_datetime_operator.py for tasks to queue
[2022-11-12 11:17:42,435] {logging_mixin.py:109} INFO - [2022-11-12 11:17:42,435] {dagbag.py:496} INFO - Filling up the DagBag from /home/upm/.local/lib/python3.8/site-packages/airflow/example_dags/example_branch_datetime_operator.py
[2022-11-12 11:17:42,443] {processor.py:623} INFO - DAG(s) dict_keys(['example_branch_datetime_operator_2']) retrieved from /home/upm/.local/lib/python3.8/site-packages/airflow/example_dags/example_branch_datetime_operator.py
[2022-11-12 11:17:42,454] {logging_mixin.py:109} INFO - [2022-11-12 11:17:42,454] {dag.py:1834} INFO - Sync 1 DAGs
[2022-11-12 11:17:42,463] {logging_mixin.py:109} INFO - [2022-11-12 11:17:42,463] {dag.py:2287} INFO - Setting next_dagrun for example_branch_datetime_operator_2 to 2022-11-10 00:00:00+00:00
[2022-11-12 11:17:42,474] {processor.py:170} INFO - Processing /home/upm/.local/lib/python3.8/site-packages/airflow/example_dags/example_branch_datetime_operator.py took 0.042 seconds
[2022-11-12 11:18:13,029] {processor.py:162} INFO - Started process (PID=83824) to work on /home/upm/.local/lib/python3.8/site-packages/airflow/example_dags/example_branch_datetime_operator.py
[2022-11-12 11:18:13,030] {processor.py:613} INFO - Processing file /home/upm/.local/lib/python3.8/site-packages/airflow/example_dags/example_branch_datetime_operator.py for tasks to queue
[2022-11-12 11:18:13,030] {logging_mixin.py:109} INFO - [2022-11-12 11:18:13,030] {dagbag.py:496} INFO - Filling up the DagBag from /home/upm/.local/lib/python3.8/site-packages/airflow/example_dags/example_branch_datetime_operator.py
[2022-11-12 11:18:13,039] {processor.py:623} INFO - DAG(s) dict_keys(['example_branch_datetime_operator_2']) retrieved from /home/upm/.local/lib/python3.8/site-packages/airflow/example_dags/example_branch_datetime_operator.py
[2022-11-12 11:18:13,053] {logging_mixin.py:109} INFO - [2022-11-12 11:18:13,053] {dag.py:1834} INFO - Sync 1 DAGs
[2022-11-12 11:18:13,065] {logging_mixin.py:109} INFO - [2022-11-12 11:18:13,065] {dag.py:2287} INFO - Setting next_dagrun for example_branch_datetime_operator_2 to 2022-11-10 00:00:00+00:00
[2022-11-12 11:18:13,076] {processor.py:170} INFO - Processing /home/upm/.local/lib/python3.8/site-packages/airflow/example_dags/example_branch_datetime_operator.py took 0.050 seconds
[2022-11-12 11:18:46,735] {processor.py:162} INFO - Started process (PID=83932) to work on /home/upm/.local/lib/python3.8/site-packages/airflow/example_dags/example_branch_datetime_operator.py
[2022-11-12 11:18:46,738] {processor.py:613} INFO - Processing file /home/upm/.local/lib/python3.8/site-packages/airflow/example_dags/example_branch_datetime_operator.py for tasks to queue
[2022-11-12 11:18:46,738] {logging_mixin.py:109} INFO - [2022-11-12 11:18:46,738] {dagbag.py:496} INFO - Filling up the DagBag from /home/upm/.local/lib/python3.8/site-packages/airflow/example_dags/example_branch_datetime_operator.py
[2022-11-12 11:18:46,750] {processor.py:623} INFO - DAG(s) dict_keys(['example_branch_datetime_operator_2']) retrieved from /home/upm/.local/lib/python3.8/site-packages/airflow/example_dags/example_branch_datetime_operator.py
[2022-11-12 11:18:46,760] {logging_mixin.py:109} INFO - [2022-11-12 11:18:46,760] {dag.py:1834} INFO - Sync 1 DAGs
[2022-11-12 11:18:46,770] {logging_mixin.py:109} INFO - [2022-11-12 11:18:46,770] {dag.py:2287} INFO - Setting next_dagrun for example_branch_datetime_operator_2 to 2022-11-10 00:00:00+00:00
[2022-11-12 11:18:46,781] {processor.py:170} INFO - Processing /home/upm/.local/lib/python3.8/site-packages/airflow/example_dags/example_branch_datetime_operator.py took 0.050 seconds
[2022-11-12 11:19:19,111] {processor.py:162} INFO - Started process (PID=84110) to work on /home/upm/.local/lib/python3.8/site-packages/airflow/example_dags/example_branch_datetime_operator.py
[2022-11-12 11:19:19,112] {processor.py:613} INFO - Processing file /home/upm/.local/lib/python3.8/site-packages/airflow/example_dags/example_branch_datetime_operator.py for tasks to queue
[2022-11-12 11:19:19,113] {logging_mixin.py:109} INFO - [2022-11-12 11:19:19,112] {dagbag.py:496} INFO - Filling up the DagBag from /home/upm/.local/lib/python3.8/site-packages/airflow/example_dags/example_branch_datetime_operator.py
[2022-11-12 11:19:19,124] {processor.py:623} INFO - DAG(s) dict_keys(['example_branch_datetime_operator_2']) retrieved from /home/upm/.local/lib/python3.8/site-packages/airflow/example_dags/example_branch_datetime_operator.py
[2022-11-12 11:19:19,135] {logging_mixin.py:109} INFO - [2022-11-12 11:19:19,135] {dag.py:1834} INFO - Sync 1 DAGs
[2022-11-12 11:19:19,144] {logging_mixin.py:109} INFO - [2022-11-12 11:19:19,144] {dag.py:2287} INFO - Setting next_dagrun for example_branch_datetime_operator_2 to 2022-11-10 00:00:00+00:00
[2022-11-12 11:19:19,157] {processor.py:170} INFO - Processing /home/upm/.local/lib/python3.8/site-packages/airflow/example_dags/example_branch_datetime_operator.py took 0.048 seconds
[2022-11-12 11:21:40,047] {processor.py:162} INFO - Started process (PID=84402) to work on /home/upm/.local/lib/python3.8/site-packages/airflow/example_dags/example_branch_datetime_operator.py
[2022-11-12 11:21:40,049] {processor.py:613} INFO - Processing file /home/upm/.local/lib/python3.8/site-packages/airflow/example_dags/example_branch_datetime_operator.py for tasks to queue
[2022-11-12 11:21:40,049] {logging_mixin.py:109} INFO - [2022-11-12 11:21:40,049] {dagbag.py:496} INFO - Filling up the DagBag from /home/upm/.local/lib/python3.8/site-packages/airflow/example_dags/example_branch_datetime_operator.py
[2022-11-12 11:21:40,058] {processor.py:623} INFO - DAG(s) dict_keys(['example_branch_datetime_operator_2']) retrieved from /home/upm/.local/lib/python3.8/site-packages/airflow/example_dags/example_branch_datetime_operator.py
[2022-11-12 11:21:40,070] {logging_mixin.py:109} INFO - [2022-11-12 11:21:40,070] {dag.py:1834} INFO - Sync 1 DAGs
[2022-11-12 11:21:40,081] {logging_mixin.py:109} INFO - [2022-11-12 11:21:40,080] {dag.py:2287} INFO - Setting next_dagrun for example_branch_datetime_operator_2 to 2022-11-10 00:00:00+00:00
[2022-11-12 11:21:40,094] {processor.py:170} INFO - Processing /home/upm/.local/lib/python3.8/site-packages/airflow/example_dags/example_branch_datetime_operator.py took 0.049 seconds
[2022-11-12 11:22:12,381] {processor.py:162} INFO - Started process (PID=84507) to work on /home/upm/.local/lib/python3.8/site-packages/airflow/example_dags/example_branch_datetime_operator.py
[2022-11-12 11:22:12,382] {processor.py:613} INFO - Processing file /home/upm/.local/lib/python3.8/site-packages/airflow/example_dags/example_branch_datetime_operator.py for tasks to queue
[2022-11-12 11:22:12,382] {logging_mixin.py:109} INFO - [2022-11-12 11:22:12,382] {dagbag.py:496} INFO - Filling up the DagBag from /home/upm/.local/lib/python3.8/site-packages/airflow/example_dags/example_branch_datetime_operator.py
[2022-11-12 11:22:12,391] {processor.py:623} INFO - DAG(s) dict_keys(['example_branch_datetime_operator_2']) retrieved from /home/upm/.local/lib/python3.8/site-packages/airflow/example_dags/example_branch_datetime_operator.py
[2022-11-12 11:22:12,403] {logging_mixin.py:109} INFO - [2022-11-12 11:22:12,402] {dag.py:1834} INFO - Sync 1 DAGs
[2022-11-12 11:22:12,412] {logging_mixin.py:109} INFO - [2022-11-12 11:22:12,412] {dag.py:2287} INFO - Setting next_dagrun for example_branch_datetime_operator_2 to 2022-11-10 00:00:00+00:00
[2022-11-12 11:22:12,422] {processor.py:170} INFO - Processing /home/upm/.local/lib/python3.8/site-packages/airflow/example_dags/example_branch_datetime_operator.py took 0.044 seconds
[2022-11-12 11:22:42,923] {processor.py:162} INFO - Started process (PID=84615) to work on /home/upm/.local/lib/python3.8/site-packages/airflow/example_dags/example_branch_datetime_operator.py
[2022-11-12 11:22:42,925] {processor.py:613} INFO - Processing file /home/upm/.local/lib/python3.8/site-packages/airflow/example_dags/example_branch_datetime_operator.py for tasks to queue
[2022-11-12 11:22:42,925] {logging_mixin.py:109} INFO - [2022-11-12 11:22:42,925] {dagbag.py:496} INFO - Filling up the DagBag from /home/upm/.local/lib/python3.8/site-packages/airflow/example_dags/example_branch_datetime_operator.py
[2022-11-12 11:22:42,937] {processor.py:623} INFO - DAG(s) dict_keys(['example_branch_datetime_operator_2']) retrieved from /home/upm/.local/lib/python3.8/site-packages/airflow/example_dags/example_branch_datetime_operator.py
[2022-11-12 11:22:42,951] {logging_mixin.py:109} INFO - [2022-11-12 11:22:42,951] {dag.py:1834} INFO - Sync 1 DAGs
[2022-11-12 11:22:42,962] {logging_mixin.py:109} INFO - [2022-11-12 11:22:42,962] {dag.py:2287} INFO - Setting next_dagrun for example_branch_datetime_operator_2 to 2022-11-10 00:00:00+00:00
[2022-11-12 11:22:42,975] {processor.py:170} INFO - Processing /home/upm/.local/lib/python3.8/site-packages/airflow/example_dags/example_branch_datetime_operator.py took 0.055 seconds
[2022-11-12 11:27:31,597] {processor.py:162} INFO - Started process (PID=85245) to work on /home/upm/.local/lib/python3.8/site-packages/airflow/example_dags/example_branch_datetime_operator.py
[2022-11-12 11:27:31,600] {processor.py:613} INFO - Processing file /home/upm/.local/lib/python3.8/site-packages/airflow/example_dags/example_branch_datetime_operator.py for tasks to queue
[2022-11-12 11:27:31,600] {logging_mixin.py:109} INFO - [2022-11-12 11:27:31,600] {dagbag.py:496} INFO - Filling up the DagBag from /home/upm/.local/lib/python3.8/site-packages/airflow/example_dags/example_branch_datetime_operator.py
[2022-11-12 11:27:31,610] {processor.py:623} INFO - DAG(s) dict_keys(['example_branch_datetime_operator_2']) retrieved from /home/upm/.local/lib/python3.8/site-packages/airflow/example_dags/example_branch_datetime_operator.py
[2022-11-12 11:27:31,622] {logging_mixin.py:109} INFO - [2022-11-12 11:27:31,622] {dag.py:1834} INFO - Sync 1 DAGs
[2022-11-12 11:27:31,631] {logging_mixin.py:109} INFO - [2022-11-12 11:27:31,631] {dag.py:2287} INFO - Setting next_dagrun for example_branch_datetime_operator_2 to 2022-11-10 00:00:00+00:00
[2022-11-12 11:27:31,641] {processor.py:170} INFO - Processing /home/upm/.local/lib/python3.8/site-packages/airflow/example_dags/example_branch_datetime_operator.py took 0.045 seconds
[2022-11-12 11:28:03,886] {processor.py:162} INFO - Started process (PID=85522) to work on /home/upm/.local/lib/python3.8/site-packages/airflow/example_dags/example_branch_datetime_operator.py
[2022-11-12 11:28:03,887] {processor.py:613} INFO - Processing file /home/upm/.local/lib/python3.8/site-packages/airflow/example_dags/example_branch_datetime_operator.py for tasks to queue
[2022-11-12 11:28:03,887] {logging_mixin.py:109} INFO - [2022-11-12 11:28:03,887] {dagbag.py:496} INFO - Filling up the DagBag from /home/upm/.local/lib/python3.8/site-packages/airflow/example_dags/example_branch_datetime_operator.py
[2022-11-12 11:28:03,899] {processor.py:623} INFO - DAG(s) dict_keys(['example_branch_datetime_operator_2']) retrieved from /home/upm/.local/lib/python3.8/site-packages/airflow/example_dags/example_branch_datetime_operator.py
[2022-11-12 11:28:03,918] {logging_mixin.py:109} INFO - [2022-11-12 11:28:03,915] {dag.py:1834} INFO - Sync 1 DAGs
[2022-11-12 11:28:03,930] {logging_mixin.py:109} INFO - [2022-11-12 11:28:03,930] {dag.py:2287} INFO - Setting next_dagrun for example_branch_datetime_operator_2 to 2022-11-10 00:00:00+00:00
[2022-11-12 11:28:03,943] {processor.py:170} INFO - Processing /home/upm/.local/lib/python3.8/site-packages/airflow/example_dags/example_branch_datetime_operator.py took 0.061 seconds
[2022-11-12 11:29:37,486] {processor.py:162} INFO - Started process (PID=85835) to work on /home/upm/.local/lib/python3.8/site-packages/airflow/example_dags/example_branch_datetime_operator.py
[2022-11-12 11:29:37,489] {processor.py:613} INFO - Processing file /home/upm/.local/lib/python3.8/site-packages/airflow/example_dags/example_branch_datetime_operator.py for tasks to queue
[2022-11-12 11:29:37,490] {logging_mixin.py:109} INFO - [2022-11-12 11:29:37,490] {dagbag.py:496} INFO - Filling up the DagBag from /home/upm/.local/lib/python3.8/site-packages/airflow/example_dags/example_branch_datetime_operator.py
[2022-11-12 11:29:37,504] {processor.py:623} INFO - DAG(s) dict_keys(['example_branch_datetime_operator_2']) retrieved from /home/upm/.local/lib/python3.8/site-packages/airflow/example_dags/example_branch_datetime_operator.py
[2022-11-12 11:29:37,522] {logging_mixin.py:109} INFO - [2022-11-12 11:29:37,522] {dag.py:1834} INFO - Sync 1 DAGs
[2022-11-12 11:29:37,534] {logging_mixin.py:109} INFO - [2022-11-12 11:29:37,534] {dag.py:2287} INFO - Setting next_dagrun for example_branch_datetime_operator_2 to 2022-11-10 00:00:00+00:00
[2022-11-12 11:29:37,546] {processor.py:170} INFO - Processing /home/upm/.local/lib/python3.8/site-packages/airflow/example_dags/example_branch_datetime_operator.py took 0.065 seconds
[2022-11-12 11:30:09,741] {processor.py:162} INFO - Started process (PID=85945) to work on /home/upm/.local/lib/python3.8/site-packages/airflow/example_dags/example_branch_datetime_operator.py
[2022-11-12 11:30:09,743] {processor.py:613} INFO - Processing file /home/upm/.local/lib/python3.8/site-packages/airflow/example_dags/example_branch_datetime_operator.py for tasks to queue
[2022-11-12 11:30:09,743] {logging_mixin.py:109} INFO - [2022-11-12 11:30:09,743] {dagbag.py:496} INFO - Filling up the DagBag from /home/upm/.local/lib/python3.8/site-packages/airflow/example_dags/example_branch_datetime_operator.py
[2022-11-12 11:30:09,755] {processor.py:623} INFO - DAG(s) dict_keys(['example_branch_datetime_operator_2']) retrieved from /home/upm/.local/lib/python3.8/site-packages/airflow/example_dags/example_branch_datetime_operator.py
[2022-11-12 11:30:09,768] {logging_mixin.py:109} INFO - [2022-11-12 11:30:09,768] {dag.py:1834} INFO - Sync 1 DAGs
[2022-11-12 11:30:09,777] {logging_mixin.py:109} INFO - [2022-11-12 11:30:09,777] {dag.py:2287} INFO - Setting next_dagrun for example_branch_datetime_operator_2 to 2022-11-10 00:00:00+00:00
[2022-11-12 11:30:09,787] {processor.py:170} INFO - Processing /home/upm/.local/lib/python3.8/site-packages/airflow/example_dags/example_branch_datetime_operator.py took 0.050 seconds
[2022-11-12 11:30:40,345] {processor.py:162} INFO - Started process (PID=86159) to work on /home/upm/.local/lib/python3.8/site-packages/airflow/example_dags/example_branch_datetime_operator.py
[2022-11-12 11:30:40,348] {processor.py:613} INFO - Processing file /home/upm/.local/lib/python3.8/site-packages/airflow/example_dags/example_branch_datetime_operator.py for tasks to queue
[2022-11-12 11:30:40,349] {logging_mixin.py:109} INFO - [2022-11-12 11:30:40,349] {dagbag.py:496} INFO - Filling up the DagBag from /home/upm/.local/lib/python3.8/site-packages/airflow/example_dags/example_branch_datetime_operator.py
[2022-11-12 11:30:40,365] {processor.py:623} INFO - DAG(s) dict_keys(['example_branch_datetime_operator_2']) retrieved from /home/upm/.local/lib/python3.8/site-packages/airflow/example_dags/example_branch_datetime_operator.py
[2022-11-12 11:30:40,387] {logging_mixin.py:109} INFO - [2022-11-12 11:30:40,386] {dag.py:1834} INFO - Sync 1 DAGs
[2022-11-12 11:30:40,400] {logging_mixin.py:109} INFO - [2022-11-12 11:30:40,400] {dag.py:2287} INFO - Setting next_dagrun for example_branch_datetime_operator_2 to 2022-11-10 00:00:00+00:00
[2022-11-12 11:30:40,415] {processor.py:170} INFO - Processing /home/upm/.local/lib/python3.8/site-packages/airflow/example_dags/example_branch_datetime_operator.py took 0.074 seconds
[2022-11-12 11:31:13,245] {processor.py:162} INFO - Started process (PID=86280) to work on /home/upm/.local/lib/python3.8/site-packages/airflow/example_dags/example_branch_datetime_operator.py
[2022-11-12 11:31:13,246] {processor.py:613} INFO - Processing file /home/upm/.local/lib/python3.8/site-packages/airflow/example_dags/example_branch_datetime_operator.py for tasks to queue
[2022-11-12 11:31:13,247] {logging_mixin.py:109} INFO - [2022-11-12 11:31:13,247] {dagbag.py:496} INFO - Filling up the DagBag from /home/upm/.local/lib/python3.8/site-packages/airflow/example_dags/example_branch_datetime_operator.py
[2022-11-12 11:31:13,257] {processor.py:623} INFO - DAG(s) dict_keys(['example_branch_datetime_operator_2']) retrieved from /home/upm/.local/lib/python3.8/site-packages/airflow/example_dags/example_branch_datetime_operator.py
[2022-11-12 11:31:13,272] {logging_mixin.py:109} INFO - [2022-11-12 11:31:13,272] {dag.py:1834} INFO - Sync 1 DAGs
[2022-11-12 11:31:13,285] {logging_mixin.py:109} INFO - [2022-11-12 11:31:13,285] {dag.py:2287} INFO - Setting next_dagrun for example_branch_datetime_operator_2 to 2022-11-10 00:00:00+00:00
[2022-11-12 11:31:13,299] {processor.py:170} INFO - Processing /home/upm/.local/lib/python3.8/site-packages/airflow/example_dags/example_branch_datetime_operator.py took 0.057 seconds
[2022-11-12 11:31:44,843] {processor.py:162} INFO - Started process (PID=86502) to work on /home/upm/.local/lib/python3.8/site-packages/airflow/example_dags/example_branch_datetime_operator.py
[2022-11-12 11:31:44,844] {processor.py:613} INFO - Processing file /home/upm/.local/lib/python3.8/site-packages/airflow/example_dags/example_branch_datetime_operator.py for tasks to queue
[2022-11-12 11:31:44,844] {logging_mixin.py:109} INFO - [2022-11-12 11:31:44,844] {dagbag.py:496} INFO - Filling up the DagBag from /home/upm/.local/lib/python3.8/site-packages/airflow/example_dags/example_branch_datetime_operator.py
[2022-11-12 11:31:44,858] {processor.py:623} INFO - DAG(s) dict_keys(['example_branch_datetime_operator_2']) retrieved from /home/upm/.local/lib/python3.8/site-packages/airflow/example_dags/example_branch_datetime_operator.py
[2022-11-12 11:31:44,869] {logging_mixin.py:109} INFO - [2022-11-12 11:31:44,869] {dag.py:1834} INFO - Sync 1 DAGs
[2022-11-12 11:31:44,878] {logging_mixin.py:109} INFO - [2022-11-12 11:31:44,878] {dag.py:2287} INFO - Setting next_dagrun for example_branch_datetime_operator_2 to 2022-11-10 00:00:00+00:00
[2022-11-12 11:31:44,887] {processor.py:170} INFO - Processing /home/upm/.local/lib/python3.8/site-packages/airflow/example_dags/example_branch_datetime_operator.py took 0.047 seconds
[2022-11-12 11:32:17,112] {processor.py:162} INFO - Started process (PID=86677) to work on /home/upm/.local/lib/python3.8/site-packages/airflow/example_dags/example_branch_datetime_operator.py
[2022-11-12 11:32:17,114] {processor.py:613} INFO - Processing file /home/upm/.local/lib/python3.8/site-packages/airflow/example_dags/example_branch_datetime_operator.py for tasks to queue
[2022-11-12 11:32:17,114] {logging_mixin.py:109} INFO - [2022-11-12 11:32:17,114] {dagbag.py:496} INFO - Filling up the DagBag from /home/upm/.local/lib/python3.8/site-packages/airflow/example_dags/example_branch_datetime_operator.py
[2022-11-12 11:32:17,126] {processor.py:623} INFO - DAG(s) dict_keys(['example_branch_datetime_operator_2']) retrieved from /home/upm/.local/lib/python3.8/site-packages/airflow/example_dags/example_branch_datetime_operator.py
[2022-11-12 11:32:17,137] {logging_mixin.py:109} INFO - [2022-11-12 11:32:17,137] {dag.py:1834} INFO - Sync 1 DAGs
[2022-11-12 11:32:17,146] {logging_mixin.py:109} INFO - [2022-11-12 11:32:17,146] {dag.py:2287} INFO - Setting next_dagrun for example_branch_datetime_operator_2 to 2022-11-10 00:00:00+00:00
[2022-11-12 11:32:17,156] {processor.py:170} INFO - Processing /home/upm/.local/lib/python3.8/site-packages/airflow/example_dags/example_branch_datetime_operator.py took 0.046 seconds
[2022-11-12 11:32:50,519] {processor.py:162} INFO - Started process (PID=86822) to work on /home/upm/.local/lib/python3.8/site-packages/airflow/example_dags/example_branch_datetime_operator.py
[2022-11-12 11:32:50,520] {processor.py:613} INFO - Processing file /home/upm/.local/lib/python3.8/site-packages/airflow/example_dags/example_branch_datetime_operator.py for tasks to queue
[2022-11-12 11:32:50,521] {logging_mixin.py:109} INFO - [2022-11-12 11:32:50,521] {dagbag.py:496} INFO - Filling up the DagBag from /home/upm/.local/lib/python3.8/site-packages/airflow/example_dags/example_branch_datetime_operator.py
[2022-11-12 11:32:50,531] {processor.py:623} INFO - DAG(s) dict_keys(['example_branch_datetime_operator_2']) retrieved from /home/upm/.local/lib/python3.8/site-packages/airflow/example_dags/example_branch_datetime_operator.py
[2022-11-12 11:32:50,541] {logging_mixin.py:109} INFO - [2022-11-12 11:32:50,541] {dag.py:1834} INFO - Sync 1 DAGs
[2022-11-12 11:32:50,550] {logging_mixin.py:109} INFO - [2022-11-12 11:32:50,550] {dag.py:2287} INFO - Setting next_dagrun for example_branch_datetime_operator_2 to 2022-11-10 00:00:00+00:00
[2022-11-12 11:32:50,560] {processor.py:170} INFO - Processing /home/upm/.local/lib/python3.8/site-packages/airflow/example_dags/example_branch_datetime_operator.py took 0.043 seconds
