[2022-11-12 11:06:15,541] {processor.py:162} INFO - Started process (PID=81792) to work on /home/upm/.local/lib/python3.8/site-packages/airflow/example_dags/example_subdag_operator.py
[2022-11-12 11:06:15,541] {processor.py:613} INFO - Processing file /home/upm/.local/lib/python3.8/site-packages/airflow/example_dags/example_subdag_operator.py for tasks to queue
[2022-11-12 11:06:15,542] {logging_mixin.py:109} INFO - [2022-11-12 11:06:15,542] {dagbag.py:496} INFO - Filling up the DagBag from /home/upm/.local/lib/python3.8/site-packages/airflow/example_dags/example_subdag_operator.py
[2022-11-12 11:06:15,559] {processor.py:623} INFO - DAG(s) dict_keys(['example_subdag_operator.section-1', 'example_subdag_operator.section-2', 'example_subdag_operator']) retrieved from /home/upm/.local/lib/python3.8/site-packages/airflow/example_dags/example_subdag_operator.py
[2022-11-12 11:06:15,568] {logging_mixin.py:109} INFO - [2022-11-12 11:06:15,568] {dag.py:1834} INFO - Sync 3 DAGs
[2022-11-12 11:06:15,574] {logging_mixin.py:109} INFO - [2022-11-12 11:06:15,574] {dag.py:2287} INFO - Setting next_dagrun for example_subdag_operator to 2022-11-10 00:00:00+00:00
[2022-11-12 11:06:15,575] {logging_mixin.py:109} INFO - [2022-11-12 11:06:15,575] {dag.py:2287} INFO - Setting next_dagrun for example_subdag_operator.section-1 to None
[2022-11-12 11:06:15,575] {logging_mixin.py:109} INFO - [2022-11-12 11:06:15,575] {dag.py:2287} INFO - Setting next_dagrun for example_subdag_operator.section-2 to None
[2022-11-12 11:06:15,582] {logging_mixin.py:109} INFO - [2022-11-12 11:06:15,581] {dag.py:1834} INFO - Sync 2 DAGs
[2022-11-12 11:06:15,585] {logging_mixin.py:109} INFO - [2022-11-12 11:06:15,585] {dag.py:2287} INFO - Setting next_dagrun for example_subdag_operator.section-1 to None
[2022-11-12 11:06:15,585] {logging_mixin.py:109} INFO - [2022-11-12 11:06:15,585] {dag.py:2287} INFO - Setting next_dagrun for example_subdag_operator.section-2 to None
[2022-11-12 11:06:15,591] {processor.py:170} INFO - Processing /home/upm/.local/lib/python3.8/site-packages/airflow/example_dags/example_subdag_operator.py took 0.052 seconds
[2022-11-12 11:06:47,023] {processor.py:162} INFO - Started process (PID=81966) to work on /home/upm/.local/lib/python3.8/site-packages/airflow/example_dags/example_subdag_operator.py
[2022-11-12 11:06:47,034] {processor.py:613} INFO - Processing file /home/upm/.local/lib/python3.8/site-packages/airflow/example_dags/example_subdag_operator.py for tasks to queue
[2022-11-12 11:06:47,035] {logging_mixin.py:109} INFO - [2022-11-12 11:06:47,035] {dagbag.py:496} INFO - Filling up the DagBag from /home/upm/.local/lib/python3.8/site-packages/airflow/example_dags/example_subdag_operator.py
[2022-11-12 11:06:47,076] {processor.py:623} INFO - DAG(s) dict_keys(['example_subdag_operator.section-1', 'example_subdag_operator.section-2', 'example_subdag_operator']) retrieved from /home/upm/.local/lib/python3.8/site-packages/airflow/example_dags/example_subdag_operator.py
[2022-11-12 11:06:47,104] {logging_mixin.py:109} INFO - [2022-11-12 11:06:47,104] {dag.py:1834} INFO - Sync 3 DAGs
[2022-11-12 11:06:47,115] {logging_mixin.py:109} INFO - [2022-11-12 11:06:47,115] {dag.py:2287} INFO - Setting next_dagrun for example_subdag_operator to 2022-11-10 00:00:00+00:00
[2022-11-12 11:06:47,116] {logging_mixin.py:109} INFO - [2022-11-12 11:06:47,116] {dag.py:2287} INFO - Setting next_dagrun for example_subdag_operator.section-1 to None
[2022-11-12 11:06:47,116] {logging_mixin.py:109} INFO - [2022-11-12 11:06:47,116] {dag.py:2287} INFO - Setting next_dagrun for example_subdag_operator.section-2 to None
[2022-11-12 11:06:47,132] {logging_mixin.py:109} INFO - [2022-11-12 11:06:47,132] {dag.py:1834} INFO - Sync 2 DAGs
[2022-11-12 11:06:47,136] {logging_mixin.py:109} INFO - [2022-11-12 11:06:47,136] {dag.py:2287} INFO - Setting next_dagrun for example_subdag_operator.section-1 to None
[2022-11-12 11:06:47,137] {logging_mixin.py:109} INFO - [2022-11-12 11:06:47,137] {dag.py:2287} INFO - Setting next_dagrun for example_subdag_operator.section-2 to None
[2022-11-12 11:06:47,163] {processor.py:170} INFO - Processing /home/upm/.local/lib/python3.8/site-packages/airflow/example_dags/example_subdag_operator.py took 0.143 seconds
[2022-11-12 11:07:19,591] {processor.py:162} INFO - Started process (PID=82085) to work on /home/upm/.local/lib/python3.8/site-packages/airflow/example_dags/example_subdag_operator.py
[2022-11-12 11:07:19,592] {processor.py:613} INFO - Processing file /home/upm/.local/lib/python3.8/site-packages/airflow/example_dags/example_subdag_operator.py for tasks to queue
[2022-11-12 11:07:19,592] {logging_mixin.py:109} INFO - [2022-11-12 11:07:19,592] {dagbag.py:496} INFO - Filling up the DagBag from /home/upm/.local/lib/python3.8/site-packages/airflow/example_dags/example_subdag_operator.py
[2022-11-12 11:07:19,612] {processor.py:623} INFO - DAG(s) dict_keys(['example_subdag_operator.section-1', 'example_subdag_operator.section-2', 'example_subdag_operator']) retrieved from /home/upm/.local/lib/python3.8/site-packages/airflow/example_dags/example_subdag_operator.py
[2022-11-12 11:07:19,620] {logging_mixin.py:109} INFO - [2022-11-12 11:07:19,620] {dag.py:1834} INFO - Sync 3 DAGs
[2022-11-12 11:07:19,626] {logging_mixin.py:109} INFO - [2022-11-12 11:07:19,626] {dag.py:2287} INFO - Setting next_dagrun for example_subdag_operator to 2022-11-10 00:00:00+00:00
[2022-11-12 11:07:19,627] {logging_mixin.py:109} INFO - [2022-11-12 11:07:19,627] {dag.py:2287} INFO - Setting next_dagrun for example_subdag_operator.section-1 to None
[2022-11-12 11:07:19,627] {logging_mixin.py:109} INFO - [2022-11-12 11:07:19,627] {dag.py:2287} INFO - Setting next_dagrun for example_subdag_operator.section-2 to None
[2022-11-12 11:07:19,636] {logging_mixin.py:109} INFO - [2022-11-12 11:07:19,635] {dag.py:1834} INFO - Sync 2 DAGs
[2022-11-12 11:07:19,640] {logging_mixin.py:109} INFO - [2022-11-12 11:07:19,640] {dag.py:2287} INFO - Setting next_dagrun for example_subdag_operator.section-1 to None
[2022-11-12 11:07:19,640] {logging_mixin.py:109} INFO - [2022-11-12 11:07:19,640] {dag.py:2287} INFO - Setting next_dagrun for example_subdag_operator.section-2 to None
[2022-11-12 11:07:19,646] {processor.py:170} INFO - Processing /home/upm/.local/lib/python3.8/site-packages/airflow/example_dags/example_subdag_operator.py took 0.057 seconds
[2022-11-12 11:07:51,708] {processor.py:162} INFO - Started process (PID=82214) to work on /home/upm/.local/lib/python3.8/site-packages/airflow/example_dags/example_subdag_operator.py
[2022-11-12 11:07:51,710] {processor.py:613} INFO - Processing file /home/upm/.local/lib/python3.8/site-packages/airflow/example_dags/example_subdag_operator.py for tasks to queue
[2022-11-12 11:07:51,711] {logging_mixin.py:109} INFO - [2022-11-12 11:07:51,711] {dagbag.py:496} INFO - Filling up the DagBag from /home/upm/.local/lib/python3.8/site-packages/airflow/example_dags/example_subdag_operator.py
[2022-11-12 11:07:51,737] {processor.py:623} INFO - DAG(s) dict_keys(['example_subdag_operator.section-1', 'example_subdag_operator.section-2', 'example_subdag_operator']) retrieved from /home/upm/.local/lib/python3.8/site-packages/airflow/example_dags/example_subdag_operator.py
[2022-11-12 11:07:51,748] {logging_mixin.py:109} INFO - [2022-11-12 11:07:51,748] {dag.py:1834} INFO - Sync 3 DAGs
[2022-11-12 11:07:51,757] {logging_mixin.py:109} INFO - [2022-11-12 11:07:51,757] {dag.py:2287} INFO - Setting next_dagrun for example_subdag_operator to 2022-11-10 00:00:00+00:00
[2022-11-12 11:07:51,757] {logging_mixin.py:109} INFO - [2022-11-12 11:07:51,757] {dag.py:2287} INFO - Setting next_dagrun for example_subdag_operator.section-1 to None
[2022-11-12 11:07:51,758] {logging_mixin.py:109} INFO - [2022-11-12 11:07:51,758] {dag.py:2287} INFO - Setting next_dagrun for example_subdag_operator.section-2 to None
[2022-11-12 11:07:51,767] {logging_mixin.py:109} INFO - [2022-11-12 11:07:51,766] {dag.py:1834} INFO - Sync 2 DAGs
[2022-11-12 11:07:51,773] {logging_mixin.py:109} INFO - [2022-11-12 11:07:51,772] {dag.py:2287} INFO - Setting next_dagrun for example_subdag_operator.section-1 to None
[2022-11-12 11:07:51,773] {logging_mixin.py:109} INFO - [2022-11-12 11:07:51,773] {dag.py:2287} INFO - Setting next_dagrun for example_subdag_operator.section-2 to None
[2022-11-12 11:07:51,781] {processor.py:170} INFO - Processing /home/upm/.local/lib/python3.8/site-packages/airflow/example_dags/example_subdag_operator.py took 0.076 seconds
[2022-11-12 11:10:34,959] {processor.py:162} INFO - Started process (PID=82333) to work on /home/upm/.local/lib/python3.8/site-packages/airflow/example_dags/example_subdag_operator.py
[2022-11-12 11:10:34,962] {processor.py:613} INFO - Processing file /home/upm/.local/lib/python3.8/site-packages/airflow/example_dags/example_subdag_operator.py for tasks to queue
[2022-11-12 11:10:34,962] {logging_mixin.py:109} INFO - [2022-11-12 11:10:34,962] {dagbag.py:496} INFO - Filling up the DagBag from /home/upm/.local/lib/python3.8/site-packages/airflow/example_dags/example_subdag_operator.py
[2022-11-12 11:10:34,983] {processor.py:623} INFO - DAG(s) dict_keys(['example_subdag_operator.section-1', 'example_subdag_operator.section-2', 'example_subdag_operator']) retrieved from /home/upm/.local/lib/python3.8/site-packages/airflow/example_dags/example_subdag_operator.py
[2022-11-12 11:10:34,995] {logging_mixin.py:109} INFO - [2022-11-12 11:10:34,995] {dag.py:1834} INFO - Sync 3 DAGs
[2022-11-12 11:10:35,002] {logging_mixin.py:109} INFO - [2022-11-12 11:10:35,002] {dag.py:2287} INFO - Setting next_dagrun for example_subdag_operator to 2022-11-10 00:00:00+00:00
[2022-11-12 11:10:35,003] {logging_mixin.py:109} INFO - [2022-11-12 11:10:35,003] {dag.py:2287} INFO - Setting next_dagrun for example_subdag_operator.section-1 to None
[2022-11-12 11:10:35,003] {logging_mixin.py:109} INFO - [2022-11-12 11:10:35,003] {dag.py:2287} INFO - Setting next_dagrun for example_subdag_operator.section-2 to None
[2022-11-12 11:10:35,014] {logging_mixin.py:109} INFO - [2022-11-12 11:10:35,013] {dag.py:1834} INFO - Sync 2 DAGs
[2022-11-12 11:10:35,018] {logging_mixin.py:109} INFO - [2022-11-12 11:10:35,018] {dag.py:2287} INFO - Setting next_dagrun for example_subdag_operator.section-1 to None
[2022-11-12 11:10:35,018] {logging_mixin.py:109} INFO - [2022-11-12 11:10:35,018] {dag.py:2287} INFO - Setting next_dagrun for example_subdag_operator.section-2 to None
[2022-11-12 11:10:35,026] {processor.py:170} INFO - Processing /home/upm/.local/lib/python3.8/site-packages/airflow/example_dags/example_subdag_operator.py took 0.069 seconds
[2022-11-12 11:11:06,233] {processor.py:162} INFO - Started process (PID=82446) to work on /home/upm/.local/lib/python3.8/site-packages/airflow/example_dags/example_subdag_operator.py
[2022-11-12 11:11:06,234] {processor.py:613} INFO - Processing file /home/upm/.local/lib/python3.8/site-packages/airflow/example_dags/example_subdag_operator.py for tasks to queue
[2022-11-12 11:11:06,235] {logging_mixin.py:109} INFO - [2022-11-12 11:11:06,235] {dagbag.py:496} INFO - Filling up the DagBag from /home/upm/.local/lib/python3.8/site-packages/airflow/example_dags/example_subdag_operator.py
[2022-11-12 11:11:06,253] {processor.py:623} INFO - DAG(s) dict_keys(['example_subdag_operator.section-1', 'example_subdag_operator.section-2', 'example_subdag_operator']) retrieved from /home/upm/.local/lib/python3.8/site-packages/airflow/example_dags/example_subdag_operator.py
[2022-11-12 11:11:06,260] {logging_mixin.py:109} INFO - [2022-11-12 11:11:06,260] {dag.py:1834} INFO - Sync 3 DAGs
[2022-11-12 11:11:06,268] {logging_mixin.py:109} INFO - [2022-11-12 11:11:06,268] {dag.py:2287} INFO - Setting next_dagrun for example_subdag_operator to 2022-11-10 00:00:00+00:00
[2022-11-12 11:11:06,268] {logging_mixin.py:109} INFO - [2022-11-12 11:11:06,268] {dag.py:2287} INFO - Setting next_dagrun for example_subdag_operator.section-1 to None
[2022-11-12 11:11:06,269] {logging_mixin.py:109} INFO - [2022-11-12 11:11:06,268] {dag.py:2287} INFO - Setting next_dagrun for example_subdag_operator.section-2 to None
[2022-11-12 11:11:06,278] {logging_mixin.py:109} INFO - [2022-11-12 11:11:06,278] {dag.py:1834} INFO - Sync 2 DAGs
[2022-11-12 11:11:06,282] {logging_mixin.py:109} INFO - [2022-11-12 11:11:06,282] {dag.py:2287} INFO - Setting next_dagrun for example_subdag_operator.section-1 to None
[2022-11-12 11:11:06,282] {logging_mixin.py:109} INFO - [2022-11-12 11:11:06,282] {dag.py:2287} INFO - Setting next_dagrun for example_subdag_operator.section-2 to None
[2022-11-12 11:11:06,289] {processor.py:170} INFO - Processing /home/upm/.local/lib/python3.8/site-packages/airflow/example_dags/example_subdag_operator.py took 0.057 seconds
[2022-11-12 11:11:37,346] {processor.py:162} INFO - Started process (PID=82559) to work on /home/upm/.local/lib/python3.8/site-packages/airflow/example_dags/example_subdag_operator.py
[2022-11-12 11:11:37,349] {processor.py:613} INFO - Processing file /home/upm/.local/lib/python3.8/site-packages/airflow/example_dags/example_subdag_operator.py for tasks to queue
[2022-11-12 11:11:37,350] {logging_mixin.py:109} INFO - [2022-11-12 11:11:37,350] {dagbag.py:496} INFO - Filling up the DagBag from /home/upm/.local/lib/python3.8/site-packages/airflow/example_dags/example_subdag_operator.py
[2022-11-12 11:11:37,380] {processor.py:623} INFO - DAG(s) dict_keys(['example_subdag_operator.section-1', 'example_subdag_operator.section-2', 'example_subdag_operator']) retrieved from /home/upm/.local/lib/python3.8/site-packages/airflow/example_dags/example_subdag_operator.py
[2022-11-12 11:11:37,392] {logging_mixin.py:109} INFO - [2022-11-12 11:11:37,391] {dag.py:1834} INFO - Sync 3 DAGs
[2022-11-12 11:11:37,402] {logging_mixin.py:109} INFO - [2022-11-12 11:11:37,402] {dag.py:2287} INFO - Setting next_dagrun for example_subdag_operator to 2022-11-10 00:00:00+00:00
[2022-11-12 11:11:37,403] {logging_mixin.py:109} INFO - [2022-11-12 11:11:37,403] {dag.py:2287} INFO - Setting next_dagrun for example_subdag_operator.section-1 to None
[2022-11-12 11:11:37,403] {logging_mixin.py:109} INFO - [2022-11-12 11:11:37,403] {dag.py:2287} INFO - Setting next_dagrun for example_subdag_operator.section-2 to None
[2022-11-12 11:11:37,413] {logging_mixin.py:109} INFO - [2022-11-12 11:11:37,413] {dag.py:1834} INFO - Sync 2 DAGs
[2022-11-12 11:11:37,418] {logging_mixin.py:109} INFO - [2022-11-12 11:11:37,418] {dag.py:2287} INFO - Setting next_dagrun for example_subdag_operator.section-1 to None
[2022-11-12 11:11:37,418] {logging_mixin.py:109} INFO - [2022-11-12 11:11:37,418] {dag.py:2287} INFO - Setting next_dagrun for example_subdag_operator.section-2 to None
[2022-11-12 11:11:37,425] {processor.py:170} INFO - Processing /home/upm/.local/lib/python3.8/site-packages/airflow/example_dags/example_subdag_operator.py took 0.082 seconds
[2022-11-12 11:12:09,888] {processor.py:162} INFO - Started process (PID=82665) to work on /home/upm/.local/lib/python3.8/site-packages/airflow/example_dags/example_subdag_operator.py
[2022-11-12 11:12:09,889] {processor.py:613} INFO - Processing file /home/upm/.local/lib/python3.8/site-packages/airflow/example_dags/example_subdag_operator.py for tasks to queue
[2022-11-12 11:12:09,890] {logging_mixin.py:109} INFO - [2022-11-12 11:12:09,890] {dagbag.py:496} INFO - Filling up the DagBag from /home/upm/.local/lib/python3.8/site-packages/airflow/example_dags/example_subdag_operator.py
[2022-11-12 11:12:09,908] {processor.py:623} INFO - DAG(s) dict_keys(['example_subdag_operator.section-1', 'example_subdag_operator.section-2', 'example_subdag_operator']) retrieved from /home/upm/.local/lib/python3.8/site-packages/airflow/example_dags/example_subdag_operator.py
[2022-11-12 11:12:09,917] {logging_mixin.py:109} INFO - [2022-11-12 11:12:09,916] {dag.py:1834} INFO - Sync 3 DAGs
[2022-11-12 11:12:09,923] {logging_mixin.py:109} INFO - [2022-11-12 11:12:09,923] {dag.py:2287} INFO - Setting next_dagrun for example_subdag_operator to 2022-11-10 00:00:00+00:00
[2022-11-12 11:12:09,924] {logging_mixin.py:109} INFO - [2022-11-12 11:12:09,924] {dag.py:2287} INFO - Setting next_dagrun for example_subdag_operator.section-1 to None
[2022-11-12 11:12:09,924] {logging_mixin.py:109} INFO - [2022-11-12 11:12:09,924] {dag.py:2287} INFO - Setting next_dagrun for example_subdag_operator.section-2 to None
[2022-11-12 11:12:09,933] {logging_mixin.py:109} INFO - [2022-11-12 11:12:09,933] {dag.py:1834} INFO - Sync 2 DAGs
[2022-11-12 11:12:09,937] {logging_mixin.py:109} INFO - [2022-11-12 11:12:09,937] {dag.py:2287} INFO - Setting next_dagrun for example_subdag_operator.section-1 to None
[2022-11-12 11:12:09,937] {logging_mixin.py:109} INFO - [2022-11-12 11:12:09,937] {dag.py:2287} INFO - Setting next_dagrun for example_subdag_operator.section-2 to None
[2022-11-12 11:12:09,944] {processor.py:170} INFO - Processing /home/upm/.local/lib/python3.8/site-packages/airflow/example_dags/example_subdag_operator.py took 0.058 seconds
[2022-11-12 11:13:17,600] {processor.py:162} INFO - Started process (PID=82809) to work on /home/upm/.local/lib/python3.8/site-packages/airflow/example_dags/example_subdag_operator.py
[2022-11-12 11:13:17,601] {processor.py:613} INFO - Processing file /home/upm/.local/lib/python3.8/site-packages/airflow/example_dags/example_subdag_operator.py for tasks to queue
[2022-11-12 11:13:17,602] {logging_mixin.py:109} INFO - [2022-11-12 11:13:17,602] {dagbag.py:496} INFO - Filling up the DagBag from /home/upm/.local/lib/python3.8/site-packages/airflow/example_dags/example_subdag_operator.py
[2022-11-12 11:13:17,621] {processor.py:623} INFO - DAG(s) dict_keys(['example_subdag_operator.section-1', 'example_subdag_operator.section-2', 'example_subdag_operator']) retrieved from /home/upm/.local/lib/python3.8/site-packages/airflow/example_dags/example_subdag_operator.py
[2022-11-12 11:13:17,635] {logging_mixin.py:109} INFO - [2022-11-12 11:13:17,634] {dag.py:1834} INFO - Sync 3 DAGs
[2022-11-12 11:13:17,645] {logging_mixin.py:109} INFO - [2022-11-12 11:13:17,645] {dag.py:2287} INFO - Setting next_dagrun for example_subdag_operator to 2022-11-10 00:00:00+00:00
[2022-11-12 11:13:17,646] {logging_mixin.py:109} INFO - [2022-11-12 11:13:17,646] {dag.py:2287} INFO - Setting next_dagrun for example_subdag_operator.section-1 to None
[2022-11-12 11:13:17,646] {logging_mixin.py:109} INFO - [2022-11-12 11:13:17,646] {dag.py:2287} INFO - Setting next_dagrun for example_subdag_operator.section-2 to None
[2022-11-12 11:13:17,654] {logging_mixin.py:109} INFO - [2022-11-12 11:13:17,654] {dag.py:1834} INFO - Sync 2 DAGs
[2022-11-12 11:13:17,660] {logging_mixin.py:109} INFO - [2022-11-12 11:13:17,660] {dag.py:2287} INFO - Setting next_dagrun for example_subdag_operator.section-1 to None
[2022-11-12 11:13:17,661] {logging_mixin.py:109} INFO - [2022-11-12 11:13:17,661] {dag.py:2287} INFO - Setting next_dagrun for example_subdag_operator.section-2 to None
[2022-11-12 11:13:17,669] {processor.py:170} INFO - Processing /home/upm/.local/lib/python3.8/site-packages/airflow/example_dags/example_subdag_operator.py took 0.072 seconds
[2022-11-12 11:13:50,053] {processor.py:162} INFO - Started process (PID=82957) to work on /home/upm/.local/lib/python3.8/site-packages/airflow/example_dags/example_subdag_operator.py
[2022-11-12 11:13:50,054] {processor.py:613} INFO - Processing file /home/upm/.local/lib/python3.8/site-packages/airflow/example_dags/example_subdag_operator.py for tasks to queue
[2022-11-12 11:13:50,055] {logging_mixin.py:109} INFO - [2022-11-12 11:13:50,055] {dagbag.py:496} INFO - Filling up the DagBag from /home/upm/.local/lib/python3.8/site-packages/airflow/example_dags/example_subdag_operator.py
[2022-11-12 11:13:50,079] {processor.py:623} INFO - DAG(s) dict_keys(['example_subdag_operator.section-1', 'example_subdag_operator.section-2', 'example_subdag_operator']) retrieved from /home/upm/.local/lib/python3.8/site-packages/airflow/example_dags/example_subdag_operator.py
[2022-11-12 11:13:50,087] {logging_mixin.py:109} INFO - [2022-11-12 11:13:50,087] {dag.py:1834} INFO - Sync 3 DAGs
[2022-11-12 11:13:50,093] {logging_mixin.py:109} INFO - [2022-11-12 11:13:50,093] {dag.py:2287} INFO - Setting next_dagrun for example_subdag_operator to 2022-11-10 00:00:00+00:00
[2022-11-12 11:13:50,093] {logging_mixin.py:109} INFO - [2022-11-12 11:13:50,093] {dag.py:2287} INFO - Setting next_dagrun for example_subdag_operator.section-1 to None
[2022-11-12 11:13:50,093] {logging_mixin.py:109} INFO - [2022-11-12 11:13:50,093] {dag.py:2287} INFO - Setting next_dagrun for example_subdag_operator.section-2 to None
[2022-11-12 11:13:50,102] {logging_mixin.py:109} INFO - [2022-11-12 11:13:50,102] {dag.py:1834} INFO - Sync 2 DAGs
[2022-11-12 11:13:50,105] {logging_mixin.py:109} INFO - [2022-11-12 11:13:50,105] {dag.py:2287} INFO - Setting next_dagrun for example_subdag_operator.section-1 to None
[2022-11-12 11:13:50,106] {logging_mixin.py:109} INFO - [2022-11-12 11:13:50,106] {dag.py:2287} INFO - Setting next_dagrun for example_subdag_operator.section-2 to None
[2022-11-12 11:13:50,112] {processor.py:170} INFO - Processing /home/upm/.local/lib/python3.8/site-packages/airflow/example_dags/example_subdag_operator.py took 0.063 seconds
[2022-11-12 11:14:22,345] {processor.py:162} INFO - Started process (PID=83176) to work on /home/upm/.local/lib/python3.8/site-packages/airflow/example_dags/example_subdag_operator.py
[2022-11-12 11:14:22,347] {processor.py:613} INFO - Processing file /home/upm/.local/lib/python3.8/site-packages/airflow/example_dags/example_subdag_operator.py for tasks to queue
[2022-11-12 11:14:22,347] {logging_mixin.py:109} INFO - [2022-11-12 11:14:22,347] {dagbag.py:496} INFO - Filling up the DagBag from /home/upm/.local/lib/python3.8/site-packages/airflow/example_dags/example_subdag_operator.py
[2022-11-12 11:14:22,367] {processor.py:623} INFO - DAG(s) dict_keys(['example_subdag_operator.section-1', 'example_subdag_operator.section-2', 'example_subdag_operator']) retrieved from /home/upm/.local/lib/python3.8/site-packages/airflow/example_dags/example_subdag_operator.py
[2022-11-12 11:14:22,375] {logging_mixin.py:109} INFO - [2022-11-12 11:14:22,374] {dag.py:1834} INFO - Sync 3 DAGs
[2022-11-12 11:14:22,380] {logging_mixin.py:109} INFO - [2022-11-12 11:14:22,380] {dag.py:2287} INFO - Setting next_dagrun for example_subdag_operator to 2022-11-10 00:00:00+00:00
[2022-11-12 11:14:22,381] {logging_mixin.py:109} INFO - [2022-11-12 11:14:22,381] {dag.py:2287} INFO - Setting next_dagrun for example_subdag_operator.section-1 to None
[2022-11-12 11:14:22,381] {logging_mixin.py:109} INFO - [2022-11-12 11:14:22,381] {dag.py:2287} INFO - Setting next_dagrun for example_subdag_operator.section-2 to None
[2022-11-12 11:14:22,389] {logging_mixin.py:109} INFO - [2022-11-12 11:14:22,389] {dag.py:1834} INFO - Sync 2 DAGs
[2022-11-12 11:14:22,392] {logging_mixin.py:109} INFO - [2022-11-12 11:14:22,392] {dag.py:2287} INFO - Setting next_dagrun for example_subdag_operator.section-1 to None
[2022-11-12 11:14:22,393] {logging_mixin.py:109} INFO - [2022-11-12 11:14:22,393] {dag.py:2287} INFO - Setting next_dagrun for example_subdag_operator.section-2 to None
[2022-11-12 11:14:22,398] {processor.py:170} INFO - Processing /home/upm/.local/lib/python3.8/site-packages/airflow/example_dags/example_subdag_operator.py took 0.056 seconds
[2022-11-12 11:16:46,892] {processor.py:162} INFO - Started process (PID=83470) to work on /home/upm/.local/lib/python3.8/site-packages/airflow/example_dags/example_subdag_operator.py
[2022-11-12 11:16:46,895] {processor.py:613} INFO - Processing file /home/upm/.local/lib/python3.8/site-packages/airflow/example_dags/example_subdag_operator.py for tasks to queue
[2022-11-12 11:16:46,896] {logging_mixin.py:109} INFO - [2022-11-12 11:16:46,895] {dagbag.py:496} INFO - Filling up the DagBag from /home/upm/.local/lib/python3.8/site-packages/airflow/example_dags/example_subdag_operator.py
[2022-11-12 11:16:46,922] {processor.py:623} INFO - DAG(s) dict_keys(['example_subdag_operator.section-1', 'example_subdag_operator.section-2', 'example_subdag_operator']) retrieved from /home/upm/.local/lib/python3.8/site-packages/airflow/example_dags/example_subdag_operator.py
[2022-11-12 11:16:46,935] {logging_mixin.py:109} INFO - [2022-11-12 11:16:46,935] {dag.py:1834} INFO - Sync 3 DAGs
[2022-11-12 11:16:46,943] {logging_mixin.py:109} INFO - [2022-11-12 11:16:46,942] {dag.py:2287} INFO - Setting next_dagrun for example_subdag_operator to 2022-11-10 00:00:00+00:00
[2022-11-12 11:16:46,943] {logging_mixin.py:109} INFO - [2022-11-12 11:16:46,943] {dag.py:2287} INFO - Setting next_dagrun for example_subdag_operator.section-1 to None
[2022-11-12 11:16:46,943] {logging_mixin.py:109} INFO - [2022-11-12 11:16:46,943] {dag.py:2287} INFO - Setting next_dagrun for example_subdag_operator.section-2 to None
[2022-11-12 11:16:46,952] {logging_mixin.py:109} INFO - [2022-11-12 11:16:46,952] {dag.py:1834} INFO - Sync 2 DAGs
[2022-11-12 11:16:46,957] {logging_mixin.py:109} INFO - [2022-11-12 11:16:46,957] {dag.py:2287} INFO - Setting next_dagrun for example_subdag_operator.section-1 to None
[2022-11-12 11:16:46,957] {logging_mixin.py:109} INFO - [2022-11-12 11:16:46,957] {dag.py:2287} INFO - Setting next_dagrun for example_subdag_operator.section-2 to None
[2022-11-12 11:16:46,964] {processor.py:170} INFO - Processing /home/upm/.local/lib/python3.8/site-packages/airflow/example_dags/example_subdag_operator.py took 0.074 seconds
[2022-11-12 11:17:18,206] {processor.py:162} INFO - Started process (PID=83605) to work on /home/upm/.local/lib/python3.8/site-packages/airflow/example_dags/example_subdag_operator.py
[2022-11-12 11:17:18,207] {processor.py:613} INFO - Processing file /home/upm/.local/lib/python3.8/site-packages/airflow/example_dags/example_subdag_operator.py for tasks to queue
[2022-11-12 11:17:18,207] {logging_mixin.py:109} INFO - [2022-11-12 11:17:18,207] {dagbag.py:496} INFO - Filling up the DagBag from /home/upm/.local/lib/python3.8/site-packages/airflow/example_dags/example_subdag_operator.py
[2022-11-12 11:17:18,226] {processor.py:623} INFO - DAG(s) dict_keys(['example_subdag_operator.section-1', 'example_subdag_operator.section-2', 'example_subdag_operator']) retrieved from /home/upm/.local/lib/python3.8/site-packages/airflow/example_dags/example_subdag_operator.py
[2022-11-12 11:17:18,235] {logging_mixin.py:109} INFO - [2022-11-12 11:17:18,235] {dag.py:1834} INFO - Sync 3 DAGs
[2022-11-12 11:17:18,241] {logging_mixin.py:109} INFO - [2022-11-12 11:17:18,241] {dag.py:2287} INFO - Setting next_dagrun for example_subdag_operator to 2022-11-10 00:00:00+00:00
[2022-11-12 11:17:18,242] {logging_mixin.py:109} INFO - [2022-11-12 11:17:18,242] {dag.py:2287} INFO - Setting next_dagrun for example_subdag_operator.section-1 to None
[2022-11-12 11:17:18,242] {logging_mixin.py:109} INFO - [2022-11-12 11:17:18,242] {dag.py:2287} INFO - Setting next_dagrun for example_subdag_operator.section-2 to None
[2022-11-12 11:17:18,250] {logging_mixin.py:109} INFO - [2022-11-12 11:17:18,250] {dag.py:1834} INFO - Sync 2 DAGs
[2022-11-12 11:17:18,254] {logging_mixin.py:109} INFO - [2022-11-12 11:17:18,254] {dag.py:2287} INFO - Setting next_dagrun for example_subdag_operator.section-1 to None
[2022-11-12 11:17:18,254] {logging_mixin.py:109} INFO - [2022-11-12 11:17:18,254] {dag.py:2287} INFO - Setting next_dagrun for example_subdag_operator.section-2 to None
[2022-11-12 11:17:18,261] {processor.py:170} INFO - Processing /home/upm/.local/lib/python3.8/site-packages/airflow/example_dags/example_subdag_operator.py took 0.058 seconds
[2022-11-12 11:17:49,325] {processor.py:162} INFO - Started process (PID=83739) to work on /home/upm/.local/lib/python3.8/site-packages/airflow/example_dags/example_subdag_operator.py
[2022-11-12 11:17:49,328] {processor.py:613} INFO - Processing file /home/upm/.local/lib/python3.8/site-packages/airflow/example_dags/example_subdag_operator.py for tasks to queue
[2022-11-12 11:17:49,329] {logging_mixin.py:109} INFO - [2022-11-12 11:17:49,329] {dagbag.py:496} INFO - Filling up the DagBag from /home/upm/.local/lib/python3.8/site-packages/airflow/example_dags/example_subdag_operator.py
[2022-11-12 11:17:49,351] {processor.py:623} INFO - DAG(s) dict_keys(['example_subdag_operator.section-1', 'example_subdag_operator.section-2', 'example_subdag_operator']) retrieved from /home/upm/.local/lib/python3.8/site-packages/airflow/example_dags/example_subdag_operator.py
[2022-11-12 11:17:49,359] {logging_mixin.py:109} INFO - [2022-11-12 11:17:49,359] {dag.py:1834} INFO - Sync 3 DAGs
[2022-11-12 11:17:49,365] {logging_mixin.py:109} INFO - [2022-11-12 11:17:49,365] {dag.py:2287} INFO - Setting next_dagrun for example_subdag_operator to 2022-11-10 00:00:00+00:00
[2022-11-12 11:17:49,366] {logging_mixin.py:109} INFO - [2022-11-12 11:17:49,366] {dag.py:2287} INFO - Setting next_dagrun for example_subdag_operator.section-1 to None
[2022-11-12 11:17:49,366] {logging_mixin.py:109} INFO - [2022-11-12 11:17:49,366] {dag.py:2287} INFO - Setting next_dagrun for example_subdag_operator.section-2 to None
[2022-11-12 11:17:49,374] {logging_mixin.py:109} INFO - [2022-11-12 11:17:49,373] {dag.py:1834} INFO - Sync 2 DAGs
[2022-11-12 11:17:49,377] {logging_mixin.py:109} INFO - [2022-11-12 11:17:49,377] {dag.py:2287} INFO - Setting next_dagrun for example_subdag_operator.section-1 to None
[2022-11-12 11:17:49,378] {logging_mixin.py:109} INFO - [2022-11-12 11:17:49,378] {dag.py:2287} INFO - Setting next_dagrun for example_subdag_operator.section-2 to None
[2022-11-12 11:17:49,385] {processor.py:170} INFO - Processing /home/upm/.local/lib/python3.8/site-packages/airflow/example_dags/example_subdag_operator.py took 0.065 seconds
[2022-11-12 11:18:21,890] {processor.py:162} INFO - Started process (PID=83851) to work on /home/upm/.local/lib/python3.8/site-packages/airflow/example_dags/example_subdag_operator.py
[2022-11-12 11:18:21,891] {processor.py:613} INFO - Processing file /home/upm/.local/lib/python3.8/site-packages/airflow/example_dags/example_subdag_operator.py for tasks to queue
[2022-11-12 11:18:21,891] {logging_mixin.py:109} INFO - [2022-11-12 11:18:21,891] {dagbag.py:496} INFO - Filling up the DagBag from /home/upm/.local/lib/python3.8/site-packages/airflow/example_dags/example_subdag_operator.py
[2022-11-12 11:18:21,911] {processor.py:623} INFO - DAG(s) dict_keys(['example_subdag_operator.section-1', 'example_subdag_operator.section-2', 'example_subdag_operator']) retrieved from /home/upm/.local/lib/python3.8/site-packages/airflow/example_dags/example_subdag_operator.py
[2022-11-12 11:18:21,920] {logging_mixin.py:109} INFO - [2022-11-12 11:18:21,920] {dag.py:1834} INFO - Sync 3 DAGs
[2022-11-12 11:18:21,926] {logging_mixin.py:109} INFO - [2022-11-12 11:18:21,926] {dag.py:2287} INFO - Setting next_dagrun for example_subdag_operator to 2022-11-10 00:00:00+00:00
[2022-11-12 11:18:21,927] {logging_mixin.py:109} INFO - [2022-11-12 11:18:21,927] {dag.py:2287} INFO - Setting next_dagrun for example_subdag_operator.section-1 to None
[2022-11-12 11:18:21,927] {logging_mixin.py:109} INFO - [2022-11-12 11:18:21,927] {dag.py:2287} INFO - Setting next_dagrun for example_subdag_operator.section-2 to None
[2022-11-12 11:18:21,935] {logging_mixin.py:109} INFO - [2022-11-12 11:18:21,935] {dag.py:1834} INFO - Sync 2 DAGs
[2022-11-12 11:18:21,939] {logging_mixin.py:109} INFO - [2022-11-12 11:18:21,939] {dag.py:2287} INFO - Setting next_dagrun for example_subdag_operator.section-1 to None
[2022-11-12 11:18:21,939] {logging_mixin.py:109} INFO - [2022-11-12 11:18:21,939] {dag.py:2287} INFO - Setting next_dagrun for example_subdag_operator.section-2 to None
[2022-11-12 11:18:21,946] {processor.py:170} INFO - Processing /home/upm/.local/lib/python3.8/site-packages/airflow/example_dags/example_subdag_operator.py took 0.060 seconds
[2022-11-12 11:18:55,521] {processor.py:162} INFO - Started process (PID=83962) to work on /home/upm/.local/lib/python3.8/site-packages/airflow/example_dags/example_subdag_operator.py
[2022-11-12 11:18:55,523] {processor.py:613} INFO - Processing file /home/upm/.local/lib/python3.8/site-packages/airflow/example_dags/example_subdag_operator.py for tasks to queue
[2022-11-12 11:18:55,524] {logging_mixin.py:109} INFO - [2022-11-12 11:18:55,524] {dagbag.py:496} INFO - Filling up the DagBag from /home/upm/.local/lib/python3.8/site-packages/airflow/example_dags/example_subdag_operator.py
[2022-11-12 11:18:55,547] {processor.py:623} INFO - DAG(s) dict_keys(['example_subdag_operator.section-1', 'example_subdag_operator.section-2', 'example_subdag_operator']) retrieved from /home/upm/.local/lib/python3.8/site-packages/airflow/example_dags/example_subdag_operator.py
[2022-11-12 11:18:55,556] {logging_mixin.py:109} INFO - [2022-11-12 11:18:55,556] {dag.py:1834} INFO - Sync 3 DAGs
[2022-11-12 11:18:55,563] {logging_mixin.py:109} INFO - [2022-11-12 11:18:55,563] {dag.py:2287} INFO - Setting next_dagrun for example_subdag_operator to 2022-11-10 00:00:00+00:00
[2022-11-12 11:18:55,564] {logging_mixin.py:109} INFO - [2022-11-12 11:18:55,564] {dag.py:2287} INFO - Setting next_dagrun for example_subdag_operator.section-1 to None
[2022-11-12 11:18:55,564] {logging_mixin.py:109} INFO - [2022-11-12 11:18:55,564] {dag.py:2287} INFO - Setting next_dagrun for example_subdag_operator.section-2 to None
[2022-11-12 11:18:55,573] {logging_mixin.py:109} INFO - [2022-11-12 11:18:55,572] {dag.py:1834} INFO - Sync 2 DAGs
[2022-11-12 11:18:55,577] {logging_mixin.py:109} INFO - [2022-11-12 11:18:55,577] {dag.py:2287} INFO - Setting next_dagrun for example_subdag_operator.section-1 to None
[2022-11-12 11:18:55,577] {logging_mixin.py:109} INFO - [2022-11-12 11:18:55,577] {dag.py:2287} INFO - Setting next_dagrun for example_subdag_operator.section-2 to None
[2022-11-12 11:18:55,586] {processor.py:170} INFO - Processing /home/upm/.local/lib/python3.8/site-packages/airflow/example_dags/example_subdag_operator.py took 0.067 seconds
[2022-11-12 11:21:16,759] {processor.py:162} INFO - Started process (PID=84213) to work on /home/upm/.local/lib/python3.8/site-packages/airflow/example_dags/example_subdag_operator.py
[2022-11-12 11:21:16,760] {processor.py:613} INFO - Processing file /home/upm/.local/lib/python3.8/site-packages/airflow/example_dags/example_subdag_operator.py for tasks to queue
[2022-11-12 11:21:16,761] {logging_mixin.py:109} INFO - [2022-11-12 11:21:16,761] {dagbag.py:496} INFO - Filling up the DagBag from /home/upm/.local/lib/python3.8/site-packages/airflow/example_dags/example_subdag_operator.py
[2022-11-12 11:21:16,778] {processor.py:623} INFO - DAG(s) dict_keys(['example_subdag_operator.section-1', 'example_subdag_operator.section-2', 'example_subdag_operator']) retrieved from /home/upm/.local/lib/python3.8/site-packages/airflow/example_dags/example_subdag_operator.py
[2022-11-12 11:21:16,788] {logging_mixin.py:109} INFO - [2022-11-12 11:21:16,788] {dag.py:1834} INFO - Sync 3 DAGs
[2022-11-12 11:21:16,794] {logging_mixin.py:109} INFO - [2022-11-12 11:21:16,794] {dag.py:2287} INFO - Setting next_dagrun for example_subdag_operator to 2022-11-10 00:00:00+00:00
[2022-11-12 11:21:16,795] {logging_mixin.py:109} INFO - [2022-11-12 11:21:16,795] {dag.py:2287} INFO - Setting next_dagrun for example_subdag_operator.section-1 to None
[2022-11-12 11:21:16,795] {logging_mixin.py:109} INFO - [2022-11-12 11:21:16,795] {dag.py:2287} INFO - Setting next_dagrun for example_subdag_operator.section-2 to None
[2022-11-12 11:21:16,804] {logging_mixin.py:109} INFO - [2022-11-12 11:21:16,804] {dag.py:1834} INFO - Sync 2 DAGs
[2022-11-12 11:21:16,808] {logging_mixin.py:109} INFO - [2022-11-12 11:21:16,808] {dag.py:2287} INFO - Setting next_dagrun for example_subdag_operator.section-1 to None
[2022-11-12 11:21:16,808] {logging_mixin.py:109} INFO - [2022-11-12 11:21:16,808] {dag.py:2287} INFO - Setting next_dagrun for example_subdag_operator.section-2 to None
[2022-11-12 11:21:16,814] {processor.py:170} INFO - Processing /home/upm/.local/lib/python3.8/site-packages/airflow/example_dags/example_subdag_operator.py took 0.058 seconds
[2022-11-12 11:21:48,054] {processor.py:162} INFO - Started process (PID=84429) to work on /home/upm/.local/lib/python3.8/site-packages/airflow/example_dags/example_subdag_operator.py
[2022-11-12 11:21:48,057] {processor.py:613} INFO - Processing file /home/upm/.local/lib/python3.8/site-packages/airflow/example_dags/example_subdag_operator.py for tasks to queue
[2022-11-12 11:21:48,057] {logging_mixin.py:109} INFO - [2022-11-12 11:21:48,057] {dagbag.py:496} INFO - Filling up the DagBag from /home/upm/.local/lib/python3.8/site-packages/airflow/example_dags/example_subdag_operator.py
[2022-11-12 11:21:48,076] {processor.py:623} INFO - DAG(s) dict_keys(['example_subdag_operator.section-1', 'example_subdag_operator.section-2', 'example_subdag_operator']) retrieved from /home/upm/.local/lib/python3.8/site-packages/airflow/example_dags/example_subdag_operator.py
[2022-11-12 11:21:48,084] {logging_mixin.py:109} INFO - [2022-11-12 11:21:48,084] {dag.py:1834} INFO - Sync 3 DAGs
[2022-11-12 11:21:48,092] {logging_mixin.py:109} INFO - [2022-11-12 11:21:48,092] {dag.py:2287} INFO - Setting next_dagrun for example_subdag_operator to 2022-11-10 00:00:00+00:00
[2022-11-12 11:21:48,093] {logging_mixin.py:109} INFO - [2022-11-12 11:21:48,093] {dag.py:2287} INFO - Setting next_dagrun for example_subdag_operator.section-1 to None
[2022-11-12 11:21:48,093] {logging_mixin.py:109} INFO - [2022-11-12 11:21:48,093] {dag.py:2287} INFO - Setting next_dagrun for example_subdag_operator.section-2 to None
[2022-11-12 11:21:48,102] {logging_mixin.py:109} INFO - [2022-11-12 11:21:48,102] {dag.py:1834} INFO - Sync 2 DAGs
[2022-11-12 11:21:48,107] {logging_mixin.py:109} INFO - [2022-11-12 11:21:48,106] {dag.py:2287} INFO - Setting next_dagrun for example_subdag_operator.section-1 to None
[2022-11-12 11:21:48,107] {logging_mixin.py:109} INFO - [2022-11-12 11:21:48,107] {dag.py:2287} INFO - Setting next_dagrun for example_subdag_operator.section-2 to None
[2022-11-12 11:21:48,114] {processor.py:170} INFO - Processing /home/upm/.local/lib/python3.8/site-packages/airflow/example_dags/example_subdag_operator.py took 0.062 seconds
[2022-11-12 11:22:19,257] {processor.py:162} INFO - Started process (PID=84533) to work on /home/upm/.local/lib/python3.8/site-packages/airflow/example_dags/example_subdag_operator.py
[2022-11-12 11:22:19,259] {processor.py:613} INFO - Processing file /home/upm/.local/lib/python3.8/site-packages/airflow/example_dags/example_subdag_operator.py for tasks to queue
[2022-11-12 11:22:19,260] {logging_mixin.py:109} INFO - [2022-11-12 11:22:19,259] {dagbag.py:496} INFO - Filling up the DagBag from /home/upm/.local/lib/python3.8/site-packages/airflow/example_dags/example_subdag_operator.py
[2022-11-12 11:22:19,289] {processor.py:623} INFO - DAG(s) dict_keys(['example_subdag_operator.section-1', 'example_subdag_operator.section-2', 'example_subdag_operator']) retrieved from /home/upm/.local/lib/python3.8/site-packages/airflow/example_dags/example_subdag_operator.py
[2022-11-12 11:22:19,298] {logging_mixin.py:109} INFO - [2022-11-12 11:22:19,298] {dag.py:1834} INFO - Sync 3 DAGs
[2022-11-12 11:22:19,304] {logging_mixin.py:109} INFO - [2022-11-12 11:22:19,304] {dag.py:2287} INFO - Setting next_dagrun for example_subdag_operator to 2022-11-10 00:00:00+00:00
[2022-11-12 11:22:19,305] {logging_mixin.py:109} INFO - [2022-11-12 11:22:19,305] {dag.py:2287} INFO - Setting next_dagrun for example_subdag_operator.section-1 to None
[2022-11-12 11:22:19,305] {logging_mixin.py:109} INFO - [2022-11-12 11:22:19,305] {dag.py:2287} INFO - Setting next_dagrun for example_subdag_operator.section-2 to None
[2022-11-12 11:22:19,313] {logging_mixin.py:109} INFO - [2022-11-12 11:22:19,313] {dag.py:1834} INFO - Sync 2 DAGs
[2022-11-12 11:22:19,317] {logging_mixin.py:109} INFO - [2022-11-12 11:22:19,317] {dag.py:2287} INFO - Setting next_dagrun for example_subdag_operator.section-1 to None
[2022-11-12 11:22:19,318] {logging_mixin.py:109} INFO - [2022-11-12 11:22:19,318] {dag.py:2287} INFO - Setting next_dagrun for example_subdag_operator.section-2 to None
[2022-11-12 11:22:19,324] {processor.py:170} INFO - Processing /home/upm/.local/lib/python3.8/site-packages/airflow/example_dags/example_subdag_operator.py took 0.072 seconds
[2022-11-12 11:22:51,703] {processor.py:162} INFO - Started process (PID=84646) to work on /home/upm/.local/lib/python3.8/site-packages/airflow/example_dags/example_subdag_operator.py
[2022-11-12 11:22:51,705] {processor.py:613} INFO - Processing file /home/upm/.local/lib/python3.8/site-packages/airflow/example_dags/example_subdag_operator.py for tasks to queue
[2022-11-12 11:22:51,706] {logging_mixin.py:109} INFO - [2022-11-12 11:22:51,706] {dagbag.py:496} INFO - Filling up the DagBag from /home/upm/.local/lib/python3.8/site-packages/airflow/example_dags/example_subdag_operator.py
[2022-11-12 11:22:51,726] {processor.py:623} INFO - DAG(s) dict_keys(['example_subdag_operator.section-1', 'example_subdag_operator.section-2', 'example_subdag_operator']) retrieved from /home/upm/.local/lib/python3.8/site-packages/airflow/example_dags/example_subdag_operator.py
[2022-11-12 11:22:51,735] {logging_mixin.py:109} INFO - [2022-11-12 11:22:51,735] {dag.py:1834} INFO - Sync 3 DAGs
[2022-11-12 11:22:51,743] {logging_mixin.py:109} INFO - [2022-11-12 11:22:51,743] {dag.py:2287} INFO - Setting next_dagrun for example_subdag_operator to 2022-11-10 00:00:00+00:00
[2022-11-12 11:22:51,744] {logging_mixin.py:109} INFO - [2022-11-12 11:22:51,744] {dag.py:2287} INFO - Setting next_dagrun for example_subdag_operator.section-1 to None
[2022-11-12 11:22:51,744] {logging_mixin.py:109} INFO - [2022-11-12 11:22:51,744] {dag.py:2287} INFO - Setting next_dagrun for example_subdag_operator.section-2 to None
[2022-11-12 11:22:51,752] {logging_mixin.py:109} INFO - [2022-11-12 11:22:51,752] {dag.py:1834} INFO - Sync 2 DAGs
[2022-11-12 11:22:51,756] {logging_mixin.py:109} INFO - [2022-11-12 11:22:51,756] {dag.py:2287} INFO - Setting next_dagrun for example_subdag_operator.section-1 to None
[2022-11-12 11:22:51,756] {logging_mixin.py:109} INFO - [2022-11-12 11:22:51,756] {dag.py:2287} INFO - Setting next_dagrun for example_subdag_operator.section-2 to None
[2022-11-12 11:22:51,765] {processor.py:170} INFO - Processing /home/upm/.local/lib/python3.8/site-packages/airflow/example_dags/example_subdag_operator.py took 0.064 seconds
[2022-11-12 11:27:08,316] {processor.py:162} INFO - Started process (PID=85167) to work on /home/upm/.local/lib/python3.8/site-packages/airflow/example_dags/example_subdag_operator.py
[2022-11-12 11:27:08,318] {processor.py:613} INFO - Processing file /home/upm/.local/lib/python3.8/site-packages/airflow/example_dags/example_subdag_operator.py for tasks to queue
[2022-11-12 11:27:08,319] {logging_mixin.py:109} INFO - [2022-11-12 11:27:08,319] {dagbag.py:496} INFO - Filling up the DagBag from /home/upm/.local/lib/python3.8/site-packages/airflow/example_dags/example_subdag_operator.py
[2022-11-12 11:27:08,338] {processor.py:623} INFO - DAG(s) dict_keys(['example_subdag_operator.section-1', 'example_subdag_operator.section-2', 'example_subdag_operator']) retrieved from /home/upm/.local/lib/python3.8/site-packages/airflow/example_dags/example_subdag_operator.py
[2022-11-12 11:27:08,349] {logging_mixin.py:109} INFO - [2022-11-12 11:27:08,349] {dag.py:1834} INFO - Sync 3 DAGs
[2022-11-12 11:27:08,356] {logging_mixin.py:109} INFO - [2022-11-12 11:27:08,356] {dag.py:2287} INFO - Setting next_dagrun for example_subdag_operator to 2022-11-10 00:00:00+00:00
[2022-11-12 11:27:08,357] {logging_mixin.py:109} INFO - [2022-11-12 11:27:08,357] {dag.py:2287} INFO - Setting next_dagrun for example_subdag_operator.section-1 to None
[2022-11-12 11:27:08,357] {logging_mixin.py:109} INFO - [2022-11-12 11:27:08,357] {dag.py:2287} INFO - Setting next_dagrun for example_subdag_operator.section-2 to None
[2022-11-12 11:27:08,366] {logging_mixin.py:109} INFO - [2022-11-12 11:27:08,366] {dag.py:1834} INFO - Sync 2 DAGs
[2022-11-12 11:27:08,370] {logging_mixin.py:109} INFO - [2022-11-12 11:27:08,370] {dag.py:2287} INFO - Setting next_dagrun for example_subdag_operator.section-1 to None
[2022-11-12 11:27:08,370] {logging_mixin.py:109} INFO - [2022-11-12 11:27:08,370] {dag.py:2287} INFO - Setting next_dagrun for example_subdag_operator.section-2 to None
[2022-11-12 11:27:08,378] {processor.py:170} INFO - Processing /home/upm/.local/lib/python3.8/site-packages/airflow/example_dags/example_subdag_operator.py took 0.064 seconds
[2022-11-12 11:27:39,641] {processor.py:162} INFO - Started process (PID=85335) to work on /home/upm/.local/lib/python3.8/site-packages/airflow/example_dags/example_subdag_operator.py
[2022-11-12 11:27:39,644] {processor.py:613} INFO - Processing file /home/upm/.local/lib/python3.8/site-packages/airflow/example_dags/example_subdag_operator.py for tasks to queue
[2022-11-12 11:27:39,645] {logging_mixin.py:109} INFO - [2022-11-12 11:27:39,645] {dagbag.py:496} INFO - Filling up the DagBag from /home/upm/.local/lib/python3.8/site-packages/airflow/example_dags/example_subdag_operator.py
[2022-11-12 11:27:39,672] {processor.py:623} INFO - DAG(s) dict_keys(['example_subdag_operator.section-1', 'example_subdag_operator.section-2', 'example_subdag_operator']) retrieved from /home/upm/.local/lib/python3.8/site-packages/airflow/example_dags/example_subdag_operator.py
[2022-11-12 11:27:39,681] {logging_mixin.py:109} INFO - [2022-11-12 11:27:39,680] {dag.py:1834} INFO - Sync 3 DAGs
[2022-11-12 11:27:39,687] {logging_mixin.py:109} INFO - [2022-11-12 11:27:39,686] {dag.py:2287} INFO - Setting next_dagrun for example_subdag_operator to 2022-11-10 00:00:00+00:00
[2022-11-12 11:27:39,687] {logging_mixin.py:109} INFO - [2022-11-12 11:27:39,687] {dag.py:2287} INFO - Setting next_dagrun for example_subdag_operator.section-1 to None
[2022-11-12 11:27:39,687] {logging_mixin.py:109} INFO - [2022-11-12 11:27:39,687] {dag.py:2287} INFO - Setting next_dagrun for example_subdag_operator.section-2 to None
[2022-11-12 11:27:39,695] {logging_mixin.py:109} INFO - [2022-11-12 11:27:39,695] {dag.py:1834} INFO - Sync 2 DAGs
[2022-11-12 11:27:39,699] {logging_mixin.py:109} INFO - [2022-11-12 11:27:39,699] {dag.py:2287} INFO - Setting next_dagrun for example_subdag_operator.section-1 to None
[2022-11-12 11:27:39,699] {logging_mixin.py:109} INFO - [2022-11-12 11:27:39,699] {dag.py:2287} INFO - Setting next_dagrun for example_subdag_operator.section-2 to None
[2022-11-12 11:27:39,706] {processor.py:170} INFO - Processing /home/upm/.local/lib/python3.8/site-packages/airflow/example_dags/example_subdag_operator.py took 0.068 seconds
[2022-11-12 11:28:10,772] {processor.py:162} INFO - Started process (PID=85600) to work on /home/upm/.local/lib/python3.8/site-packages/airflow/example_dags/example_subdag_operator.py
[2022-11-12 11:28:10,773] {processor.py:613} INFO - Processing file /home/upm/.local/lib/python3.8/site-packages/airflow/example_dags/example_subdag_operator.py for tasks to queue
[2022-11-12 11:28:10,773] {logging_mixin.py:109} INFO - [2022-11-12 11:28:10,773] {dagbag.py:496} INFO - Filling up the DagBag from /home/upm/.local/lib/python3.8/site-packages/airflow/example_dags/example_subdag_operator.py
[2022-11-12 11:28:10,792] {processor.py:623} INFO - DAG(s) dict_keys(['example_subdag_operator.section-1', 'example_subdag_operator.section-2', 'example_subdag_operator']) retrieved from /home/upm/.local/lib/python3.8/site-packages/airflow/example_dags/example_subdag_operator.py
[2022-11-12 11:28:10,800] {logging_mixin.py:109} INFO - [2022-11-12 11:28:10,800] {dag.py:1834} INFO - Sync 3 DAGs
[2022-11-12 11:28:10,808] {logging_mixin.py:109} INFO - [2022-11-12 11:28:10,808] {dag.py:2287} INFO - Setting next_dagrun for example_subdag_operator to 2022-11-10 00:00:00+00:00
[2022-11-12 11:28:10,808] {logging_mixin.py:109} INFO - [2022-11-12 11:28:10,808] {dag.py:2287} INFO - Setting next_dagrun for example_subdag_operator.section-1 to None
[2022-11-12 11:28:10,809] {logging_mixin.py:109} INFO - [2022-11-12 11:28:10,808] {dag.py:2287} INFO - Setting next_dagrun for example_subdag_operator.section-2 to None
[2022-11-12 11:28:10,816] {logging_mixin.py:109} INFO - [2022-11-12 11:28:10,816] {dag.py:1834} INFO - Sync 2 DAGs
[2022-11-12 11:28:10,820] {logging_mixin.py:109} INFO - [2022-11-12 11:28:10,820] {dag.py:2287} INFO - Setting next_dagrun for example_subdag_operator.section-1 to None
[2022-11-12 11:28:10,820] {logging_mixin.py:109} INFO - [2022-11-12 11:28:10,820] {dag.py:2287} INFO - Setting next_dagrun for example_subdag_operator.section-2 to None
[2022-11-12 11:28:10,827] {processor.py:170} INFO - Processing /home/upm/.local/lib/python3.8/site-packages/airflow/example_dags/example_subdag_operator.py took 0.057 seconds
[2022-11-12 11:29:14,203] {processor.py:162} INFO - Started process (PID=85722) to work on /home/upm/.local/lib/python3.8/site-packages/airflow/example_dags/example_subdag_operator.py
[2022-11-12 11:29:14,205] {processor.py:613} INFO - Processing file /home/upm/.local/lib/python3.8/site-packages/airflow/example_dags/example_subdag_operator.py for tasks to queue
[2022-11-12 11:29:14,205] {logging_mixin.py:109} INFO - [2022-11-12 11:29:14,205] {dagbag.py:496} INFO - Filling up the DagBag from /home/upm/.local/lib/python3.8/site-packages/airflow/example_dags/example_subdag_operator.py
[2022-11-12 11:29:14,222] {processor.py:623} INFO - DAG(s) dict_keys(['example_subdag_operator.section-1', 'example_subdag_operator.section-2', 'example_subdag_operator']) retrieved from /home/upm/.local/lib/python3.8/site-packages/airflow/example_dags/example_subdag_operator.py
[2022-11-12 11:29:14,232] {logging_mixin.py:109} INFO - [2022-11-12 11:29:14,232] {dag.py:1834} INFO - Sync 3 DAGs
[2022-11-12 11:29:14,238] {logging_mixin.py:109} INFO - [2022-11-12 11:29:14,238] {dag.py:2287} INFO - Setting next_dagrun for example_subdag_operator to 2022-11-10 00:00:00+00:00
[2022-11-12 11:29:14,238] {logging_mixin.py:109} INFO - [2022-11-12 11:29:14,238] {dag.py:2287} INFO - Setting next_dagrun for example_subdag_operator.section-1 to None
[2022-11-12 11:29:14,238] {logging_mixin.py:109} INFO - [2022-11-12 11:29:14,238] {dag.py:2287} INFO - Setting next_dagrun for example_subdag_operator.section-2 to None
[2022-11-12 11:29:14,246] {logging_mixin.py:109} INFO - [2022-11-12 11:29:14,246] {dag.py:1834} INFO - Sync 2 DAGs
[2022-11-12 11:29:14,250] {logging_mixin.py:109} INFO - [2022-11-12 11:29:14,250] {dag.py:2287} INFO - Setting next_dagrun for example_subdag_operator.section-1 to None
[2022-11-12 11:29:14,250] {logging_mixin.py:109} INFO - [2022-11-12 11:29:14,250] {dag.py:2287} INFO - Setting next_dagrun for example_subdag_operator.section-2 to None
[2022-11-12 11:29:14,256] {processor.py:170} INFO - Processing /home/upm/.local/lib/python3.8/site-packages/airflow/example_dags/example_subdag_operator.py took 0.055 seconds
[2022-11-12 11:29:45,510] {processor.py:162} INFO - Started process (PID=85860) to work on /home/upm/.local/lib/python3.8/site-packages/airflow/example_dags/example_subdag_operator.py
[2022-11-12 11:29:45,512] {processor.py:613} INFO - Processing file /home/upm/.local/lib/python3.8/site-packages/airflow/example_dags/example_subdag_operator.py for tasks to queue
[2022-11-12 11:29:45,513] {logging_mixin.py:109} INFO - [2022-11-12 11:29:45,513] {dagbag.py:496} INFO - Filling up the DagBag from /home/upm/.local/lib/python3.8/site-packages/airflow/example_dags/example_subdag_operator.py
[2022-11-12 11:29:45,538] {processor.py:623} INFO - DAG(s) dict_keys(['example_subdag_operator.section-1', 'example_subdag_operator.section-2', 'example_subdag_operator']) retrieved from /home/upm/.local/lib/python3.8/site-packages/airflow/example_dags/example_subdag_operator.py
[2022-11-12 11:29:45,548] {logging_mixin.py:109} INFO - [2022-11-12 11:29:45,548] {dag.py:1834} INFO - Sync 3 DAGs
[2022-11-12 11:29:45,554] {logging_mixin.py:109} INFO - [2022-11-12 11:29:45,554] {dag.py:2287} INFO - Setting next_dagrun for example_subdag_operator to 2022-11-10 00:00:00+00:00
[2022-11-12 11:29:45,555] {logging_mixin.py:109} INFO - [2022-11-12 11:29:45,555] {dag.py:2287} INFO - Setting next_dagrun for example_subdag_operator.section-1 to None
[2022-11-12 11:29:45,555] {logging_mixin.py:109} INFO - [2022-11-12 11:29:45,555] {dag.py:2287} INFO - Setting next_dagrun for example_subdag_operator.section-2 to None
[2022-11-12 11:29:45,562] {logging_mixin.py:109} INFO - [2022-11-12 11:29:45,562] {dag.py:1834} INFO - Sync 2 DAGs
[2022-11-12 11:29:45,567] {logging_mixin.py:109} INFO - [2022-11-12 11:29:45,567] {dag.py:2287} INFO - Setting next_dagrun for example_subdag_operator.section-1 to None
[2022-11-12 11:29:45,567] {logging_mixin.py:109} INFO - [2022-11-12 11:29:45,567] {dag.py:2287} INFO - Setting next_dagrun for example_subdag_operator.section-2 to None
[2022-11-12 11:29:45,574] {processor.py:170} INFO - Processing /home/upm/.local/lib/python3.8/site-packages/airflow/example_dags/example_subdag_operator.py took 0.068 seconds
[2022-11-12 11:30:16,600] {processor.py:162} INFO - Started process (PID=85970) to work on /home/upm/.local/lib/python3.8/site-packages/airflow/example_dags/example_subdag_operator.py
[2022-11-12 11:30:16,602] {processor.py:613} INFO - Processing file /home/upm/.local/lib/python3.8/site-packages/airflow/example_dags/example_subdag_operator.py for tasks to queue
[2022-11-12 11:30:16,602] {logging_mixin.py:109} INFO - [2022-11-12 11:30:16,602] {dagbag.py:496} INFO - Filling up the DagBag from /home/upm/.local/lib/python3.8/site-packages/airflow/example_dags/example_subdag_operator.py
[2022-11-12 11:30:16,621] {processor.py:623} INFO - DAG(s) dict_keys(['example_subdag_operator.section-1', 'example_subdag_operator.section-2', 'example_subdag_operator']) retrieved from /home/upm/.local/lib/python3.8/site-packages/airflow/example_dags/example_subdag_operator.py
[2022-11-12 11:30:16,629] {logging_mixin.py:109} INFO - [2022-11-12 11:30:16,629] {dag.py:1834} INFO - Sync 3 DAGs
[2022-11-12 11:30:16,635] {logging_mixin.py:109} INFO - [2022-11-12 11:30:16,635] {dag.py:2287} INFO - Setting next_dagrun for example_subdag_operator to 2022-11-10 00:00:00+00:00
[2022-11-12 11:30:16,635] {logging_mixin.py:109} INFO - [2022-11-12 11:30:16,635] {dag.py:2287} INFO - Setting next_dagrun for example_subdag_operator.section-1 to None
[2022-11-12 11:30:16,635] {logging_mixin.py:109} INFO - [2022-11-12 11:30:16,635] {dag.py:2287} INFO - Setting next_dagrun for example_subdag_operator.section-2 to None
[2022-11-12 11:30:16,643] {logging_mixin.py:109} INFO - [2022-11-12 11:30:16,642] {dag.py:1834} INFO - Sync 2 DAGs
[2022-11-12 11:30:16,646] {logging_mixin.py:109} INFO - [2022-11-12 11:30:16,646] {dag.py:2287} INFO - Setting next_dagrun for example_subdag_operator.section-1 to None
[2022-11-12 11:30:16,646] {logging_mixin.py:109} INFO - [2022-11-12 11:30:16,646] {dag.py:2287} INFO - Setting next_dagrun for example_subdag_operator.section-2 to None
[2022-11-12 11:30:16,653] {processor.py:170} INFO - Processing /home/upm/.local/lib/python3.8/site-packages/airflow/example_dags/example_subdag_operator.py took 0.055 seconds
[2022-11-12 11:30:49,076] {processor.py:162} INFO - Started process (PID=86189) to work on /home/upm/.local/lib/python3.8/site-packages/airflow/example_dags/example_subdag_operator.py
[2022-11-12 11:30:49,077] {processor.py:613} INFO - Processing file /home/upm/.local/lib/python3.8/site-packages/airflow/example_dags/example_subdag_operator.py for tasks to queue
[2022-11-12 11:30:49,078] {logging_mixin.py:109} INFO - [2022-11-12 11:30:49,078] {dagbag.py:496} INFO - Filling up the DagBag from /home/upm/.local/lib/python3.8/site-packages/airflow/example_dags/example_subdag_operator.py
[2022-11-12 11:30:49,096] {processor.py:623} INFO - DAG(s) dict_keys(['example_subdag_operator.section-1', 'example_subdag_operator.section-2', 'example_subdag_operator']) retrieved from /home/upm/.local/lib/python3.8/site-packages/airflow/example_dags/example_subdag_operator.py
[2022-11-12 11:30:49,104] {logging_mixin.py:109} INFO - [2022-11-12 11:30:49,104] {dag.py:1834} INFO - Sync 3 DAGs
[2022-11-12 11:30:49,110] {logging_mixin.py:109} INFO - [2022-11-12 11:30:49,110] {dag.py:2287} INFO - Setting next_dagrun for example_subdag_operator to 2022-11-10 00:00:00+00:00
[2022-11-12 11:30:49,111] {logging_mixin.py:109} INFO - [2022-11-12 11:30:49,111] {dag.py:2287} INFO - Setting next_dagrun for example_subdag_operator.section-1 to None
[2022-11-12 11:30:49,111] {logging_mixin.py:109} INFO - [2022-11-12 11:30:49,111] {dag.py:2287} INFO - Setting next_dagrun for example_subdag_operator.section-2 to None
[2022-11-12 11:30:49,119] {logging_mixin.py:109} INFO - [2022-11-12 11:30:49,119] {dag.py:1834} INFO - Sync 2 DAGs
[2022-11-12 11:30:49,125] {logging_mixin.py:109} INFO - [2022-11-12 11:30:49,125] {dag.py:2287} INFO - Setting next_dagrun for example_subdag_operator.section-1 to None
[2022-11-12 11:30:49,125] {logging_mixin.py:109} INFO - [2022-11-12 11:30:49,125] {dag.py:2287} INFO - Setting next_dagrun for example_subdag_operator.section-2 to None
[2022-11-12 11:30:49,132] {processor.py:170} INFO - Processing /home/upm/.local/lib/python3.8/site-packages/airflow/example_dags/example_subdag_operator.py took 0.058 seconds
[2022-11-12 11:31:21,475] {processor.py:162} INFO - Started process (PID=86315) to work on /home/upm/.local/lib/python3.8/site-packages/airflow/example_dags/example_subdag_operator.py
[2022-11-12 11:31:21,479] {processor.py:613} INFO - Processing file /home/upm/.local/lib/python3.8/site-packages/airflow/example_dags/example_subdag_operator.py for tasks to queue
[2022-11-12 11:31:21,479] {logging_mixin.py:109} INFO - [2022-11-12 11:31:21,479] {dagbag.py:496} INFO - Filling up the DagBag from /home/upm/.local/lib/python3.8/site-packages/airflow/example_dags/example_subdag_operator.py
[2022-11-12 11:31:21,499] {processor.py:623} INFO - DAG(s) dict_keys(['example_subdag_operator.section-1', 'example_subdag_operator.section-2', 'example_subdag_operator']) retrieved from /home/upm/.local/lib/python3.8/site-packages/airflow/example_dags/example_subdag_operator.py
[2022-11-12 11:31:21,509] {logging_mixin.py:109} INFO - [2022-11-12 11:31:21,509] {dag.py:1834} INFO - Sync 3 DAGs
[2022-11-12 11:31:21,516] {logging_mixin.py:109} INFO - [2022-11-12 11:31:21,516] {dag.py:2287} INFO - Setting next_dagrun for example_subdag_operator to 2022-11-10 00:00:00+00:00
[2022-11-12 11:31:21,517] {logging_mixin.py:109} INFO - [2022-11-12 11:31:21,517] {dag.py:2287} INFO - Setting next_dagrun for example_subdag_operator.section-1 to None
[2022-11-12 11:31:21,517] {logging_mixin.py:109} INFO - [2022-11-12 11:31:21,517] {dag.py:2287} INFO - Setting next_dagrun for example_subdag_operator.section-2 to None
[2022-11-12 11:31:21,525] {logging_mixin.py:109} INFO - [2022-11-12 11:31:21,525] {dag.py:1834} INFO - Sync 2 DAGs
[2022-11-12 11:31:21,530] {logging_mixin.py:109} INFO - [2022-11-12 11:31:21,530] {dag.py:2287} INFO - Setting next_dagrun for example_subdag_operator.section-1 to None
[2022-11-12 11:31:21,530] {logging_mixin.py:109} INFO - [2022-11-12 11:31:21,530] {dag.py:2287} INFO - Setting next_dagrun for example_subdag_operator.section-2 to None
[2022-11-12 11:31:21,538] {processor.py:170} INFO - Processing /home/upm/.local/lib/python3.8/site-packages/airflow/example_dags/example_subdag_operator.py took 0.065 seconds
[2022-11-12 11:31:53,631] {processor.py:162} INFO - Started process (PID=86590) to work on /home/upm/.local/lib/python3.8/site-packages/airflow/example_dags/example_subdag_operator.py
[2022-11-12 11:31:53,633] {processor.py:613} INFO - Processing file /home/upm/.local/lib/python3.8/site-packages/airflow/example_dags/example_subdag_operator.py for tasks to queue
[2022-11-12 11:31:53,634] {logging_mixin.py:109} INFO - [2022-11-12 11:31:53,634] {dagbag.py:496} INFO - Filling up the DagBag from /home/upm/.local/lib/python3.8/site-packages/airflow/example_dags/example_subdag_operator.py
[2022-11-12 11:31:53,657] {processor.py:623} INFO - DAG(s) dict_keys(['example_subdag_operator.section-1', 'example_subdag_operator.section-2', 'example_subdag_operator']) retrieved from /home/upm/.local/lib/python3.8/site-packages/airflow/example_dags/example_subdag_operator.py
[2022-11-12 11:31:53,665] {logging_mixin.py:109} INFO - [2022-11-12 11:31:53,665] {dag.py:1834} INFO - Sync 3 DAGs
[2022-11-12 11:31:53,672] {logging_mixin.py:109} INFO - [2022-11-12 11:31:53,672] {dag.py:2287} INFO - Setting next_dagrun for example_subdag_operator to 2022-11-10 00:00:00+00:00
[2022-11-12 11:31:53,672] {logging_mixin.py:109} INFO - [2022-11-12 11:31:53,672] {dag.py:2287} INFO - Setting next_dagrun for example_subdag_operator.section-1 to None
[2022-11-12 11:31:53,672] {logging_mixin.py:109} INFO - [2022-11-12 11:31:53,672] {dag.py:2287} INFO - Setting next_dagrun for example_subdag_operator.section-2 to None
[2022-11-12 11:31:53,682] {logging_mixin.py:109} INFO - [2022-11-12 11:31:53,682] {dag.py:1834} INFO - Sync 2 DAGs
[2022-11-12 11:31:53,686] {logging_mixin.py:109} INFO - [2022-11-12 11:31:53,686] {dag.py:2287} INFO - Setting next_dagrun for example_subdag_operator.section-1 to None
[2022-11-12 11:31:53,686] {logging_mixin.py:109} INFO - [2022-11-12 11:31:53,686] {dag.py:2287} INFO - Setting next_dagrun for example_subdag_operator.section-2 to None
[2022-11-12 11:31:53,692] {processor.py:170} INFO - Processing /home/upm/.local/lib/python3.8/site-packages/airflow/example_dags/example_subdag_operator.py took 0.066 seconds
[2022-11-12 11:32:26,013] {processor.py:162} INFO - Started process (PID=86709) to work on /home/upm/.local/lib/python3.8/site-packages/airflow/example_dags/example_subdag_operator.py
[2022-11-12 11:32:26,014] {processor.py:613} INFO - Processing file /home/upm/.local/lib/python3.8/site-packages/airflow/example_dags/example_subdag_operator.py for tasks to queue
[2022-11-12 11:32:26,015] {logging_mixin.py:109} INFO - [2022-11-12 11:32:26,015] {dagbag.py:496} INFO - Filling up the DagBag from /home/upm/.local/lib/python3.8/site-packages/airflow/example_dags/example_subdag_operator.py
[2022-11-12 11:32:26,037] {processor.py:623} INFO - DAG(s) dict_keys(['example_subdag_operator.section-1', 'example_subdag_operator.section-2', 'example_subdag_operator']) retrieved from /home/upm/.local/lib/python3.8/site-packages/airflow/example_dags/example_subdag_operator.py
[2022-11-12 11:32:26,045] {logging_mixin.py:109} INFO - [2022-11-12 11:32:26,045] {dag.py:1834} INFO - Sync 3 DAGs
[2022-11-12 11:32:26,052] {logging_mixin.py:109} INFO - [2022-11-12 11:32:26,052] {dag.py:2287} INFO - Setting next_dagrun for example_subdag_operator to 2022-11-10 00:00:00+00:00
[2022-11-12 11:32:26,052] {logging_mixin.py:109} INFO - [2022-11-12 11:32:26,052] {dag.py:2287} INFO - Setting next_dagrun for example_subdag_operator.section-1 to None
[2022-11-12 11:32:26,052] {logging_mixin.py:109} INFO - [2022-11-12 11:32:26,052] {dag.py:2287} INFO - Setting next_dagrun for example_subdag_operator.section-2 to None
[2022-11-12 11:32:26,060] {logging_mixin.py:109} INFO - [2022-11-12 11:32:26,060] {dag.py:1834} INFO - Sync 2 DAGs
[2022-11-12 11:32:26,064] {logging_mixin.py:109} INFO - [2022-11-12 11:32:26,064] {dag.py:2287} INFO - Setting next_dagrun for example_subdag_operator.section-1 to None
[2022-11-12 11:32:26,064] {logging_mixin.py:109} INFO - [2022-11-12 11:32:26,064] {dag.py:2287} INFO - Setting next_dagrun for example_subdag_operator.section-2 to None
[2022-11-12 11:32:26,070] {processor.py:170} INFO - Processing /home/upm/.local/lib/python3.8/site-packages/airflow/example_dags/example_subdag_operator.py took 0.061 seconds
[2022-11-12 11:32:57,046] {processor.py:162} INFO - Started process (PID=86846) to work on /home/upm/.local/lib/python3.8/site-packages/airflow/example_dags/example_subdag_operator.py
[2022-11-12 11:32:57,047] {processor.py:613} INFO - Processing file /home/upm/.local/lib/python3.8/site-packages/airflow/example_dags/example_subdag_operator.py for tasks to queue
[2022-11-12 11:32:57,048] {logging_mixin.py:109} INFO - [2022-11-12 11:32:57,048] {dagbag.py:496} INFO - Filling up the DagBag from /home/upm/.local/lib/python3.8/site-packages/airflow/example_dags/example_subdag_operator.py
[2022-11-12 11:32:57,086] {processor.py:623} INFO - DAG(s) dict_keys(['example_subdag_operator.section-1', 'example_subdag_operator.section-2', 'example_subdag_operator']) retrieved from /home/upm/.local/lib/python3.8/site-packages/airflow/example_dags/example_subdag_operator.py
[2022-11-12 11:32:57,107] {logging_mixin.py:109} INFO - [2022-11-12 11:32:57,107] {dag.py:1834} INFO - Sync 3 DAGs
[2022-11-12 11:32:57,121] {logging_mixin.py:109} INFO - [2022-11-12 11:32:57,121] {dag.py:2287} INFO - Setting next_dagrun for example_subdag_operator to 2022-11-10 00:00:00+00:00
[2022-11-12 11:32:57,122] {logging_mixin.py:109} INFO - [2022-11-12 11:32:57,122] {dag.py:2287} INFO - Setting next_dagrun for example_subdag_operator.section-1 to None
[2022-11-12 11:32:57,123] {logging_mixin.py:109} INFO - [2022-11-12 11:32:57,123] {dag.py:2287} INFO - Setting next_dagrun for example_subdag_operator.section-2 to None
[2022-11-12 11:32:57,135] {logging_mixin.py:109} INFO - [2022-11-12 11:32:57,135] {dag.py:1834} INFO - Sync 2 DAGs
[2022-11-12 11:32:57,141] {logging_mixin.py:109} INFO - [2022-11-12 11:32:57,141] {dag.py:2287} INFO - Setting next_dagrun for example_subdag_operator.section-1 to None
[2022-11-12 11:32:57,142] {logging_mixin.py:109} INFO - [2022-11-12 11:32:57,142] {dag.py:2287} INFO - Setting next_dagrun for example_subdag_operator.section-2 to None
[2022-11-12 11:32:57,151] {processor.py:170} INFO - Processing /home/upm/.local/lib/python3.8/site-packages/airflow/example_dags/example_subdag_operator.py took 0.108 seconds
