[2022-11-12 11:06:36,718] {processor.py:162} INFO - Started process (PID=81926) to work on /home/upm/.local/lib/python3.8/site-packages/airflow/example_dags/example_external_task_marker_dag.py
[2022-11-12 11:06:36,719] {processor.py:613} INFO - Processing file /home/upm/.local/lib/python3.8/site-packages/airflow/example_dags/example_external_task_marker_dag.py for tasks to queue
[2022-11-12 11:06:36,719] {logging_mixin.py:109} INFO - [2022-11-12 11:06:36,719] {dagbag.py:496} INFO - Filling up the DagBag from /home/upm/.local/lib/python3.8/site-packages/airflow/example_dags/example_external_task_marker_dag.py
[2022-11-12 11:06:36,729] {processor.py:623} INFO - DAG(s) dict_keys(['example_external_task_marker_parent', 'example_external_task_marker_child']) retrieved from /home/upm/.local/lib/python3.8/site-packages/airflow/example_dags/example_external_task_marker_dag.py
[2022-11-12 11:06:36,745] {logging_mixin.py:109} INFO - [2022-11-12 11:06:36,745] {dag.py:1834} INFO - Sync 2 DAGs
[2022-11-12 11:06:36,752] {logging_mixin.py:109} INFO - [2022-11-12 11:06:36,752] {dag.py:2287} INFO - Setting next_dagrun for example_external_task_marker_child to None
[2022-11-12 11:06:36,753] {logging_mixin.py:109} INFO - [2022-11-12 11:06:36,753] {dag.py:2287} INFO - Setting next_dagrun for example_external_task_marker_parent to None
[2022-11-12 11:06:36,765] {processor.py:170} INFO - Processing /home/upm/.local/lib/python3.8/site-packages/airflow/example_dags/example_external_task_marker_dag.py took 0.050 seconds
[2022-11-12 11:07:09,094] {processor.py:162} INFO - Started process (PID=82043) to work on /home/upm/.local/lib/python3.8/site-packages/airflow/example_dags/example_external_task_marker_dag.py
[2022-11-12 11:07:09,096] {processor.py:613} INFO - Processing file /home/upm/.local/lib/python3.8/site-packages/airflow/example_dags/example_external_task_marker_dag.py for tasks to queue
[2022-11-12 11:07:09,096] {logging_mixin.py:109} INFO - [2022-11-12 11:07:09,096] {dagbag.py:496} INFO - Filling up the DagBag from /home/upm/.local/lib/python3.8/site-packages/airflow/example_dags/example_external_task_marker_dag.py
[2022-11-12 11:07:09,105] {processor.py:623} INFO - DAG(s) dict_keys(['example_external_task_marker_parent', 'example_external_task_marker_child']) retrieved from /home/upm/.local/lib/python3.8/site-packages/airflow/example_dags/example_external_task_marker_dag.py
[2022-11-12 11:07:09,120] {logging_mixin.py:109} INFO - [2022-11-12 11:07:09,120] {dag.py:1834} INFO - Sync 2 DAGs
[2022-11-12 11:07:09,128] {logging_mixin.py:109} INFO - [2022-11-12 11:07:09,128] {dag.py:2287} INFO - Setting next_dagrun for example_external_task_marker_child to None
[2022-11-12 11:07:09,128] {logging_mixin.py:109} INFO - [2022-11-12 11:07:09,128] {dag.py:2287} INFO - Setting next_dagrun for example_external_task_marker_parent to None
[2022-11-12 11:07:09,139] {processor.py:170} INFO - Processing /home/upm/.local/lib/python3.8/site-packages/airflow/example_dags/example_external_task_marker_dag.py took 0.048 seconds
[2022-11-12 11:07:41,344] {processor.py:162} INFO - Started process (PID=82182) to work on /home/upm/.local/lib/python3.8/site-packages/airflow/example_dags/example_external_task_marker_dag.py
[2022-11-12 11:07:41,345] {processor.py:613} INFO - Processing file /home/upm/.local/lib/python3.8/site-packages/airflow/example_dags/example_external_task_marker_dag.py for tasks to queue
[2022-11-12 11:07:41,345] {logging_mixin.py:109} INFO - [2022-11-12 11:07:41,345] {dagbag.py:496} INFO - Filling up the DagBag from /home/upm/.local/lib/python3.8/site-packages/airflow/example_dags/example_external_task_marker_dag.py
[2022-11-12 11:07:41,353] {processor.py:623} INFO - DAG(s) dict_keys(['example_external_task_marker_parent', 'example_external_task_marker_child']) retrieved from /home/upm/.local/lib/python3.8/site-packages/airflow/example_dags/example_external_task_marker_dag.py
[2022-11-12 11:07:41,366] {logging_mixin.py:109} INFO - [2022-11-12 11:07:41,366] {dag.py:1834} INFO - Sync 2 DAGs
[2022-11-12 11:07:41,372] {logging_mixin.py:109} INFO - [2022-11-12 11:07:41,372] {dag.py:2287} INFO - Setting next_dagrun for example_external_task_marker_child to None
[2022-11-12 11:07:41,373] {logging_mixin.py:109} INFO - [2022-11-12 11:07:41,373] {dag.py:2287} INFO - Setting next_dagrun for example_external_task_marker_parent to None
[2022-11-12 11:07:41,383] {processor.py:170} INFO - Processing /home/upm/.local/lib/python3.8/site-packages/airflow/example_dags/example_external_task_marker_dag.py took 0.041 seconds
[2022-11-12 11:10:55,937] {processor.py:162} INFO - Started process (PID=82410) to work on /home/upm/.local/lib/python3.8/site-packages/airflow/example_dags/example_external_task_marker_dag.py
[2022-11-12 11:10:55,939] {processor.py:613} INFO - Processing file /home/upm/.local/lib/python3.8/site-packages/airflow/example_dags/example_external_task_marker_dag.py for tasks to queue
[2022-11-12 11:10:55,939] {logging_mixin.py:109} INFO - [2022-11-12 11:10:55,939] {dagbag.py:496} INFO - Filling up the DagBag from /home/upm/.local/lib/python3.8/site-packages/airflow/example_dags/example_external_task_marker_dag.py
[2022-11-12 11:10:55,947] {processor.py:623} INFO - DAG(s) dict_keys(['example_external_task_marker_parent', 'example_external_task_marker_child']) retrieved from /home/upm/.local/lib/python3.8/site-packages/airflow/example_dags/example_external_task_marker_dag.py
[2022-11-12 11:10:55,960] {logging_mixin.py:109} INFO - [2022-11-12 11:10:55,960] {dag.py:1834} INFO - Sync 2 DAGs
[2022-11-12 11:10:55,966] {logging_mixin.py:109} INFO - [2022-11-12 11:10:55,966] {dag.py:2287} INFO - Setting next_dagrun for example_external_task_marker_child to None
[2022-11-12 11:10:55,967] {logging_mixin.py:109} INFO - [2022-11-12 11:10:55,967] {dag.py:2287} INFO - Setting next_dagrun for example_external_task_marker_parent to None
[2022-11-12 11:10:55,977] {processor.py:170} INFO - Processing /home/upm/.local/lib/python3.8/site-packages/airflow/example_dags/example_external_task_marker_dag.py took 0.043 seconds
[2022-11-12 11:11:28,194] {processor.py:162} INFO - Started process (PID=82531) to work on /home/upm/.local/lib/python3.8/site-packages/airflow/example_dags/example_external_task_marker_dag.py
[2022-11-12 11:11:28,195] {processor.py:613} INFO - Processing file /home/upm/.local/lib/python3.8/site-packages/airflow/example_dags/example_external_task_marker_dag.py for tasks to queue
[2022-11-12 11:11:28,196] {logging_mixin.py:109} INFO - [2022-11-12 11:11:28,196] {dagbag.py:496} INFO - Filling up the DagBag from /home/upm/.local/lib/python3.8/site-packages/airflow/example_dags/example_external_task_marker_dag.py
[2022-11-12 11:11:28,204] {processor.py:623} INFO - DAG(s) dict_keys(['example_external_task_marker_parent', 'example_external_task_marker_child']) retrieved from /home/upm/.local/lib/python3.8/site-packages/airflow/example_dags/example_external_task_marker_dag.py
[2022-11-12 11:11:28,217] {logging_mixin.py:109} INFO - [2022-11-12 11:11:28,217] {dag.py:1834} INFO - Sync 2 DAGs
[2022-11-12 11:11:28,223] {logging_mixin.py:109} INFO - [2022-11-12 11:11:28,223] {dag.py:2287} INFO - Setting next_dagrun for example_external_task_marker_child to None
[2022-11-12 11:11:28,224] {logging_mixin.py:109} INFO - [2022-11-12 11:11:28,224] {dag.py:2287} INFO - Setting next_dagrun for example_external_task_marker_parent to None
[2022-11-12 11:11:28,234] {processor.py:170} INFO - Processing /home/upm/.local/lib/python3.8/site-packages/airflow/example_dags/example_external_task_marker_dag.py took 0.042 seconds
[2022-11-12 11:11:59,400] {processor.py:162} INFO - Started process (PID=82631) to work on /home/upm/.local/lib/python3.8/site-packages/airflow/example_dags/example_external_task_marker_dag.py
[2022-11-12 11:11:59,401] {processor.py:613} INFO - Processing file /home/upm/.local/lib/python3.8/site-packages/airflow/example_dags/example_external_task_marker_dag.py for tasks to queue
[2022-11-12 11:11:59,401] {logging_mixin.py:109} INFO - [2022-11-12 11:11:59,401] {dagbag.py:496} INFO - Filling up the DagBag from /home/upm/.local/lib/python3.8/site-packages/airflow/example_dags/example_external_task_marker_dag.py
[2022-11-12 11:11:59,409] {processor.py:623} INFO - DAG(s) dict_keys(['example_external_task_marker_parent', 'example_external_task_marker_child']) retrieved from /home/upm/.local/lib/python3.8/site-packages/airflow/example_dags/example_external_task_marker_dag.py
[2022-11-12 11:11:59,424] {logging_mixin.py:109} INFO - [2022-11-12 11:11:59,424] {dag.py:1834} INFO - Sync 2 DAGs
[2022-11-12 11:11:59,431] {logging_mixin.py:109} INFO - [2022-11-12 11:11:59,431] {dag.py:2287} INFO - Setting next_dagrun for example_external_task_marker_child to None
[2022-11-12 11:11:59,432] {logging_mixin.py:109} INFO - [2022-11-12 11:11:59,432] {dag.py:2287} INFO - Setting next_dagrun for example_external_task_marker_parent to None
[2022-11-12 11:11:59,445] {processor.py:170} INFO - Processing /home/upm/.local/lib/python3.8/site-packages/airflow/example_dags/example_external_task_marker_dag.py took 0.047 seconds
[2022-11-12 11:12:31,514] {processor.py:162} INFO - Started process (PID=82728) to work on /home/upm/.local/lib/python3.8/site-packages/airflow/example_dags/example_external_task_marker_dag.py
[2022-11-12 11:12:31,516] {processor.py:613} INFO - Processing file /home/upm/.local/lib/python3.8/site-packages/airflow/example_dags/example_external_task_marker_dag.py for tasks to queue
[2022-11-12 11:12:31,516] {logging_mixin.py:109} INFO - [2022-11-12 11:12:31,516] {dagbag.py:496} INFO - Filling up the DagBag from /home/upm/.local/lib/python3.8/site-packages/airflow/example_dags/example_external_task_marker_dag.py
[2022-11-12 11:12:31,524] {processor.py:623} INFO - DAG(s) dict_keys(['example_external_task_marker_parent', 'example_external_task_marker_child']) retrieved from /home/upm/.local/lib/python3.8/site-packages/airflow/example_dags/example_external_task_marker_dag.py
[2022-11-12 11:12:31,538] {logging_mixin.py:109} INFO - [2022-11-12 11:12:31,537] {dag.py:1834} INFO - Sync 2 DAGs
[2022-11-12 11:12:31,544] {logging_mixin.py:109} INFO - [2022-11-12 11:12:31,544] {dag.py:2287} INFO - Setting next_dagrun for example_external_task_marker_child to None
[2022-11-12 11:12:31,545] {logging_mixin.py:109} INFO - [2022-11-12 11:12:31,545] {dag.py:2287} INFO - Setting next_dagrun for example_external_task_marker_parent to None
[2022-11-12 11:12:31,554] {processor.py:170} INFO - Processing /home/upm/.local/lib/python3.8/site-packages/airflow/example_dags/example_external_task_marker_dag.py took 0.042 seconds
[2022-11-12 11:13:39,547] {processor.py:162} INFO - Started process (PID=82921) to work on /home/upm/.local/lib/python3.8/site-packages/airflow/example_dags/example_external_task_marker_dag.py
[2022-11-12 11:13:39,549] {processor.py:613} INFO - Processing file /home/upm/.local/lib/python3.8/site-packages/airflow/example_dags/example_external_task_marker_dag.py for tasks to queue
[2022-11-12 11:13:39,550] {logging_mixin.py:109} INFO - [2022-11-12 11:13:39,550] {dagbag.py:496} INFO - Filling up the DagBag from /home/upm/.local/lib/python3.8/site-packages/airflow/example_dags/example_external_task_marker_dag.py
[2022-11-12 11:13:39,559] {processor.py:623} INFO - DAG(s) dict_keys(['example_external_task_marker_parent', 'example_external_task_marker_child']) retrieved from /home/upm/.local/lib/python3.8/site-packages/airflow/example_dags/example_external_task_marker_dag.py
[2022-11-12 11:13:39,575] {logging_mixin.py:109} INFO - [2022-11-12 11:13:39,575] {dag.py:1834} INFO - Sync 2 DAGs
[2022-11-12 11:13:39,584] {logging_mixin.py:109} INFO - [2022-11-12 11:13:39,584] {dag.py:2287} INFO - Setting next_dagrun for example_external_task_marker_child to None
[2022-11-12 11:13:39,585] {logging_mixin.py:109} INFO - [2022-11-12 11:13:39,585] {dag.py:2287} INFO - Setting next_dagrun for example_external_task_marker_parent to None
[2022-11-12 11:13:39,596] {processor.py:170} INFO - Processing /home/upm/.local/lib/python3.8/site-packages/airflow/example_dags/example_external_task_marker_dag.py took 0.053 seconds
[2022-11-12 11:14:11,812] {processor.py:162} INFO - Started process (PID=83044) to work on /home/upm/.local/lib/python3.8/site-packages/airflow/example_dags/example_external_task_marker_dag.py
[2022-11-12 11:14:11,815] {processor.py:613} INFO - Processing file /home/upm/.local/lib/python3.8/site-packages/airflow/example_dags/example_external_task_marker_dag.py for tasks to queue
[2022-11-12 11:14:11,816] {logging_mixin.py:109} INFO - [2022-11-12 11:14:11,816] {dagbag.py:496} INFO - Filling up the DagBag from /home/upm/.local/lib/python3.8/site-packages/airflow/example_dags/example_external_task_marker_dag.py
[2022-11-12 11:14:11,827] {processor.py:623} INFO - DAG(s) dict_keys(['example_external_task_marker_parent', 'example_external_task_marker_child']) retrieved from /home/upm/.local/lib/python3.8/site-packages/airflow/example_dags/example_external_task_marker_dag.py
[2022-11-12 11:14:11,844] {logging_mixin.py:109} INFO - [2022-11-12 11:14:11,844] {dag.py:1834} INFO - Sync 2 DAGs
[2022-11-12 11:14:11,854] {logging_mixin.py:109} INFO - [2022-11-12 11:14:11,854] {dag.py:2287} INFO - Setting next_dagrun for example_external_task_marker_child to None
[2022-11-12 11:14:11,856] {logging_mixin.py:109} INFO - [2022-11-12 11:14:11,856] {dag.py:2287} INFO - Setting next_dagrun for example_external_task_marker_parent to None
[2022-11-12 11:14:11,880] {processor.py:170} INFO - Processing /home/upm/.local/lib/python3.8/site-packages/airflow/example_dags/example_external_task_marker_dag.py took 0.070 seconds
[2022-11-12 11:17:07,885] {processor.py:162} INFO - Started process (PID=83573) to work on /home/upm/.local/lib/python3.8/site-packages/airflow/example_dags/example_external_task_marker_dag.py
[2022-11-12 11:17:07,887] {processor.py:613} INFO - Processing file /home/upm/.local/lib/python3.8/site-packages/airflow/example_dags/example_external_task_marker_dag.py for tasks to queue
[2022-11-12 11:17:07,888] {logging_mixin.py:109} INFO - [2022-11-12 11:17:07,888] {dagbag.py:496} INFO - Filling up the DagBag from /home/upm/.local/lib/python3.8/site-packages/airflow/example_dags/example_external_task_marker_dag.py
[2022-11-12 11:17:07,896] {processor.py:623} INFO - DAG(s) dict_keys(['example_external_task_marker_parent', 'example_external_task_marker_child']) retrieved from /home/upm/.local/lib/python3.8/site-packages/airflow/example_dags/example_external_task_marker_dag.py
[2022-11-12 11:17:07,913] {logging_mixin.py:109} INFO - [2022-11-12 11:17:07,913] {dag.py:1834} INFO - Sync 2 DAGs
[2022-11-12 11:17:07,922] {logging_mixin.py:109} INFO - [2022-11-12 11:17:07,922] {dag.py:2287} INFO - Setting next_dagrun for example_external_task_marker_child to None
[2022-11-12 11:17:07,923] {logging_mixin.py:109} INFO - [2022-11-12 11:17:07,922] {dag.py:2287} INFO - Setting next_dagrun for example_external_task_marker_parent to None
[2022-11-12 11:17:07,938] {processor.py:170} INFO - Processing /home/upm/.local/lib/python3.8/site-packages/airflow/example_dags/example_external_task_marker_dag.py took 0.056 seconds
[2022-11-12 11:17:40,168] {processor.py:162} INFO - Started process (PID=83685) to work on /home/upm/.local/lib/python3.8/site-packages/airflow/example_dags/example_external_task_marker_dag.py
[2022-11-12 11:17:40,170] {processor.py:613} INFO - Processing file /home/upm/.local/lib/python3.8/site-packages/airflow/example_dags/example_external_task_marker_dag.py for tasks to queue
[2022-11-12 11:17:40,171] {logging_mixin.py:109} INFO - [2022-11-12 11:17:40,171] {dagbag.py:496} INFO - Filling up the DagBag from /home/upm/.local/lib/python3.8/site-packages/airflow/example_dags/example_external_task_marker_dag.py
[2022-11-12 11:17:40,184] {processor.py:623} INFO - DAG(s) dict_keys(['example_external_task_marker_parent', 'example_external_task_marker_child']) retrieved from /home/upm/.local/lib/python3.8/site-packages/airflow/example_dags/example_external_task_marker_dag.py
[2022-11-12 11:17:40,200] {logging_mixin.py:109} INFO - [2022-11-12 11:17:40,200] {dag.py:1834} INFO - Sync 2 DAGs
[2022-11-12 11:17:40,207] {logging_mixin.py:109} INFO - [2022-11-12 11:17:40,207] {dag.py:2287} INFO - Setting next_dagrun for example_external_task_marker_child to None
[2022-11-12 11:17:40,207] {logging_mixin.py:109} INFO - [2022-11-12 11:17:40,207] {dag.py:2287} INFO - Setting next_dagrun for example_external_task_marker_parent to None
[2022-11-12 11:17:40,217] {processor.py:170} INFO - Processing /home/upm/.local/lib/python3.8/site-packages/airflow/example_dags/example_external_task_marker_dag.py took 0.056 seconds
[2022-11-12 11:18:11,274] {processor.py:162} INFO - Started process (PID=83817) to work on /home/upm/.local/lib/python3.8/site-packages/airflow/example_dags/example_external_task_marker_dag.py
[2022-11-12 11:18:11,276] {processor.py:613} INFO - Processing file /home/upm/.local/lib/python3.8/site-packages/airflow/example_dags/example_external_task_marker_dag.py for tasks to queue
[2022-11-12 11:18:11,277] {logging_mixin.py:109} INFO - [2022-11-12 11:18:11,277] {dagbag.py:496} INFO - Filling up the DagBag from /home/upm/.local/lib/python3.8/site-packages/airflow/example_dags/example_external_task_marker_dag.py
[2022-11-12 11:18:11,285] {processor.py:623} INFO - DAG(s) dict_keys(['example_external_task_marker_parent', 'example_external_task_marker_child']) retrieved from /home/upm/.local/lib/python3.8/site-packages/airflow/example_dags/example_external_task_marker_dag.py
[2022-11-12 11:18:11,298] {logging_mixin.py:109} INFO - [2022-11-12 11:18:11,298] {dag.py:1834} INFO - Sync 2 DAGs
[2022-11-12 11:18:11,305] {logging_mixin.py:109} INFO - [2022-11-12 11:18:11,305] {dag.py:2287} INFO - Setting next_dagrun for example_external_task_marker_child to None
[2022-11-12 11:18:11,305] {logging_mixin.py:109} INFO - [2022-11-12 11:18:11,305] {dag.py:2287} INFO - Setting next_dagrun for example_external_task_marker_parent to None
[2022-11-12 11:18:11,314] {processor.py:170} INFO - Processing /home/upm/.local/lib/python3.8/site-packages/airflow/example_dags/example_external_task_marker_dag.py took 0.043 seconds
[2022-11-12 11:18:44,811] {processor.py:162} INFO - Started process (PID=83927) to work on /home/upm/.local/lib/python3.8/site-packages/airflow/example_dags/example_external_task_marker_dag.py
[2022-11-12 11:18:44,813] {processor.py:613} INFO - Processing file /home/upm/.local/lib/python3.8/site-packages/airflow/example_dags/example_external_task_marker_dag.py for tasks to queue
[2022-11-12 11:18:44,813] {logging_mixin.py:109} INFO - [2022-11-12 11:18:44,813] {dagbag.py:496} INFO - Filling up the DagBag from /home/upm/.local/lib/python3.8/site-packages/airflow/example_dags/example_external_task_marker_dag.py
[2022-11-12 11:18:44,825] {processor.py:623} INFO - DAG(s) dict_keys(['example_external_task_marker_parent', 'example_external_task_marker_child']) retrieved from /home/upm/.local/lib/python3.8/site-packages/airflow/example_dags/example_external_task_marker_dag.py
[2022-11-12 11:18:44,842] {logging_mixin.py:109} INFO - [2022-11-12 11:18:44,842] {dag.py:1834} INFO - Sync 2 DAGs
[2022-11-12 11:18:44,851] {logging_mixin.py:109} INFO - [2022-11-12 11:18:44,851] {dag.py:2287} INFO - Setting next_dagrun for example_external_task_marker_child to None
[2022-11-12 11:18:44,852] {logging_mixin.py:109} INFO - [2022-11-12 11:18:44,852] {dag.py:2287} INFO - Setting next_dagrun for example_external_task_marker_parent to None
[2022-11-12 11:18:44,865] {processor.py:170} INFO - Processing /home/upm/.local/lib/python3.8/site-packages/airflow/example_dags/example_external_task_marker_dag.py took 0.058 seconds
[2022-11-12 11:19:17,592] {processor.py:162} INFO - Started process (PID=84101) to work on /home/upm/.local/lib/python3.8/site-packages/airflow/example_dags/example_external_task_marker_dag.py
[2022-11-12 11:19:17,593] {processor.py:613} INFO - Processing file /home/upm/.local/lib/python3.8/site-packages/airflow/example_dags/example_external_task_marker_dag.py for tasks to queue
[2022-11-12 11:19:17,593] {logging_mixin.py:109} INFO - [2022-11-12 11:19:17,593] {dagbag.py:496} INFO - Filling up the DagBag from /home/upm/.local/lib/python3.8/site-packages/airflow/example_dags/example_external_task_marker_dag.py
[2022-11-12 11:19:17,603] {processor.py:623} INFO - DAG(s) dict_keys(['example_external_task_marker_parent', 'example_external_task_marker_child']) retrieved from /home/upm/.local/lib/python3.8/site-packages/airflow/example_dags/example_external_task_marker_dag.py
[2022-11-12 11:19:17,615] {logging_mixin.py:109} INFO - [2022-11-12 11:19:17,615] {dag.py:1834} INFO - Sync 2 DAGs
[2022-11-12 11:19:17,623] {logging_mixin.py:109} INFO - [2022-11-12 11:19:17,623] {dag.py:2287} INFO - Setting next_dagrun for example_external_task_marker_child to None
[2022-11-12 11:19:17,623] {logging_mixin.py:109} INFO - [2022-11-12 11:19:17,623] {dag.py:2287} INFO - Setting next_dagrun for example_external_task_marker_parent to None
[2022-11-12 11:19:17,635] {processor.py:170} INFO - Processing /home/upm/.local/lib/python3.8/site-packages/airflow/example_dags/example_external_task_marker_dag.py took 0.045 seconds
[2022-11-12 11:21:37,748] {processor.py:162} INFO - Started process (PID=84394) to work on /home/upm/.local/lib/python3.8/site-packages/airflow/example_dags/example_external_task_marker_dag.py
[2022-11-12 11:21:37,750] {processor.py:613} INFO - Processing file /home/upm/.local/lib/python3.8/site-packages/airflow/example_dags/example_external_task_marker_dag.py for tasks to queue
[2022-11-12 11:21:37,750] {logging_mixin.py:109} INFO - [2022-11-12 11:21:37,750] {dagbag.py:496} INFO - Filling up the DagBag from /home/upm/.local/lib/python3.8/site-packages/airflow/example_dags/example_external_task_marker_dag.py
[2022-11-12 11:21:37,760] {processor.py:623} INFO - DAG(s) dict_keys(['example_external_task_marker_parent', 'example_external_task_marker_child']) retrieved from /home/upm/.local/lib/python3.8/site-packages/airflow/example_dags/example_external_task_marker_dag.py
[2022-11-12 11:21:37,777] {logging_mixin.py:109} INFO - [2022-11-12 11:21:37,777] {dag.py:1834} INFO - Sync 2 DAGs
[2022-11-12 11:21:37,786] {logging_mixin.py:109} INFO - [2022-11-12 11:21:37,786] {dag.py:2287} INFO - Setting next_dagrun for example_external_task_marker_child to None
[2022-11-12 11:21:37,787] {logging_mixin.py:109} INFO - [2022-11-12 11:21:37,787] {dag.py:2287} INFO - Setting next_dagrun for example_external_task_marker_parent to None
[2022-11-12 11:21:37,797] {processor.py:170} INFO - Processing /home/upm/.local/lib/python3.8/site-packages/airflow/example_dags/example_external_task_marker_dag.py took 0.052 seconds
[2022-11-12 11:22:10,118] {processor.py:162} INFO - Started process (PID=84500) to work on /home/upm/.local/lib/python3.8/site-packages/airflow/example_dags/example_external_task_marker_dag.py
[2022-11-12 11:22:10,120] {processor.py:613} INFO - Processing file /home/upm/.local/lib/python3.8/site-packages/airflow/example_dags/example_external_task_marker_dag.py for tasks to queue
[2022-11-12 11:22:10,121] {logging_mixin.py:109} INFO - [2022-11-12 11:22:10,121] {dagbag.py:496} INFO - Filling up the DagBag from /home/upm/.local/lib/python3.8/site-packages/airflow/example_dags/example_external_task_marker_dag.py
[2022-11-12 11:22:10,135] {processor.py:623} INFO - DAG(s) dict_keys(['example_external_task_marker_parent', 'example_external_task_marker_child']) retrieved from /home/upm/.local/lib/python3.8/site-packages/airflow/example_dags/example_external_task_marker_dag.py
[2022-11-12 11:22:10,150] {logging_mixin.py:109} INFO - [2022-11-12 11:22:10,150] {dag.py:1834} INFO - Sync 2 DAGs
[2022-11-12 11:22:10,157] {logging_mixin.py:109} INFO - [2022-11-12 11:22:10,157] {dag.py:2287} INFO - Setting next_dagrun for example_external_task_marker_child to None
[2022-11-12 11:22:10,158] {logging_mixin.py:109} INFO - [2022-11-12 11:22:10,158] {dag.py:2287} INFO - Setting next_dagrun for example_external_task_marker_parent to None
[2022-11-12 11:22:10,169] {processor.py:170} INFO - Processing /home/upm/.local/lib/python3.8/site-packages/airflow/example_dags/example_external_task_marker_dag.py took 0.058 seconds
[2022-11-12 11:22:41,202] {processor.py:162} INFO - Started process (PID=84609) to work on /home/upm/.local/lib/python3.8/site-packages/airflow/example_dags/example_external_task_marker_dag.py
[2022-11-12 11:22:41,203] {processor.py:613} INFO - Processing file /home/upm/.local/lib/python3.8/site-packages/airflow/example_dags/example_external_task_marker_dag.py for tasks to queue
[2022-11-12 11:22:41,203] {logging_mixin.py:109} INFO - [2022-11-12 11:22:41,203] {dagbag.py:496} INFO - Filling up the DagBag from /home/upm/.local/lib/python3.8/site-packages/airflow/example_dags/example_external_task_marker_dag.py
[2022-11-12 11:22:41,213] {processor.py:623} INFO - DAG(s) dict_keys(['example_external_task_marker_parent', 'example_external_task_marker_child']) retrieved from /home/upm/.local/lib/python3.8/site-packages/airflow/example_dags/example_external_task_marker_dag.py
[2022-11-12 11:22:41,228] {logging_mixin.py:109} INFO - [2022-11-12 11:22:41,228] {dag.py:1834} INFO - Sync 2 DAGs
[2022-11-12 11:22:41,235] {logging_mixin.py:109} INFO - [2022-11-12 11:22:41,235] {dag.py:2287} INFO - Setting next_dagrun for example_external_task_marker_child to None
[2022-11-12 11:22:41,236] {logging_mixin.py:109} INFO - [2022-11-12 11:22:41,235] {dag.py:2287} INFO - Setting next_dagrun for example_external_task_marker_parent to None
[2022-11-12 11:22:41,247] {processor.py:170} INFO - Processing /home/upm/.local/lib/python3.8/site-packages/airflow/example_dags/example_external_task_marker_dag.py took 0.047 seconds
[2022-11-12 11:27:29,314] {processor.py:162} INFO - Started process (PID=85240) to work on /home/upm/.local/lib/python3.8/site-packages/airflow/example_dags/example_external_task_marker_dag.py
[2022-11-12 11:27:29,316] {processor.py:613} INFO - Processing file /home/upm/.local/lib/python3.8/site-packages/airflow/example_dags/example_external_task_marker_dag.py for tasks to queue
[2022-11-12 11:27:29,317] {logging_mixin.py:109} INFO - [2022-11-12 11:27:29,317] {dagbag.py:496} INFO - Filling up the DagBag from /home/upm/.local/lib/python3.8/site-packages/airflow/example_dags/example_external_task_marker_dag.py
[2022-11-12 11:27:29,325] {processor.py:623} INFO - DAG(s) dict_keys(['example_external_task_marker_parent', 'example_external_task_marker_child']) retrieved from /home/upm/.local/lib/python3.8/site-packages/airflow/example_dags/example_external_task_marker_dag.py
[2022-11-12 11:27:29,338] {logging_mixin.py:109} INFO - [2022-11-12 11:27:29,338] {dag.py:1834} INFO - Sync 2 DAGs
[2022-11-12 11:27:29,345] {logging_mixin.py:109} INFO - [2022-11-12 11:27:29,345] {dag.py:2287} INFO - Setting next_dagrun for example_external_task_marker_child to None
[2022-11-12 11:27:29,345] {logging_mixin.py:109} INFO - [2022-11-12 11:27:29,345] {dag.py:2287} INFO - Setting next_dagrun for example_external_task_marker_parent to None
[2022-11-12 11:27:29,356] {processor.py:170} INFO - Processing /home/upm/.local/lib/python3.8/site-packages/airflow/example_dags/example_external_task_marker_dag.py took 0.044 seconds
[2022-11-12 11:28:01,609] {processor.py:162} INFO - Started process (PID=85507) to work on /home/upm/.local/lib/python3.8/site-packages/airflow/example_dags/example_external_task_marker_dag.py
[2022-11-12 11:28:01,609] {processor.py:613} INFO - Processing file /home/upm/.local/lib/python3.8/site-packages/airflow/example_dags/example_external_task_marker_dag.py for tasks to queue
[2022-11-12 11:28:01,610] {logging_mixin.py:109} INFO - [2022-11-12 11:28:01,610] {dagbag.py:496} INFO - Filling up the DagBag from /home/upm/.local/lib/python3.8/site-packages/airflow/example_dags/example_external_task_marker_dag.py
[2022-11-12 11:28:01,618] {processor.py:623} INFO - DAG(s) dict_keys(['example_external_task_marker_parent', 'example_external_task_marker_child']) retrieved from /home/upm/.local/lib/python3.8/site-packages/airflow/example_dags/example_external_task_marker_dag.py
[2022-11-12 11:28:01,633] {logging_mixin.py:109} INFO - [2022-11-12 11:28:01,633] {dag.py:1834} INFO - Sync 2 DAGs
[2022-11-12 11:28:01,640] {logging_mixin.py:109} INFO - [2022-11-12 11:28:01,640] {dag.py:2287} INFO - Setting next_dagrun for example_external_task_marker_child to None
[2022-11-12 11:28:01,641] {logging_mixin.py:109} INFO - [2022-11-12 11:28:01,641] {dag.py:2287} INFO - Setting next_dagrun for example_external_task_marker_parent to None
[2022-11-12 11:28:01,653] {processor.py:170} INFO - Processing /home/upm/.local/lib/python3.8/site-packages/airflow/example_dags/example_external_task_marker_dag.py took 0.047 seconds
[2022-11-12 11:29:35,198] {processor.py:162} INFO - Started process (PID=85826) to work on /home/upm/.local/lib/python3.8/site-packages/airflow/example_dags/example_external_task_marker_dag.py
[2022-11-12 11:29:35,200] {processor.py:613} INFO - Processing file /home/upm/.local/lib/python3.8/site-packages/airflow/example_dags/example_external_task_marker_dag.py for tasks to queue
[2022-11-12 11:29:35,201] {logging_mixin.py:109} INFO - [2022-11-12 11:29:35,201] {dagbag.py:496} INFO - Filling up the DagBag from /home/upm/.local/lib/python3.8/site-packages/airflow/example_dags/example_external_task_marker_dag.py
[2022-11-12 11:29:35,209] {processor.py:623} INFO - DAG(s) dict_keys(['example_external_task_marker_parent', 'example_external_task_marker_child']) retrieved from /home/upm/.local/lib/python3.8/site-packages/airflow/example_dags/example_external_task_marker_dag.py
[2022-11-12 11:29:35,224] {logging_mixin.py:109} INFO - [2022-11-12 11:29:35,224] {dag.py:1834} INFO - Sync 2 DAGs
[2022-11-12 11:29:35,231] {logging_mixin.py:109} INFO - [2022-11-12 11:29:35,231] {dag.py:2287} INFO - Setting next_dagrun for example_external_task_marker_child to None
[2022-11-12 11:29:35,231] {logging_mixin.py:109} INFO - [2022-11-12 11:29:35,231] {dag.py:2287} INFO - Setting next_dagrun for example_external_task_marker_parent to None
[2022-11-12 11:29:35,242] {processor.py:170} INFO - Processing /home/upm/.local/lib/python3.8/site-packages/airflow/example_dags/example_external_task_marker_dag.py took 0.046 seconds
[2022-11-12 11:30:07,459] {processor.py:162} INFO - Started process (PID=85939) to work on /home/upm/.local/lib/python3.8/site-packages/airflow/example_dags/example_external_task_marker_dag.py
[2022-11-12 11:30:07,460] {processor.py:613} INFO - Processing file /home/upm/.local/lib/python3.8/site-packages/airflow/example_dags/example_external_task_marker_dag.py for tasks to queue
[2022-11-12 11:30:07,460] {logging_mixin.py:109} INFO - [2022-11-12 11:30:07,460] {dagbag.py:496} INFO - Filling up the DagBag from /home/upm/.local/lib/python3.8/site-packages/airflow/example_dags/example_external_task_marker_dag.py
[2022-11-12 11:30:07,468] {processor.py:623} INFO - DAG(s) dict_keys(['example_external_task_marker_parent', 'example_external_task_marker_child']) retrieved from /home/upm/.local/lib/python3.8/site-packages/airflow/example_dags/example_external_task_marker_dag.py
[2022-11-12 11:30:07,481] {logging_mixin.py:109} INFO - [2022-11-12 11:30:07,481] {dag.py:1834} INFO - Sync 2 DAGs
[2022-11-12 11:30:07,488] {logging_mixin.py:109} INFO - [2022-11-12 11:30:07,488] {dag.py:2287} INFO - Setting next_dagrun for example_external_task_marker_child to None
[2022-11-12 11:30:07,489] {logging_mixin.py:109} INFO - [2022-11-12 11:30:07,489] {dag.py:2287} INFO - Setting next_dagrun for example_external_task_marker_parent to None
[2022-11-12 11:30:07,500] {processor.py:170} INFO - Processing /home/upm/.local/lib/python3.8/site-packages/airflow/example_dags/example_external_task_marker_dag.py took 0.043 seconds
[2022-11-12 11:30:38,559] {processor.py:162} INFO - Started process (PID=86152) to work on /home/upm/.local/lib/python3.8/site-packages/airflow/example_dags/example_external_task_marker_dag.py
[2022-11-12 11:30:38,561] {processor.py:613} INFO - Processing file /home/upm/.local/lib/python3.8/site-packages/airflow/example_dags/example_external_task_marker_dag.py for tasks to queue
[2022-11-12 11:30:38,562] {logging_mixin.py:109} INFO - [2022-11-12 11:30:38,562] {dagbag.py:496} INFO - Filling up the DagBag from /home/upm/.local/lib/python3.8/site-packages/airflow/example_dags/example_external_task_marker_dag.py
[2022-11-12 11:30:38,570] {processor.py:623} INFO - DAG(s) dict_keys(['example_external_task_marker_parent', 'example_external_task_marker_child']) retrieved from /home/upm/.local/lib/python3.8/site-packages/airflow/example_dags/example_external_task_marker_dag.py
[2022-11-12 11:30:38,586] {logging_mixin.py:109} INFO - [2022-11-12 11:30:38,586] {dag.py:1834} INFO - Sync 2 DAGs
[2022-11-12 11:30:38,595] {logging_mixin.py:109} INFO - [2022-11-12 11:30:38,595] {dag.py:2287} INFO - Setting next_dagrun for example_external_task_marker_child to None
[2022-11-12 11:30:38,596] {logging_mixin.py:109} INFO - [2022-11-12 11:30:38,596] {dag.py:2287} INFO - Setting next_dagrun for example_external_task_marker_parent to None
[2022-11-12 11:30:38,608] {processor.py:170} INFO - Processing /home/upm/.local/lib/python3.8/site-packages/airflow/example_dags/example_external_task_marker_dag.py took 0.052 seconds
[2022-11-12 11:31:10,728] {processor.py:162} INFO - Started process (PID=86273) to work on /home/upm/.local/lib/python3.8/site-packages/airflow/example_dags/example_external_task_marker_dag.py
[2022-11-12 11:31:10,729] {processor.py:613} INFO - Processing file /home/upm/.local/lib/python3.8/site-packages/airflow/example_dags/example_external_task_marker_dag.py for tasks to queue
[2022-11-12 11:31:10,730] {logging_mixin.py:109} INFO - [2022-11-12 11:31:10,730] {dagbag.py:496} INFO - Filling up the DagBag from /home/upm/.local/lib/python3.8/site-packages/airflow/example_dags/example_external_task_marker_dag.py
[2022-11-12 11:31:10,741] {processor.py:623} INFO - DAG(s) dict_keys(['example_external_task_marker_parent', 'example_external_task_marker_child']) retrieved from /home/upm/.local/lib/python3.8/site-packages/airflow/example_dags/example_external_task_marker_dag.py
[2022-11-12 11:31:10,756] {logging_mixin.py:109} INFO - [2022-11-12 11:31:10,755] {dag.py:1834} INFO - Sync 2 DAGs
[2022-11-12 11:31:10,762] {logging_mixin.py:109} INFO - [2022-11-12 11:31:10,762] {dag.py:2287} INFO - Setting next_dagrun for example_external_task_marker_child to None
[2022-11-12 11:31:10,763] {logging_mixin.py:109} INFO - [2022-11-12 11:31:10,762] {dag.py:2287} INFO - Setting next_dagrun for example_external_task_marker_parent to None
[2022-11-12 11:31:10,772] {processor.py:170} INFO - Processing /home/upm/.local/lib/python3.8/site-packages/airflow/example_dags/example_external_task_marker_dag.py took 0.047 seconds
[2022-11-12 11:31:43,288] {processor.py:162} INFO - Started process (PID=86494) to work on /home/upm/.local/lib/python3.8/site-packages/airflow/example_dags/example_external_task_marker_dag.py
[2022-11-12 11:31:43,289] {processor.py:613} INFO - Processing file /home/upm/.local/lib/python3.8/site-packages/airflow/example_dags/example_external_task_marker_dag.py for tasks to queue
[2022-11-12 11:31:43,289] {logging_mixin.py:109} INFO - [2022-11-12 11:31:43,289] {dagbag.py:496} INFO - Filling up the DagBag from /home/upm/.local/lib/python3.8/site-packages/airflow/example_dags/example_external_task_marker_dag.py
[2022-11-12 11:31:43,303] {processor.py:623} INFO - DAG(s) dict_keys(['example_external_task_marker_parent', 'example_external_task_marker_child']) retrieved from /home/upm/.local/lib/python3.8/site-packages/airflow/example_dags/example_external_task_marker_dag.py
[2022-11-12 11:31:43,318] {logging_mixin.py:109} INFO - [2022-11-12 11:31:43,318] {dag.py:1834} INFO - Sync 2 DAGs
[2022-11-12 11:31:43,325] {logging_mixin.py:109} INFO - [2022-11-12 11:31:43,325] {dag.py:2287} INFO - Setting next_dagrun for example_external_task_marker_child to None
[2022-11-12 11:31:43,328] {logging_mixin.py:109} INFO - [2022-11-12 11:31:43,327] {dag.py:2287} INFO - Setting next_dagrun for example_external_task_marker_parent to None
[2022-11-12 11:31:43,339] {processor.py:170} INFO - Processing /home/upm/.local/lib/python3.8/site-packages/airflow/example_dags/example_external_task_marker_dag.py took 0.054 seconds
[2022-11-12 11:32:15,044] {processor.py:162} INFO - Started process (PID=86667) to work on /home/upm/.local/lib/python3.8/site-packages/airflow/example_dags/example_external_task_marker_dag.py
[2022-11-12 11:32:15,045] {processor.py:613} INFO - Processing file /home/upm/.local/lib/python3.8/site-packages/airflow/example_dags/example_external_task_marker_dag.py for tasks to queue
[2022-11-12 11:32:15,045] {logging_mixin.py:109} INFO - [2022-11-12 11:32:15,045] {dagbag.py:496} INFO - Filling up the DagBag from /home/upm/.local/lib/python3.8/site-packages/airflow/example_dags/example_external_task_marker_dag.py
[2022-11-12 11:32:15,055] {processor.py:623} INFO - DAG(s) dict_keys(['example_external_task_marker_parent', 'example_external_task_marker_child']) retrieved from /home/upm/.local/lib/python3.8/site-packages/airflow/example_dags/example_external_task_marker_dag.py
[2022-11-12 11:32:15,066] {logging_mixin.py:109} INFO - [2022-11-12 11:32:15,066] {dag.py:1834} INFO - Sync 2 DAGs
[2022-11-12 11:32:15,073] {logging_mixin.py:109} INFO - [2022-11-12 11:32:15,073] {dag.py:2287} INFO - Setting next_dagrun for example_external_task_marker_child to None
[2022-11-12 11:32:15,073] {logging_mixin.py:109} INFO - [2022-11-12 11:32:15,073] {dag.py:2287} INFO - Setting next_dagrun for example_external_task_marker_parent to None
[2022-11-12 11:32:15,084] {processor.py:170} INFO - Processing /home/upm/.local/lib/python3.8/site-packages/airflow/example_dags/example_external_task_marker_dag.py took 0.043 seconds
[2022-11-12 11:32:47,098] {processor.py:162} INFO - Started process (PID=86810) to work on /home/upm/.local/lib/python3.8/site-packages/airflow/example_dags/example_external_task_marker_dag.py
[2022-11-12 11:32:47,101] {processor.py:613} INFO - Processing file /home/upm/.local/lib/python3.8/site-packages/airflow/example_dags/example_external_task_marker_dag.py for tasks to queue
[2022-11-12 11:32:47,102] {logging_mixin.py:109} INFO - [2022-11-12 11:32:47,102] {dagbag.py:496} INFO - Filling up the DagBag from /home/upm/.local/lib/python3.8/site-packages/airflow/example_dags/example_external_task_marker_dag.py
[2022-11-12 11:32:47,118] {processor.py:623} INFO - DAG(s) dict_keys(['example_external_task_marker_parent', 'example_external_task_marker_child']) retrieved from /home/upm/.local/lib/python3.8/site-packages/airflow/example_dags/example_external_task_marker_dag.py
[2022-11-12 11:32:47,135] {logging_mixin.py:109} INFO - [2022-11-12 11:32:47,135] {dag.py:1834} INFO - Sync 2 DAGs
[2022-11-12 11:32:47,145] {logging_mixin.py:109} INFO - [2022-11-12 11:32:47,145] {dag.py:2287} INFO - Setting next_dagrun for example_external_task_marker_child to None
[2022-11-12 11:32:47,146] {logging_mixin.py:109} INFO - [2022-11-12 11:32:47,146] {dag.py:2287} INFO - Setting next_dagrun for example_external_task_marker_parent to None
[2022-11-12 11:32:47,159] {processor.py:170} INFO - Processing /home/upm/.local/lib/python3.8/site-packages/airflow/example_dags/example_external_task_marker_dag.py took 0.066 seconds
