[2022-11-12 11:06:30,988] {processor.py:162} INFO - Started process (PID=81909) to work on /home/upm/.local/lib/python3.8/site-packages/airflow/example_dags/example_branch_python_dop_operator_3.py
[2022-11-12 11:06:30,989] {processor.py:613} INFO - Processing file /home/upm/.local/lib/python3.8/site-packages/airflow/example_dags/example_branch_python_dop_operator_3.py for tasks to queue
[2022-11-12 11:06:30,989] {logging_mixin.py:109} INFO - [2022-11-12 11:06:30,989] {dagbag.py:496} INFO - Filling up the DagBag from /home/upm/.local/lib/python3.8/site-packages/airflow/example_dags/example_branch_python_dop_operator_3.py
[2022-11-12 11:06:30,999] {processor.py:623} INFO - DAG(s) dict_keys(['example_branch_dop_operator_v3']) retrieved from /home/upm/.local/lib/python3.8/site-packages/airflow/example_dags/example_branch_python_dop_operator_3.py
[2022-11-12 11:06:31,010] {logging_mixin.py:109} INFO - [2022-11-12 11:06:31,010] {dag.py:1834} INFO - Sync 1 DAGs
[2022-11-12 11:06:31,025] {logging_mixin.py:109} INFO - [2022-11-12 11:06:31,025] {dag.py:2287} INFO - Setting next_dagrun for example_branch_dop_operator_v3 to 2022-11-10 00:00:00+00:00
[2022-11-12 11:06:31,040] {processor.py:170} INFO - Processing /home/upm/.local/lib/python3.8/site-packages/airflow/example_dags/example_branch_python_dop_operator_3.py took 0.054 seconds
[2022-11-12 11:07:02,801] {processor.py:162} INFO - Started process (PID=82024) to work on /home/upm/.local/lib/python3.8/site-packages/airflow/example_dags/example_branch_python_dop_operator_3.py
[2022-11-12 11:07:02,802] {processor.py:613} INFO - Processing file /home/upm/.local/lib/python3.8/site-packages/airflow/example_dags/example_branch_python_dop_operator_3.py for tasks to queue
[2022-11-12 11:07:02,802] {logging_mixin.py:109} INFO - [2022-11-12 11:07:02,802] {dagbag.py:496} INFO - Filling up the DagBag from /home/upm/.local/lib/python3.8/site-packages/airflow/example_dags/example_branch_python_dop_operator_3.py
[2022-11-12 11:07:02,812] {processor.py:623} INFO - DAG(s) dict_keys(['example_branch_dop_operator_v3']) retrieved from /home/upm/.local/lib/python3.8/site-packages/airflow/example_dags/example_branch_python_dop_operator_3.py
[2022-11-12 11:07:02,824] {logging_mixin.py:109} INFO - [2022-11-12 11:07:02,824] {dag.py:1834} INFO - Sync 1 DAGs
[2022-11-12 11:07:02,838] {logging_mixin.py:109} INFO - [2022-11-12 11:07:02,838] {dag.py:2287} INFO - Setting next_dagrun for example_branch_dop_operator_v3 to 2022-11-10 00:00:00+00:00
[2022-11-12 11:07:02,849] {processor.py:170} INFO - Processing /home/upm/.local/lib/python3.8/site-packages/airflow/example_dags/example_branch_python_dop_operator_3.py took 0.051 seconds
[2022-11-12 11:07:35,036] {processor.py:162} INFO - Started process (PID=82137) to work on /home/upm/.local/lib/python3.8/site-packages/airflow/example_dags/example_branch_python_dop_operator_3.py
[2022-11-12 11:07:35,037] {processor.py:613} INFO - Processing file /home/upm/.local/lib/python3.8/site-packages/airflow/example_dags/example_branch_python_dop_operator_3.py for tasks to queue
[2022-11-12 11:07:35,037] {logging_mixin.py:109} INFO - [2022-11-12 11:07:35,037] {dagbag.py:496} INFO - Filling up the DagBag from /home/upm/.local/lib/python3.8/site-packages/airflow/example_dags/example_branch_python_dop_operator_3.py
[2022-11-12 11:07:35,047] {processor.py:623} INFO - DAG(s) dict_keys(['example_branch_dop_operator_v3']) retrieved from /home/upm/.local/lib/python3.8/site-packages/airflow/example_dags/example_branch_python_dop_operator_3.py
[2022-11-12 11:07:35,059] {logging_mixin.py:109} INFO - [2022-11-12 11:07:35,059] {dag.py:1834} INFO - Sync 1 DAGs
[2022-11-12 11:07:35,075] {logging_mixin.py:109} INFO - [2022-11-12 11:07:35,075] {dag.py:2287} INFO - Setting next_dagrun for example_branch_dop_operator_v3 to 2022-11-10 00:00:00+00:00
[2022-11-12 11:07:35,086] {processor.py:170} INFO - Processing /home/upm/.local/lib/python3.8/site-packages/airflow/example_dags/example_branch_python_dop_operator_3.py took 0.053 seconds
[2022-11-12 11:10:50,202] {processor.py:162} INFO - Started process (PID=82390) to work on /home/upm/.local/lib/python3.8/site-packages/airflow/example_dags/example_branch_python_dop_operator_3.py
[2022-11-12 11:10:50,205] {processor.py:613} INFO - Processing file /home/upm/.local/lib/python3.8/site-packages/airflow/example_dags/example_branch_python_dop_operator_3.py for tasks to queue
[2022-11-12 11:10:50,205] {logging_mixin.py:109} INFO - [2022-11-12 11:10:50,205] {dagbag.py:496} INFO - Filling up the DagBag from /home/upm/.local/lib/python3.8/site-packages/airflow/example_dags/example_branch_python_dop_operator_3.py
[2022-11-12 11:10:50,222] {processor.py:623} INFO - DAG(s) dict_keys(['example_branch_dop_operator_v3']) retrieved from /home/upm/.local/lib/python3.8/site-packages/airflow/example_dags/example_branch_python_dop_operator_3.py
[2022-11-12 11:10:50,241] {logging_mixin.py:109} INFO - [2022-11-12 11:10:50,241] {dag.py:1834} INFO - Sync 1 DAGs
[2022-11-12 11:10:50,261] {logging_mixin.py:109} INFO - [2022-11-12 11:10:50,261] {dag.py:2287} INFO - Setting next_dagrun for example_branch_dop_operator_v3 to 2022-11-10 00:00:00+00:00
[2022-11-12 11:10:50,272] {processor.py:170} INFO - Processing /home/upm/.local/lib/python3.8/site-packages/airflow/example_dags/example_branch_python_dop_operator_3.py took 0.073 seconds
[2022-11-12 11:11:21,911] {processor.py:162} INFO - Started process (PID=82499) to work on /home/upm/.local/lib/python3.8/site-packages/airflow/example_dags/example_branch_python_dop_operator_3.py
[2022-11-12 11:11:21,912] {processor.py:613} INFO - Processing file /home/upm/.local/lib/python3.8/site-packages/airflow/example_dags/example_branch_python_dop_operator_3.py for tasks to queue
[2022-11-12 11:11:21,913] {logging_mixin.py:109} INFO - [2022-11-12 11:11:21,913] {dagbag.py:496} INFO - Filling up the DagBag from /home/upm/.local/lib/python3.8/site-packages/airflow/example_dags/example_branch_python_dop_operator_3.py
[2022-11-12 11:11:21,926] {processor.py:623} INFO - DAG(s) dict_keys(['example_branch_dop_operator_v3']) retrieved from /home/upm/.local/lib/python3.8/site-packages/airflow/example_dags/example_branch_python_dop_operator_3.py
[2022-11-12 11:11:21,937] {logging_mixin.py:109} INFO - [2022-11-12 11:11:21,937] {dag.py:1834} INFO - Sync 1 DAGs
[2022-11-12 11:11:21,952] {logging_mixin.py:109} INFO - [2022-11-12 11:11:21,952] {dag.py:2287} INFO - Setting next_dagrun for example_branch_dop_operator_v3 to 2022-11-10 00:00:00+00:00
[2022-11-12 11:11:21,961] {processor.py:170} INFO - Processing /home/upm/.local/lib/python3.8/site-packages/airflow/example_dags/example_branch_python_dop_operator_3.py took 0.053 seconds
[2022-11-12 11:11:53,119] {processor.py:162} INFO - Started process (PID=82609) to work on /home/upm/.local/lib/python3.8/site-packages/airflow/example_dags/example_branch_python_dop_operator_3.py
[2022-11-12 11:11:53,121] {processor.py:613} INFO - Processing file /home/upm/.local/lib/python3.8/site-packages/airflow/example_dags/example_branch_python_dop_operator_3.py for tasks to queue
[2022-11-12 11:11:53,122] {logging_mixin.py:109} INFO - [2022-11-12 11:11:53,122] {dagbag.py:496} INFO - Filling up the DagBag from /home/upm/.local/lib/python3.8/site-packages/airflow/example_dags/example_branch_python_dop_operator_3.py
[2022-11-12 11:11:53,136] {processor.py:623} INFO - DAG(s) dict_keys(['example_branch_dop_operator_v3']) retrieved from /home/upm/.local/lib/python3.8/site-packages/airflow/example_dags/example_branch_python_dop_operator_3.py
[2022-11-12 11:11:53,150] {logging_mixin.py:109} INFO - [2022-11-12 11:11:53,150] {dag.py:1834} INFO - Sync 1 DAGs
[2022-11-12 11:11:53,165] {logging_mixin.py:109} INFO - [2022-11-12 11:11:53,165] {dag.py:2287} INFO - Setting next_dagrun for example_branch_dop_operator_v3 to 2022-11-10 00:00:00+00:00
[2022-11-12 11:11:53,176] {processor.py:170} INFO - Processing /home/upm/.local/lib/python3.8/site-packages/airflow/example_dags/example_branch_python_dop_operator_3.py took 0.061 seconds
[2022-11-12 11:12:25,341] {processor.py:162} INFO - Started process (PID=82711) to work on /home/upm/.local/lib/python3.8/site-packages/airflow/example_dags/example_branch_python_dop_operator_3.py
[2022-11-12 11:12:25,343] {processor.py:613} INFO - Processing file /home/upm/.local/lib/python3.8/site-packages/airflow/example_dags/example_branch_python_dop_operator_3.py for tasks to queue
[2022-11-12 11:12:25,344] {logging_mixin.py:109} INFO - [2022-11-12 11:12:25,343] {dagbag.py:496} INFO - Filling up the DagBag from /home/upm/.local/lib/python3.8/site-packages/airflow/example_dags/example_branch_python_dop_operator_3.py
[2022-11-12 11:12:25,360] {processor.py:623} INFO - DAG(s) dict_keys(['example_branch_dop_operator_v3']) retrieved from /home/upm/.local/lib/python3.8/site-packages/airflow/example_dags/example_branch_python_dop_operator_3.py
[2022-11-12 11:12:25,370] {logging_mixin.py:109} INFO - [2022-11-12 11:12:25,370] {dag.py:1834} INFO - Sync 1 DAGs
[2022-11-12 11:12:25,385] {logging_mixin.py:109} INFO - [2022-11-12 11:12:25,385] {dag.py:2287} INFO - Setting next_dagrun for example_branch_dop_operator_v3 to 2022-11-10 00:00:00+00:00
[2022-11-12 11:12:25,396] {processor.py:170} INFO - Processing /home/upm/.local/lib/python3.8/site-packages/airflow/example_dags/example_branch_python_dop_operator_3.py took 0.058 seconds
[2022-11-12 11:13:33,253] {processor.py:162} INFO - Started process (PID=82899) to work on /home/upm/.local/lib/python3.8/site-packages/airflow/example_dags/example_branch_python_dop_operator_3.py
[2022-11-12 11:13:33,254] {processor.py:613} INFO - Processing file /home/upm/.local/lib/python3.8/site-packages/airflow/example_dags/example_branch_python_dop_operator_3.py for tasks to queue
[2022-11-12 11:13:33,255] {logging_mixin.py:109} INFO - [2022-11-12 11:13:33,255] {dagbag.py:496} INFO - Filling up the DagBag from /home/upm/.local/lib/python3.8/site-packages/airflow/example_dags/example_branch_python_dop_operator_3.py
[2022-11-12 11:13:33,265] {processor.py:623} INFO - DAG(s) dict_keys(['example_branch_dop_operator_v3']) retrieved from /home/upm/.local/lib/python3.8/site-packages/airflow/example_dags/example_branch_python_dop_operator_3.py
[2022-11-12 11:13:33,277] {logging_mixin.py:109} INFO - [2022-11-12 11:13:33,277] {dag.py:1834} INFO - Sync 1 DAGs
[2022-11-12 11:13:33,292] {logging_mixin.py:109} INFO - [2022-11-12 11:13:33,292] {dag.py:2287} INFO - Setting next_dagrun for example_branch_dop_operator_v3 to 2022-11-10 00:00:00+00:00
[2022-11-12 11:13:33,302] {processor.py:170} INFO - Processing /home/upm/.local/lib/python3.8/site-packages/airflow/example_dags/example_branch_python_dop_operator_3.py took 0.052 seconds
[2022-11-12 11:14:05,519] {processor.py:162} INFO - Started process (PID=83011) to work on /home/upm/.local/lib/python3.8/site-packages/airflow/example_dags/example_branch_python_dop_operator_3.py
[2022-11-12 11:14:05,520] {processor.py:613} INFO - Processing file /home/upm/.local/lib/python3.8/site-packages/airflow/example_dags/example_branch_python_dop_operator_3.py for tasks to queue
[2022-11-12 11:14:05,520] {logging_mixin.py:109} INFO - [2022-11-12 11:14:05,520] {dagbag.py:496} INFO - Filling up the DagBag from /home/upm/.local/lib/python3.8/site-packages/airflow/example_dags/example_branch_python_dop_operator_3.py
[2022-11-12 11:14:05,529] {processor.py:623} INFO - DAG(s) dict_keys(['example_branch_dop_operator_v3']) retrieved from /home/upm/.local/lib/python3.8/site-packages/airflow/example_dags/example_branch_python_dop_operator_3.py
[2022-11-12 11:14:05,541] {logging_mixin.py:109} INFO - [2022-11-12 11:14:05,541] {dag.py:1834} INFO - Sync 1 DAGs
[2022-11-12 11:14:05,555] {logging_mixin.py:109} INFO - [2022-11-12 11:14:05,555] {dag.py:2287} INFO - Setting next_dagrun for example_branch_dop_operator_v3 to 2022-11-10 00:00:00+00:00
[2022-11-12 11:14:05,565] {processor.py:170} INFO - Processing /home/upm/.local/lib/python3.8/site-packages/airflow/example_dags/example_branch_python_dop_operator_3.py took 0.048 seconds
[2022-11-12 11:17:02,153] {processor.py:162} INFO - Started process (PID=83555) to work on /home/upm/.local/lib/python3.8/site-packages/airflow/example_dags/example_branch_python_dop_operator_3.py
[2022-11-12 11:17:02,155] {processor.py:613} INFO - Processing file /home/upm/.local/lib/python3.8/site-packages/airflow/example_dags/example_branch_python_dop_operator_3.py for tasks to queue
[2022-11-12 11:17:02,156] {logging_mixin.py:109} INFO - [2022-11-12 11:17:02,156] {dagbag.py:496} INFO - Filling up the DagBag from /home/upm/.local/lib/python3.8/site-packages/airflow/example_dags/example_branch_python_dop_operator_3.py
[2022-11-12 11:17:02,165] {processor.py:623} INFO - DAG(s) dict_keys(['example_branch_dop_operator_v3']) retrieved from /home/upm/.local/lib/python3.8/site-packages/airflow/example_dags/example_branch_python_dop_operator_3.py
[2022-11-12 11:17:02,177] {logging_mixin.py:109} INFO - [2022-11-12 11:17:02,177] {dag.py:1834} INFO - Sync 1 DAGs
[2022-11-12 11:17:02,192] {logging_mixin.py:109} INFO - [2022-11-12 11:17:02,192] {dag.py:2287} INFO - Setting next_dagrun for example_branch_dop_operator_v3 to 2022-11-10 00:00:00+00:00
[2022-11-12 11:17:02,202] {processor.py:170} INFO - Processing /home/upm/.local/lib/python3.8/site-packages/airflow/example_dags/example_branch_python_dop_operator_3.py took 0.051 seconds
[2022-11-12 11:17:33,853] {processor.py:162} INFO - Started process (PID=83662) to work on /home/upm/.local/lib/python3.8/site-packages/airflow/example_dags/example_branch_python_dop_operator_3.py
[2022-11-12 11:17:33,854] {processor.py:613} INFO - Processing file /home/upm/.local/lib/python3.8/site-packages/airflow/example_dags/example_branch_python_dop_operator_3.py for tasks to queue
[2022-11-12 11:17:33,854] {logging_mixin.py:109} INFO - [2022-11-12 11:17:33,854] {dagbag.py:496} INFO - Filling up the DagBag from /home/upm/.local/lib/python3.8/site-packages/airflow/example_dags/example_branch_python_dop_operator_3.py
[2022-11-12 11:17:33,863] {processor.py:623} INFO - DAG(s) dict_keys(['example_branch_dop_operator_v3']) retrieved from /home/upm/.local/lib/python3.8/site-packages/airflow/example_dags/example_branch_python_dop_operator_3.py
[2022-11-12 11:17:33,877] {logging_mixin.py:109} INFO - [2022-11-12 11:17:33,877] {dag.py:1834} INFO - Sync 1 DAGs
[2022-11-12 11:17:33,892] {logging_mixin.py:109} INFO - [2022-11-12 11:17:33,892] {dag.py:2287} INFO - Setting next_dagrun for example_branch_dop_operator_v3 to 2022-11-10 00:00:00+00:00
[2022-11-12 11:17:33,901] {processor.py:170} INFO - Processing /home/upm/.local/lib/python3.8/site-packages/airflow/example_dags/example_branch_python_dop_operator_3.py took 0.050 seconds
[2022-11-12 11:18:04,979] {processor.py:162} INFO - Started process (PID=83796) to work on /home/upm/.local/lib/python3.8/site-packages/airflow/example_dags/example_branch_python_dop_operator_3.py
[2022-11-12 11:18:04,981] {processor.py:613} INFO - Processing file /home/upm/.local/lib/python3.8/site-packages/airflow/example_dags/example_branch_python_dop_operator_3.py for tasks to queue
[2022-11-12 11:18:04,981] {logging_mixin.py:109} INFO - [2022-11-12 11:18:04,981] {dagbag.py:496} INFO - Filling up the DagBag from /home/upm/.local/lib/python3.8/site-packages/airflow/example_dags/example_branch_python_dop_operator_3.py
[2022-11-12 11:18:04,990] {processor.py:623} INFO - DAG(s) dict_keys(['example_branch_dop_operator_v3']) retrieved from /home/upm/.local/lib/python3.8/site-packages/airflow/example_dags/example_branch_python_dop_operator_3.py
[2022-11-12 11:18:05,005] {logging_mixin.py:109} INFO - [2022-11-12 11:18:05,005] {dag.py:1834} INFO - Sync 1 DAGs
[2022-11-12 11:18:05,021] {logging_mixin.py:109} INFO - [2022-11-12 11:18:05,020] {dag.py:2287} INFO - Setting next_dagrun for example_branch_dop_operator_v3 to 2022-11-10 00:00:00+00:00
[2022-11-12 11:18:05,031] {processor.py:170} INFO - Processing /home/upm/.local/lib/python3.8/site-packages/airflow/example_dags/example_branch_python_dop_operator_3.py took 0.054 seconds
[2022-11-12 11:18:38,417] {processor.py:162} INFO - Started process (PID=83908) to work on /home/upm/.local/lib/python3.8/site-packages/airflow/example_dags/example_branch_python_dop_operator_3.py
[2022-11-12 11:18:38,418] {processor.py:613} INFO - Processing file /home/upm/.local/lib/python3.8/site-packages/airflow/example_dags/example_branch_python_dop_operator_3.py for tasks to queue
[2022-11-12 11:18:38,419] {logging_mixin.py:109} INFO - [2022-11-12 11:18:38,418] {dagbag.py:496} INFO - Filling up the DagBag from /home/upm/.local/lib/python3.8/site-packages/airflow/example_dags/example_branch_python_dop_operator_3.py
[2022-11-12 11:18:38,431] {processor.py:623} INFO - DAG(s) dict_keys(['example_branch_dop_operator_v3']) retrieved from /home/upm/.local/lib/python3.8/site-packages/airflow/example_dags/example_branch_python_dop_operator_3.py
[2022-11-12 11:18:38,450] {logging_mixin.py:109} INFO - [2022-11-12 11:18:38,450] {dag.py:1834} INFO - Sync 1 DAGs
[2022-11-12 11:18:38,465] {logging_mixin.py:109} INFO - [2022-11-12 11:18:38,465] {dag.py:2287} INFO - Setting next_dagrun for example_branch_dop_operator_v3 to 2022-11-10 00:00:00+00:00
[2022-11-12 11:18:38,476] {processor.py:170} INFO - Processing /home/upm/.local/lib/python3.8/site-packages/airflow/example_dags/example_branch_python_dop_operator_3.py took 0.062 seconds
[2022-11-12 11:19:11,089] {processor.py:162} INFO - Started process (PID=84082) to work on /home/upm/.local/lib/python3.8/site-packages/airflow/example_dags/example_branch_python_dop_operator_3.py
[2022-11-12 11:19:11,090] {processor.py:613} INFO - Processing file /home/upm/.local/lib/python3.8/site-packages/airflow/example_dags/example_branch_python_dop_operator_3.py for tasks to queue
[2022-11-12 11:19:11,091] {logging_mixin.py:109} INFO - [2022-11-12 11:19:11,091] {dagbag.py:496} INFO - Filling up the DagBag from /home/upm/.local/lib/python3.8/site-packages/airflow/example_dags/example_branch_python_dop_operator_3.py
[2022-11-12 11:19:11,102] {processor.py:623} INFO - DAG(s) dict_keys(['example_branch_dop_operator_v3']) retrieved from /home/upm/.local/lib/python3.8/site-packages/airflow/example_dags/example_branch_python_dop_operator_3.py
[2022-11-12 11:19:11,112] {logging_mixin.py:109} INFO - [2022-11-12 11:19:11,112] {dag.py:1834} INFO - Sync 1 DAGs
[2022-11-12 11:19:11,128] {logging_mixin.py:109} INFO - [2022-11-12 11:19:11,128] {dag.py:2287} INFO - Setting next_dagrun for example_branch_dop_operator_v3 to 2022-11-10 00:00:00+00:00
[2022-11-12 11:19:11,141] {processor.py:170} INFO - Processing /home/upm/.local/lib/python3.8/site-packages/airflow/example_dags/example_branch_python_dop_operator_3.py took 0.054 seconds
[2022-11-12 11:21:32,000] {processor.py:162} INFO - Started process (PID=84376) to work on /home/upm/.local/lib/python3.8/site-packages/airflow/example_dags/example_branch_python_dop_operator_3.py
[2022-11-12 11:21:32,001] {processor.py:613} INFO - Processing file /home/upm/.local/lib/python3.8/site-packages/airflow/example_dags/example_branch_python_dop_operator_3.py for tasks to queue
[2022-11-12 11:21:32,002] {logging_mixin.py:109} INFO - [2022-11-12 11:21:32,002] {dagbag.py:496} INFO - Filling up the DagBag from /home/upm/.local/lib/python3.8/site-packages/airflow/example_dags/example_branch_python_dop_operator_3.py
[2022-11-12 11:21:32,013] {processor.py:623} INFO - DAG(s) dict_keys(['example_branch_dop_operator_v3']) retrieved from /home/upm/.local/lib/python3.8/site-packages/airflow/example_dags/example_branch_python_dop_operator_3.py
[2022-11-12 11:21:32,026] {logging_mixin.py:109} INFO - [2022-11-12 11:21:32,026] {dag.py:1834} INFO - Sync 1 DAGs
[2022-11-12 11:21:32,048] {logging_mixin.py:109} INFO - [2022-11-12 11:21:32,048] {dag.py:2287} INFO - Setting next_dagrun for example_branch_dop_operator_v3 to 2022-11-10 00:00:00+00:00
[2022-11-12 11:21:32,059] {processor.py:170} INFO - Processing /home/upm/.local/lib/python3.8/site-packages/airflow/example_dags/example_branch_python_dop_operator_3.py took 0.062 seconds
[2022-11-12 11:22:03,799] {processor.py:162} INFO - Started process (PID=84478) to work on /home/upm/.local/lib/python3.8/site-packages/airflow/example_dags/example_branch_python_dop_operator_3.py
[2022-11-12 11:22:03,800] {processor.py:613} INFO - Processing file /home/upm/.local/lib/python3.8/site-packages/airflow/example_dags/example_branch_python_dop_operator_3.py for tasks to queue
[2022-11-12 11:22:03,801] {logging_mixin.py:109} INFO - [2022-11-12 11:22:03,801] {dagbag.py:496} INFO - Filling up the DagBag from /home/upm/.local/lib/python3.8/site-packages/airflow/example_dags/example_branch_python_dop_operator_3.py
[2022-11-12 11:22:03,811] {processor.py:623} INFO - DAG(s) dict_keys(['example_branch_dop_operator_v3']) retrieved from /home/upm/.local/lib/python3.8/site-packages/airflow/example_dags/example_branch_python_dop_operator_3.py
[2022-11-12 11:22:03,823] {logging_mixin.py:109} INFO - [2022-11-12 11:22:03,823] {dag.py:1834} INFO - Sync 1 DAGs
[2022-11-12 11:22:03,838] {logging_mixin.py:109} INFO - [2022-11-12 11:22:03,838] {dag.py:2287} INFO - Setting next_dagrun for example_branch_dop_operator_v3 to 2022-11-10 00:00:00+00:00
[2022-11-12 11:22:03,849] {processor.py:170} INFO - Processing /home/upm/.local/lib/python3.8/site-packages/airflow/example_dags/example_branch_python_dop_operator_3.py took 0.051 seconds
[2022-11-12 11:22:34,907] {processor.py:162} INFO - Started process (PID=84586) to work on /home/upm/.local/lib/python3.8/site-packages/airflow/example_dags/example_branch_python_dop_operator_3.py
[2022-11-12 11:22:34,909] {processor.py:613} INFO - Processing file /home/upm/.local/lib/python3.8/site-packages/airflow/example_dags/example_branch_python_dop_operator_3.py for tasks to queue
[2022-11-12 11:22:34,910] {logging_mixin.py:109} INFO - [2022-11-12 11:22:34,909] {dagbag.py:496} INFO - Filling up the DagBag from /home/upm/.local/lib/python3.8/site-packages/airflow/example_dags/example_branch_python_dop_operator_3.py
[2022-11-12 11:22:34,922] {processor.py:623} INFO - DAG(s) dict_keys(['example_branch_dop_operator_v3']) retrieved from /home/upm/.local/lib/python3.8/site-packages/airflow/example_dags/example_branch_python_dop_operator_3.py
[2022-11-12 11:22:34,934] {logging_mixin.py:109} INFO - [2022-11-12 11:22:34,934] {dag.py:1834} INFO - Sync 1 DAGs
[2022-11-12 11:22:34,949] {logging_mixin.py:109} INFO - [2022-11-12 11:22:34,948] {dag.py:2287} INFO - Setting next_dagrun for example_branch_dop_operator_v3 to 2022-11-10 00:00:00+00:00
[2022-11-12 11:22:34,960] {processor.py:170} INFO - Processing /home/upm/.local/lib/python3.8/site-packages/airflow/example_dags/example_branch_python_dop_operator_3.py took 0.056 seconds
[2022-11-12 11:27:23,570] {processor.py:162} INFO - Started process (PID=85220) to work on /home/upm/.local/lib/python3.8/site-packages/airflow/example_dags/example_branch_python_dop_operator_3.py
[2022-11-12 11:27:23,573] {processor.py:613} INFO - Processing file /home/upm/.local/lib/python3.8/site-packages/airflow/example_dags/example_branch_python_dop_operator_3.py for tasks to queue
[2022-11-12 11:27:23,573] {logging_mixin.py:109} INFO - [2022-11-12 11:27:23,573] {dagbag.py:496} INFO - Filling up the DagBag from /home/upm/.local/lib/python3.8/site-packages/airflow/example_dags/example_branch_python_dop_operator_3.py
[2022-11-12 11:27:23,584] {processor.py:623} INFO - DAG(s) dict_keys(['example_branch_dop_operator_v3']) retrieved from /home/upm/.local/lib/python3.8/site-packages/airflow/example_dags/example_branch_python_dop_operator_3.py
[2022-11-12 11:27:23,598] {logging_mixin.py:109} INFO - [2022-11-12 11:27:23,597] {dag.py:1834} INFO - Sync 1 DAGs
[2022-11-12 11:27:23,612] {logging_mixin.py:109} INFO - [2022-11-12 11:27:23,612] {dag.py:2287} INFO - Setting next_dagrun for example_branch_dop_operator_v3 to 2022-11-10 00:00:00+00:00
[2022-11-12 11:27:23,623] {processor.py:170} INFO - Processing /home/upm/.local/lib/python3.8/site-packages/airflow/example_dags/example_branch_python_dop_operator_3.py took 0.055 seconds
[2022-11-12 11:27:55,311] {processor.py:162} INFO - Started process (PID=85424) to work on /home/upm/.local/lib/python3.8/site-packages/airflow/example_dags/example_branch_python_dop_operator_3.py
[2022-11-12 11:27:55,312] {processor.py:613} INFO - Processing file /home/upm/.local/lib/python3.8/site-packages/airflow/example_dags/example_branch_python_dop_operator_3.py for tasks to queue
[2022-11-12 11:27:55,313] {logging_mixin.py:109} INFO - [2022-11-12 11:27:55,313] {dagbag.py:496} INFO - Filling up the DagBag from /home/upm/.local/lib/python3.8/site-packages/airflow/example_dags/example_branch_python_dop_operator_3.py
[2022-11-12 11:27:55,331] {processor.py:623} INFO - DAG(s) dict_keys(['example_branch_dop_operator_v3']) retrieved from /home/upm/.local/lib/python3.8/site-packages/airflow/example_dags/example_branch_python_dop_operator_3.py
[2022-11-12 11:27:55,357] {logging_mixin.py:109} INFO - [2022-11-12 11:27:55,356] {dag.py:1834} INFO - Sync 1 DAGs
[2022-11-12 11:27:55,380] {logging_mixin.py:109} INFO - [2022-11-12 11:27:55,380] {dag.py:2287} INFO - Setting next_dagrun for example_branch_dop_operator_v3 to 2022-11-10 00:00:00+00:00
[2022-11-12 11:27:55,393] {processor.py:170} INFO - Processing /home/upm/.local/lib/python3.8/site-packages/airflow/example_dags/example_branch_python_dop_operator_3.py took 0.085 seconds
[2022-11-12 11:28:26,456] {processor.py:162} INFO - Started process (PID=85655) to work on /home/upm/.local/lib/python3.8/site-packages/airflow/example_dags/example_branch_python_dop_operator_3.py
[2022-11-12 11:28:26,458] {processor.py:613} INFO - Processing file /home/upm/.local/lib/python3.8/site-packages/airflow/example_dags/example_branch_python_dop_operator_3.py for tasks to queue
[2022-11-12 11:28:26,459] {logging_mixin.py:109} INFO - [2022-11-12 11:28:26,458] {dagbag.py:496} INFO - Filling up the DagBag from /home/upm/.local/lib/python3.8/site-packages/airflow/example_dags/example_branch_python_dop_operator_3.py
[2022-11-12 11:28:26,471] {processor.py:623} INFO - DAG(s) dict_keys(['example_branch_dop_operator_v3']) retrieved from /home/upm/.local/lib/python3.8/site-packages/airflow/example_dags/example_branch_python_dop_operator_3.py
[2022-11-12 11:28:26,484] {logging_mixin.py:109} INFO - [2022-11-12 11:28:26,484] {dag.py:1834} INFO - Sync 1 DAGs
[2022-11-12 11:28:26,500] {logging_mixin.py:109} INFO - [2022-11-12 11:28:26,500] {dag.py:2287} INFO - Setting next_dagrun for example_branch_dop_operator_v3 to 2022-11-10 00:00:00+00:00
[2022-11-12 11:28:26,510] {processor.py:170} INFO - Processing /home/upm/.local/lib/python3.8/site-packages/airflow/example_dags/example_branch_python_dop_operator_3.py took 0.058 seconds
[2022-11-12 11:29:29,470] {processor.py:162} INFO - Started process (PID=85807) to work on /home/upm/.local/lib/python3.8/site-packages/airflow/example_dags/example_branch_python_dop_operator_3.py
[2022-11-12 11:29:29,472] {processor.py:613} INFO - Processing file /home/upm/.local/lib/python3.8/site-packages/airflow/example_dags/example_branch_python_dop_operator_3.py for tasks to queue
[2022-11-12 11:29:29,472] {logging_mixin.py:109} INFO - [2022-11-12 11:29:29,472] {dagbag.py:496} INFO - Filling up the DagBag from /home/upm/.local/lib/python3.8/site-packages/airflow/example_dags/example_branch_python_dop_operator_3.py
[2022-11-12 11:29:29,482] {processor.py:623} INFO - DAG(s) dict_keys(['example_branch_dop_operator_v3']) retrieved from /home/upm/.local/lib/python3.8/site-packages/airflow/example_dags/example_branch_python_dop_operator_3.py
[2022-11-12 11:29:29,496] {logging_mixin.py:109} INFO - [2022-11-12 11:29:29,496] {dag.py:1834} INFO - Sync 1 DAGs
[2022-11-12 11:29:29,511] {logging_mixin.py:109} INFO - [2022-11-12 11:29:29,511] {dag.py:2287} INFO - Setting next_dagrun for example_branch_dop_operator_v3 to 2022-11-10 00:00:00+00:00
[2022-11-12 11:29:29,522] {processor.py:170} INFO - Processing /home/upm/.local/lib/python3.8/site-packages/airflow/example_dags/example_branch_python_dop_operator_3.py took 0.054 seconds
[2022-11-12 11:30:01,162] {processor.py:162} INFO - Started process (PID=85910) to work on /home/upm/.local/lib/python3.8/site-packages/airflow/example_dags/example_branch_python_dop_operator_3.py
[2022-11-12 11:30:01,163] {processor.py:613} INFO - Processing file /home/upm/.local/lib/python3.8/site-packages/airflow/example_dags/example_branch_python_dop_operator_3.py for tasks to queue
[2022-11-12 11:30:01,163] {logging_mixin.py:109} INFO - [2022-11-12 11:30:01,163] {dagbag.py:496} INFO - Filling up the DagBag from /home/upm/.local/lib/python3.8/site-packages/airflow/example_dags/example_branch_python_dop_operator_3.py
[2022-11-12 11:30:01,176] {processor.py:623} INFO - DAG(s) dict_keys(['example_branch_dop_operator_v3']) retrieved from /home/upm/.local/lib/python3.8/site-packages/airflow/example_dags/example_branch_python_dop_operator_3.py
[2022-11-12 11:30:01,191] {logging_mixin.py:109} INFO - [2022-11-12 11:30:01,191] {dag.py:1834} INFO - Sync 1 DAGs
[2022-11-12 11:30:01,210] {logging_mixin.py:109} INFO - [2022-11-12 11:30:01,210] {dag.py:2287} INFO - Setting next_dagrun for example_branch_dop_operator_v3 to 2022-11-10 00:00:00+00:00
[2022-11-12 11:30:01,223] {processor.py:170} INFO - Processing /home/upm/.local/lib/python3.8/site-packages/airflow/example_dags/example_branch_python_dop_operator_3.py took 0.064 seconds
[2022-11-12 11:30:32,266] {processor.py:162} INFO - Started process (PID=86130) to work on /home/upm/.local/lib/python3.8/site-packages/airflow/example_dags/example_branch_python_dop_operator_3.py
[2022-11-12 11:30:32,269] {processor.py:613} INFO - Processing file /home/upm/.local/lib/python3.8/site-packages/airflow/example_dags/example_branch_python_dop_operator_3.py for tasks to queue
[2022-11-12 11:30:32,270] {logging_mixin.py:109} INFO - [2022-11-12 11:30:32,269] {dagbag.py:496} INFO - Filling up the DagBag from /home/upm/.local/lib/python3.8/site-packages/airflow/example_dags/example_branch_python_dop_operator_3.py
[2022-11-12 11:30:32,283] {processor.py:623} INFO - DAG(s) dict_keys(['example_branch_dop_operator_v3']) retrieved from /home/upm/.local/lib/python3.8/site-packages/airflow/example_dags/example_branch_python_dop_operator_3.py
[2022-11-12 11:30:32,295] {logging_mixin.py:109} INFO - [2022-11-12 11:30:32,295] {dag.py:1834} INFO - Sync 1 DAGs
[2022-11-12 11:30:32,309] {logging_mixin.py:109} INFO - [2022-11-12 11:30:32,309] {dag.py:2287} INFO - Setting next_dagrun for example_branch_dop_operator_v3 to 2022-11-10 00:00:00+00:00
[2022-11-12 11:30:32,319] {processor.py:170} INFO - Processing /home/upm/.local/lib/python3.8/site-packages/airflow/example_dags/example_branch_python_dop_operator_3.py took 0.058 seconds
[2022-11-12 11:31:04,548] {processor.py:162} INFO - Started process (PID=86251) to work on /home/upm/.local/lib/python3.8/site-packages/airflow/example_dags/example_branch_python_dop_operator_3.py
[2022-11-12 11:31:04,550] {processor.py:613} INFO - Processing file /home/upm/.local/lib/python3.8/site-packages/airflow/example_dags/example_branch_python_dop_operator_3.py for tasks to queue
[2022-11-12 11:31:04,551] {logging_mixin.py:109} INFO - [2022-11-12 11:31:04,551] {dagbag.py:496} INFO - Filling up the DagBag from /home/upm/.local/lib/python3.8/site-packages/airflow/example_dags/example_branch_python_dop_operator_3.py
[2022-11-12 11:31:04,569] {processor.py:623} INFO - DAG(s) dict_keys(['example_branch_dop_operator_v3']) retrieved from /home/upm/.local/lib/python3.8/site-packages/airflow/example_dags/example_branch_python_dop_operator_3.py
[2022-11-12 11:31:04,579] {logging_mixin.py:109} INFO - [2022-11-12 11:31:04,579] {dag.py:1834} INFO - Sync 1 DAGs
[2022-11-12 11:31:04,594] {logging_mixin.py:109} INFO - [2022-11-12 11:31:04,594] {dag.py:2287} INFO - Setting next_dagrun for example_branch_dop_operator_v3 to 2022-11-10 00:00:00+00:00
[2022-11-12 11:31:04,604] {processor.py:170} INFO - Processing /home/upm/.local/lib/python3.8/site-packages/airflow/example_dags/example_branch_python_dop_operator_3.py took 0.062 seconds
[2022-11-12 11:31:36,655] {processor.py:162} INFO - Started process (PID=86376) to work on /home/upm/.local/lib/python3.8/site-packages/airflow/example_dags/example_branch_python_dop_operator_3.py
[2022-11-12 11:31:36,657] {processor.py:613} INFO - Processing file /home/upm/.local/lib/python3.8/site-packages/airflow/example_dags/example_branch_python_dop_operator_3.py for tasks to queue
[2022-11-12 11:31:36,658] {logging_mixin.py:109} INFO - [2022-11-12 11:31:36,658] {dagbag.py:496} INFO - Filling up the DagBag from /home/upm/.local/lib/python3.8/site-packages/airflow/example_dags/example_branch_python_dop_operator_3.py
[2022-11-12 11:31:36,673] {processor.py:623} INFO - DAG(s) dict_keys(['example_branch_dop_operator_v3']) retrieved from /home/upm/.local/lib/python3.8/site-packages/airflow/example_dags/example_branch_python_dop_operator_3.py
[2022-11-12 11:31:36,686] {logging_mixin.py:109} INFO - [2022-11-12 11:31:36,686] {dag.py:1834} INFO - Sync 1 DAGs
[2022-11-12 11:31:36,706] {logging_mixin.py:109} INFO - [2022-11-12 11:31:36,705] {dag.py:2287} INFO - Setting next_dagrun for example_branch_dop_operator_v3 to 2022-11-10 00:00:00+00:00
[2022-11-12 11:31:36,716] {processor.py:170} INFO - Processing /home/upm/.local/lib/python3.8/site-packages/airflow/example_dags/example_branch_python_dop_operator_3.py took 0.065 seconds
[2022-11-12 11:32:09,118] {processor.py:162} INFO - Started process (PID=86646) to work on /home/upm/.local/lib/python3.8/site-packages/airflow/example_dags/example_branch_python_dop_operator_3.py
[2022-11-12 11:32:09,120] {processor.py:613} INFO - Processing file /home/upm/.local/lib/python3.8/site-packages/airflow/example_dags/example_branch_python_dop_operator_3.py for tasks to queue
[2022-11-12 11:32:09,121] {logging_mixin.py:109} INFO - [2022-11-12 11:32:09,121] {dagbag.py:496} INFO - Filling up the DagBag from /home/upm/.local/lib/python3.8/site-packages/airflow/example_dags/example_branch_python_dop_operator_3.py
[2022-11-12 11:32:09,139] {processor.py:623} INFO - DAG(s) dict_keys(['example_branch_dop_operator_v3']) retrieved from /home/upm/.local/lib/python3.8/site-packages/airflow/example_dags/example_branch_python_dop_operator_3.py
[2022-11-12 11:32:09,150] {logging_mixin.py:109} INFO - [2022-11-12 11:32:09,150] {dag.py:1834} INFO - Sync 1 DAGs
[2022-11-12 11:32:09,165] {logging_mixin.py:109} INFO - [2022-11-12 11:32:09,165] {dag.py:2287} INFO - Setting next_dagrun for example_branch_dop_operator_v3 to 2022-11-10 00:00:00+00:00
[2022-11-12 11:32:09,174] {processor.py:170} INFO - Processing /home/upm/.local/lib/python3.8/site-packages/airflow/example_dags/example_branch_python_dop_operator_3.py took 0.062 seconds
[2022-11-12 11:32:41,372] {processor.py:162} INFO - Started process (PID=86764) to work on /home/upm/.local/lib/python3.8/site-packages/airflow/example_dags/example_branch_python_dop_operator_3.py
[2022-11-12 11:32:41,375] {processor.py:613} INFO - Processing file /home/upm/.local/lib/python3.8/site-packages/airflow/example_dags/example_branch_python_dop_operator_3.py for tasks to queue
[2022-11-12 11:32:41,376] {logging_mixin.py:109} INFO - [2022-11-12 11:32:41,376] {dagbag.py:496} INFO - Filling up the DagBag from /home/upm/.local/lib/python3.8/site-packages/airflow/example_dags/example_branch_python_dop_operator_3.py
[2022-11-12 11:32:41,395] {processor.py:623} INFO - DAG(s) dict_keys(['example_branch_dop_operator_v3']) retrieved from /home/upm/.local/lib/python3.8/site-packages/airflow/example_dags/example_branch_python_dop_operator_3.py
[2022-11-12 11:32:41,406] {logging_mixin.py:109} INFO - [2022-11-12 11:32:41,406] {dag.py:1834} INFO - Sync 1 DAGs
[2022-11-12 11:32:41,421] {logging_mixin.py:109} INFO - [2022-11-12 11:32:41,421] {dag.py:2287} INFO - Setting next_dagrun for example_branch_dop_operator_v3 to 2022-11-10 00:00:00+00:00
[2022-11-12 11:32:41,431] {processor.py:170} INFO - Processing /home/upm/.local/lib/python3.8/site-packages/airflow/example_dags/example_branch_python_dop_operator_3.py took 0.065 seconds
