[2022-11-12 11:06:10,752] {processor.py:162} INFO - Started process (PID=81773) to work on /home/upm/.local/lib/python3.8/site-packages/airflow/example_dags/example_trigger_controller_dag.py
[2022-11-12 11:06:10,753] {processor.py:613} INFO - Processing file /home/upm/.local/lib/python3.8/site-packages/airflow/example_dags/example_trigger_controller_dag.py for tasks to queue
[2022-11-12 11:06:10,754] {logging_mixin.py:109} INFO - [2022-11-12 11:06:10,754] {dagbag.py:496} INFO - Filling up the DagBag from /home/upm/.local/lib/python3.8/site-packages/airflow/example_dags/example_trigger_controller_dag.py
[2022-11-12 11:06:10,761] {processor.py:623} INFO - DAG(s) dict_keys(['example_trigger_controller_dag']) retrieved from /home/upm/.local/lib/python3.8/site-packages/airflow/example_dags/example_trigger_controller_dag.py
[2022-11-12 11:06:10,770] {logging_mixin.py:109} INFO - [2022-11-12 11:06:10,769] {dag.py:1834} INFO - Sync 1 DAGs
[2022-11-12 11:06:10,777] {logging_mixin.py:109} INFO - [2022-11-12 11:06:10,777] {dag.py:2287} INFO - Setting next_dagrun for example_trigger_controller_dag to 2022-11-10 00:00:00+00:00
[2022-11-12 11:06:10,787] {processor.py:170} INFO - Processing /home/upm/.local/lib/python3.8/site-packages/airflow/example_dags/example_trigger_controller_dag.py took 0.037 seconds
[2022-11-12 11:06:43,018] {processor.py:162} INFO - Started process (PID=81949) to work on /home/upm/.local/lib/python3.8/site-packages/airflow/example_dags/example_trigger_controller_dag.py
[2022-11-12 11:06:43,020] {processor.py:613} INFO - Processing file /home/upm/.local/lib/python3.8/site-packages/airflow/example_dags/example_trigger_controller_dag.py for tasks to queue
[2022-11-12 11:06:43,020] {logging_mixin.py:109} INFO - [2022-11-12 11:06:43,020] {dagbag.py:496} INFO - Filling up the DagBag from /home/upm/.local/lib/python3.8/site-packages/airflow/example_dags/example_trigger_controller_dag.py
[2022-11-12 11:06:43,027] {processor.py:623} INFO - DAG(s) dict_keys(['example_trigger_controller_dag']) retrieved from /home/upm/.local/lib/python3.8/site-packages/airflow/example_dags/example_trigger_controller_dag.py
[2022-11-12 11:06:43,038] {logging_mixin.py:109} INFO - [2022-11-12 11:06:43,038] {dag.py:1834} INFO - Sync 1 DAGs
[2022-11-12 11:06:43,045] {logging_mixin.py:109} INFO - [2022-11-12 11:06:43,045] {dag.py:2287} INFO - Setting next_dagrun for example_trigger_controller_dag to 2022-11-10 00:00:00+00:00
[2022-11-12 11:06:43,054] {processor.py:170} INFO - Processing /home/upm/.local/lib/python3.8/site-packages/airflow/example_dags/example_trigger_controller_dag.py took 0.039 seconds
[2022-11-12 11:07:15,375] {processor.py:162} INFO - Started process (PID=82070) to work on /home/upm/.local/lib/python3.8/site-packages/airflow/example_dags/example_trigger_controller_dag.py
[2022-11-12 11:07:15,376] {processor.py:613} INFO - Processing file /home/upm/.local/lib/python3.8/site-packages/airflow/example_dags/example_trigger_controller_dag.py for tasks to queue
[2022-11-12 11:07:15,377] {logging_mixin.py:109} INFO - [2022-11-12 11:07:15,377] {dagbag.py:496} INFO - Filling up the DagBag from /home/upm/.local/lib/python3.8/site-packages/airflow/example_dags/example_trigger_controller_dag.py
[2022-11-12 11:07:15,387] {processor.py:623} INFO - DAG(s) dict_keys(['example_trigger_controller_dag']) retrieved from /home/upm/.local/lib/python3.8/site-packages/airflow/example_dags/example_trigger_controller_dag.py
[2022-11-12 11:07:15,404] {logging_mixin.py:109} INFO - [2022-11-12 11:07:15,403] {dag.py:1834} INFO - Sync 1 DAGs
[2022-11-12 11:07:15,413] {logging_mixin.py:109} INFO - [2022-11-12 11:07:15,413] {dag.py:2287} INFO - Setting next_dagrun for example_trigger_controller_dag to 2022-11-10 00:00:00+00:00
[2022-11-12 11:07:15,425] {processor.py:170} INFO - Processing /home/upm/.local/lib/python3.8/site-packages/airflow/example_dags/example_trigger_controller_dag.py took 0.053 seconds
[2022-11-12 11:07:47,497] {processor.py:162} INFO - Started process (PID=82199) to work on /home/upm/.local/lib/python3.8/site-packages/airflow/example_dags/example_trigger_controller_dag.py
[2022-11-12 11:07:47,499] {processor.py:613} INFO - Processing file /home/upm/.local/lib/python3.8/site-packages/airflow/example_dags/example_trigger_controller_dag.py for tasks to queue
[2022-11-12 11:07:47,499] {logging_mixin.py:109} INFO - [2022-11-12 11:07:47,499] {dagbag.py:496} INFO - Filling up the DagBag from /home/upm/.local/lib/python3.8/site-packages/airflow/example_dags/example_trigger_controller_dag.py
[2022-11-12 11:07:47,508] {processor.py:623} INFO - DAG(s) dict_keys(['example_trigger_controller_dag']) retrieved from /home/upm/.local/lib/python3.8/site-packages/airflow/example_dags/example_trigger_controller_dag.py
[2022-11-12 11:07:47,522] {logging_mixin.py:109} INFO - [2022-11-12 11:07:47,522] {dag.py:1834} INFO - Sync 1 DAGs
[2022-11-12 11:07:47,530] {logging_mixin.py:109} INFO - [2022-11-12 11:07:47,530] {dag.py:2287} INFO - Setting next_dagrun for example_trigger_controller_dag to 2022-11-10 00:00:00+00:00
[2022-11-12 11:07:47,541] {processor.py:170} INFO - Processing /home/upm/.local/lib/python3.8/site-packages/airflow/example_dags/example_trigger_controller_dag.py took 0.046 seconds
[2022-11-12 11:10:30,174] {processor.py:162} INFO - Started process (PID=82319) to work on /home/upm/.local/lib/python3.8/site-packages/airflow/example_dags/example_trigger_controller_dag.py
[2022-11-12 11:10:30,176] {processor.py:613} INFO - Processing file /home/upm/.local/lib/python3.8/site-packages/airflow/example_dags/example_trigger_controller_dag.py for tasks to queue
[2022-11-12 11:10:30,176] {logging_mixin.py:109} INFO - [2022-11-12 11:10:30,176] {dagbag.py:496} INFO - Filling up the DagBag from /home/upm/.local/lib/python3.8/site-packages/airflow/example_dags/example_trigger_controller_dag.py
[2022-11-12 11:10:30,182] {processor.py:623} INFO - DAG(s) dict_keys(['example_trigger_controller_dag']) retrieved from /home/upm/.local/lib/python3.8/site-packages/airflow/example_dags/example_trigger_controller_dag.py
[2022-11-12 11:10:30,192] {logging_mixin.py:109} INFO - [2022-11-12 11:10:30,192] {dag.py:1834} INFO - Sync 1 DAGs
[2022-11-12 11:10:30,200] {logging_mixin.py:109} INFO - [2022-11-12 11:10:30,200] {dag.py:2287} INFO - Setting next_dagrun for example_trigger_controller_dag to 2022-11-10 00:00:00+00:00
[2022-11-12 11:10:30,209] {processor.py:170} INFO - Processing /home/upm/.local/lib/python3.8/site-packages/airflow/example_dags/example_trigger_controller_dag.py took 0.038 seconds
[2022-11-12 11:11:02,233] {processor.py:162} INFO - Started process (PID=82434) to work on /home/upm/.local/lib/python3.8/site-packages/airflow/example_dags/example_trigger_controller_dag.py
[2022-11-12 11:11:02,234] {processor.py:613} INFO - Processing file /home/upm/.local/lib/python3.8/site-packages/airflow/example_dags/example_trigger_controller_dag.py for tasks to queue
[2022-11-12 11:11:02,235] {logging_mixin.py:109} INFO - [2022-11-12 11:11:02,235] {dagbag.py:496} INFO - Filling up the DagBag from /home/upm/.local/lib/python3.8/site-packages/airflow/example_dags/example_trigger_controller_dag.py
[2022-11-12 11:11:02,243] {processor.py:623} INFO - DAG(s) dict_keys(['example_trigger_controller_dag']) retrieved from /home/upm/.local/lib/python3.8/site-packages/airflow/example_dags/example_trigger_controller_dag.py
[2022-11-12 11:11:02,254] {logging_mixin.py:109} INFO - [2022-11-12 11:11:02,254] {dag.py:1834} INFO - Sync 1 DAGs
[2022-11-12 11:11:02,261] {logging_mixin.py:109} INFO - [2022-11-12 11:11:02,261] {dag.py:2287} INFO - Setting next_dagrun for example_trigger_controller_dag to 2022-11-10 00:00:00+00:00
[2022-11-12 11:11:02,273] {processor.py:170} INFO - Processing /home/upm/.local/lib/python3.8/site-packages/airflow/example_dags/example_trigger_controller_dag.py took 0.042 seconds
[2022-11-12 11:11:33,367] {processor.py:162} INFO - Started process (PID=82547) to work on /home/upm/.local/lib/python3.8/site-packages/airflow/example_dags/example_trigger_controller_dag.py
[2022-11-12 11:11:33,369] {processor.py:613} INFO - Processing file /home/upm/.local/lib/python3.8/site-packages/airflow/example_dags/example_trigger_controller_dag.py for tasks to queue
[2022-11-12 11:11:33,370] {logging_mixin.py:109} INFO - [2022-11-12 11:11:33,370] {dagbag.py:496} INFO - Filling up the DagBag from /home/upm/.local/lib/python3.8/site-packages/airflow/example_dags/example_trigger_controller_dag.py
[2022-11-12 11:11:33,382] {processor.py:623} INFO - DAG(s) dict_keys(['example_trigger_controller_dag']) retrieved from /home/upm/.local/lib/python3.8/site-packages/airflow/example_dags/example_trigger_controller_dag.py
[2022-11-12 11:11:33,396] {logging_mixin.py:109} INFO - [2022-11-12 11:11:33,396] {dag.py:1834} INFO - Sync 1 DAGs
[2022-11-12 11:11:33,403] {logging_mixin.py:109} INFO - [2022-11-12 11:11:33,403] {dag.py:2287} INFO - Setting next_dagrun for example_trigger_controller_dag to 2022-11-10 00:00:00+00:00
[2022-11-12 11:11:33,413] {processor.py:170} INFO - Processing /home/upm/.local/lib/python3.8/site-packages/airflow/example_dags/example_trigger_controller_dag.py took 0.053 seconds
[2022-11-12 11:12:05,676] {processor.py:162} INFO - Started process (PID=82649) to work on /home/upm/.local/lib/python3.8/site-packages/airflow/example_dags/example_trigger_controller_dag.py
[2022-11-12 11:12:05,677] {processor.py:613} INFO - Processing file /home/upm/.local/lib/python3.8/site-packages/airflow/example_dags/example_trigger_controller_dag.py for tasks to queue
[2022-11-12 11:12:05,678] {logging_mixin.py:109} INFO - [2022-11-12 11:12:05,678] {dagbag.py:496} INFO - Filling up the DagBag from /home/upm/.local/lib/python3.8/site-packages/airflow/example_dags/example_trigger_controller_dag.py
[2022-11-12 11:12:05,687] {processor.py:623} INFO - DAG(s) dict_keys(['example_trigger_controller_dag']) retrieved from /home/upm/.local/lib/python3.8/site-packages/airflow/example_dags/example_trigger_controller_dag.py
[2022-11-12 11:12:05,703] {logging_mixin.py:109} INFO - [2022-11-12 11:12:05,703] {dag.py:1834} INFO - Sync 1 DAGs
[2022-11-12 11:12:05,712] {logging_mixin.py:109} INFO - [2022-11-12 11:12:05,712] {dag.py:2287} INFO - Setting next_dagrun for example_trigger_controller_dag to 2022-11-10 00:00:00+00:00
[2022-11-12 11:12:05,723] {processor.py:170} INFO - Processing /home/upm/.local/lib/python3.8/site-packages/airflow/example_dags/example_trigger_controller_dag.py took 0.050 seconds
[2022-11-12 11:13:12,737] {processor.py:162} INFO - Started process (PID=82792) to work on /home/upm/.local/lib/python3.8/site-packages/airflow/example_dags/example_trigger_controller_dag.py
[2022-11-12 11:13:12,741] {processor.py:613} INFO - Processing file /home/upm/.local/lib/python3.8/site-packages/airflow/example_dags/example_trigger_controller_dag.py for tasks to queue
[2022-11-12 11:13:12,742] {logging_mixin.py:109} INFO - [2022-11-12 11:13:12,741] {dagbag.py:496} INFO - Filling up the DagBag from /home/upm/.local/lib/python3.8/site-packages/airflow/example_dags/example_trigger_controller_dag.py
[2022-11-12 11:13:12,751] {processor.py:623} INFO - DAG(s) dict_keys(['example_trigger_controller_dag']) retrieved from /home/upm/.local/lib/python3.8/site-packages/airflow/example_dags/example_trigger_controller_dag.py
[2022-11-12 11:13:12,766] {logging_mixin.py:109} INFO - [2022-11-12 11:13:12,766] {dag.py:1834} INFO - Sync 1 DAGs
[2022-11-12 11:13:12,774] {logging_mixin.py:109} INFO - [2022-11-12 11:13:12,774] {dag.py:2287} INFO - Setting next_dagrun for example_trigger_controller_dag to 2022-11-10 00:00:00+00:00
[2022-11-12 11:13:12,783] {processor.py:170} INFO - Processing /home/upm/.local/lib/python3.8/site-packages/airflow/example_dags/example_trigger_controller_dag.py took 0.049 seconds
[2022-11-12 11:13:45,838] {processor.py:162} INFO - Started process (PID=82943) to work on /home/upm/.local/lib/python3.8/site-packages/airflow/example_dags/example_trigger_controller_dag.py
[2022-11-12 11:13:45,839] {processor.py:613} INFO - Processing file /home/upm/.local/lib/python3.8/site-packages/airflow/example_dags/example_trigger_controller_dag.py for tasks to queue
[2022-11-12 11:13:45,839] {logging_mixin.py:109} INFO - [2022-11-12 11:13:45,839] {dagbag.py:496} INFO - Filling up the DagBag from /home/upm/.local/lib/python3.8/site-packages/airflow/example_dags/example_trigger_controller_dag.py
[2022-11-12 11:13:45,846] {processor.py:623} INFO - DAG(s) dict_keys(['example_trigger_controller_dag']) retrieved from /home/upm/.local/lib/python3.8/site-packages/airflow/example_dags/example_trigger_controller_dag.py
[2022-11-12 11:13:45,858] {logging_mixin.py:109} INFO - [2022-11-12 11:13:45,858] {dag.py:1834} INFO - Sync 1 DAGs
[2022-11-12 11:13:45,864] {logging_mixin.py:109} INFO - [2022-11-12 11:13:45,864] {dag.py:2287} INFO - Setting next_dagrun for example_trigger_controller_dag to 2022-11-10 00:00:00+00:00
[2022-11-12 11:13:45,874] {processor.py:170} INFO - Processing /home/upm/.local/lib/python3.8/site-packages/airflow/example_dags/example_trigger_controller_dag.py took 0.039 seconds
[2022-11-12 11:14:18,133] {processor.py:162} INFO - Started process (PID=83164) to work on /home/upm/.local/lib/python3.8/site-packages/airflow/example_dags/example_trigger_controller_dag.py
[2022-11-12 11:14:18,135] {processor.py:613} INFO - Processing file /home/upm/.local/lib/python3.8/site-packages/airflow/example_dags/example_trigger_controller_dag.py for tasks to queue
[2022-11-12 11:14:18,136] {logging_mixin.py:109} INFO - [2022-11-12 11:14:18,136] {dagbag.py:496} INFO - Filling up the DagBag from /home/upm/.local/lib/python3.8/site-packages/airflow/example_dags/example_trigger_controller_dag.py
[2022-11-12 11:14:18,143] {processor.py:623} INFO - DAG(s) dict_keys(['example_trigger_controller_dag']) retrieved from /home/upm/.local/lib/python3.8/site-packages/airflow/example_dags/example_trigger_controller_dag.py
[2022-11-12 11:14:18,156] {logging_mixin.py:109} INFO - [2022-11-12 11:14:18,156] {dag.py:1834} INFO - Sync 1 DAGs
[2022-11-12 11:14:18,163] {logging_mixin.py:109} INFO - [2022-11-12 11:14:18,163] {dag.py:2287} INFO - Setting next_dagrun for example_trigger_controller_dag to 2022-11-10 00:00:00+00:00
[2022-11-12 11:14:18,177] {processor.py:170} INFO - Processing /home/upm/.local/lib/python3.8/site-packages/airflow/example_dags/example_trigger_controller_dag.py took 0.046 seconds
[2022-11-12 11:16:42,109] {processor.py:162} INFO - Started process (PID=83455) to work on /home/upm/.local/lib/python3.8/site-packages/airflow/example_dags/example_trigger_controller_dag.py
[2022-11-12 11:16:42,110] {processor.py:613} INFO - Processing file /home/upm/.local/lib/python3.8/site-packages/airflow/example_dags/example_trigger_controller_dag.py for tasks to queue
[2022-11-12 11:16:42,111] {logging_mixin.py:109} INFO - [2022-11-12 11:16:42,111] {dagbag.py:496} INFO - Filling up the DagBag from /home/upm/.local/lib/python3.8/site-packages/airflow/example_dags/example_trigger_controller_dag.py
[2022-11-12 11:16:42,117] {processor.py:623} INFO - DAG(s) dict_keys(['example_trigger_controller_dag']) retrieved from /home/upm/.local/lib/python3.8/site-packages/airflow/example_dags/example_trigger_controller_dag.py
[2022-11-12 11:16:42,126] {logging_mixin.py:109} INFO - [2022-11-12 11:16:42,126] {dag.py:1834} INFO - Sync 1 DAGs
[2022-11-12 11:16:42,134] {logging_mixin.py:109} INFO - [2022-11-12 11:16:42,134] {dag.py:2287} INFO - Setting next_dagrun for example_trigger_controller_dag to 2022-11-10 00:00:00+00:00
[2022-11-12 11:16:42,143] {processor.py:170} INFO - Processing /home/upm/.local/lib/python3.8/site-packages/airflow/example_dags/example_trigger_controller_dag.py took 0.037 seconds
[2022-11-12 11:17:14,207] {processor.py:162} INFO - Started process (PID=83593) to work on /home/upm/.local/lib/python3.8/site-packages/airflow/example_dags/example_trigger_controller_dag.py
[2022-11-12 11:17:14,209] {processor.py:613} INFO - Processing file /home/upm/.local/lib/python3.8/site-packages/airflow/example_dags/example_trigger_controller_dag.py for tasks to queue
[2022-11-12 11:17:14,210] {logging_mixin.py:109} INFO - [2022-11-12 11:17:14,209] {dagbag.py:496} INFO - Filling up the DagBag from /home/upm/.local/lib/python3.8/site-packages/airflow/example_dags/example_trigger_controller_dag.py
[2022-11-12 11:17:14,217] {processor.py:623} INFO - DAG(s) dict_keys(['example_trigger_controller_dag']) retrieved from /home/upm/.local/lib/python3.8/site-packages/airflow/example_dags/example_trigger_controller_dag.py
[2022-11-12 11:17:14,229] {logging_mixin.py:109} INFO - [2022-11-12 11:17:14,228] {dag.py:1834} INFO - Sync 1 DAGs
[2022-11-12 11:17:14,237] {logging_mixin.py:109} INFO - [2022-11-12 11:17:14,236] {dag.py:2287} INFO - Setting next_dagrun for example_trigger_controller_dag to 2022-11-10 00:00:00+00:00
[2022-11-12 11:17:14,246] {processor.py:170} INFO - Processing /home/upm/.local/lib/python3.8/site-packages/airflow/example_dags/example_trigger_controller_dag.py took 0.041 seconds
[2022-11-12 11:17:45,305] {processor.py:162} INFO - Started process (PID=83703) to work on /home/upm/.local/lib/python3.8/site-packages/airflow/example_dags/example_trigger_controller_dag.py
[2022-11-12 11:17:45,306] {processor.py:613} INFO - Processing file /home/upm/.local/lib/python3.8/site-packages/airflow/example_dags/example_trigger_controller_dag.py for tasks to queue
[2022-11-12 11:17:45,307] {logging_mixin.py:109} INFO - [2022-11-12 11:17:45,306] {dagbag.py:496} INFO - Filling up the DagBag from /home/upm/.local/lib/python3.8/site-packages/airflow/example_dags/example_trigger_controller_dag.py
[2022-11-12 11:17:45,313] {processor.py:623} INFO - DAG(s) dict_keys(['example_trigger_controller_dag']) retrieved from /home/upm/.local/lib/python3.8/site-packages/airflow/example_dags/example_trigger_controller_dag.py
[2022-11-12 11:17:45,325] {logging_mixin.py:109} INFO - [2022-11-12 11:17:45,325] {dag.py:1834} INFO - Sync 1 DAGs
[2022-11-12 11:17:45,331] {logging_mixin.py:109} INFO - [2022-11-12 11:17:45,331] {dag.py:2287} INFO - Setting next_dagrun for example_trigger_controller_dag to 2022-11-10 00:00:00+00:00
[2022-11-12 11:17:45,342] {processor.py:170} INFO - Processing /home/upm/.local/lib/python3.8/site-packages/airflow/example_dags/example_trigger_controller_dag.py took 0.038 seconds
[2022-11-12 11:18:17,568] {processor.py:162} INFO - Started process (PID=83839) to work on /home/upm/.local/lib/python3.8/site-packages/airflow/example_dags/example_trigger_controller_dag.py
[2022-11-12 11:18:17,570] {processor.py:613} INFO - Processing file /home/upm/.local/lib/python3.8/site-packages/airflow/example_dags/example_trigger_controller_dag.py for tasks to queue
[2022-11-12 11:18:17,571] {logging_mixin.py:109} INFO - [2022-11-12 11:18:17,571] {dagbag.py:496} INFO - Filling up the DagBag from /home/upm/.local/lib/python3.8/site-packages/airflow/example_dags/example_trigger_controller_dag.py
[2022-11-12 11:18:17,578] {processor.py:623} INFO - DAG(s) dict_keys(['example_trigger_controller_dag']) retrieved from /home/upm/.local/lib/python3.8/site-packages/airflow/example_dags/example_trigger_controller_dag.py
[2022-11-12 11:18:17,591] {logging_mixin.py:109} INFO - [2022-11-12 11:18:17,590] {dag.py:1834} INFO - Sync 1 DAGs
[2022-11-12 11:18:17,597] {logging_mixin.py:109} INFO - [2022-11-12 11:18:17,597] {dag.py:2287} INFO - Setting next_dagrun for example_trigger_controller_dag to 2022-11-10 00:00:00+00:00
[2022-11-12 11:18:17,611] {processor.py:170} INFO - Processing /home/upm/.local/lib/python3.8/site-packages/airflow/example_dags/example_trigger_controller_dag.py took 0.045 seconds
[2022-11-12 11:18:51,291] {processor.py:162} INFO - Started process (PID=83946) to work on /home/upm/.local/lib/python3.8/site-packages/airflow/example_dags/example_trigger_controller_dag.py
[2022-11-12 11:18:51,292] {processor.py:613} INFO - Processing file /home/upm/.local/lib/python3.8/site-packages/airflow/example_dags/example_trigger_controller_dag.py for tasks to queue
[2022-11-12 11:18:51,293] {logging_mixin.py:109} INFO - [2022-11-12 11:18:51,293] {dagbag.py:496} INFO - Filling up the DagBag from /home/upm/.local/lib/python3.8/site-packages/airflow/example_dags/example_trigger_controller_dag.py
[2022-11-12 11:18:51,300] {processor.py:623} INFO - DAG(s) dict_keys(['example_trigger_controller_dag']) retrieved from /home/upm/.local/lib/python3.8/site-packages/airflow/example_dags/example_trigger_controller_dag.py
[2022-11-12 11:18:51,312] {logging_mixin.py:109} INFO - [2022-11-12 11:18:51,312] {dag.py:1834} INFO - Sync 1 DAGs
[2022-11-12 11:18:51,320] {logging_mixin.py:109} INFO - [2022-11-12 11:18:51,320] {dag.py:2287} INFO - Setting next_dagrun for example_trigger_controller_dag to 2022-11-10 00:00:00+00:00
[2022-11-12 11:18:51,330] {processor.py:170} INFO - Processing /home/upm/.local/lib/python3.8/site-packages/airflow/example_dags/example_trigger_controller_dag.py took 0.041 seconds
[2022-11-12 11:19:23,109] {processor.py:162} INFO - Started process (PID=84125) to work on /home/upm/.local/lib/python3.8/site-packages/airflow/example_dags/example_trigger_controller_dag.py
[2022-11-12 11:19:23,110] {processor.py:613} INFO - Processing file /home/upm/.local/lib/python3.8/site-packages/airflow/example_dags/example_trigger_controller_dag.py for tasks to queue
[2022-11-12 11:19:23,110] {logging_mixin.py:109} INFO - [2022-11-12 11:19:23,110] {dagbag.py:496} INFO - Filling up the DagBag from /home/upm/.local/lib/python3.8/site-packages/airflow/example_dags/example_trigger_controller_dag.py
[2022-11-12 11:19:23,121] {processor.py:623} INFO - DAG(s) dict_keys(['example_trigger_controller_dag']) retrieved from /home/upm/.local/lib/python3.8/site-packages/airflow/example_dags/example_trigger_controller_dag.py
[2022-11-12 11:19:23,130] {logging_mixin.py:109} INFO - [2022-11-12 11:19:23,130] {dag.py:1834} INFO - Sync 1 DAGs
[2022-11-12 11:19:23,138] {logging_mixin.py:109} INFO - [2022-11-12 11:19:23,138] {dag.py:2287} INFO - Setting next_dagrun for example_trigger_controller_dag to 2022-11-10 00:00:00+00:00
[2022-11-12 11:19:23,150] {processor.py:170} INFO - Processing /home/upm/.local/lib/python3.8/site-packages/airflow/example_dags/example_trigger_controller_dag.py took 0.043 seconds
[2022-11-12 11:21:11,970] {processor.py:162} INFO - Started process (PID=84197) to work on /home/upm/.local/lib/python3.8/site-packages/airflow/example_dags/example_trigger_controller_dag.py
[2022-11-12 11:21:11,972] {processor.py:613} INFO - Processing file /home/upm/.local/lib/python3.8/site-packages/airflow/example_dags/example_trigger_controller_dag.py for tasks to queue
[2022-11-12 11:21:11,972] {logging_mixin.py:109} INFO - [2022-11-12 11:21:11,972] {dagbag.py:496} INFO - Filling up the DagBag from /home/upm/.local/lib/python3.8/site-packages/airflow/example_dags/example_trigger_controller_dag.py
[2022-11-12 11:21:11,979] {processor.py:623} INFO - DAG(s) dict_keys(['example_trigger_controller_dag']) retrieved from /home/upm/.local/lib/python3.8/site-packages/airflow/example_dags/example_trigger_controller_dag.py
[2022-11-12 11:21:11,990] {logging_mixin.py:109} INFO - [2022-11-12 11:21:11,990] {dag.py:1834} INFO - Sync 1 DAGs
[2022-11-12 11:21:11,998] {logging_mixin.py:109} INFO - [2022-11-12 11:21:11,998] {dag.py:2287} INFO - Setting next_dagrun for example_trigger_controller_dag to 2022-11-10 00:00:00+00:00
[2022-11-12 11:21:12,007] {processor.py:170} INFO - Processing /home/upm/.local/lib/python3.8/site-packages/airflow/example_dags/example_trigger_controller_dag.py took 0.040 seconds
[2022-11-12 11:21:44,059] {processor.py:162} INFO - Started process (PID=84417) to work on /home/upm/.local/lib/python3.8/site-packages/airflow/example_dags/example_trigger_controller_dag.py
[2022-11-12 11:21:44,061] {processor.py:613} INFO - Processing file /home/upm/.local/lib/python3.8/site-packages/airflow/example_dags/example_trigger_controller_dag.py for tasks to queue
[2022-11-12 11:21:44,061] {logging_mixin.py:109} INFO - [2022-11-12 11:21:44,061] {dagbag.py:496} INFO - Filling up the DagBag from /home/upm/.local/lib/python3.8/site-packages/airflow/example_dags/example_trigger_controller_dag.py
[2022-11-12 11:21:44,068] {processor.py:623} INFO - DAG(s) dict_keys(['example_trigger_controller_dag']) retrieved from /home/upm/.local/lib/python3.8/site-packages/airflow/example_dags/example_trigger_controller_dag.py
[2022-11-12 11:21:44,081] {logging_mixin.py:109} INFO - [2022-11-12 11:21:44,081] {dag.py:1834} INFO - Sync 1 DAGs
[2022-11-12 11:21:44,087] {logging_mixin.py:109} INFO - [2022-11-12 11:21:44,087] {dag.py:2287} INFO - Setting next_dagrun for example_trigger_controller_dag to 2022-11-10 00:00:00+00:00
[2022-11-12 11:21:44,097] {processor.py:170} INFO - Processing /home/upm/.local/lib/python3.8/site-packages/airflow/example_dags/example_trigger_controller_dag.py took 0.045 seconds
[2022-11-12 11:22:15,263] {processor.py:162} INFO - Started process (PID=84520) to work on /home/upm/.local/lib/python3.8/site-packages/airflow/example_dags/example_trigger_controller_dag.py
[2022-11-12 11:22:15,265] {processor.py:613} INFO - Processing file /home/upm/.local/lib/python3.8/site-packages/airflow/example_dags/example_trigger_controller_dag.py for tasks to queue
[2022-11-12 11:22:15,266] {logging_mixin.py:109} INFO - [2022-11-12 11:22:15,266] {dagbag.py:496} INFO - Filling up the DagBag from /home/upm/.local/lib/python3.8/site-packages/airflow/example_dags/example_trigger_controller_dag.py
[2022-11-12 11:22:15,278] {processor.py:623} INFO - DAG(s) dict_keys(['example_trigger_controller_dag']) retrieved from /home/upm/.local/lib/python3.8/site-packages/airflow/example_dags/example_trigger_controller_dag.py
[2022-11-12 11:22:15,292] {logging_mixin.py:109} INFO - [2022-11-12 11:22:15,292] {dag.py:1834} INFO - Sync 1 DAGs
[2022-11-12 11:22:15,299] {logging_mixin.py:109} INFO - [2022-11-12 11:22:15,298] {dag.py:2287} INFO - Setting next_dagrun for example_trigger_controller_dag to 2022-11-10 00:00:00+00:00
[2022-11-12 11:22:15,309] {processor.py:170} INFO - Processing /home/upm/.local/lib/python3.8/site-packages/airflow/example_dags/example_trigger_controller_dag.py took 0.051 seconds
[2022-11-12 11:22:47,493] {processor.py:162} INFO - Started process (PID=84630) to work on /home/upm/.local/lib/python3.8/site-packages/airflow/example_dags/example_trigger_controller_dag.py
[2022-11-12 11:22:47,495] {processor.py:613} INFO - Processing file /home/upm/.local/lib/python3.8/site-packages/airflow/example_dags/example_trigger_controller_dag.py for tasks to queue
[2022-11-12 11:22:47,495] {logging_mixin.py:109} INFO - [2022-11-12 11:22:47,495] {dagbag.py:496} INFO - Filling up the DagBag from /home/upm/.local/lib/python3.8/site-packages/airflow/example_dags/example_trigger_controller_dag.py
[2022-11-12 11:22:47,502] {processor.py:623} INFO - DAG(s) dict_keys(['example_trigger_controller_dag']) retrieved from /home/upm/.local/lib/python3.8/site-packages/airflow/example_dags/example_trigger_controller_dag.py
[2022-11-12 11:22:47,516] {logging_mixin.py:109} INFO - [2022-11-12 11:22:47,516] {dag.py:1834} INFO - Sync 1 DAGs
[2022-11-12 11:22:47,522] {logging_mixin.py:109} INFO - [2022-11-12 11:22:47,522] {dag.py:2287} INFO - Setting next_dagrun for example_trigger_controller_dag to 2022-11-10 00:00:00+00:00
[2022-11-12 11:22:47,533] {processor.py:170} INFO - Processing /home/upm/.local/lib/python3.8/site-packages/airflow/example_dags/example_trigger_controller_dag.py took 0.043 seconds
[2022-11-12 11:27:03,541] {processor.py:162} INFO - Started process (PID=85151) to work on /home/upm/.local/lib/python3.8/site-packages/airflow/example_dags/example_trigger_controller_dag.py
[2022-11-12 11:27:03,543] {processor.py:613} INFO - Processing file /home/upm/.local/lib/python3.8/site-packages/airflow/example_dags/example_trigger_controller_dag.py for tasks to queue
[2022-11-12 11:27:03,544] {logging_mixin.py:109} INFO - [2022-11-12 11:27:03,544] {dagbag.py:496} INFO - Filling up the DagBag from /home/upm/.local/lib/python3.8/site-packages/airflow/example_dags/example_trigger_controller_dag.py
[2022-11-12 11:27:03,551] {processor.py:623} INFO - DAG(s) dict_keys(['example_trigger_controller_dag']) retrieved from /home/upm/.local/lib/python3.8/site-packages/airflow/example_dags/example_trigger_controller_dag.py
[2022-11-12 11:27:03,562] {logging_mixin.py:109} INFO - [2022-11-12 11:27:03,562] {dag.py:1834} INFO - Sync 1 DAGs
[2022-11-12 11:27:03,571] {logging_mixin.py:109} INFO - [2022-11-12 11:27:03,571] {dag.py:2287} INFO - Setting next_dagrun for example_trigger_controller_dag to 2022-11-10 00:00:00+00:00
[2022-11-12 11:27:03,582] {processor.py:170} INFO - Processing /home/upm/.local/lib/python3.8/site-packages/airflow/example_dags/example_trigger_controller_dag.py took 0.045 seconds
[2022-11-12 11:27:35,641] {processor.py:162} INFO - Started process (PID=85286) to work on /home/upm/.local/lib/python3.8/site-packages/airflow/example_dags/example_trigger_controller_dag.py
[2022-11-12 11:27:35,653] {processor.py:613} INFO - Processing file /home/upm/.local/lib/python3.8/site-packages/airflow/example_dags/example_trigger_controller_dag.py for tasks to queue
[2022-11-12 11:27:35,654] {logging_mixin.py:109} INFO - [2022-11-12 11:27:35,654] {dagbag.py:496} INFO - Filling up the DagBag from /home/upm/.local/lib/python3.8/site-packages/airflow/example_dags/example_trigger_controller_dag.py
[2022-11-12 11:27:35,663] {processor.py:623} INFO - DAG(s) dict_keys(['example_trigger_controller_dag']) retrieved from /home/upm/.local/lib/python3.8/site-packages/airflow/example_dags/example_trigger_controller_dag.py
[2022-11-12 11:27:35,678] {logging_mixin.py:109} INFO - [2022-11-12 11:27:35,678] {dag.py:1834} INFO - Sync 1 DAGs
[2022-11-12 11:27:35,686] {logging_mixin.py:109} INFO - [2022-11-12 11:27:35,686] {dag.py:2287} INFO - Setting next_dagrun for example_trigger_controller_dag to 2022-11-10 00:00:00+00:00
[2022-11-12 11:27:35,697] {processor.py:170} INFO - Processing /home/upm/.local/lib/python3.8/site-packages/airflow/example_dags/example_trigger_controller_dag.py took 0.060 seconds
[2022-11-12 11:28:06,764] {processor.py:162} INFO - Started process (PID=85557) to work on /home/upm/.local/lib/python3.8/site-packages/airflow/example_dags/example_trigger_controller_dag.py
[2022-11-12 11:28:06,776] {processor.py:613} INFO - Processing file /home/upm/.local/lib/python3.8/site-packages/airflow/example_dags/example_trigger_controller_dag.py for tasks to queue
[2022-11-12 11:28:06,779] {logging_mixin.py:109} INFO - [2022-11-12 11:28:06,779] {dagbag.py:496} INFO - Filling up the DagBag from /home/upm/.local/lib/python3.8/site-packages/airflow/example_dags/example_trigger_controller_dag.py
[2022-11-12 11:28:06,787] {processor.py:623} INFO - DAG(s) dict_keys(['example_trigger_controller_dag']) retrieved from /home/upm/.local/lib/python3.8/site-packages/airflow/example_dags/example_trigger_controller_dag.py
[2022-11-12 11:28:06,809] {logging_mixin.py:109} INFO - [2022-11-12 11:28:06,809] {dag.py:1834} INFO - Sync 1 DAGs
[2022-11-12 11:28:06,816] {logging_mixin.py:109} INFO - [2022-11-12 11:28:06,816] {dag.py:2287} INFO - Setting next_dagrun for example_trigger_controller_dag to 2022-11-10 00:00:00+00:00
[2022-11-12 11:28:06,827] {processor.py:170} INFO - Processing /home/upm/.local/lib/python3.8/site-packages/airflow/example_dags/example_trigger_controller_dag.py took 0.067 seconds
[2022-11-12 11:29:09,395] {processor.py:162} INFO - Started process (PID=85706) to work on /home/upm/.local/lib/python3.8/site-packages/airflow/example_dags/example_trigger_controller_dag.py
[2022-11-12 11:29:09,397] {processor.py:613} INFO - Processing file /home/upm/.local/lib/python3.8/site-packages/airflow/example_dags/example_trigger_controller_dag.py for tasks to queue
[2022-11-12 11:29:09,397] {logging_mixin.py:109} INFO - [2022-11-12 11:29:09,397] {dagbag.py:496} INFO - Filling up the DagBag from /home/upm/.local/lib/python3.8/site-packages/airflow/example_dags/example_trigger_controller_dag.py
[2022-11-12 11:29:09,404] {processor.py:623} INFO - DAG(s) dict_keys(['example_trigger_controller_dag']) retrieved from /home/upm/.local/lib/python3.8/site-packages/airflow/example_dags/example_trigger_controller_dag.py
[2022-11-12 11:29:09,413] {logging_mixin.py:109} INFO - [2022-11-12 11:29:09,413] {dag.py:1834} INFO - Sync 1 DAGs
[2022-11-12 11:29:09,423] {logging_mixin.py:109} INFO - [2022-11-12 11:29:09,423] {dag.py:2287} INFO - Setting next_dagrun for example_trigger_controller_dag to 2022-11-10 00:00:00+00:00
[2022-11-12 11:29:09,434] {processor.py:170} INFO - Processing /home/upm/.local/lib/python3.8/site-packages/airflow/example_dags/example_trigger_controller_dag.py took 0.041 seconds
[2022-11-12 11:29:41,516] {processor.py:162} INFO - Started process (PID=85851) to work on /home/upm/.local/lib/python3.8/site-packages/airflow/example_dags/example_trigger_controller_dag.py
[2022-11-12 11:29:41,518] {processor.py:613} INFO - Processing file /home/upm/.local/lib/python3.8/site-packages/airflow/example_dags/example_trigger_controller_dag.py for tasks to queue
[2022-11-12 11:29:41,519] {logging_mixin.py:109} INFO - [2022-11-12 11:29:41,519] {dagbag.py:496} INFO - Filling up the DagBag from /home/upm/.local/lib/python3.8/site-packages/airflow/example_dags/example_trigger_controller_dag.py
[2022-11-12 11:29:41,531] {processor.py:623} INFO - DAG(s) dict_keys(['example_trigger_controller_dag']) retrieved from /home/upm/.local/lib/python3.8/site-packages/airflow/example_dags/example_trigger_controller_dag.py
[2022-11-12 11:29:41,545] {logging_mixin.py:109} INFO - [2022-11-12 11:29:41,545] {dag.py:1834} INFO - Sync 1 DAGs
[2022-11-12 11:29:41,552] {logging_mixin.py:109} INFO - [2022-11-12 11:29:41,551] {dag.py:2287} INFO - Setting next_dagrun for example_trigger_controller_dag to 2022-11-10 00:00:00+00:00
[2022-11-12 11:29:41,561] {processor.py:170} INFO - Processing /home/upm/.local/lib/python3.8/site-packages/airflow/example_dags/example_trigger_controller_dag.py took 0.050 seconds
[2022-11-12 11:30:12,603] {processor.py:162} INFO - Started process (PID=85958) to work on /home/upm/.local/lib/python3.8/site-packages/airflow/example_dags/example_trigger_controller_dag.py
[2022-11-12 11:30:12,605] {processor.py:613} INFO - Processing file /home/upm/.local/lib/python3.8/site-packages/airflow/example_dags/example_trigger_controller_dag.py for tasks to queue
[2022-11-12 11:30:12,606] {logging_mixin.py:109} INFO - [2022-11-12 11:30:12,606] {dagbag.py:496} INFO - Filling up the DagBag from /home/upm/.local/lib/python3.8/site-packages/airflow/example_dags/example_trigger_controller_dag.py
[2022-11-12 11:30:12,616] {processor.py:623} INFO - DAG(s) dict_keys(['example_trigger_controller_dag']) retrieved from /home/upm/.local/lib/python3.8/site-packages/airflow/example_dags/example_trigger_controller_dag.py
[2022-11-12 11:30:12,633] {logging_mixin.py:109} INFO - [2022-11-12 11:30:12,633] {dag.py:1834} INFO - Sync 1 DAGs
[2022-11-12 11:30:12,642] {logging_mixin.py:109} INFO - [2022-11-12 11:30:12,642] {dag.py:2287} INFO - Setting next_dagrun for example_trigger_controller_dag to 2022-11-10 00:00:00+00:00
[2022-11-12 11:30:12,655] {processor.py:170} INFO - Processing /home/upm/.local/lib/python3.8/site-packages/airflow/example_dags/example_trigger_controller_dag.py took 0.056 seconds
[2022-11-12 11:30:44,861] {processor.py:162} INFO - Started process (PID=86174) to work on /home/upm/.local/lib/python3.8/site-packages/airflow/example_dags/example_trigger_controller_dag.py
[2022-11-12 11:30:44,862] {processor.py:613} INFO - Processing file /home/upm/.local/lib/python3.8/site-packages/airflow/example_dags/example_trigger_controller_dag.py for tasks to queue
[2022-11-12 11:30:44,863] {logging_mixin.py:109} INFO - [2022-11-12 11:30:44,863] {dagbag.py:496} INFO - Filling up the DagBag from /home/upm/.local/lib/python3.8/site-packages/airflow/example_dags/example_trigger_controller_dag.py
[2022-11-12 11:30:44,870] {processor.py:623} INFO - DAG(s) dict_keys(['example_trigger_controller_dag']) retrieved from /home/upm/.local/lib/python3.8/site-packages/airflow/example_dags/example_trigger_controller_dag.py
[2022-11-12 11:30:44,881] {logging_mixin.py:109} INFO - [2022-11-12 11:30:44,881] {dag.py:1834} INFO - Sync 1 DAGs
[2022-11-12 11:30:44,888] {logging_mixin.py:109} INFO - [2022-11-12 11:30:44,888] {dag.py:2287} INFO - Setting next_dagrun for example_trigger_controller_dag to 2022-11-10 00:00:00+00:00
[2022-11-12 11:30:44,897] {processor.py:170} INFO - Processing /home/upm/.local/lib/python3.8/site-packages/airflow/example_dags/example_trigger_controller_dag.py took 0.037 seconds
[2022-11-12 11:31:16,020] {processor.py:162} INFO - Started process (PID=86292) to work on /home/upm/.local/lib/python3.8/site-packages/airflow/example_dags/example_trigger_controller_dag.py
[2022-11-12 11:31:16,022] {processor.py:613} INFO - Processing file /home/upm/.local/lib/python3.8/site-packages/airflow/example_dags/example_trigger_controller_dag.py for tasks to queue
[2022-11-12 11:31:16,023] {logging_mixin.py:109} INFO - [2022-11-12 11:31:16,023] {dagbag.py:496} INFO - Filling up the DagBag from /home/upm/.local/lib/python3.8/site-packages/airflow/example_dags/example_trigger_controller_dag.py
[2022-11-12 11:31:16,030] {processor.py:623} INFO - DAG(s) dict_keys(['example_trigger_controller_dag']) retrieved from /home/upm/.local/lib/python3.8/site-packages/airflow/example_dags/example_trigger_controller_dag.py
[2022-11-12 11:31:16,043] {logging_mixin.py:109} INFO - [2022-11-12 11:31:16,043] {dag.py:1834} INFO - Sync 1 DAGs
[2022-11-12 11:31:16,050] {logging_mixin.py:109} INFO - [2022-11-12 11:31:16,050] {dag.py:2287} INFO - Setting next_dagrun for example_trigger_controller_dag to 2022-11-10 00:00:00+00:00
[2022-11-12 11:31:16,060] {processor.py:170} INFO - Processing /home/upm/.local/lib/python3.8/site-packages/airflow/example_dags/example_trigger_controller_dag.py took 0.045 seconds
[2022-11-12 11:31:47,133] {processor.py:162} INFO - Started process (PID=86510) to work on /home/upm/.local/lib/python3.8/site-packages/airflow/example_dags/example_trigger_controller_dag.py
[2022-11-12 11:31:47,134] {processor.py:613} INFO - Processing file /home/upm/.local/lib/python3.8/site-packages/airflow/example_dags/example_trigger_controller_dag.py for tasks to queue
[2022-11-12 11:31:47,135] {logging_mixin.py:109} INFO - [2022-11-12 11:31:47,135] {dagbag.py:496} INFO - Filling up the DagBag from /home/upm/.local/lib/python3.8/site-packages/airflow/example_dags/example_trigger_controller_dag.py
[2022-11-12 11:31:47,144] {processor.py:623} INFO - DAG(s) dict_keys(['example_trigger_controller_dag']) retrieved from /home/upm/.local/lib/python3.8/site-packages/airflow/example_dags/example_trigger_controller_dag.py
[2022-11-12 11:31:47,153] {logging_mixin.py:109} INFO - [2022-11-12 11:31:47,153] {dag.py:1834} INFO - Sync 1 DAGs
[2022-11-12 11:31:47,160] {logging_mixin.py:109} INFO - [2022-11-12 11:31:47,160] {dag.py:2287} INFO - Setting next_dagrun for example_trigger_controller_dag to 2022-11-10 00:00:00+00:00
[2022-11-12 11:31:47,173] {processor.py:170} INFO - Processing /home/upm/.local/lib/python3.8/site-packages/airflow/example_dags/example_trigger_controller_dag.py took 0.042 seconds
[2022-11-12 11:32:18,258] {processor.py:162} INFO - Started process (PID=86680) to work on /home/upm/.local/lib/python3.8/site-packages/airflow/example_dags/example_trigger_controller_dag.py
[2022-11-12 11:32:18,258] {processor.py:613} INFO - Processing file /home/upm/.local/lib/python3.8/site-packages/airflow/example_dags/example_trigger_controller_dag.py for tasks to queue
[2022-11-12 11:32:18,259] {logging_mixin.py:109} INFO - [2022-11-12 11:32:18,259] {dagbag.py:496} INFO - Filling up the DagBag from /home/upm/.local/lib/python3.8/site-packages/airflow/example_dags/example_trigger_controller_dag.py
[2022-11-12 11:32:18,267] {processor.py:623} INFO - DAG(s) dict_keys(['example_trigger_controller_dag']) retrieved from /home/upm/.local/lib/python3.8/site-packages/airflow/example_dags/example_trigger_controller_dag.py
[2022-11-12 11:32:18,277] {logging_mixin.py:109} INFO - [2022-11-12 11:32:18,277] {dag.py:1834} INFO - Sync 1 DAGs
[2022-11-12 11:32:18,284] {logging_mixin.py:109} INFO - [2022-11-12 11:32:18,284] {dag.py:2287} INFO - Setting next_dagrun for example_trigger_controller_dag to 2022-11-10 00:00:00+00:00
[2022-11-12 11:32:18,294] {processor.py:170} INFO - Processing /home/upm/.local/lib/python3.8/site-packages/airflow/example_dags/example_trigger_controller_dag.py took 0.038 seconds
[2022-11-12 11:32:49,381] {processor.py:162} INFO - Started process (PID=86818) to work on /home/upm/.local/lib/python3.8/site-packages/airflow/example_dags/example_trigger_controller_dag.py
[2022-11-12 11:32:49,381] {processor.py:613} INFO - Processing file /home/upm/.local/lib/python3.8/site-packages/airflow/example_dags/example_trigger_controller_dag.py for tasks to queue
[2022-11-12 11:32:49,382] {logging_mixin.py:109} INFO - [2022-11-12 11:32:49,382] {dagbag.py:496} INFO - Filling up the DagBag from /home/upm/.local/lib/python3.8/site-packages/airflow/example_dags/example_trigger_controller_dag.py
[2022-11-12 11:32:49,393] {processor.py:623} INFO - DAG(s) dict_keys(['example_trigger_controller_dag']) retrieved from /home/upm/.local/lib/python3.8/site-packages/airflow/example_dags/example_trigger_controller_dag.py
[2022-11-12 11:32:49,405] {logging_mixin.py:109} INFO - [2022-11-12 11:32:49,405] {dag.py:1834} INFO - Sync 1 DAGs
[2022-11-12 11:32:49,413] {logging_mixin.py:109} INFO - [2022-11-12 11:32:49,413] {dag.py:2287} INFO - Setting next_dagrun for example_trigger_controller_dag to 2022-11-10 00:00:00+00:00
[2022-11-12 11:32:49,425] {processor.py:170} INFO - Processing /home/upm/.local/lib/python3.8/site-packages/airflow/example_dags/example_trigger_controller_dag.py took 0.047 seconds
