[2022-11-12 11:06:20,871] {processor.py:162} INFO - Started process (PID=81845) to work on /home/upm/.local/lib/python3.8/site-packages/airflow/example_dags/example_task_group_decorator.py
[2022-11-12 11:06:20,872] {processor.py:613} INFO - Processing file /home/upm/.local/lib/python3.8/site-packages/airflow/example_dags/example_task_group_decorator.py for tasks to queue
[2022-11-12 11:06:20,872] {logging_mixin.py:109} INFO - [2022-11-12 11:06:20,872] {dagbag.py:496} INFO - Filling up the DagBag from /home/upm/.local/lib/python3.8/site-packages/airflow/example_dags/example_task_group_decorator.py
[2022-11-12 11:06:20,896] {processor.py:623} INFO - DAG(s) dict_keys(['example_task_group_decorator']) retrieved from /home/upm/.local/lib/python3.8/site-packages/airflow/example_dags/example_task_group_decorator.py
[2022-11-12 11:06:21,269] {logging_mixin.py:109} INFO - [2022-11-12 11:06:21,269] {dag.py:1834} INFO - Sync 1 DAGs
[2022-11-12 11:06:21,276] {logging_mixin.py:109} INFO - [2022-11-12 11:06:21,276] {dag.py:2287} INFO - Setting next_dagrun for example_task_group_decorator to 2022-11-10 00:00:00+00:00
[2022-11-12 11:06:21,290] {processor.py:170} INFO - Processing /home/upm/.local/lib/python3.8/site-packages/airflow/example_dags/example_task_group_decorator.py took 0.422 seconds
[2022-11-12 11:06:53,467] {processor.py:162} INFO - Started process (PID=81994) to work on /home/upm/.local/lib/python3.8/site-packages/airflow/example_dags/example_task_group_decorator.py
[2022-11-12 11:06:53,468] {processor.py:613} INFO - Processing file /home/upm/.local/lib/python3.8/site-packages/airflow/example_dags/example_task_group_decorator.py for tasks to queue
[2022-11-12 11:06:53,468] {logging_mixin.py:109} INFO - [2022-11-12 11:06:53,468] {dagbag.py:496} INFO - Filling up the DagBag from /home/upm/.local/lib/python3.8/site-packages/airflow/example_dags/example_task_group_decorator.py
[2022-11-12 11:06:53,486] {processor.py:623} INFO - DAG(s) dict_keys(['example_task_group_decorator']) retrieved from /home/upm/.local/lib/python3.8/site-packages/airflow/example_dags/example_task_group_decorator.py
[2022-11-12 11:06:53,695] {logging_mixin.py:109} INFO - [2022-11-12 11:06:53,695] {dag.py:1834} INFO - Sync 1 DAGs
[2022-11-12 11:06:53,700] {logging_mixin.py:109} INFO - [2022-11-12 11:06:53,700] {dag.py:2287} INFO - Setting next_dagrun for example_task_group_decorator to 2022-11-10 00:00:00+00:00
[2022-11-12 11:06:53,710] {processor.py:170} INFO - Processing /home/upm/.local/lib/python3.8/site-packages/airflow/example_dags/example_task_group_decorator.py took 0.245 seconds
[2022-11-12 11:07:25,883] {processor.py:162} INFO - Started process (PID=82104) to work on /home/upm/.local/lib/python3.8/site-packages/airflow/example_dags/example_task_group_decorator.py
[2022-11-12 11:07:25,884] {processor.py:613} INFO - Processing file /home/upm/.local/lib/python3.8/site-packages/airflow/example_dags/example_task_group_decorator.py for tasks to queue
[2022-11-12 11:07:25,884] {logging_mixin.py:109} INFO - [2022-11-12 11:07:25,884] {dagbag.py:496} INFO - Filling up the DagBag from /home/upm/.local/lib/python3.8/site-packages/airflow/example_dags/example_task_group_decorator.py
[2022-11-12 11:07:25,906] {processor.py:623} INFO - DAG(s) dict_keys(['example_task_group_decorator']) retrieved from /home/upm/.local/lib/python3.8/site-packages/airflow/example_dags/example_task_group_decorator.py
[2022-11-12 11:07:26,134] {logging_mixin.py:109} INFO - [2022-11-12 11:07:26,134] {dag.py:1834} INFO - Sync 1 DAGs
[2022-11-12 11:07:26,140] {logging_mixin.py:109} INFO - [2022-11-12 11:07:26,140] {dag.py:2287} INFO - Setting next_dagrun for example_task_group_decorator to 2022-11-10 00:00:00+00:00
[2022-11-12 11:07:26,149] {processor.py:170} INFO - Processing /home/upm/.local/lib/python3.8/site-packages/airflow/example_dags/example_task_group_decorator.py took 0.268 seconds
[2022-11-12 11:10:40,284] {processor.py:162} INFO - Started process (PID=82354) to work on /home/upm/.local/lib/python3.8/site-packages/airflow/example_dags/example_task_group_decorator.py
[2022-11-12 11:10:40,285] {processor.py:613} INFO - Processing file /home/upm/.local/lib/python3.8/site-packages/airflow/example_dags/example_task_group_decorator.py for tasks to queue
[2022-11-12 11:10:40,286] {logging_mixin.py:109} INFO - [2022-11-12 11:10:40,286] {dagbag.py:496} INFO - Filling up the DagBag from /home/upm/.local/lib/python3.8/site-packages/airflow/example_dags/example_task_group_decorator.py
[2022-11-12 11:10:40,305] {processor.py:623} INFO - DAG(s) dict_keys(['example_task_group_decorator']) retrieved from /home/upm/.local/lib/python3.8/site-packages/airflow/example_dags/example_task_group_decorator.py
[2022-11-12 11:10:40,513] {logging_mixin.py:109} INFO - [2022-11-12 11:10:40,513] {dag.py:1834} INFO - Sync 1 DAGs
[2022-11-12 11:10:40,518] {logging_mixin.py:109} INFO - [2022-11-12 11:10:40,518] {dag.py:2287} INFO - Setting next_dagrun for example_task_group_decorator to 2022-11-10 00:00:00+00:00
[2022-11-12 11:10:40,529] {processor.py:170} INFO - Processing /home/upm/.local/lib/python3.8/site-packages/airflow/example_dags/example_task_group_decorator.py took 0.247 seconds
[2022-11-12 11:11:12,539] {processor.py:162} INFO - Started process (PID=82467) to work on /home/upm/.local/lib/python3.8/site-packages/airflow/example_dags/example_task_group_decorator.py
[2022-11-12 11:11:12,541] {processor.py:613} INFO - Processing file /home/upm/.local/lib/python3.8/site-packages/airflow/example_dags/example_task_group_decorator.py for tasks to queue
[2022-11-12 11:11:12,542] {logging_mixin.py:109} INFO - [2022-11-12 11:11:12,542] {dagbag.py:496} INFO - Filling up the DagBag from /home/upm/.local/lib/python3.8/site-packages/airflow/example_dags/example_task_group_decorator.py
[2022-11-12 11:11:12,568] {processor.py:623} INFO - DAG(s) dict_keys(['example_task_group_decorator']) retrieved from /home/upm/.local/lib/python3.8/site-packages/airflow/example_dags/example_task_group_decorator.py
[2022-11-12 11:11:12,774] {logging_mixin.py:109} INFO - [2022-11-12 11:11:12,774] {dag.py:1834} INFO - Sync 1 DAGs
[2022-11-12 11:11:12,779] {logging_mixin.py:109} INFO - [2022-11-12 11:11:12,779] {dag.py:2287} INFO - Setting next_dagrun for example_task_group_decorator to 2022-11-10 00:00:00+00:00
[2022-11-12 11:11:12,790] {processor.py:170} INFO - Processing /home/upm/.local/lib/python3.8/site-packages/airflow/example_dags/example_task_group_decorator.py took 0.256 seconds
[2022-11-12 11:11:43,645] {processor.py:162} INFO - Started process (PID=82581) to work on /home/upm/.local/lib/python3.8/site-packages/airflow/example_dags/example_task_group_decorator.py
[2022-11-12 11:11:43,646] {processor.py:613} INFO - Processing file /home/upm/.local/lib/python3.8/site-packages/airflow/example_dags/example_task_group_decorator.py for tasks to queue
[2022-11-12 11:11:43,647] {logging_mixin.py:109} INFO - [2022-11-12 11:11:43,647] {dagbag.py:496} INFO - Filling up the DagBag from /home/upm/.local/lib/python3.8/site-packages/airflow/example_dags/example_task_group_decorator.py
[2022-11-12 11:11:43,665] {processor.py:623} INFO - DAG(s) dict_keys(['example_task_group_decorator']) retrieved from /home/upm/.local/lib/python3.8/site-packages/airflow/example_dags/example_task_group_decorator.py
[2022-11-12 11:11:43,905] {logging_mixin.py:109} INFO - [2022-11-12 11:11:43,905] {dag.py:1834} INFO - Sync 1 DAGs
[2022-11-12 11:11:43,910] {logging_mixin.py:109} INFO - [2022-11-12 11:11:43,910] {dag.py:2287} INFO - Setting next_dagrun for example_task_group_decorator to 2022-11-10 00:00:00+00:00
[2022-11-12 11:11:43,922] {processor.py:170} INFO - Processing /home/upm/.local/lib/python3.8/site-packages/airflow/example_dags/example_task_group_decorator.py took 0.278 seconds
[2022-11-12 11:12:16,172] {processor.py:162} INFO - Started process (PID=82686) to work on /home/upm/.local/lib/python3.8/site-packages/airflow/example_dags/example_task_group_decorator.py
[2022-11-12 11:12:16,173] {processor.py:613} INFO - Processing file /home/upm/.local/lib/python3.8/site-packages/airflow/example_dags/example_task_group_decorator.py for tasks to queue
[2022-11-12 11:12:16,173] {logging_mixin.py:109} INFO - [2022-11-12 11:12:16,173] {dagbag.py:496} INFO - Filling up the DagBag from /home/upm/.local/lib/python3.8/site-packages/airflow/example_dags/example_task_group_decorator.py
[2022-11-12 11:12:16,192] {processor.py:623} INFO - DAG(s) dict_keys(['example_task_group_decorator']) retrieved from /home/upm/.local/lib/python3.8/site-packages/airflow/example_dags/example_task_group_decorator.py
[2022-11-12 11:12:16,399] {logging_mixin.py:109} INFO - [2022-11-12 11:12:16,399] {dag.py:1834} INFO - Sync 1 DAGs
[2022-11-12 11:12:16,404] {logging_mixin.py:109} INFO - [2022-11-12 11:12:16,404] {dag.py:2287} INFO - Setting next_dagrun for example_task_group_decorator to 2022-11-10 00:00:00+00:00
[2022-11-12 11:12:16,415] {processor.py:170} INFO - Processing /home/upm/.local/lib/python3.8/site-packages/airflow/example_dags/example_task_group_decorator.py took 0.245 seconds
[2022-11-12 11:13:23,906] {processor.py:162} INFO - Started process (PID=82831) to work on /home/upm/.local/lib/python3.8/site-packages/airflow/example_dags/example_task_group_decorator.py
[2022-11-12 11:13:23,909] {processor.py:613} INFO - Processing file /home/upm/.local/lib/python3.8/site-packages/airflow/example_dags/example_task_group_decorator.py for tasks to queue
[2022-11-12 11:13:23,909] {logging_mixin.py:109} INFO - [2022-11-12 11:13:23,909] {dagbag.py:496} INFO - Filling up the DagBag from /home/upm/.local/lib/python3.8/site-packages/airflow/example_dags/example_task_group_decorator.py
[2022-11-12 11:13:23,927] {processor.py:623} INFO - DAG(s) dict_keys(['example_task_group_decorator']) retrieved from /home/upm/.local/lib/python3.8/site-packages/airflow/example_dags/example_task_group_decorator.py
[2022-11-12 11:13:24,135] {logging_mixin.py:109} INFO - [2022-11-12 11:13:24,134] {dag.py:1834} INFO - Sync 1 DAGs
[2022-11-12 11:13:24,144] {logging_mixin.py:109} INFO - [2022-11-12 11:13:24,144] {dag.py:2287} INFO - Setting next_dagrun for example_task_group_decorator to 2022-11-10 00:00:00+00:00
[2022-11-12 11:13:24,156] {processor.py:170} INFO - Processing /home/upm/.local/lib/python3.8/site-packages/airflow/example_dags/example_task_group_decorator.py took 0.252 seconds
[2022-11-12 11:13:56,362] {processor.py:162} INFO - Started process (PID=82979) to work on /home/upm/.local/lib/python3.8/site-packages/airflow/example_dags/example_task_group_decorator.py
[2022-11-12 11:13:56,363] {processor.py:613} INFO - Processing file /home/upm/.local/lib/python3.8/site-packages/airflow/example_dags/example_task_group_decorator.py for tasks to queue
[2022-11-12 11:13:56,364] {logging_mixin.py:109} INFO - [2022-11-12 11:13:56,364] {dagbag.py:496} INFO - Filling up the DagBag from /home/upm/.local/lib/python3.8/site-packages/airflow/example_dags/example_task_group_decorator.py
[2022-11-12 11:13:56,383] {processor.py:623} INFO - DAG(s) dict_keys(['example_task_group_decorator']) retrieved from /home/upm/.local/lib/python3.8/site-packages/airflow/example_dags/example_task_group_decorator.py
[2022-11-12 11:13:56,592] {logging_mixin.py:109} INFO - [2022-11-12 11:13:56,591] {dag.py:1834} INFO - Sync 1 DAGs
[2022-11-12 11:13:56,597] {logging_mixin.py:109} INFO - [2022-11-12 11:13:56,597] {dag.py:2287} INFO - Setting next_dagrun for example_task_group_decorator to 2022-11-10 00:00:00+00:00
[2022-11-12 11:13:56,608] {processor.py:170} INFO - Processing /home/upm/.local/lib/python3.8/site-packages/airflow/example_dags/example_task_group_decorator.py took 0.248 seconds
[2022-11-12 11:14:28,120] {processor.py:162} INFO - Started process (PID=83196) to work on /home/upm/.local/lib/python3.8/site-packages/airflow/example_dags/example_task_group_decorator.py
[2022-11-12 11:14:28,121] {processor.py:613} INFO - Processing file /home/upm/.local/lib/python3.8/site-packages/airflow/example_dags/example_task_group_decorator.py for tasks to queue
[2022-11-12 11:14:28,121] {logging_mixin.py:109} INFO - [2022-11-12 11:14:28,121] {dagbag.py:496} INFO - Filling up the DagBag from /home/upm/.local/lib/python3.8/site-packages/airflow/example_dags/example_task_group_decorator.py
[2022-11-12 11:14:28,148] {processor.py:623} INFO - DAG(s) dict_keys(['example_task_group_decorator']) retrieved from /home/upm/.local/lib/python3.8/site-packages/airflow/example_dags/example_task_group_decorator.py
[2022-11-12 11:14:28,358] {logging_mixin.py:109} INFO - [2022-11-12 11:14:28,358] {dag.py:1834} INFO - Sync 1 DAGs
[2022-11-12 11:14:28,363] {logging_mixin.py:109} INFO - [2022-11-12 11:14:28,363] {dag.py:2287} INFO - Setting next_dagrun for example_task_group_decorator to 2022-11-10 00:00:00+00:00
[2022-11-12 11:14:28,374] {processor.py:170} INFO - Processing /home/upm/.local/lib/python3.8/site-packages/airflow/example_dags/example_task_group_decorator.py took 0.256 seconds
[2022-11-12 11:16:52,230] {processor.py:162} INFO - Started process (PID=83489) to work on /home/upm/.local/lib/python3.8/site-packages/airflow/example_dags/example_task_group_decorator.py
[2022-11-12 11:16:52,232] {processor.py:613} INFO - Processing file /home/upm/.local/lib/python3.8/site-packages/airflow/example_dags/example_task_group_decorator.py for tasks to queue
[2022-11-12 11:16:52,233] {logging_mixin.py:109} INFO - [2022-11-12 11:16:52,233] {dagbag.py:496} INFO - Filling up the DagBag from /home/upm/.local/lib/python3.8/site-packages/airflow/example_dags/example_task_group_decorator.py
[2022-11-12 11:16:52,251] {processor.py:623} INFO - DAG(s) dict_keys(['example_task_group_decorator']) retrieved from /home/upm/.local/lib/python3.8/site-packages/airflow/example_dags/example_task_group_decorator.py
[2022-11-12 11:16:52,457] {logging_mixin.py:109} INFO - [2022-11-12 11:16:52,457] {dag.py:1834} INFO - Sync 1 DAGs
[2022-11-12 11:16:52,461] {logging_mixin.py:109} INFO - [2022-11-12 11:16:52,461] {dag.py:2287} INFO - Setting next_dagrun for example_task_group_decorator to 2022-11-10 00:00:00+00:00
[2022-11-12 11:16:52,472] {processor.py:170} INFO - Processing /home/upm/.local/lib/python3.8/site-packages/airflow/example_dags/example_task_group_decorator.py took 0.244 seconds
[2022-11-12 11:17:24,524] {processor.py:162} INFO - Started process (PID=83632) to work on /home/upm/.local/lib/python3.8/site-packages/airflow/example_dags/example_task_group_decorator.py
[2022-11-12 11:17:24,526] {processor.py:613} INFO - Processing file /home/upm/.local/lib/python3.8/site-packages/airflow/example_dags/example_task_group_decorator.py for tasks to queue
[2022-11-12 11:17:24,526] {logging_mixin.py:109} INFO - [2022-11-12 11:17:24,526] {dagbag.py:496} INFO - Filling up the DagBag from /home/upm/.local/lib/python3.8/site-packages/airflow/example_dags/example_task_group_decorator.py
[2022-11-12 11:17:24,551] {processor.py:623} INFO - DAG(s) dict_keys(['example_task_group_decorator']) retrieved from /home/upm/.local/lib/python3.8/site-packages/airflow/example_dags/example_task_group_decorator.py
[2022-11-12 11:17:24,762] {logging_mixin.py:109} INFO - [2022-11-12 11:17:24,762] {dag.py:1834} INFO - Sync 1 DAGs
[2022-11-12 11:17:24,767] {logging_mixin.py:109} INFO - [2022-11-12 11:17:24,767] {dag.py:2287} INFO - Setting next_dagrun for example_task_group_decorator to 2022-11-10 00:00:00+00:00
[2022-11-12 11:17:24,778] {processor.py:170} INFO - Processing /home/upm/.local/lib/python3.8/site-packages/airflow/example_dags/example_task_group_decorator.py took 0.265 seconds
[2022-11-12 11:17:55,614] {processor.py:162} INFO - Started process (PID=83766) to work on /home/upm/.local/lib/python3.8/site-packages/airflow/example_dags/example_task_group_decorator.py
[2022-11-12 11:17:55,615] {processor.py:613} INFO - Processing file /home/upm/.local/lib/python3.8/site-packages/airflow/example_dags/example_task_group_decorator.py for tasks to queue
[2022-11-12 11:17:55,616] {logging_mixin.py:109} INFO - [2022-11-12 11:17:55,616] {dagbag.py:496} INFO - Filling up the DagBag from /home/upm/.local/lib/python3.8/site-packages/airflow/example_dags/example_task_group_decorator.py
[2022-11-12 11:17:55,634] {processor.py:623} INFO - DAG(s) dict_keys(['example_task_group_decorator']) retrieved from /home/upm/.local/lib/python3.8/site-packages/airflow/example_dags/example_task_group_decorator.py
[2022-11-12 11:17:55,842] {logging_mixin.py:109} INFO - [2022-11-12 11:17:55,842] {dag.py:1834} INFO - Sync 1 DAGs
[2022-11-12 11:17:55,848] {logging_mixin.py:109} INFO - [2022-11-12 11:17:55,848] {dag.py:2287} INFO - Setting next_dagrun for example_task_group_decorator to 2022-11-10 00:00:00+00:00
[2022-11-12 11:17:55,858] {processor.py:170} INFO - Processing /home/upm/.local/lib/python3.8/site-packages/airflow/example_dags/example_task_group_decorator.py took 0.246 seconds
[2022-11-12 11:18:28,188] {processor.py:162} INFO - Started process (PID=83877) to work on /home/upm/.local/lib/python3.8/site-packages/airflow/example_dags/example_task_group_decorator.py
[2022-11-12 11:18:28,190] {processor.py:613} INFO - Processing file /home/upm/.local/lib/python3.8/site-packages/airflow/example_dags/example_task_group_decorator.py for tasks to queue
[2022-11-12 11:18:28,191] {logging_mixin.py:109} INFO - [2022-11-12 11:18:28,190] {dagbag.py:496} INFO - Filling up the DagBag from /home/upm/.local/lib/python3.8/site-packages/airflow/example_dags/example_task_group_decorator.py
[2022-11-12 11:18:28,222] {processor.py:623} INFO - DAG(s) dict_keys(['example_task_group_decorator']) retrieved from /home/upm/.local/lib/python3.8/site-packages/airflow/example_dags/example_task_group_decorator.py
[2022-11-12 11:18:28,511] {logging_mixin.py:109} INFO - [2022-11-12 11:18:28,511] {dag.py:1834} INFO - Sync 1 DAGs
[2022-11-12 11:18:28,518] {logging_mixin.py:109} INFO - [2022-11-12 11:18:28,518] {dag.py:2287} INFO - Setting next_dagrun for example_task_group_decorator to 2022-11-10 00:00:00+00:00
[2022-11-12 11:18:28,535] {processor.py:170} INFO - Processing /home/upm/.local/lib/python3.8/site-packages/airflow/example_dags/example_task_group_decorator.py took 0.350 seconds
[2022-11-12 11:19:01,086] {processor.py:162} INFO - Started process (PID=84015) to work on /home/upm/.local/lib/python3.8/site-packages/airflow/example_dags/example_task_group_decorator.py
[2022-11-12 11:19:01,087] {processor.py:613} INFO - Processing file /home/upm/.local/lib/python3.8/site-packages/airflow/example_dags/example_task_group_decorator.py for tasks to queue
[2022-11-12 11:19:01,087] {logging_mixin.py:109} INFO - [2022-11-12 11:19:01,087] {dagbag.py:496} INFO - Filling up the DagBag from /home/upm/.local/lib/python3.8/site-packages/airflow/example_dags/example_task_group_decorator.py
[2022-11-12 11:19:01,107] {processor.py:623} INFO - DAG(s) dict_keys(['example_task_group_decorator']) retrieved from /home/upm/.local/lib/python3.8/site-packages/airflow/example_dags/example_task_group_decorator.py
[2022-11-12 11:19:01,458] {logging_mixin.py:109} INFO - [2022-11-12 11:19:01,458] {dag.py:1834} INFO - Sync 1 DAGs
[2022-11-12 11:19:01,471] {logging_mixin.py:109} INFO - [2022-11-12 11:19:01,471] {dag.py:2287} INFO - Setting next_dagrun for example_task_group_decorator to 2022-11-10 00:00:00+00:00
[2022-11-12 11:19:01,485] {processor.py:170} INFO - Processing /home/upm/.local/lib/python3.8/site-packages/airflow/example_dags/example_task_group_decorator.py took 0.402 seconds
[2022-11-12 11:21:22,092] {processor.py:162} INFO - Started process (PID=84341) to work on /home/upm/.local/lib/python3.8/site-packages/airflow/example_dags/example_task_group_decorator.py
[2022-11-12 11:21:22,094] {processor.py:613} INFO - Processing file /home/upm/.local/lib/python3.8/site-packages/airflow/example_dags/example_task_group_decorator.py for tasks to queue
[2022-11-12 11:21:22,094] {logging_mixin.py:109} INFO - [2022-11-12 11:21:22,094] {dagbag.py:496} INFO - Filling up the DagBag from /home/upm/.local/lib/python3.8/site-packages/airflow/example_dags/example_task_group_decorator.py
[2022-11-12 11:21:22,115] {processor.py:623} INFO - DAG(s) dict_keys(['example_task_group_decorator']) retrieved from /home/upm/.local/lib/python3.8/site-packages/airflow/example_dags/example_task_group_decorator.py
[2022-11-12 11:21:22,343] {logging_mixin.py:109} INFO - [2022-11-12 11:21:22,343] {dag.py:1834} INFO - Sync 1 DAGs
[2022-11-12 11:21:22,348] {logging_mixin.py:109} INFO - [2022-11-12 11:21:22,348] {dag.py:2287} INFO - Setting next_dagrun for example_task_group_decorator to 2022-11-10 00:00:00+00:00
[2022-11-12 11:21:22,362] {processor.py:170} INFO - Processing /home/upm/.local/lib/python3.8/site-packages/airflow/example_dags/example_task_group_decorator.py took 0.273 seconds
[2022-11-12 11:21:54,357] {processor.py:162} INFO - Started process (PID=84452) to work on /home/upm/.local/lib/python3.8/site-packages/airflow/example_dags/example_task_group_decorator.py
[2022-11-12 11:21:54,358] {processor.py:613} INFO - Processing file /home/upm/.local/lib/python3.8/site-packages/airflow/example_dags/example_task_group_decorator.py for tasks to queue
[2022-11-12 11:21:54,358] {logging_mixin.py:109} INFO - [2022-11-12 11:21:54,358] {dagbag.py:496} INFO - Filling up the DagBag from /home/upm/.local/lib/python3.8/site-packages/airflow/example_dags/example_task_group_decorator.py
[2022-11-12 11:21:54,377] {processor.py:623} INFO - DAG(s) dict_keys(['example_task_group_decorator']) retrieved from /home/upm/.local/lib/python3.8/site-packages/airflow/example_dags/example_task_group_decorator.py
[2022-11-12 11:21:54,595] {logging_mixin.py:109} INFO - [2022-11-12 11:21:54,595] {dag.py:1834} INFO - Sync 1 DAGs
[2022-11-12 11:21:54,600] {logging_mixin.py:109} INFO - [2022-11-12 11:21:54,600] {dag.py:2287} INFO - Setting next_dagrun for example_task_group_decorator to 2022-11-10 00:00:00+00:00
[2022-11-12 11:21:54,610] {processor.py:170} INFO - Processing /home/upm/.local/lib/python3.8/site-packages/airflow/example_dags/example_task_group_decorator.py took 0.256 seconds
[2022-11-12 11:22:25,557] {processor.py:162} INFO - Started process (PID=84560) to work on /home/upm/.local/lib/python3.8/site-packages/airflow/example_dags/example_task_group_decorator.py
[2022-11-12 11:22:25,558] {processor.py:613} INFO - Processing file /home/upm/.local/lib/python3.8/site-packages/airflow/example_dags/example_task_group_decorator.py for tasks to queue
[2022-11-12 11:22:25,559] {logging_mixin.py:109} INFO - [2022-11-12 11:22:25,559] {dagbag.py:496} INFO - Filling up the DagBag from /home/upm/.local/lib/python3.8/site-packages/airflow/example_dags/example_task_group_decorator.py
[2022-11-12 11:22:25,578] {processor.py:623} INFO - DAG(s) dict_keys(['example_task_group_decorator']) retrieved from /home/upm/.local/lib/python3.8/site-packages/airflow/example_dags/example_task_group_decorator.py
[2022-11-12 11:22:25,787] {logging_mixin.py:109} INFO - [2022-11-12 11:22:25,787] {dag.py:1834} INFO - Sync 1 DAGs
[2022-11-12 11:22:25,793] {logging_mixin.py:109} INFO - [2022-11-12 11:22:25,793] {dag.py:2287} INFO - Setting next_dagrun for example_task_group_decorator to 2022-11-10 00:00:00+00:00
[2022-11-12 11:22:25,805] {processor.py:170} INFO - Processing /home/upm/.local/lib/python3.8/site-packages/airflow/example_dags/example_task_group_decorator.py took 0.250 seconds
[2022-11-12 11:22:58,006] {processor.py:162} INFO - Started process (PID=84670) to work on /home/upm/.local/lib/python3.8/site-packages/airflow/example_dags/example_task_group_decorator.py
[2022-11-12 11:22:58,007] {processor.py:613} INFO - Processing file /home/upm/.local/lib/python3.8/site-packages/airflow/example_dags/example_task_group_decorator.py for tasks to queue
[2022-11-12 11:22:58,008] {logging_mixin.py:109} INFO - [2022-11-12 11:22:58,007] {dagbag.py:496} INFO - Filling up the DagBag from /home/upm/.local/lib/python3.8/site-packages/airflow/example_dags/example_task_group_decorator.py
[2022-11-12 11:22:58,028] {processor.py:623} INFO - DAG(s) dict_keys(['example_task_group_decorator']) retrieved from /home/upm/.local/lib/python3.8/site-packages/airflow/example_dags/example_task_group_decorator.py
[2022-11-12 11:22:58,336] {logging_mixin.py:109} INFO - [2022-11-12 11:22:58,336] {dag.py:1834} INFO - Sync 1 DAGs
[2022-11-12 11:22:58,345] {logging_mixin.py:109} INFO - [2022-11-12 11:22:58,345] {dag.py:2287} INFO - Setting next_dagrun for example_task_group_decorator to 2022-11-10 00:00:00+00:00
[2022-11-12 11:22:58,364] {processor.py:170} INFO - Processing /home/upm/.local/lib/python3.8/site-packages/airflow/example_dags/example_task_group_decorator.py took 0.361 seconds
[2022-11-12 11:27:13,656] {processor.py:162} INFO - Started process (PID=85189) to work on /home/upm/.local/lib/python3.8/site-packages/airflow/example_dags/example_task_group_decorator.py
[2022-11-12 11:27:13,658] {processor.py:613} INFO - Processing file /home/upm/.local/lib/python3.8/site-packages/airflow/example_dags/example_task_group_decorator.py for tasks to queue
[2022-11-12 11:27:13,658] {logging_mixin.py:109} INFO - [2022-11-12 11:27:13,658] {dagbag.py:496} INFO - Filling up the DagBag from /home/upm/.local/lib/python3.8/site-packages/airflow/example_dags/example_task_group_decorator.py
[2022-11-12 11:27:13,678] {processor.py:623} INFO - DAG(s) dict_keys(['example_task_group_decorator']) retrieved from /home/upm/.local/lib/python3.8/site-packages/airflow/example_dags/example_task_group_decorator.py
[2022-11-12 11:27:13,901] {logging_mixin.py:109} INFO - [2022-11-12 11:27:13,901] {dag.py:1834} INFO - Sync 1 DAGs
[2022-11-12 11:27:13,908] {logging_mixin.py:109} INFO - [2022-11-12 11:27:13,908] {dag.py:2287} INFO - Setting next_dagrun for example_task_group_decorator to 2022-11-10 00:00:00+00:00
[2022-11-12 11:27:13,920] {processor.py:170} INFO - Processing /home/upm/.local/lib/python3.8/site-packages/airflow/example_dags/example_task_group_decorator.py took 0.267 seconds
[2022-11-12 11:27:45,944] {processor.py:162} INFO - Started process (PID=85360) to work on /home/upm/.local/lib/python3.8/site-packages/airflow/example_dags/example_task_group_decorator.py
[2022-11-12 11:27:45,945] {processor.py:613} INFO - Processing file /home/upm/.local/lib/python3.8/site-packages/airflow/example_dags/example_task_group_decorator.py for tasks to queue
[2022-11-12 11:27:45,946] {logging_mixin.py:109} INFO - [2022-11-12 11:27:45,946] {dagbag.py:496} INFO - Filling up the DagBag from /home/upm/.local/lib/python3.8/site-packages/airflow/example_dags/example_task_group_decorator.py
[2022-11-12 11:27:45,970] {processor.py:623} INFO - DAG(s) dict_keys(['example_task_group_decorator']) retrieved from /home/upm/.local/lib/python3.8/site-packages/airflow/example_dags/example_task_group_decorator.py
[2022-11-12 11:27:46,189] {logging_mixin.py:109} INFO - [2022-11-12 11:27:46,189] {dag.py:1834} INFO - Sync 1 DAGs
[2022-11-12 11:27:46,194] {logging_mixin.py:109} INFO - [2022-11-12 11:27:46,194] {dag.py:2287} INFO - Setting next_dagrun for example_task_group_decorator to 2022-11-10 00:00:00+00:00
[2022-11-12 11:27:46,211] {processor.py:170} INFO - Processing /home/upm/.local/lib/python3.8/site-packages/airflow/example_dags/example_task_group_decorator.py took 0.269 seconds
[2022-11-12 11:28:17,084] {processor.py:162} INFO - Started process (PID=85625) to work on /home/upm/.local/lib/python3.8/site-packages/airflow/example_dags/example_task_group_decorator.py
[2022-11-12 11:28:17,084] {processor.py:613} INFO - Processing file /home/upm/.local/lib/python3.8/site-packages/airflow/example_dags/example_task_group_decorator.py for tasks to queue
[2022-11-12 11:28:17,085] {logging_mixin.py:109} INFO - [2022-11-12 11:28:17,085] {dagbag.py:496} INFO - Filling up the DagBag from /home/upm/.local/lib/python3.8/site-packages/airflow/example_dags/example_task_group_decorator.py
[2022-11-12 11:28:17,105] {processor.py:623} INFO - DAG(s) dict_keys(['example_task_group_decorator']) retrieved from /home/upm/.local/lib/python3.8/site-packages/airflow/example_dags/example_task_group_decorator.py
[2022-11-12 11:28:17,333] {logging_mixin.py:109} INFO - [2022-11-12 11:28:17,332] {dag.py:1834} INFO - Sync 1 DAGs
[2022-11-12 11:28:17,338] {logging_mixin.py:109} INFO - [2022-11-12 11:28:17,337] {dag.py:2287} INFO - Setting next_dagrun for example_task_group_decorator to 2022-11-10 00:00:00+00:00
[2022-11-12 11:28:17,347] {processor.py:170} INFO - Processing /home/upm/.local/lib/python3.8/site-packages/airflow/example_dags/example_task_group_decorator.py took 0.266 seconds
[2022-11-12 11:29:19,517] {processor.py:162} INFO - Started process (PID=85750) to work on /home/upm/.local/lib/python3.8/site-packages/airflow/example_dags/example_task_group_decorator.py
[2022-11-12 11:29:19,519] {processor.py:613} INFO - Processing file /home/upm/.local/lib/python3.8/site-packages/airflow/example_dags/example_task_group_decorator.py for tasks to queue
[2022-11-12 11:29:19,519] {logging_mixin.py:109} INFO - [2022-11-12 11:29:19,519] {dagbag.py:496} INFO - Filling up the DagBag from /home/upm/.local/lib/python3.8/site-packages/airflow/example_dags/example_task_group_decorator.py
[2022-11-12 11:29:19,543] {processor.py:623} INFO - DAG(s) dict_keys(['example_task_group_decorator']) retrieved from /home/upm/.local/lib/python3.8/site-packages/airflow/example_dags/example_task_group_decorator.py
[2022-11-12 11:29:19,789] {logging_mixin.py:109} INFO - [2022-11-12 11:29:19,789] {dag.py:1834} INFO - Sync 1 DAGs
[2022-11-12 11:29:19,795] {logging_mixin.py:109} INFO - [2022-11-12 11:29:19,795] {dag.py:2287} INFO - Setting next_dagrun for example_task_group_decorator to 2022-11-10 00:00:00+00:00
[2022-11-12 11:29:19,808] {processor.py:170} INFO - Processing /home/upm/.local/lib/python3.8/site-packages/airflow/example_dags/example_task_group_decorator.py took 0.293 seconds
[2022-11-12 11:29:51,807] {processor.py:162} INFO - Started process (PID=85876) to work on /home/upm/.local/lib/python3.8/site-packages/airflow/example_dags/example_task_group_decorator.py
[2022-11-12 11:29:51,808] {processor.py:613} INFO - Processing file /home/upm/.local/lib/python3.8/site-packages/airflow/example_dags/example_task_group_decorator.py for tasks to queue
[2022-11-12 11:29:51,809] {logging_mixin.py:109} INFO - [2022-11-12 11:29:51,808] {dagbag.py:496} INFO - Filling up the DagBag from /home/upm/.local/lib/python3.8/site-packages/airflow/example_dags/example_task_group_decorator.py
[2022-11-12 11:29:51,827] {processor.py:623} INFO - DAG(s) dict_keys(['example_task_group_decorator']) retrieved from /home/upm/.local/lib/python3.8/site-packages/airflow/example_dags/example_task_group_decorator.py
[2022-11-12 11:29:52,037] {logging_mixin.py:109} INFO - [2022-11-12 11:29:52,037] {dag.py:1834} INFO - Sync 1 DAGs
[2022-11-12 11:29:52,041] {logging_mixin.py:109} INFO - [2022-11-12 11:29:52,041] {dag.py:2287} INFO - Setting next_dagrun for example_task_group_decorator to 2022-11-10 00:00:00+00:00
[2022-11-12 11:29:52,053] {processor.py:170} INFO - Processing /home/upm/.local/lib/python3.8/site-packages/airflow/example_dags/example_task_group_decorator.py took 0.248 seconds
[2022-11-12 11:30:22,902] {processor.py:162} INFO - Started process (PID=86098) to work on /home/upm/.local/lib/python3.8/site-packages/airflow/example_dags/example_task_group_decorator.py
[2022-11-12 11:30:22,904] {processor.py:613} INFO - Processing file /home/upm/.local/lib/python3.8/site-packages/airflow/example_dags/example_task_group_decorator.py for tasks to queue
[2022-11-12 11:30:22,904] {logging_mixin.py:109} INFO - [2022-11-12 11:30:22,904] {dagbag.py:496} INFO - Filling up the DagBag from /home/upm/.local/lib/python3.8/site-packages/airflow/example_dags/example_task_group_decorator.py
[2022-11-12 11:30:22,922] {processor.py:623} INFO - DAG(s) dict_keys(['example_task_group_decorator']) retrieved from /home/upm/.local/lib/python3.8/site-packages/airflow/example_dags/example_task_group_decorator.py
[2022-11-12 11:30:23,132] {logging_mixin.py:109} INFO - [2022-11-12 11:30:23,132] {dag.py:1834} INFO - Sync 1 DAGs
[2022-11-12 11:30:23,137] {logging_mixin.py:109} INFO - [2022-11-12 11:30:23,137] {dag.py:2287} INFO - Setting next_dagrun for example_task_group_decorator to 2022-11-10 00:00:00+00:00
[2022-11-12 11:30:23,148] {processor.py:170} INFO - Processing /home/upm/.local/lib/python3.8/site-packages/airflow/example_dags/example_task_group_decorator.py took 0.248 seconds
[2022-11-12 11:30:55,368] {processor.py:162} INFO - Started process (PID=86217) to work on /home/upm/.local/lib/python3.8/site-packages/airflow/example_dags/example_task_group_decorator.py
[2022-11-12 11:30:55,369] {processor.py:613} INFO - Processing file /home/upm/.local/lib/python3.8/site-packages/airflow/example_dags/example_task_group_decorator.py for tasks to queue
[2022-11-12 11:30:55,369] {logging_mixin.py:109} INFO - [2022-11-12 11:30:55,369] {dagbag.py:496} INFO - Filling up the DagBag from /home/upm/.local/lib/python3.8/site-packages/airflow/example_dags/example_task_group_decorator.py
[2022-11-12 11:30:55,388] {processor.py:623} INFO - DAG(s) dict_keys(['example_task_group_decorator']) retrieved from /home/upm/.local/lib/python3.8/site-packages/airflow/example_dags/example_task_group_decorator.py
[2022-11-12 11:30:55,641] {logging_mixin.py:109} INFO - [2022-11-12 11:30:55,640] {dag.py:1834} INFO - Sync 1 DAGs
[2022-11-12 11:30:55,648] {logging_mixin.py:109} INFO - [2022-11-12 11:30:55,647] {dag.py:2287} INFO - Setting next_dagrun for example_task_group_decorator to 2022-11-10 00:00:00+00:00
[2022-11-12 11:30:55,663] {processor.py:170} INFO - Processing /home/upm/.local/lib/python3.8/site-packages/airflow/example_dags/example_task_group_decorator.py took 0.297 seconds
[2022-11-12 11:31:27,026] {processor.py:162} INFO - Started process (PID=86340) to work on /home/upm/.local/lib/python3.8/site-packages/airflow/example_dags/example_task_group_decorator.py
[2022-11-12 11:31:27,027] {processor.py:613} INFO - Processing file /home/upm/.local/lib/python3.8/site-packages/airflow/example_dags/example_task_group_decorator.py for tasks to queue
[2022-11-12 11:31:27,028] {logging_mixin.py:109} INFO - [2022-11-12 11:31:27,028] {dagbag.py:496} INFO - Filling up the DagBag from /home/upm/.local/lib/python3.8/site-packages/airflow/example_dags/example_task_group_decorator.py
[2022-11-12 11:31:27,050] {processor.py:623} INFO - DAG(s) dict_keys(['example_task_group_decorator']) retrieved from /home/upm/.local/lib/python3.8/site-packages/airflow/example_dags/example_task_group_decorator.py
[2022-11-12 11:31:27,284] {logging_mixin.py:109} INFO - [2022-11-12 11:31:27,284] {dag.py:1834} INFO - Sync 1 DAGs
[2022-11-12 11:31:27,289] {logging_mixin.py:109} INFO - [2022-11-12 11:31:27,289] {dag.py:2287} INFO - Setting next_dagrun for example_task_group_decorator to 2022-11-10 00:00:00+00:00
[2022-11-12 11:31:27,301] {processor.py:170} INFO - Processing /home/upm/.local/lib/python3.8/site-packages/airflow/example_dags/example_task_group_decorator.py took 0.277 seconds
[2022-11-12 11:31:59,615] {processor.py:162} INFO - Started process (PID=86612) to work on /home/upm/.local/lib/python3.8/site-packages/airflow/example_dags/example_task_group_decorator.py
[2022-11-12 11:31:59,617] {processor.py:613} INFO - Processing file /home/upm/.local/lib/python3.8/site-packages/airflow/example_dags/example_task_group_decorator.py for tasks to queue
[2022-11-12 11:31:59,617] {logging_mixin.py:109} INFO - [2022-11-12 11:31:59,617] {dagbag.py:496} INFO - Filling up the DagBag from /home/upm/.local/lib/python3.8/site-packages/airflow/example_dags/example_task_group_decorator.py
[2022-11-12 11:31:59,640] {processor.py:623} INFO - DAG(s) dict_keys(['example_task_group_decorator']) retrieved from /home/upm/.local/lib/python3.8/site-packages/airflow/example_dags/example_task_group_decorator.py
[2022-11-12 11:31:59,853] {logging_mixin.py:109} INFO - [2022-11-12 11:31:59,853] {dag.py:1834} INFO - Sync 1 DAGs
[2022-11-12 11:31:59,858] {logging_mixin.py:109} INFO - [2022-11-12 11:31:59,858] {dag.py:2287} INFO - Setting next_dagrun for example_task_group_decorator to 2022-11-10 00:00:00+00:00
[2022-11-12 11:31:59,868] {processor.py:170} INFO - Processing /home/upm/.local/lib/python3.8/site-packages/airflow/example_dags/example_task_group_decorator.py took 0.258 seconds
[2022-11-12 11:32:31,339] {processor.py:162} INFO - Started process (PID=86728) to work on /home/upm/.local/lib/python3.8/site-packages/airflow/example_dags/example_task_group_decorator.py
[2022-11-12 11:32:31,342] {processor.py:613} INFO - Processing file /home/upm/.local/lib/python3.8/site-packages/airflow/example_dags/example_task_group_decorator.py for tasks to queue
[2022-11-12 11:32:31,342] {logging_mixin.py:109} INFO - [2022-11-12 11:32:31,342] {dagbag.py:496} INFO - Filling up the DagBag from /home/upm/.local/lib/python3.8/site-packages/airflow/example_dags/example_task_group_decorator.py
[2022-11-12 11:32:31,381] {processor.py:623} INFO - DAG(s) dict_keys(['example_task_group_decorator']) retrieved from /home/upm/.local/lib/python3.8/site-packages/airflow/example_dags/example_task_group_decorator.py
[2022-11-12 11:32:31,665] {logging_mixin.py:109} INFO - [2022-11-12 11:32:31,665] {dag.py:1834} INFO - Sync 1 DAGs
[2022-11-12 11:32:31,672] {logging_mixin.py:109} INFO - [2022-11-12 11:32:31,672] {dag.py:2287} INFO - Setting next_dagrun for example_task_group_decorator to 2022-11-10 00:00:00+00:00
[2022-11-12 11:32:31,687] {processor.py:170} INFO - Processing /home/upm/.local/lib/python3.8/site-packages/airflow/example_dags/example_task_group_decorator.py took 0.352 seconds
[2022-11-12 11:33:03,692] {processor.py:162} INFO - Started process (PID=86869) to work on /home/upm/.local/lib/python3.8/site-packages/airflow/example_dags/example_task_group_decorator.py
[2022-11-12 11:33:03,694] {processor.py:613} INFO - Processing file /home/upm/.local/lib/python3.8/site-packages/airflow/example_dags/example_task_group_decorator.py for tasks to queue
[2022-11-12 11:33:03,695] {logging_mixin.py:109} INFO - [2022-11-12 11:33:03,695] {dagbag.py:496} INFO - Filling up the DagBag from /home/upm/.local/lib/python3.8/site-packages/airflow/example_dags/example_task_group_decorator.py
[2022-11-12 11:33:03,715] {processor.py:623} INFO - DAG(s) dict_keys(['example_task_group_decorator']) retrieved from /home/upm/.local/lib/python3.8/site-packages/airflow/example_dags/example_task_group_decorator.py
[2022-11-12 11:33:03,926] {logging_mixin.py:109} INFO - [2022-11-12 11:33:03,925] {dag.py:1834} INFO - Sync 1 DAGs
[2022-11-12 11:33:03,932] {logging_mixin.py:109} INFO - [2022-11-12 11:33:03,932] {dag.py:2287} INFO - Setting next_dagrun for example_task_group_decorator to 2022-11-10 00:00:00+00:00
[2022-11-12 11:33:03,942] {processor.py:170} INFO - Processing /home/upm/.local/lib/python3.8/site-packages/airflow/example_dags/example_task_group_decorator.py took 0.252 seconds
