[2022-11-12 11:06:41,872] {processor.py:162} INFO - Started process (PID=81943) to work on /home/upm/.local/lib/python3.8/site-packages/airflow/example_dags/example_branch_day_of_week_operator.py
[2022-11-12 11:06:41,873] {processor.py:613} INFO - Processing file /home/upm/.local/lib/python3.8/site-packages/airflow/example_dags/example_branch_day_of_week_operator.py for tasks to queue
[2022-11-12 11:06:41,873] {logging_mixin.py:109} INFO - [2022-11-12 11:06:41,873] {dagbag.py:496} INFO - Filling up the DagBag from /home/upm/.local/lib/python3.8/site-packages/airflow/example_dags/example_branch_day_of_week_operator.py
[2022-11-12 11:06:41,882] {processor.py:623} INFO - DAG(s) dict_keys(['example_weekday_branch_operator']) retrieved from /home/upm/.local/lib/python3.8/site-packages/airflow/example_dags/example_branch_day_of_week_operator.py
[2022-11-12 11:06:41,895] {logging_mixin.py:109} INFO - [2022-11-12 11:06:41,895] {dag.py:1834} INFO - Sync 1 DAGs
[2022-11-12 11:06:41,904] {logging_mixin.py:109} INFO - [2022-11-12 11:06:41,904] {dag.py:2287} INFO - Setting next_dagrun for example_weekday_branch_operator to 2022-11-10 00:00:00+00:00
[2022-11-12 11:06:41,915] {processor.py:170} INFO - Processing /home/upm/.local/lib/python3.8/site-packages/airflow/example_dags/example_branch_day_of_week_operator.py took 0.045 seconds
[2022-11-12 11:07:14,239] {processor.py:162} INFO - Started process (PID=82066) to work on /home/upm/.local/lib/python3.8/site-packages/airflow/example_dags/example_branch_day_of_week_operator.py
[2022-11-12 11:07:14,240] {processor.py:613} INFO - Processing file /home/upm/.local/lib/python3.8/site-packages/airflow/example_dags/example_branch_day_of_week_operator.py for tasks to queue
[2022-11-12 11:07:14,240] {logging_mixin.py:109} INFO - [2022-11-12 11:07:14,240] {dagbag.py:496} INFO - Filling up the DagBag from /home/upm/.local/lib/python3.8/site-packages/airflow/example_dags/example_branch_day_of_week_operator.py
[2022-11-12 11:07:14,249] {processor.py:623} INFO - DAG(s) dict_keys(['example_weekday_branch_operator']) retrieved from /home/upm/.local/lib/python3.8/site-packages/airflow/example_dags/example_branch_day_of_week_operator.py
[2022-11-12 11:07:14,262] {logging_mixin.py:109} INFO - [2022-11-12 11:07:14,262] {dag.py:1834} INFO - Sync 1 DAGs
[2022-11-12 11:07:14,272] {logging_mixin.py:109} INFO - [2022-11-12 11:07:14,272] {dag.py:2287} INFO - Setting next_dagrun for example_weekday_branch_operator to 2022-11-10 00:00:00+00:00
[2022-11-12 11:07:14,281] {processor.py:170} INFO - Processing /home/upm/.local/lib/python3.8/site-packages/airflow/example_dags/example_branch_day_of_week_operator.py took 0.045 seconds
[2022-11-12 11:07:46,368] {processor.py:162} INFO - Started process (PID=82196) to work on /home/upm/.local/lib/python3.8/site-packages/airflow/example_dags/example_branch_day_of_week_operator.py
[2022-11-12 11:07:46,371] {processor.py:613} INFO - Processing file /home/upm/.local/lib/python3.8/site-packages/airflow/example_dags/example_branch_day_of_week_operator.py for tasks to queue
[2022-11-12 11:07:46,372] {logging_mixin.py:109} INFO - [2022-11-12 11:07:46,372] {dagbag.py:496} INFO - Filling up the DagBag from /home/upm/.local/lib/python3.8/site-packages/airflow/example_dags/example_branch_day_of_week_operator.py
[2022-11-12 11:07:46,390] {processor.py:623} INFO - DAG(s) dict_keys(['example_weekday_branch_operator']) retrieved from /home/upm/.local/lib/python3.8/site-packages/airflow/example_dags/example_branch_day_of_week_operator.py
[2022-11-12 11:07:46,405] {logging_mixin.py:109} INFO - [2022-11-12 11:07:46,405] {dag.py:1834} INFO - Sync 1 DAGs
[2022-11-12 11:07:46,414] {logging_mixin.py:109} INFO - [2022-11-12 11:07:46,414] {dag.py:2287} INFO - Setting next_dagrun for example_weekday_branch_operator to 2022-11-10 00:00:00+00:00
[2022-11-12 11:07:46,423] {processor.py:170} INFO - Processing /home/upm/.local/lib/python3.8/site-packages/airflow/example_dags/example_branch_day_of_week_operator.py took 0.061 seconds
[2022-11-12 11:11:01,090] {processor.py:162} INFO - Started process (PID=82428) to work on /home/upm/.local/lib/python3.8/site-packages/airflow/example_dags/example_branch_day_of_week_operator.py
[2022-11-12 11:11:01,093] {processor.py:613} INFO - Processing file /home/upm/.local/lib/python3.8/site-packages/airflow/example_dags/example_branch_day_of_week_operator.py for tasks to queue
[2022-11-12 11:11:01,094] {logging_mixin.py:109} INFO - [2022-11-12 11:11:01,094] {dagbag.py:496} INFO - Filling up the DagBag from /home/upm/.local/lib/python3.8/site-packages/airflow/example_dags/example_branch_day_of_week_operator.py
[2022-11-12 11:11:01,105] {processor.py:623} INFO - DAG(s) dict_keys(['example_weekday_branch_operator']) retrieved from /home/upm/.local/lib/python3.8/site-packages/airflow/example_dags/example_branch_day_of_week_operator.py
[2022-11-12 11:11:01,117] {logging_mixin.py:109} INFO - [2022-11-12 11:11:01,117] {dag.py:1834} INFO - Sync 1 DAGs
[2022-11-12 11:11:01,126] {logging_mixin.py:109} INFO - [2022-11-12 11:11:01,126] {dag.py:2287} INFO - Setting next_dagrun for example_weekday_branch_operator to 2022-11-10 00:00:00+00:00
[2022-11-12 11:11:01,137] {processor.py:170} INFO - Processing /home/upm/.local/lib/python3.8/site-packages/airflow/example_dags/example_branch_day_of_week_operator.py took 0.049 seconds
[2022-11-12 11:11:32,196] {processor.py:162} INFO - Started process (PID=82544) to work on /home/upm/.local/lib/python3.8/site-packages/airflow/example_dags/example_branch_day_of_week_operator.py
[2022-11-12 11:11:32,197] {processor.py:613} INFO - Processing file /home/upm/.local/lib/python3.8/site-packages/airflow/example_dags/example_branch_day_of_week_operator.py for tasks to queue
[2022-11-12 11:11:32,198] {logging_mixin.py:109} INFO - [2022-11-12 11:11:32,198] {dagbag.py:496} INFO - Filling up the DagBag from /home/upm/.local/lib/python3.8/site-packages/airflow/example_dags/example_branch_day_of_week_operator.py
[2022-11-12 11:11:32,206] {processor.py:623} INFO - DAG(s) dict_keys(['example_weekday_branch_operator']) retrieved from /home/upm/.local/lib/python3.8/site-packages/airflow/example_dags/example_branch_day_of_week_operator.py
[2022-11-12 11:11:32,217] {logging_mixin.py:109} INFO - [2022-11-12 11:11:32,217] {dag.py:1834} INFO - Sync 1 DAGs
[2022-11-12 11:11:32,226] {logging_mixin.py:109} INFO - [2022-11-12 11:11:32,226] {dag.py:2287} INFO - Setting next_dagrun for example_weekday_branch_operator to 2022-11-10 00:00:00+00:00
[2022-11-12 11:11:32,236] {processor.py:170} INFO - Processing /home/upm/.local/lib/python3.8/site-packages/airflow/example_dags/example_branch_day_of_week_operator.py took 0.042 seconds
[2022-11-12 11:12:04,541] {processor.py:162} INFO - Started process (PID=82646) to work on /home/upm/.local/lib/python3.8/site-packages/airflow/example_dags/example_branch_day_of_week_operator.py
[2022-11-12 11:12:04,543] {processor.py:613} INFO - Processing file /home/upm/.local/lib/python3.8/site-packages/airflow/example_dags/example_branch_day_of_week_operator.py for tasks to queue
[2022-11-12 11:12:04,543] {logging_mixin.py:109} INFO - [2022-11-12 11:12:04,543] {dagbag.py:496} INFO - Filling up the DagBag from /home/upm/.local/lib/python3.8/site-packages/airflow/example_dags/example_branch_day_of_week_operator.py
[2022-11-12 11:12:04,553] {processor.py:623} INFO - DAG(s) dict_keys(['example_weekday_branch_operator']) retrieved from /home/upm/.local/lib/python3.8/site-packages/airflow/example_dags/example_branch_day_of_week_operator.py
[2022-11-12 11:12:04,565] {logging_mixin.py:109} INFO - [2022-11-12 11:12:04,565] {dag.py:1834} INFO - Sync 1 DAGs
[2022-11-12 11:12:04,574] {logging_mixin.py:109} INFO - [2022-11-12 11:12:04,574] {dag.py:2287} INFO - Setting next_dagrun for example_weekday_branch_operator to 2022-11-10 00:00:00+00:00
[2022-11-12 11:12:04,586] {processor.py:170} INFO - Processing /home/upm/.local/lib/python3.8/site-packages/airflow/example_dags/example_branch_day_of_week_operator.py took 0.047 seconds
[2022-11-12 11:13:44,698] {processor.py:162} INFO - Started process (PID=82940) to work on /home/upm/.local/lib/python3.8/site-packages/airflow/example_dags/example_branch_day_of_week_operator.py
[2022-11-12 11:13:44,700] {processor.py:613} INFO - Processing file /home/upm/.local/lib/python3.8/site-packages/airflow/example_dags/example_branch_day_of_week_operator.py for tasks to queue
[2022-11-12 11:13:44,700] {logging_mixin.py:109} INFO - [2022-11-12 11:13:44,700] {dagbag.py:496} INFO - Filling up the DagBag from /home/upm/.local/lib/python3.8/site-packages/airflow/example_dags/example_branch_day_of_week_operator.py
[2022-11-12 11:13:44,709] {processor.py:623} INFO - DAG(s) dict_keys(['example_weekday_branch_operator']) retrieved from /home/upm/.local/lib/python3.8/site-packages/airflow/example_dags/example_branch_day_of_week_operator.py
[2022-11-12 11:13:44,720] {logging_mixin.py:109} INFO - [2022-11-12 11:13:44,720] {dag.py:1834} INFO - Sync 1 DAGs
[2022-11-12 11:13:44,733] {logging_mixin.py:109} INFO - [2022-11-12 11:13:44,733] {dag.py:2287} INFO - Setting next_dagrun for example_weekday_branch_operator to 2022-11-10 00:00:00+00:00
[2022-11-12 11:13:44,743] {processor.py:170} INFO - Processing /home/upm/.local/lib/python3.8/site-packages/airflow/example_dags/example_branch_day_of_week_operator.py took 0.048 seconds
[2022-11-12 11:14:16,997] {processor.py:162} INFO - Started process (PID=83160) to work on /home/upm/.local/lib/python3.8/site-packages/airflow/example_dags/example_branch_day_of_week_operator.py
[2022-11-12 11:14:16,998] {processor.py:613} INFO - Processing file /home/upm/.local/lib/python3.8/site-packages/airflow/example_dags/example_branch_day_of_week_operator.py for tasks to queue
[2022-11-12 11:14:16,999] {logging_mixin.py:109} INFO - [2022-11-12 11:14:16,999] {dagbag.py:496} INFO - Filling up the DagBag from /home/upm/.local/lib/python3.8/site-packages/airflow/example_dags/example_branch_day_of_week_operator.py
[2022-11-12 11:14:17,008] {processor.py:623} INFO - DAG(s) dict_keys(['example_weekday_branch_operator']) retrieved from /home/upm/.local/lib/python3.8/site-packages/airflow/example_dags/example_branch_day_of_week_operator.py
[2022-11-12 11:14:17,022] {logging_mixin.py:109} INFO - [2022-11-12 11:14:17,022] {dag.py:1834} INFO - Sync 1 DAGs
[2022-11-12 11:14:17,031] {logging_mixin.py:109} INFO - [2022-11-12 11:14:17,031] {dag.py:2287} INFO - Setting next_dagrun for example_weekday_branch_operator to 2022-11-10 00:00:00+00:00
[2022-11-12 11:14:17,042] {processor.py:170} INFO - Processing /home/upm/.local/lib/python3.8/site-packages/airflow/example_dags/example_branch_day_of_week_operator.py took 0.047 seconds
[2022-11-12 11:17:13,061] {processor.py:162} INFO - Started process (PID=83587) to work on /home/upm/.local/lib/python3.8/site-packages/airflow/example_dags/example_branch_day_of_week_operator.py
[2022-11-12 11:17:13,063] {processor.py:613} INFO - Processing file /home/upm/.local/lib/python3.8/site-packages/airflow/example_dags/example_branch_day_of_week_operator.py for tasks to queue
[2022-11-12 11:17:13,064] {logging_mixin.py:109} INFO - [2022-11-12 11:17:13,064] {dagbag.py:496} INFO - Filling up the DagBag from /home/upm/.local/lib/python3.8/site-packages/airflow/example_dags/example_branch_day_of_week_operator.py
[2022-11-12 11:17:13,072] {processor.py:623} INFO - DAG(s) dict_keys(['example_weekday_branch_operator']) retrieved from /home/upm/.local/lib/python3.8/site-packages/airflow/example_dags/example_branch_day_of_week_operator.py
[2022-11-12 11:17:13,086] {logging_mixin.py:109} INFO - [2022-11-12 11:17:13,086] {dag.py:1834} INFO - Sync 1 DAGs
[2022-11-12 11:17:13,099] {logging_mixin.py:109} INFO - [2022-11-12 11:17:13,099] {dag.py:2287} INFO - Setting next_dagrun for example_weekday_branch_operator to 2022-11-10 00:00:00+00:00
[2022-11-12 11:17:13,111] {processor.py:170} INFO - Processing /home/upm/.local/lib/python3.8/site-packages/airflow/example_dags/example_branch_day_of_week_operator.py took 0.052 seconds
[2022-11-12 11:17:44,160] {processor.py:162} INFO - Started process (PID=83698) to work on /home/upm/.local/lib/python3.8/site-packages/airflow/example_dags/example_branch_day_of_week_operator.py
[2022-11-12 11:17:44,161] {processor.py:613} INFO - Processing file /home/upm/.local/lib/python3.8/site-packages/airflow/example_dags/example_branch_day_of_week_operator.py for tasks to queue
[2022-11-12 11:17:44,161] {logging_mixin.py:109} INFO - [2022-11-12 11:17:44,161] {dagbag.py:496} INFO - Filling up the DagBag from /home/upm/.local/lib/python3.8/site-packages/airflow/example_dags/example_branch_day_of_week_operator.py
[2022-11-12 11:17:44,170] {processor.py:623} INFO - DAG(s) dict_keys(['example_weekday_branch_operator']) retrieved from /home/upm/.local/lib/python3.8/site-packages/airflow/example_dags/example_branch_day_of_week_operator.py
[2022-11-12 11:17:44,181] {logging_mixin.py:109} INFO - [2022-11-12 11:17:44,181] {dag.py:1834} INFO - Sync 1 DAGs
[2022-11-12 11:17:44,190] {logging_mixin.py:109} INFO - [2022-11-12 11:17:44,190] {dag.py:2287} INFO - Setting next_dagrun for example_weekday_branch_operator to 2022-11-10 00:00:00+00:00
[2022-11-12 11:17:44,200] {processor.py:170} INFO - Processing /home/upm/.local/lib/python3.8/site-packages/airflow/example_dags/example_branch_day_of_week_operator.py took 0.042 seconds
[2022-11-12 11:18:16,428] {processor.py:162} INFO - Started process (PID=83835) to work on /home/upm/.local/lib/python3.8/site-packages/airflow/example_dags/example_branch_day_of_week_operator.py
[2022-11-12 11:18:16,432] {processor.py:613} INFO - Processing file /home/upm/.local/lib/python3.8/site-packages/airflow/example_dags/example_branch_day_of_week_operator.py for tasks to queue
[2022-11-12 11:18:16,433] {logging_mixin.py:109} INFO - [2022-11-12 11:18:16,433] {dagbag.py:496} INFO - Filling up the DagBag from /home/upm/.local/lib/python3.8/site-packages/airflow/example_dags/example_branch_day_of_week_operator.py
[2022-11-12 11:18:16,448] {processor.py:623} INFO - DAG(s) dict_keys(['example_weekday_branch_operator']) retrieved from /home/upm/.local/lib/python3.8/site-packages/airflow/example_dags/example_branch_day_of_week_operator.py
[2022-11-12 11:18:16,468] {logging_mixin.py:109} INFO - [2022-11-12 11:18:16,468] {dag.py:1834} INFO - Sync 1 DAGs
[2022-11-12 11:18:16,482] {logging_mixin.py:109} INFO - [2022-11-12 11:18:16,482] {dag.py:2287} INFO - Setting next_dagrun for example_weekday_branch_operator to 2022-11-10 00:00:00+00:00
[2022-11-12 11:18:16,496] {processor.py:170} INFO - Processing /home/upm/.local/lib/python3.8/site-packages/airflow/example_dags/example_branch_day_of_week_operator.py took 0.071 seconds
[2022-11-12 11:18:50,152] {processor.py:162} INFO - Started process (PID=83943) to work on /home/upm/.local/lib/python3.8/site-packages/airflow/example_dags/example_branch_day_of_week_operator.py
[2022-11-12 11:18:50,154] {processor.py:613} INFO - Processing file /home/upm/.local/lib/python3.8/site-packages/airflow/example_dags/example_branch_day_of_week_operator.py for tasks to queue
[2022-11-12 11:18:50,154] {logging_mixin.py:109} INFO - [2022-11-12 11:18:50,154] {dagbag.py:496} INFO - Filling up the DagBag from /home/upm/.local/lib/python3.8/site-packages/airflow/example_dags/example_branch_day_of_week_operator.py
[2022-11-12 11:18:50,165] {processor.py:623} INFO - DAG(s) dict_keys(['example_weekday_branch_operator']) retrieved from /home/upm/.local/lib/python3.8/site-packages/airflow/example_dags/example_branch_day_of_week_operator.py
[2022-11-12 11:18:50,180] {logging_mixin.py:109} INFO - [2022-11-12 11:18:50,180] {dag.py:1834} INFO - Sync 1 DAGs
[2022-11-12 11:18:50,192] {logging_mixin.py:109} INFO - [2022-11-12 11:18:50,192] {dag.py:2287} INFO - Setting next_dagrun for example_weekday_branch_operator to 2022-11-10 00:00:00+00:00
[2022-11-12 11:18:50,208] {processor.py:170} INFO - Processing /home/upm/.local/lib/python3.8/site-packages/airflow/example_dags/example_branch_day_of_week_operator.py took 0.059 seconds
[2022-11-12 11:19:22,523] {processor.py:162} INFO - Started process (PID=84122) to work on /home/upm/.local/lib/python3.8/site-packages/airflow/example_dags/example_branch_day_of_week_operator.py
[2022-11-12 11:19:22,524] {processor.py:613} INFO - Processing file /home/upm/.local/lib/python3.8/site-packages/airflow/example_dags/example_branch_day_of_week_operator.py for tasks to queue
[2022-11-12 11:19:22,525] {logging_mixin.py:109} INFO - [2022-11-12 11:19:22,524] {dagbag.py:496} INFO - Filling up the DagBag from /home/upm/.local/lib/python3.8/site-packages/airflow/example_dags/example_branch_day_of_week_operator.py
[2022-11-12 11:19:22,540] {processor.py:623} INFO - DAG(s) dict_keys(['example_weekday_branch_operator']) retrieved from /home/upm/.local/lib/python3.8/site-packages/airflow/example_dags/example_branch_day_of_week_operator.py
[2022-11-12 11:19:22,552] {logging_mixin.py:109} INFO - [2022-11-12 11:19:22,552] {dag.py:1834} INFO - Sync 1 DAGs
[2022-11-12 11:19:22,563] {logging_mixin.py:109} INFO - [2022-11-12 11:19:22,563] {dag.py:2287} INFO - Setting next_dagrun for example_weekday_branch_operator to 2022-11-10 00:00:00+00:00
[2022-11-12 11:19:22,577] {processor.py:170} INFO - Processing /home/upm/.local/lib/python3.8/site-packages/airflow/example_dags/example_branch_day_of_week_operator.py took 0.058 seconds
[2022-11-12 11:21:42,908] {processor.py:162} INFO - Started process (PID=84411) to work on /home/upm/.local/lib/python3.8/site-packages/airflow/example_dags/example_branch_day_of_week_operator.py
[2022-11-12 11:21:42,910] {processor.py:613} INFO - Processing file /home/upm/.local/lib/python3.8/site-packages/airflow/example_dags/example_branch_day_of_week_operator.py for tasks to queue
[2022-11-12 11:21:42,911] {logging_mixin.py:109} INFO - [2022-11-12 11:21:42,910] {dagbag.py:496} INFO - Filling up the DagBag from /home/upm/.local/lib/python3.8/site-packages/airflow/example_dags/example_branch_day_of_week_operator.py
[2022-11-12 11:21:42,925] {processor.py:623} INFO - DAG(s) dict_keys(['example_weekday_branch_operator']) retrieved from /home/upm/.local/lib/python3.8/site-packages/airflow/example_dags/example_branch_day_of_week_operator.py
[2022-11-12 11:21:42,942] {logging_mixin.py:109} INFO - [2022-11-12 11:21:42,942] {dag.py:1834} INFO - Sync 1 DAGs
[2022-11-12 11:21:42,954] {logging_mixin.py:109} INFO - [2022-11-12 11:21:42,954] {dag.py:2287} INFO - Setting next_dagrun for example_weekday_branch_operator to 2022-11-10 00:00:00+00:00
[2022-11-12 11:21:42,971] {processor.py:170} INFO - Processing /home/upm/.local/lib/python3.8/site-packages/airflow/example_dags/example_branch_day_of_week_operator.py took 0.066 seconds
[2022-11-12 11:22:14,112] {processor.py:162} INFO - Started process (PID=84514) to work on /home/upm/.local/lib/python3.8/site-packages/airflow/example_dags/example_branch_day_of_week_operator.py
[2022-11-12 11:22:14,114] {processor.py:613} INFO - Processing file /home/upm/.local/lib/python3.8/site-packages/airflow/example_dags/example_branch_day_of_week_operator.py for tasks to queue
[2022-11-12 11:22:14,115] {logging_mixin.py:109} INFO - [2022-11-12 11:22:14,115] {dagbag.py:496} INFO - Filling up the DagBag from /home/upm/.local/lib/python3.8/site-packages/airflow/example_dags/example_branch_day_of_week_operator.py
[2022-11-12 11:22:14,128] {processor.py:623} INFO - DAG(s) dict_keys(['example_weekday_branch_operator']) retrieved from /home/upm/.local/lib/python3.8/site-packages/airflow/example_dags/example_branch_day_of_week_operator.py
[2022-11-12 11:22:14,141] {logging_mixin.py:109} INFO - [2022-11-12 11:22:14,141] {dag.py:1834} INFO - Sync 1 DAGs
[2022-11-12 11:22:14,150] {logging_mixin.py:109} INFO - [2022-11-12 11:22:14,150] {dag.py:2287} INFO - Setting next_dagrun for example_weekday_branch_operator to 2022-11-10 00:00:00+00:00
[2022-11-12 11:22:14,161] {processor.py:170} INFO - Processing /home/upm/.local/lib/python3.8/site-packages/airflow/example_dags/example_branch_day_of_week_operator.py took 0.054 seconds
[2022-11-12 11:22:46,356] {processor.py:162} INFO - Started process (PID=84626) to work on /home/upm/.local/lib/python3.8/site-packages/airflow/example_dags/example_branch_day_of_week_operator.py
[2022-11-12 11:22:46,357] {processor.py:613} INFO - Processing file /home/upm/.local/lib/python3.8/site-packages/airflow/example_dags/example_branch_day_of_week_operator.py for tasks to queue
[2022-11-12 11:22:46,357] {logging_mixin.py:109} INFO - [2022-11-12 11:22:46,357] {dagbag.py:496} INFO - Filling up the DagBag from /home/upm/.local/lib/python3.8/site-packages/airflow/example_dags/example_branch_day_of_week_operator.py
[2022-11-12 11:22:46,366] {processor.py:623} INFO - DAG(s) dict_keys(['example_weekday_branch_operator']) retrieved from /home/upm/.local/lib/python3.8/site-packages/airflow/example_dags/example_branch_day_of_week_operator.py
[2022-11-12 11:22:46,379] {logging_mixin.py:109} INFO - [2022-11-12 11:22:46,379] {dag.py:1834} INFO - Sync 1 DAGs
[2022-11-12 11:22:46,388] {logging_mixin.py:109} INFO - [2022-11-12 11:22:46,388] {dag.py:2287} INFO - Setting next_dagrun for example_weekday_branch_operator to 2022-11-10 00:00:00+00:00
[2022-11-12 11:22:46,398] {processor.py:170} INFO - Processing /home/upm/.local/lib/python3.8/site-packages/airflow/example_dags/example_branch_day_of_week_operator.py took 0.045 seconds
[2022-11-12 11:27:34,470] {processor.py:162} INFO - Started process (PID=85284) to work on /home/upm/.local/lib/python3.8/site-packages/airflow/example_dags/example_branch_day_of_week_operator.py
[2022-11-12 11:27:34,472] {processor.py:613} INFO - Processing file /home/upm/.local/lib/python3.8/site-packages/airflow/example_dags/example_branch_day_of_week_operator.py for tasks to queue
[2022-11-12 11:27:34,472] {logging_mixin.py:109} INFO - [2022-11-12 11:27:34,472] {dagbag.py:496} INFO - Filling up the DagBag from /home/upm/.local/lib/python3.8/site-packages/airflow/example_dags/example_branch_day_of_week_operator.py
[2022-11-12 11:27:34,481] {processor.py:623} INFO - DAG(s) dict_keys(['example_weekday_branch_operator']) retrieved from /home/upm/.local/lib/python3.8/site-packages/airflow/example_dags/example_branch_day_of_week_operator.py
[2022-11-12 11:27:34,493] {logging_mixin.py:109} INFO - [2022-11-12 11:27:34,493] {dag.py:1834} INFO - Sync 1 DAGs
[2022-11-12 11:27:34,502] {logging_mixin.py:109} INFO - [2022-11-12 11:27:34,502] {dag.py:2287} INFO - Setting next_dagrun for example_weekday_branch_operator to 2022-11-10 00:00:00+00:00
[2022-11-12 11:27:34,513] {processor.py:170} INFO - Processing /home/upm/.local/lib/python3.8/site-packages/airflow/example_dags/example_branch_day_of_week_operator.py took 0.045 seconds
[2022-11-12 11:28:05,613] {processor.py:162} INFO - Started process (PID=85549) to work on /home/upm/.local/lib/python3.8/site-packages/airflow/example_dags/example_branch_day_of_week_operator.py
[2022-11-12 11:28:05,614] {processor.py:613} INFO - Processing file /home/upm/.local/lib/python3.8/site-packages/airflow/example_dags/example_branch_day_of_week_operator.py for tasks to queue
[2022-11-12 11:28:05,614] {logging_mixin.py:109} INFO - [2022-11-12 11:28:05,614] {dagbag.py:496} INFO - Filling up the DagBag from /home/upm/.local/lib/python3.8/site-packages/airflow/example_dags/example_branch_day_of_week_operator.py
[2022-11-12 11:28:05,625] {processor.py:623} INFO - DAG(s) dict_keys(['example_weekday_branch_operator']) retrieved from /home/upm/.local/lib/python3.8/site-packages/airflow/example_dags/example_branch_day_of_week_operator.py
[2022-11-12 11:28:05,638] {logging_mixin.py:109} INFO - [2022-11-12 11:28:05,638] {dag.py:1834} INFO - Sync 1 DAGs
[2022-11-12 11:28:05,647] {logging_mixin.py:109} INFO - [2022-11-12 11:28:05,647] {dag.py:2287} INFO - Setting next_dagrun for example_weekday_branch_operator to 2022-11-10 00:00:00+00:00
[2022-11-12 11:28:05,656] {processor.py:170} INFO - Processing /home/upm/.local/lib/python3.8/site-packages/airflow/example_dags/example_branch_day_of_week_operator.py took 0.047 seconds
[2022-11-12 11:29:40,353] {processor.py:162} INFO - Started process (PID=85844) to work on /home/upm/.local/lib/python3.8/site-packages/airflow/example_dags/example_branch_day_of_week_operator.py
[2022-11-12 11:29:40,355] {processor.py:613} INFO - Processing file /home/upm/.local/lib/python3.8/site-packages/airflow/example_dags/example_branch_day_of_week_operator.py for tasks to queue
[2022-11-12 11:29:40,356] {logging_mixin.py:109} INFO - [2022-11-12 11:29:40,356] {dagbag.py:496} INFO - Filling up the DagBag from /home/upm/.local/lib/python3.8/site-packages/airflow/example_dags/example_branch_day_of_week_operator.py
[2022-11-12 11:29:40,364] {processor.py:623} INFO - DAG(s) dict_keys(['example_weekday_branch_operator']) retrieved from /home/upm/.local/lib/python3.8/site-packages/airflow/example_dags/example_branch_day_of_week_operator.py
[2022-11-12 11:29:40,376] {logging_mixin.py:109} INFO - [2022-11-12 11:29:40,375] {dag.py:1834} INFO - Sync 1 DAGs
[2022-11-12 11:29:40,384] {logging_mixin.py:109} INFO - [2022-11-12 11:29:40,384] {dag.py:2287} INFO - Setting next_dagrun for example_weekday_branch_operator to 2022-11-10 00:00:00+00:00
[2022-11-12 11:29:40,394] {processor.py:170} INFO - Processing /home/upm/.local/lib/python3.8/site-packages/airflow/example_dags/example_branch_day_of_week_operator.py took 0.044 seconds
[2022-11-12 11:30:11,456] {processor.py:162} INFO - Started process (PID=85952) to work on /home/upm/.local/lib/python3.8/site-packages/airflow/example_dags/example_branch_day_of_week_operator.py
[2022-11-12 11:30:11,457] {processor.py:613} INFO - Processing file /home/upm/.local/lib/python3.8/site-packages/airflow/example_dags/example_branch_day_of_week_operator.py for tasks to queue
[2022-11-12 11:30:11,457] {logging_mixin.py:109} INFO - [2022-11-12 11:30:11,457] {dagbag.py:496} INFO - Filling up the DagBag from /home/upm/.local/lib/python3.8/site-packages/airflow/example_dags/example_branch_day_of_week_operator.py
[2022-11-12 11:30:11,466] {processor.py:623} INFO - DAG(s) dict_keys(['example_weekday_branch_operator']) retrieved from /home/upm/.local/lib/python3.8/site-packages/airflow/example_dags/example_branch_day_of_week_operator.py
[2022-11-12 11:30:11,478] {logging_mixin.py:109} INFO - [2022-11-12 11:30:11,478] {dag.py:1834} INFO - Sync 1 DAGs
[2022-11-12 11:30:11,488] {logging_mixin.py:109} INFO - [2022-11-12 11:30:11,487] {dag.py:2287} INFO - Setting next_dagrun for example_weekday_branch_operator to 2022-11-10 00:00:00+00:00
[2022-11-12 11:30:11,498] {processor.py:170} INFO - Processing /home/upm/.local/lib/python3.8/site-packages/airflow/example_dags/example_branch_day_of_week_operator.py took 0.045 seconds
[2022-11-12 11:30:43,723] {processor.py:162} INFO - Started process (PID=86171) to work on /home/upm/.local/lib/python3.8/site-packages/airflow/example_dags/example_branch_day_of_week_operator.py
[2022-11-12 11:30:43,726] {processor.py:613} INFO - Processing file /home/upm/.local/lib/python3.8/site-packages/airflow/example_dags/example_branch_day_of_week_operator.py for tasks to queue
[2022-11-12 11:30:43,727] {logging_mixin.py:109} INFO - [2022-11-12 11:30:43,727] {dagbag.py:496} INFO - Filling up the DagBag from /home/upm/.local/lib/python3.8/site-packages/airflow/example_dags/example_branch_day_of_week_operator.py
[2022-11-12 11:30:43,739] {processor.py:623} INFO - DAG(s) dict_keys(['example_weekday_branch_operator']) retrieved from /home/upm/.local/lib/python3.8/site-packages/airflow/example_dags/example_branch_day_of_week_operator.py
[2022-11-12 11:30:43,756] {logging_mixin.py:109} INFO - [2022-11-12 11:30:43,756] {dag.py:1834} INFO - Sync 1 DAGs
[2022-11-12 11:30:43,768] {logging_mixin.py:109} INFO - [2022-11-12 11:30:43,768] {dag.py:2287} INFO - Setting next_dagrun for example_weekday_branch_operator to 2022-11-10 00:00:00+00:00
[2022-11-12 11:30:43,780] {processor.py:170} INFO - Processing /home/upm/.local/lib/python3.8/site-packages/airflow/example_dags/example_branch_day_of_week_operator.py took 0.060 seconds
[2022-11-12 11:31:17,156] {processor.py:162} INFO - Started process (PID=86299) to work on /home/upm/.local/lib/python3.8/site-packages/airflow/example_dags/example_branch_day_of_week_operator.py
[2022-11-12 11:31:17,158] {processor.py:613} INFO - Processing file /home/upm/.local/lib/python3.8/site-packages/airflow/example_dags/example_branch_day_of_week_operator.py for tasks to queue
[2022-11-12 11:31:17,159] {logging_mixin.py:109} INFO - [2022-11-12 11:31:17,159] {dagbag.py:496} INFO - Filling up the DagBag from /home/upm/.local/lib/python3.8/site-packages/airflow/example_dags/example_branch_day_of_week_operator.py
[2022-11-12 11:31:17,170] {processor.py:623} INFO - DAG(s) dict_keys(['example_weekday_branch_operator']) retrieved from /home/upm/.local/lib/python3.8/site-packages/airflow/example_dags/example_branch_day_of_week_operator.py
[2022-11-12 11:31:17,184] {logging_mixin.py:109} INFO - [2022-11-12 11:31:17,184] {dag.py:1834} INFO - Sync 1 DAGs
[2022-11-12 11:31:17,194] {logging_mixin.py:109} INFO - [2022-11-12 11:31:17,194] {dag.py:2287} INFO - Setting next_dagrun for example_weekday_branch_operator to 2022-11-10 00:00:00+00:00
[2022-11-12 11:31:17,205] {processor.py:170} INFO - Processing /home/upm/.local/lib/python3.8/site-packages/airflow/example_dags/example_branch_day_of_week_operator.py took 0.052 seconds
[2022-11-12 11:31:51,148] {processor.py:162} INFO - Started process (PID=86555) to work on /home/upm/.local/lib/python3.8/site-packages/airflow/example_dags/example_branch_day_of_week_operator.py
[2022-11-12 11:31:51,150] {processor.py:613} INFO - Processing file /home/upm/.local/lib/python3.8/site-packages/airflow/example_dags/example_branch_day_of_week_operator.py for tasks to queue
[2022-11-12 11:31:51,150] {logging_mixin.py:109} INFO - [2022-11-12 11:31:51,150] {dagbag.py:496} INFO - Filling up the DagBag from /home/upm/.local/lib/python3.8/site-packages/airflow/example_dags/example_branch_day_of_week_operator.py
[2022-11-12 11:31:51,167] {processor.py:623} INFO - DAG(s) dict_keys(['example_weekday_branch_operator']) retrieved from /home/upm/.local/lib/python3.8/site-packages/airflow/example_dags/example_branch_day_of_week_operator.py
[2022-11-12 11:31:51,178] {logging_mixin.py:109} INFO - [2022-11-12 11:31:51,178] {dag.py:1834} INFO - Sync 1 DAGs
[2022-11-12 11:31:51,187] {logging_mixin.py:109} INFO - [2022-11-12 11:31:51,187] {dag.py:2287} INFO - Setting next_dagrun for example_weekday_branch_operator to 2022-11-10 00:00:00+00:00
[2022-11-12 11:31:51,197] {processor.py:170} INFO - Processing /home/upm/.local/lib/python3.8/site-packages/airflow/example_dags/example_branch_day_of_week_operator.py took 0.053 seconds
[2022-11-12 11:32:24,863] {processor.py:162} INFO - Started process (PID=86705) to work on /home/upm/.local/lib/python3.8/site-packages/airflow/example_dags/example_branch_day_of_week_operator.py
[2022-11-12 11:32:24,866] {processor.py:613} INFO - Processing file /home/upm/.local/lib/python3.8/site-packages/airflow/example_dags/example_branch_day_of_week_operator.py for tasks to queue
[2022-11-12 11:32:24,867] {logging_mixin.py:109} INFO - [2022-11-12 11:32:24,867] {dagbag.py:496} INFO - Filling up the DagBag from /home/upm/.local/lib/python3.8/site-packages/airflow/example_dags/example_branch_day_of_week_operator.py
[2022-11-12 11:32:24,881] {processor.py:623} INFO - DAG(s) dict_keys(['example_weekday_branch_operator']) retrieved from /home/upm/.local/lib/python3.8/site-packages/airflow/example_dags/example_branch_day_of_week_operator.py
[2022-11-12 11:32:24,891] {logging_mixin.py:109} INFO - [2022-11-12 11:32:24,891] {dag.py:1834} INFO - Sync 1 DAGs
[2022-11-12 11:32:24,900] {logging_mixin.py:109} INFO - [2022-11-12 11:32:24,900] {dag.py:2287} INFO - Setting next_dagrun for example_weekday_branch_operator to 2022-11-10 00:00:00+00:00
[2022-11-12 11:32:24,910] {processor.py:170} INFO - Processing /home/upm/.local/lib/python3.8/site-packages/airflow/example_dags/example_branch_day_of_week_operator.py took 0.051 seconds
[2022-11-12 11:32:59,687] {processor.py:162} INFO - Started process (PID=86857) to work on /home/upm/.local/lib/python3.8/site-packages/airflow/example_dags/example_branch_day_of_week_operator.py
[2022-11-12 11:32:59,689] {processor.py:613} INFO - Processing file /home/upm/.local/lib/python3.8/site-packages/airflow/example_dags/example_branch_day_of_week_operator.py for tasks to queue
[2022-11-12 11:32:59,690] {logging_mixin.py:109} INFO - [2022-11-12 11:32:59,690] {dagbag.py:496} INFO - Filling up the DagBag from /home/upm/.local/lib/python3.8/site-packages/airflow/example_dags/example_branch_day_of_week_operator.py
[2022-11-12 11:32:59,705] {processor.py:623} INFO - DAG(s) dict_keys(['example_weekday_branch_operator']) retrieved from /home/upm/.local/lib/python3.8/site-packages/airflow/example_dags/example_branch_day_of_week_operator.py
[2022-11-12 11:32:59,716] {logging_mixin.py:109} INFO - [2022-11-12 11:32:59,716] {dag.py:1834} INFO - Sync 1 DAGs
[2022-11-12 11:32:59,725] {logging_mixin.py:109} INFO - [2022-11-12 11:32:59,725] {dag.py:2287} INFO - Setting next_dagrun for example_weekday_branch_operator to 2022-11-10 00:00:00+00:00
[2022-11-12 11:32:59,735] {processor.py:170} INFO - Processing /home/upm/.local/lib/python3.8/site-packages/airflow/example_dags/example_branch_day_of_week_operator.py took 0.053 seconds
