[2022-11-12 11:06:40,131] {processor.py:162} INFO - Started process (PID=81938) to work on /home/upm/.local/lib/python3.8/site-packages/airflow/example_dags/example_latest_only_with_trigger.py
[2022-11-12 11:06:40,132] {processor.py:613} INFO - Processing file /home/upm/.local/lib/python3.8/site-packages/airflow/example_dags/example_latest_only_with_trigger.py for tasks to queue
[2022-11-12 11:06:40,133] {logging_mixin.py:109} INFO - [2022-11-12 11:06:40,133] {dagbag.py:496} INFO - Filling up the DagBag from /home/upm/.local/lib/python3.8/site-packages/airflow/example_dags/example_latest_only_with_trigger.py
[2022-11-12 11:06:40,141] {processor.py:623} INFO - DAG(s) dict_keys(['latest_only_with_trigger']) retrieved from /home/upm/.local/lib/python3.8/site-packages/airflow/example_dags/example_latest_only_with_trigger.py
[2022-11-12 11:06:40,154] {logging_mixin.py:109} INFO - [2022-11-12 11:06:40,154] {dag.py:1834} INFO - Sync 1 DAGs
[2022-11-12 11:06:40,160] {logging_mixin.py:109} INFO - [2022-11-12 11:06:40,160] {dag.py:2287} INFO - Setting next_dagrun for latest_only_with_trigger to 2022-11-10 00:00:00+00:00
[2022-11-12 11:06:40,171] {processor.py:170} INFO - Processing /home/upm/.local/lib/python3.8/site-packages/airflow/example_dags/example_latest_only_with_trigger.py took 0.042 seconds
[2022-11-12 11:07:12,442] {processor.py:162} INFO - Started process (PID=82057) to work on /home/upm/.local/lib/python3.8/site-packages/airflow/example_dags/example_latest_only_with_trigger.py
[2022-11-12 11:07:12,443] {processor.py:613} INFO - Processing file /home/upm/.local/lib/python3.8/site-packages/airflow/example_dags/example_latest_only_with_trigger.py for tasks to queue
[2022-11-12 11:07:12,443] {logging_mixin.py:109} INFO - [2022-11-12 11:07:12,443] {dagbag.py:496} INFO - Filling up the DagBag from /home/upm/.local/lib/python3.8/site-packages/airflow/example_dags/example_latest_only_with_trigger.py
[2022-11-12 11:07:12,451] {processor.py:623} INFO - DAG(s) dict_keys(['latest_only_with_trigger']) retrieved from /home/upm/.local/lib/python3.8/site-packages/airflow/example_dags/example_latest_only_with_trigger.py
[2022-11-12 11:07:12,465] {logging_mixin.py:109} INFO - [2022-11-12 11:07:12,465] {dag.py:1834} INFO - Sync 1 DAGs
[2022-11-12 11:07:12,472] {logging_mixin.py:109} INFO - [2022-11-12 11:07:12,472] {dag.py:2287} INFO - Setting next_dagrun for latest_only_with_trigger to 2022-11-10 00:00:00+00:00
[2022-11-12 11:07:12,483] {processor.py:170} INFO - Processing /home/upm/.local/lib/python3.8/site-packages/airflow/example_dags/example_latest_only_with_trigger.py took 0.044 seconds
[2022-11-12 11:07:44,067] {processor.py:162} INFO - Started process (PID=82190) to work on /home/upm/.local/lib/python3.8/site-packages/airflow/example_dags/example_latest_only_with_trigger.py
[2022-11-12 11:07:44,068] {processor.py:613} INFO - Processing file /home/upm/.local/lib/python3.8/site-packages/airflow/example_dags/example_latest_only_with_trigger.py for tasks to queue
[2022-11-12 11:07:44,068] {logging_mixin.py:109} INFO - [2022-11-12 11:07:44,068] {dagbag.py:496} INFO - Filling up the DagBag from /home/upm/.local/lib/python3.8/site-packages/airflow/example_dags/example_latest_only_with_trigger.py
[2022-11-12 11:07:44,076] {processor.py:623} INFO - DAG(s) dict_keys(['latest_only_with_trigger']) retrieved from /home/upm/.local/lib/python3.8/site-packages/airflow/example_dags/example_latest_only_with_trigger.py
[2022-11-12 11:07:44,087] {logging_mixin.py:109} INFO - [2022-11-12 11:07:44,087] {dag.py:1834} INFO - Sync 1 DAGs
[2022-11-12 11:07:44,093] {logging_mixin.py:109} INFO - [2022-11-12 11:07:44,093] {dag.py:2287} INFO - Setting next_dagrun for latest_only_with_trigger to 2022-11-10 00:00:00+00:00
[2022-11-12 11:07:44,104] {processor.py:170} INFO - Processing /home/upm/.local/lib/python3.8/site-packages/airflow/example_dags/example_latest_only_with_trigger.py took 0.039 seconds
[2022-11-12 11:10:59,355] {processor.py:162} INFO - Started process (PID=82423) to work on /home/upm/.local/lib/python3.8/site-packages/airflow/example_dags/example_latest_only_with_trigger.py
[2022-11-12 11:10:59,358] {processor.py:613} INFO - Processing file /home/upm/.local/lib/python3.8/site-packages/airflow/example_dags/example_latest_only_with_trigger.py for tasks to queue
[2022-11-12 11:10:59,359] {logging_mixin.py:109} INFO - [2022-11-12 11:10:59,359] {dagbag.py:496} INFO - Filling up the DagBag from /home/upm/.local/lib/python3.8/site-packages/airflow/example_dags/example_latest_only_with_trigger.py
[2022-11-12 11:10:59,370] {processor.py:623} INFO - DAG(s) dict_keys(['latest_only_with_trigger']) retrieved from /home/upm/.local/lib/python3.8/site-packages/airflow/example_dags/example_latest_only_with_trigger.py
[2022-11-12 11:10:59,384] {logging_mixin.py:109} INFO - [2022-11-12 11:10:59,384] {dag.py:1834} INFO - Sync 1 DAGs
[2022-11-12 11:10:59,390] {logging_mixin.py:109} INFO - [2022-11-12 11:10:59,390] {dag.py:2287} INFO - Setting next_dagrun for latest_only_with_trigger to 2022-11-10 00:00:00+00:00
[2022-11-12 11:10:59,400] {processor.py:170} INFO - Processing /home/upm/.local/lib/python3.8/site-packages/airflow/example_dags/example_latest_only_with_trigger.py took 0.047 seconds
[2022-11-12 11:11:30,793] {processor.py:162} INFO - Started process (PID=82540) to work on /home/upm/.local/lib/python3.8/site-packages/airflow/example_dags/example_latest_only_with_trigger.py
[2022-11-12 11:11:30,794] {processor.py:613} INFO - Processing file /home/upm/.local/lib/python3.8/site-packages/airflow/example_dags/example_latest_only_with_trigger.py for tasks to queue
[2022-11-12 11:11:30,795] {logging_mixin.py:109} INFO - [2022-11-12 11:11:30,795] {dagbag.py:496} INFO - Filling up the DagBag from /home/upm/.local/lib/python3.8/site-packages/airflow/example_dags/example_latest_only_with_trigger.py
[2022-11-12 11:11:30,806] {processor.py:623} INFO - DAG(s) dict_keys(['latest_only_with_trigger']) retrieved from /home/upm/.local/lib/python3.8/site-packages/airflow/example_dags/example_latest_only_with_trigger.py
[2022-11-12 11:11:30,818] {logging_mixin.py:109} INFO - [2022-11-12 11:11:30,818] {dag.py:1834} INFO - Sync 1 DAGs
[2022-11-12 11:11:30,825] {logging_mixin.py:109} INFO - [2022-11-12 11:11:30,825] {dag.py:2287} INFO - Setting next_dagrun for latest_only_with_trigger to 2022-11-10 00:00:00+00:00
[2022-11-12 11:11:30,834] {processor.py:170} INFO - Processing /home/upm/.local/lib/python3.8/site-packages/airflow/example_dags/example_latest_only_with_trigger.py took 0.044 seconds
[2022-11-12 11:12:02,248] {processor.py:162} INFO - Started process (PID=82639) to work on /home/upm/.local/lib/python3.8/site-packages/airflow/example_dags/example_latest_only_with_trigger.py
[2022-11-12 11:12:02,251] {processor.py:613} INFO - Processing file /home/upm/.local/lib/python3.8/site-packages/airflow/example_dags/example_latest_only_with_trigger.py for tasks to queue
[2022-11-12 11:12:02,251] {logging_mixin.py:109} INFO - [2022-11-12 11:12:02,251] {dagbag.py:496} INFO - Filling up the DagBag from /home/upm/.local/lib/python3.8/site-packages/airflow/example_dags/example_latest_only_with_trigger.py
[2022-11-12 11:12:02,263] {processor.py:623} INFO - DAG(s) dict_keys(['latest_only_with_trigger']) retrieved from /home/upm/.local/lib/python3.8/site-packages/airflow/example_dags/example_latest_only_with_trigger.py
[2022-11-12 11:12:02,275] {logging_mixin.py:109} INFO - [2022-11-12 11:12:02,275] {dag.py:1834} INFO - Sync 1 DAGs
[2022-11-12 11:12:02,297] {logging_mixin.py:109} INFO - [2022-11-12 11:12:02,297] {dag.py:2287} INFO - Setting next_dagrun for latest_only_with_trigger to 2022-11-10 00:00:00+00:00
[2022-11-12 11:12:02,307] {processor.py:170} INFO - Processing /home/upm/.local/lib/python3.8/site-packages/airflow/example_dags/example_latest_only_with_trigger.py took 0.060 seconds
[2022-11-12 11:13:42,867] {processor.py:162} INFO - Started process (PID=82930) to work on /home/upm/.local/lib/python3.8/site-packages/airflow/example_dags/example_latest_only_with_trigger.py
[2022-11-12 11:13:42,870] {processor.py:613} INFO - Processing file /home/upm/.local/lib/python3.8/site-packages/airflow/example_dags/example_latest_only_with_trigger.py for tasks to queue
[2022-11-12 11:13:42,870] {logging_mixin.py:109} INFO - [2022-11-12 11:13:42,870] {dagbag.py:496} INFO - Filling up the DagBag from /home/upm/.local/lib/python3.8/site-packages/airflow/example_dags/example_latest_only_with_trigger.py
[2022-11-12 11:13:42,878] {processor.py:623} INFO - DAG(s) dict_keys(['latest_only_with_trigger']) retrieved from /home/upm/.local/lib/python3.8/site-packages/airflow/example_dags/example_latest_only_with_trigger.py
[2022-11-12 11:13:42,892] {logging_mixin.py:109} INFO - [2022-11-12 11:13:42,892] {dag.py:1834} INFO - Sync 1 DAGs
[2022-11-12 11:13:42,900] {logging_mixin.py:109} INFO - [2022-11-12 11:13:42,900] {dag.py:2287} INFO - Setting next_dagrun for latest_only_with_trigger to 2022-11-10 00:00:00+00:00
[2022-11-12 11:13:42,910] {processor.py:170} INFO - Processing /home/upm/.local/lib/python3.8/site-packages/airflow/example_dags/example_latest_only_with_trigger.py took 0.046 seconds
[2022-11-12 11:14:14,682] {processor.py:162} INFO - Started process (PID=83113) to work on /home/upm/.local/lib/python3.8/site-packages/airflow/example_dags/example_latest_only_with_trigger.py
[2022-11-12 11:14:14,687] {processor.py:613} INFO - Processing file /home/upm/.local/lib/python3.8/site-packages/airflow/example_dags/example_latest_only_with_trigger.py for tasks to queue
[2022-11-12 11:14:14,688] {logging_mixin.py:109} INFO - [2022-11-12 11:14:14,688] {dagbag.py:496} INFO - Filling up the DagBag from /home/upm/.local/lib/python3.8/site-packages/airflow/example_dags/example_latest_only_with_trigger.py
[2022-11-12 11:14:14,709] {processor.py:623} INFO - DAG(s) dict_keys(['latest_only_with_trigger']) retrieved from /home/upm/.local/lib/python3.8/site-packages/airflow/example_dags/example_latest_only_with_trigger.py
[2022-11-12 11:14:14,731] {logging_mixin.py:109} INFO - [2022-11-12 11:14:14,731] {dag.py:1834} INFO - Sync 1 DAGs
[2022-11-12 11:14:14,747] {logging_mixin.py:109} INFO - [2022-11-12 11:14:14,747] {dag.py:2287} INFO - Setting next_dagrun for latest_only_with_trigger to 2022-11-10 00:00:00+00:00
[2022-11-12 11:14:14,767] {processor.py:170} INFO - Processing /home/upm/.local/lib/python3.8/site-packages/airflow/example_dags/example_latest_only_with_trigger.py took 0.087 seconds
[2022-11-12 11:17:11,329] {processor.py:162} INFO - Started process (PID=83582) to work on /home/upm/.local/lib/python3.8/site-packages/airflow/example_dags/example_latest_only_with_trigger.py
[2022-11-12 11:17:11,331] {processor.py:613} INFO - Processing file /home/upm/.local/lib/python3.8/site-packages/airflow/example_dags/example_latest_only_with_trigger.py for tasks to queue
[2022-11-12 11:17:11,332] {logging_mixin.py:109} INFO - [2022-11-12 11:17:11,331] {dagbag.py:496} INFO - Filling up the DagBag from /home/upm/.local/lib/python3.8/site-packages/airflow/example_dags/example_latest_only_with_trigger.py
[2022-11-12 11:17:11,340] {processor.py:623} INFO - DAG(s) dict_keys(['latest_only_with_trigger']) retrieved from /home/upm/.local/lib/python3.8/site-packages/airflow/example_dags/example_latest_only_with_trigger.py
[2022-11-12 11:17:11,354] {logging_mixin.py:109} INFO - [2022-11-12 11:17:11,354] {dag.py:1834} INFO - Sync 1 DAGs
[2022-11-12 11:17:11,361] {logging_mixin.py:109} INFO - [2022-11-12 11:17:11,361] {dag.py:2287} INFO - Setting next_dagrun for latest_only_with_trigger to 2022-11-10 00:00:00+00:00
[2022-11-12 11:17:11,371] {processor.py:170} INFO - Processing /home/upm/.local/lib/python3.8/site-packages/airflow/example_dags/example_latest_only_with_trigger.py took 0.044 seconds
[2022-11-12 11:17:42,732] {processor.py:162} INFO - Started process (PID=83694) to work on /home/upm/.local/lib/python3.8/site-packages/airflow/example_dags/example_latest_only_with_trigger.py
[2022-11-12 11:17:42,733] {processor.py:613} INFO - Processing file /home/upm/.local/lib/python3.8/site-packages/airflow/example_dags/example_latest_only_with_trigger.py for tasks to queue
[2022-11-12 11:17:42,734] {logging_mixin.py:109} INFO - [2022-11-12 11:17:42,733] {dagbag.py:496} INFO - Filling up the DagBag from /home/upm/.local/lib/python3.8/site-packages/airflow/example_dags/example_latest_only_with_trigger.py
[2022-11-12 11:17:42,741] {processor.py:623} INFO - DAG(s) dict_keys(['latest_only_with_trigger']) retrieved from /home/upm/.local/lib/python3.8/site-packages/airflow/example_dags/example_latest_only_with_trigger.py
[2022-11-12 11:17:42,754] {logging_mixin.py:109} INFO - [2022-11-12 11:17:42,754] {dag.py:1834} INFO - Sync 1 DAGs
[2022-11-12 11:17:42,760] {logging_mixin.py:109} INFO - [2022-11-12 11:17:42,760] {dag.py:2287} INFO - Setting next_dagrun for latest_only_with_trigger to 2022-11-10 00:00:00+00:00
[2022-11-12 11:17:42,769] {processor.py:170} INFO - Processing /home/upm/.local/lib/python3.8/site-packages/airflow/example_dags/example_latest_only_with_trigger.py took 0.039 seconds
[2022-11-12 11:18:14,188] {processor.py:162} INFO - Started process (PID=83827) to work on /home/upm/.local/lib/python3.8/site-packages/airflow/example_dags/example_latest_only_with_trigger.py
[2022-11-12 11:18:14,190] {processor.py:613} INFO - Processing file /home/upm/.local/lib/python3.8/site-packages/airflow/example_dags/example_latest_only_with_trigger.py for tasks to queue
[2022-11-12 11:18:14,190] {logging_mixin.py:109} INFO - [2022-11-12 11:18:14,190] {dagbag.py:496} INFO - Filling up the DagBag from /home/upm/.local/lib/python3.8/site-packages/airflow/example_dags/example_latest_only_with_trigger.py
[2022-11-12 11:18:14,204] {processor.py:623} INFO - DAG(s) dict_keys(['latest_only_with_trigger']) retrieved from /home/upm/.local/lib/python3.8/site-packages/airflow/example_dags/example_latest_only_with_trigger.py
[2022-11-12 11:18:14,223] {logging_mixin.py:109} INFO - [2022-11-12 11:18:14,222] {dag.py:1834} INFO - Sync 1 DAGs
[2022-11-12 11:18:14,232] {logging_mixin.py:109} INFO - [2022-11-12 11:18:14,232] {dag.py:2287} INFO - Setting next_dagrun for latest_only_with_trigger to 2022-11-10 00:00:00+00:00
[2022-11-12 11:18:14,247] {processor.py:170} INFO - Processing /home/upm/.local/lib/python3.8/site-packages/airflow/example_dags/example_latest_only_with_trigger.py took 0.062 seconds
[2022-11-12 11:18:47,883] {processor.py:162} INFO - Started process (PID=83937) to work on /home/upm/.local/lib/python3.8/site-packages/airflow/example_dags/example_latest_only_with_trigger.py
[2022-11-12 11:18:47,886] {processor.py:613} INFO - Processing file /home/upm/.local/lib/python3.8/site-packages/airflow/example_dags/example_latest_only_with_trigger.py for tasks to queue
[2022-11-12 11:18:47,886] {logging_mixin.py:109} INFO - [2022-11-12 11:18:47,886] {dagbag.py:496} INFO - Filling up the DagBag from /home/upm/.local/lib/python3.8/site-packages/airflow/example_dags/example_latest_only_with_trigger.py
[2022-11-12 11:18:47,897] {processor.py:623} INFO - DAG(s) dict_keys(['latest_only_with_trigger']) retrieved from /home/upm/.local/lib/python3.8/site-packages/airflow/example_dags/example_latest_only_with_trigger.py
[2022-11-12 11:18:47,907] {logging_mixin.py:109} INFO - [2022-11-12 11:18:47,907] {dag.py:1834} INFO - Sync 1 DAGs
[2022-11-12 11:18:47,915] {logging_mixin.py:109} INFO - [2022-11-12 11:18:47,915] {dag.py:2287} INFO - Setting next_dagrun for latest_only_with_trigger to 2022-11-10 00:00:00+00:00
[2022-11-12 11:18:47,926] {processor.py:170} INFO - Processing /home/upm/.local/lib/python3.8/site-packages/airflow/example_dags/example_latest_only_with_trigger.py took 0.046 seconds
[2022-11-12 11:19:20,244] {processor.py:162} INFO - Started process (PID=84116) to work on /home/upm/.local/lib/python3.8/site-packages/airflow/example_dags/example_latest_only_with_trigger.py
[2022-11-12 11:19:20,245] {processor.py:613} INFO - Processing file /home/upm/.local/lib/python3.8/site-packages/airflow/example_dags/example_latest_only_with_trigger.py for tasks to queue
[2022-11-12 11:19:20,246] {logging_mixin.py:109} INFO - [2022-11-12 11:19:20,246] {dagbag.py:496} INFO - Filling up the DagBag from /home/upm/.local/lib/python3.8/site-packages/airflow/example_dags/example_latest_only_with_trigger.py
[2022-11-12 11:19:20,256] {processor.py:623} INFO - DAG(s) dict_keys(['latest_only_with_trigger']) retrieved from /home/upm/.local/lib/python3.8/site-packages/airflow/example_dags/example_latest_only_with_trigger.py
[2022-11-12 11:19:20,267] {logging_mixin.py:109} INFO - [2022-11-12 11:19:20,267] {dag.py:1834} INFO - Sync 1 DAGs
[2022-11-12 11:19:20,274] {logging_mixin.py:109} INFO - [2022-11-12 11:19:20,274] {dag.py:2287} INFO - Setting next_dagrun for latest_only_with_trigger to 2022-11-10 00:00:00+00:00
[2022-11-12 11:19:20,286] {processor.py:170} INFO - Processing /home/upm/.local/lib/python3.8/site-packages/airflow/example_dags/example_latest_only_with_trigger.py took 0.044 seconds
[2022-11-12 11:21:41,183] {processor.py:162} INFO - Started process (PID=84406) to work on /home/upm/.local/lib/python3.8/site-packages/airflow/example_dags/example_latest_only_with_trigger.py
[2022-11-12 11:21:41,186] {processor.py:613} INFO - Processing file /home/upm/.local/lib/python3.8/site-packages/airflow/example_dags/example_latest_only_with_trigger.py for tasks to queue
[2022-11-12 11:21:41,186] {logging_mixin.py:109} INFO - [2022-11-12 11:21:41,186] {dagbag.py:496} INFO - Filling up the DagBag from /home/upm/.local/lib/python3.8/site-packages/airflow/example_dags/example_latest_only_with_trigger.py
[2022-11-12 11:21:41,198] {processor.py:623} INFO - DAG(s) dict_keys(['latest_only_with_trigger']) retrieved from /home/upm/.local/lib/python3.8/site-packages/airflow/example_dags/example_latest_only_with_trigger.py
[2022-11-12 11:21:41,218] {logging_mixin.py:109} INFO - [2022-11-12 11:21:41,217] {dag.py:1834} INFO - Sync 1 DAGs
[2022-11-12 11:21:41,228] {logging_mixin.py:109} INFO - [2022-11-12 11:21:41,228] {dag.py:2287} INFO - Setting next_dagrun for latest_only_with_trigger to 2022-11-10 00:00:00+00:00
[2022-11-12 11:21:41,242] {processor.py:170} INFO - Processing /home/upm/.local/lib/python3.8/site-packages/airflow/example_dags/example_latest_only_with_trigger.py took 0.062 seconds
[2022-11-12 11:22:12,639] {processor.py:162} INFO - Started process (PID=84510) to work on /home/upm/.local/lib/python3.8/site-packages/airflow/example_dags/example_latest_only_with_trigger.py
[2022-11-12 11:22:12,640] {processor.py:613} INFO - Processing file /home/upm/.local/lib/python3.8/site-packages/airflow/example_dags/example_latest_only_with_trigger.py for tasks to queue
[2022-11-12 11:22:12,641] {logging_mixin.py:109} INFO - [2022-11-12 11:22:12,641] {dagbag.py:496} INFO - Filling up the DagBag from /home/upm/.local/lib/python3.8/site-packages/airflow/example_dags/example_latest_only_with_trigger.py
[2022-11-12 11:22:12,654] {processor.py:623} INFO - DAG(s) dict_keys(['latest_only_with_trigger']) retrieved from /home/upm/.local/lib/python3.8/site-packages/airflow/example_dags/example_latest_only_with_trigger.py
[2022-11-12 11:22:12,668] {logging_mixin.py:109} INFO - [2022-11-12 11:22:12,668] {dag.py:1834} INFO - Sync 1 DAGs
[2022-11-12 11:22:12,675] {logging_mixin.py:109} INFO - [2022-11-12 11:22:12,675] {dag.py:2287} INFO - Setting next_dagrun for latest_only_with_trigger to 2022-11-10 00:00:00+00:00
[2022-11-12 11:22:12,685] {processor.py:170} INFO - Processing /home/upm/.local/lib/python3.8/site-packages/airflow/example_dags/example_latest_only_with_trigger.py took 0.050 seconds
[2022-11-12 11:22:44,084] {processor.py:162} INFO - Started process (PID=84617) to work on /home/upm/.local/lib/python3.8/site-packages/airflow/example_dags/example_latest_only_with_trigger.py
[2022-11-12 11:22:44,085] {processor.py:613} INFO - Processing file /home/upm/.local/lib/python3.8/site-packages/airflow/example_dags/example_latest_only_with_trigger.py for tasks to queue
[2022-11-12 11:22:44,086] {logging_mixin.py:109} INFO - [2022-11-12 11:22:44,085] {dagbag.py:496} INFO - Filling up the DagBag from /home/upm/.local/lib/python3.8/site-packages/airflow/example_dags/example_latest_only_with_trigger.py
[2022-11-12 11:22:44,094] {processor.py:623} INFO - DAG(s) dict_keys(['latest_only_with_trigger']) retrieved from /home/upm/.local/lib/python3.8/site-packages/airflow/example_dags/example_latest_only_with_trigger.py
[2022-11-12 11:22:44,108] {logging_mixin.py:109} INFO - [2022-11-12 11:22:44,108] {dag.py:1834} INFO - Sync 1 DAGs
[2022-11-12 11:22:44,117] {logging_mixin.py:109} INFO - [2022-11-12 11:22:44,117] {dag.py:2287} INFO - Setting next_dagrun for latest_only_with_trigger to 2022-11-10 00:00:00+00:00
[2022-11-12 11:22:44,129] {processor.py:170} INFO - Processing /home/upm/.local/lib/python3.8/site-packages/airflow/example_dags/example_latest_only_with_trigger.py took 0.048 seconds
[2022-11-12 11:27:32,733] {processor.py:162} INFO - Started process (PID=85249) to work on /home/upm/.local/lib/python3.8/site-packages/airflow/example_dags/example_latest_only_with_trigger.py
[2022-11-12 11:27:32,736] {processor.py:613} INFO - Processing file /home/upm/.local/lib/python3.8/site-packages/airflow/example_dags/example_latest_only_with_trigger.py for tasks to queue
[2022-11-12 11:27:32,737] {logging_mixin.py:109} INFO - [2022-11-12 11:27:32,737] {dagbag.py:496} INFO - Filling up the DagBag from /home/upm/.local/lib/python3.8/site-packages/airflow/example_dags/example_latest_only_with_trigger.py
[2022-11-12 11:27:32,750] {processor.py:623} INFO - DAG(s) dict_keys(['latest_only_with_trigger']) retrieved from /home/upm/.local/lib/python3.8/site-packages/airflow/example_dags/example_latest_only_with_trigger.py
[2022-11-12 11:27:32,764] {logging_mixin.py:109} INFO - [2022-11-12 11:27:32,763] {dag.py:1834} INFO - Sync 1 DAGs
[2022-11-12 11:27:32,773] {logging_mixin.py:109} INFO - [2022-11-12 11:27:32,773] {dag.py:2287} INFO - Setting next_dagrun for latest_only_with_trigger to 2022-11-10 00:00:00+00:00
[2022-11-12 11:27:32,782] {processor.py:170} INFO - Processing /home/upm/.local/lib/python3.8/site-packages/airflow/example_dags/example_latest_only_with_trigger.py took 0.052 seconds
[2022-11-12 11:28:04,180] {processor.py:162} INFO - Started process (PID=85525) to work on /home/upm/.local/lib/python3.8/site-packages/airflow/example_dags/example_latest_only_with_trigger.py
[2022-11-12 11:28:04,181] {processor.py:613} INFO - Processing file /home/upm/.local/lib/python3.8/site-packages/airflow/example_dags/example_latest_only_with_trigger.py for tasks to queue
[2022-11-12 11:28:04,182] {logging_mixin.py:109} INFO - [2022-11-12 11:28:04,181] {dagbag.py:496} INFO - Filling up the DagBag from /home/upm/.local/lib/python3.8/site-packages/airflow/example_dags/example_latest_only_with_trigger.py
[2022-11-12 11:28:04,196] {processor.py:623} INFO - DAG(s) dict_keys(['latest_only_with_trigger']) retrieved from /home/upm/.local/lib/python3.8/site-packages/airflow/example_dags/example_latest_only_with_trigger.py
[2022-11-12 11:28:04,214] {logging_mixin.py:109} INFO - [2022-11-12 11:28:04,214] {dag.py:1834} INFO - Sync 1 DAGs
[2022-11-12 11:28:04,223] {logging_mixin.py:109} INFO - [2022-11-12 11:28:04,223] {dag.py:2287} INFO - Setting next_dagrun for latest_only_with_trigger to 2022-11-10 00:00:00+00:00
[2022-11-12 11:28:04,237] {processor.py:170} INFO - Processing /home/upm/.local/lib/python3.8/site-packages/airflow/example_dags/example_latest_only_with_trigger.py took 0.060 seconds
[2022-11-12 11:29:38,623] {processor.py:162} INFO - Started process (PID=85839) to work on /home/upm/.local/lib/python3.8/site-packages/airflow/example_dags/example_latest_only_with_trigger.py
[2022-11-12 11:29:38,625] {processor.py:613} INFO - Processing file /home/upm/.local/lib/python3.8/site-packages/airflow/example_dags/example_latest_only_with_trigger.py for tasks to queue
[2022-11-12 11:29:38,625] {logging_mixin.py:109} INFO - [2022-11-12 11:29:38,625] {dagbag.py:496} INFO - Filling up the DagBag from /home/upm/.local/lib/python3.8/site-packages/airflow/example_dags/example_latest_only_with_trigger.py
[2022-11-12 11:29:38,636] {processor.py:623} INFO - DAG(s) dict_keys(['latest_only_with_trigger']) retrieved from /home/upm/.local/lib/python3.8/site-packages/airflow/example_dags/example_latest_only_with_trigger.py
[2022-11-12 11:29:38,654] {logging_mixin.py:109} INFO - [2022-11-12 11:29:38,654] {dag.py:1834} INFO - Sync 1 DAGs
[2022-11-12 11:29:38,664] {logging_mixin.py:109} INFO - [2022-11-12 11:29:38,664] {dag.py:2287} INFO - Setting next_dagrun for latest_only_with_trigger to 2022-11-10 00:00:00+00:00
[2022-11-12 11:29:38,676] {processor.py:170} INFO - Processing /home/upm/.local/lib/python3.8/site-packages/airflow/example_dags/example_latest_only_with_trigger.py took 0.056 seconds
[2022-11-12 11:30:10,035] {processor.py:162} INFO - Started process (PID=85948) to work on /home/upm/.local/lib/python3.8/site-packages/airflow/example_dags/example_latest_only_with_trigger.py
[2022-11-12 11:30:10,036] {processor.py:613} INFO - Processing file /home/upm/.local/lib/python3.8/site-packages/airflow/example_dags/example_latest_only_with_trigger.py for tasks to queue
[2022-11-12 11:30:10,037] {logging_mixin.py:109} INFO - [2022-11-12 11:30:10,037] {dagbag.py:496} INFO - Filling up the DagBag from /home/upm/.local/lib/python3.8/site-packages/airflow/example_dags/example_latest_only_with_trigger.py
[2022-11-12 11:30:10,046] {processor.py:623} INFO - DAG(s) dict_keys(['latest_only_with_trigger']) retrieved from /home/upm/.local/lib/python3.8/site-packages/airflow/example_dags/example_latest_only_with_trigger.py
[2022-11-12 11:30:10,063] {logging_mixin.py:109} INFO - [2022-11-12 11:30:10,063] {dag.py:1834} INFO - Sync 1 DAGs
[2022-11-12 11:30:10,073] {logging_mixin.py:109} INFO - [2022-11-12 11:30:10,073] {dag.py:2287} INFO - Setting next_dagrun for latest_only_with_trigger to 2022-11-10 00:00:00+00:00
[2022-11-12 11:30:10,084] {processor.py:170} INFO - Processing /home/upm/.local/lib/python3.8/site-packages/airflow/example_dags/example_latest_only_with_trigger.py took 0.052 seconds
[2022-11-12 11:30:41,507] {processor.py:162} INFO - Started process (PID=86165) to work on /home/upm/.local/lib/python3.8/site-packages/airflow/example_dags/example_latest_only_with_trigger.py
[2022-11-12 11:30:41,521] {processor.py:613} INFO - Processing file /home/upm/.local/lib/python3.8/site-packages/airflow/example_dags/example_latest_only_with_trigger.py for tasks to queue
[2022-11-12 11:30:41,522] {logging_mixin.py:109} INFO - [2022-11-12 11:30:41,522] {dagbag.py:496} INFO - Filling up the DagBag from /home/upm/.local/lib/python3.8/site-packages/airflow/example_dags/example_latest_only_with_trigger.py
[2022-11-12 11:30:41,540] {processor.py:623} INFO - DAG(s) dict_keys(['latest_only_with_trigger']) retrieved from /home/upm/.local/lib/python3.8/site-packages/airflow/example_dags/example_latest_only_with_trigger.py
[2022-11-12 11:30:41,553] {logging_mixin.py:109} INFO - [2022-11-12 11:30:41,553] {dag.py:1834} INFO - Sync 1 DAGs
[2022-11-12 11:30:41,561] {logging_mixin.py:109} INFO - [2022-11-12 11:30:41,561] {dag.py:2287} INFO - Setting next_dagrun for latest_only_with_trigger to 2022-11-10 00:00:00+00:00
[2022-11-12 11:30:41,571] {processor.py:170} INFO - Processing /home/upm/.local/lib/python3.8/site-packages/airflow/example_dags/example_latest_only_with_trigger.py took 0.067 seconds
[2022-11-12 11:31:13,721] {processor.py:162} INFO - Started process (PID=86283) to work on /home/upm/.local/lib/python3.8/site-packages/airflow/example_dags/example_latest_only_with_trigger.py
[2022-11-12 11:31:13,722] {processor.py:613} INFO - Processing file /home/upm/.local/lib/python3.8/site-packages/airflow/example_dags/example_latest_only_with_trigger.py for tasks to queue
[2022-11-12 11:31:13,723] {logging_mixin.py:109} INFO - [2022-11-12 11:31:13,723] {dagbag.py:496} INFO - Filling up the DagBag from /home/upm/.local/lib/python3.8/site-packages/airflow/example_dags/example_latest_only_with_trigger.py
[2022-11-12 11:31:13,735] {processor.py:623} INFO - DAG(s) dict_keys(['latest_only_with_trigger']) retrieved from /home/upm/.local/lib/python3.8/site-packages/airflow/example_dags/example_latest_only_with_trigger.py
[2022-11-12 11:31:13,749] {logging_mixin.py:109} INFO - [2022-11-12 11:31:13,748] {dag.py:1834} INFO - Sync 1 DAGs
[2022-11-12 11:31:13,757] {logging_mixin.py:109} INFO - [2022-11-12 11:31:13,757] {dag.py:2287} INFO - Setting next_dagrun for latest_only_with_trigger to 2022-11-10 00:00:00+00:00
[2022-11-12 11:31:13,770] {processor.py:170} INFO - Processing /home/upm/.local/lib/python3.8/site-packages/airflow/example_dags/example_latest_only_with_trigger.py took 0.052 seconds
[2022-11-12 11:31:46,010] {processor.py:162} INFO - Started process (PID=86507) to work on /home/upm/.local/lib/python3.8/site-packages/airflow/example_dags/example_latest_only_with_trigger.py
[2022-11-12 11:31:46,013] {processor.py:613} INFO - Processing file /home/upm/.local/lib/python3.8/site-packages/airflow/example_dags/example_latest_only_with_trigger.py for tasks to queue
[2022-11-12 11:31:46,014] {logging_mixin.py:109} INFO - [2022-11-12 11:31:46,014] {dagbag.py:496} INFO - Filling up the DagBag from /home/upm/.local/lib/python3.8/site-packages/airflow/example_dags/example_latest_only_with_trigger.py
[2022-11-12 11:31:46,029] {processor.py:623} INFO - DAG(s) dict_keys(['latest_only_with_trigger']) retrieved from /home/upm/.local/lib/python3.8/site-packages/airflow/example_dags/example_latest_only_with_trigger.py
[2022-11-12 11:31:46,041] {logging_mixin.py:109} INFO - [2022-11-12 11:31:46,041] {dag.py:1834} INFO - Sync 1 DAGs
[2022-11-12 11:31:46,047] {logging_mixin.py:109} INFO - [2022-11-12 11:31:46,047] {dag.py:2287} INFO - Setting next_dagrun for latest_only_with_trigger to 2022-11-10 00:00:00+00:00
[2022-11-12 11:31:46,056] {processor.py:170} INFO - Processing /home/upm/.local/lib/python3.8/site-packages/airflow/example_dags/example_latest_only_with_trigger.py took 0.053 seconds
[2022-11-12 11:32:19,415] {processor.py:162} INFO - Started process (PID=86683) to work on /home/upm/.local/lib/python3.8/site-packages/airflow/example_dags/example_latest_only_with_trigger.py
[2022-11-12 11:32:19,417] {processor.py:613} INFO - Processing file /home/upm/.local/lib/python3.8/site-packages/airflow/example_dags/example_latest_only_with_trigger.py for tasks to queue
[2022-11-12 11:32:19,418] {logging_mixin.py:109} INFO - [2022-11-12 11:32:19,418] {dagbag.py:496} INFO - Filling up the DagBag from /home/upm/.local/lib/python3.8/site-packages/airflow/example_dags/example_latest_only_with_trigger.py
[2022-11-12 11:32:19,433] {processor.py:623} INFO - DAG(s) dict_keys(['latest_only_with_trigger']) retrieved from /home/upm/.local/lib/python3.8/site-packages/airflow/example_dags/example_latest_only_with_trigger.py
[2022-11-12 11:32:19,444] {logging_mixin.py:109} INFO - [2022-11-12 11:32:19,444] {dag.py:1834} INFO - Sync 1 DAGs
[2022-11-12 11:32:19,451] {logging_mixin.py:109} INFO - [2022-11-12 11:32:19,451] {dag.py:2287} INFO - Setting next_dagrun for latest_only_with_trigger to 2022-11-10 00:00:00+00:00
[2022-11-12 11:32:19,461] {processor.py:170} INFO - Processing /home/upm/.local/lib/python3.8/site-packages/airflow/example_dags/example_latest_only_with_trigger.py took 0.051 seconds
[2022-11-12 11:32:53,403] {processor.py:162} INFO - Started process (PID=86836) to work on /home/upm/.local/lib/python3.8/site-packages/airflow/example_dags/example_latest_only_with_trigger.py
[2022-11-12 11:32:53,404] {processor.py:613} INFO - Processing file /home/upm/.local/lib/python3.8/site-packages/airflow/example_dags/example_latest_only_with_trigger.py for tasks to queue
[2022-11-12 11:32:53,405] {logging_mixin.py:109} INFO - [2022-11-12 11:32:53,405] {dagbag.py:496} INFO - Filling up the DagBag from /home/upm/.local/lib/python3.8/site-packages/airflow/example_dags/example_latest_only_with_trigger.py
[2022-11-12 11:32:53,415] {processor.py:623} INFO - DAG(s) dict_keys(['latest_only_with_trigger']) retrieved from /home/upm/.local/lib/python3.8/site-packages/airflow/example_dags/example_latest_only_with_trigger.py
[2022-11-12 11:32:53,425] {logging_mixin.py:109} INFO - [2022-11-12 11:32:53,424] {dag.py:1834} INFO - Sync 1 DAGs
[2022-11-12 11:32:53,431] {logging_mixin.py:109} INFO - [2022-11-12 11:32:53,431] {dag.py:2287} INFO - Setting next_dagrun for latest_only_with_trigger to 2022-11-10 00:00:00+00:00
[2022-11-12 11:32:53,443] {processor.py:170} INFO - Processing /home/upm/.local/lib/python3.8/site-packages/airflow/example_dags/example_latest_only_with_trigger.py took 0.042 seconds
