[2022-11-12 11:06:19,146] {processor.py:162} INFO - Started process (PID=81838) to work on /home/upm/.local/lib/python3.8/site-packages/airflow/example_dags/tutorial_etl_dag.py
[2022-11-12 11:06:19,147] {processor.py:613} INFO - Processing file /home/upm/.local/lib/python3.8/site-packages/airflow/example_dags/tutorial_etl_dag.py for tasks to queue
[2022-11-12 11:06:19,147] {logging_mixin.py:109} INFO - [2022-11-12 11:06:19,147] {dagbag.py:496} INFO - Filling up the DagBag from /home/upm/.local/lib/python3.8/site-packages/airflow/example_dags/tutorial_etl_dag.py
[2022-11-12 11:06:19,158] {processor.py:623} INFO - DAG(s) dict_keys(['tutorial_etl_dag']) retrieved from /home/upm/.local/lib/python3.8/site-packages/airflow/example_dags/tutorial_etl_dag.py
[2022-11-12 11:06:19,173] {logging_mixin.py:109} INFO - [2022-11-12 11:06:19,173] {dag.py:1834} INFO - Sync 1 DAGs
[2022-11-12 11:06:19,182] {logging_mixin.py:109} INFO - [2022-11-12 11:06:19,182] {dag.py:2287} INFO - Setting next_dagrun for tutorial_etl_dag to None
[2022-11-12 11:06:19,194] {processor.py:170} INFO - Processing /home/upm/.local/lib/python3.8/site-packages/airflow/example_dags/tutorial_etl_dag.py took 0.051 seconds
[2022-11-12 11:06:51,750] {processor.py:162} INFO - Started process (PID=81986) to work on /home/upm/.local/lib/python3.8/site-packages/airflow/example_dags/tutorial_etl_dag.py
[2022-11-12 11:06:51,751] {processor.py:613} INFO - Processing file /home/upm/.local/lib/python3.8/site-packages/airflow/example_dags/tutorial_etl_dag.py for tasks to queue
[2022-11-12 11:06:51,751] {logging_mixin.py:109} INFO - [2022-11-12 11:06:51,751] {dagbag.py:496} INFO - Filling up the DagBag from /home/upm/.local/lib/python3.8/site-packages/airflow/example_dags/tutorial_etl_dag.py
[2022-11-12 11:06:51,759] {processor.py:623} INFO - DAG(s) dict_keys(['tutorial_etl_dag']) retrieved from /home/upm/.local/lib/python3.8/site-packages/airflow/example_dags/tutorial_etl_dag.py
[2022-11-12 11:06:51,769] {logging_mixin.py:109} INFO - [2022-11-12 11:06:51,769] {dag.py:1834} INFO - Sync 1 DAGs
[2022-11-12 11:06:51,775] {logging_mixin.py:109} INFO - [2022-11-12 11:06:51,775] {dag.py:2287} INFO - Setting next_dagrun for tutorial_etl_dag to None
[2022-11-12 11:06:51,785] {processor.py:170} INFO - Processing /home/upm/.local/lib/python3.8/site-packages/airflow/example_dags/tutorial_etl_dag.py took 0.037 seconds
[2022-11-12 11:07:23,592] {processor.py:162} INFO - Started process (PID=82098) to work on /home/upm/.local/lib/python3.8/site-packages/airflow/example_dags/tutorial_etl_dag.py
[2022-11-12 11:07:23,593] {processor.py:613} INFO - Processing file /home/upm/.local/lib/python3.8/site-packages/airflow/example_dags/tutorial_etl_dag.py for tasks to queue
[2022-11-12 11:07:23,594] {logging_mixin.py:109} INFO - [2022-11-12 11:07:23,594] {dagbag.py:496} INFO - Filling up the DagBag from /home/upm/.local/lib/python3.8/site-packages/airflow/example_dags/tutorial_etl_dag.py
[2022-11-12 11:07:23,602] {processor.py:623} INFO - DAG(s) dict_keys(['tutorial_etl_dag']) retrieved from /home/upm/.local/lib/python3.8/site-packages/airflow/example_dags/tutorial_etl_dag.py
[2022-11-12 11:07:23,614] {logging_mixin.py:109} INFO - [2022-11-12 11:07:23,614] {dag.py:1834} INFO - Sync 1 DAGs
[2022-11-12 11:07:23,621] {logging_mixin.py:109} INFO - [2022-11-12 11:07:23,621] {dag.py:2287} INFO - Setting next_dagrun for tutorial_etl_dag to None
[2022-11-12 11:07:23,633] {processor.py:170} INFO - Processing /home/upm/.local/lib/python3.8/site-packages/airflow/example_dags/tutorial_etl_dag.py took 0.043 seconds
[2022-11-12 11:07:55,553] {processor.py:162} INFO - Started process (PID=82232) to work on /home/upm/.local/lib/python3.8/site-packages/airflow/example_dags/tutorial_etl_dag.py
[2022-11-12 11:07:55,555] {processor.py:613} INFO - Processing file /home/upm/.local/lib/python3.8/site-packages/airflow/example_dags/tutorial_etl_dag.py for tasks to queue
[2022-11-12 11:07:55,556] {logging_mixin.py:109} INFO - [2022-11-12 11:07:55,556] {dagbag.py:496} INFO - Filling up the DagBag from /home/upm/.local/lib/python3.8/site-packages/airflow/example_dags/tutorial_etl_dag.py
[2022-11-12 11:07:55,568] {processor.py:623} INFO - DAG(s) dict_keys(['tutorial_etl_dag']) retrieved from /home/upm/.local/lib/python3.8/site-packages/airflow/example_dags/tutorial_etl_dag.py
[2022-11-12 11:07:55,582] {logging_mixin.py:109} INFO - [2022-11-12 11:07:55,582] {dag.py:1834} INFO - Sync 1 DAGs
[2022-11-12 11:07:55,588] {logging_mixin.py:109} INFO - [2022-11-12 11:07:55,588] {dag.py:2287} INFO - Setting next_dagrun for tutorial_etl_dag to None
[2022-11-12 11:07:55,599] {processor.py:170} INFO - Processing /home/upm/.local/lib/python3.8/site-packages/airflow/example_dags/tutorial_etl_dag.py took 0.052 seconds
[2022-11-12 11:10:38,629] {processor.py:162} INFO - Started process (PID=82348) to work on /home/upm/.local/lib/python3.8/site-packages/airflow/example_dags/tutorial_etl_dag.py
[2022-11-12 11:10:38,630] {processor.py:613} INFO - Processing file /home/upm/.local/lib/python3.8/site-packages/airflow/example_dags/tutorial_etl_dag.py for tasks to queue
[2022-11-12 11:10:38,631] {logging_mixin.py:109} INFO - [2022-11-12 11:10:38,630] {dagbag.py:496} INFO - Filling up the DagBag from /home/upm/.local/lib/python3.8/site-packages/airflow/example_dags/tutorial_etl_dag.py
[2022-11-12 11:10:38,642] {processor.py:623} INFO - DAG(s) dict_keys(['tutorial_etl_dag']) retrieved from /home/upm/.local/lib/python3.8/site-packages/airflow/example_dags/tutorial_etl_dag.py
[2022-11-12 11:10:38,654] {logging_mixin.py:109} INFO - [2022-11-12 11:10:38,654] {dag.py:1834} INFO - Sync 1 DAGs
[2022-11-12 11:10:38,660] {logging_mixin.py:109} INFO - [2022-11-12 11:10:38,660] {dag.py:2287} INFO - Setting next_dagrun for tutorial_etl_dag to None
[2022-11-12 11:10:38,670] {processor.py:170} INFO - Processing /home/upm/.local/lib/python3.8/site-packages/airflow/example_dags/tutorial_etl_dag.py took 0.045 seconds
[2022-11-12 11:11:10,787] {processor.py:162} INFO - Started process (PID=82462) to work on /home/upm/.local/lib/python3.8/site-packages/airflow/example_dags/tutorial_etl_dag.py
[2022-11-12 11:11:10,788] {processor.py:613} INFO - Processing file /home/upm/.local/lib/python3.8/site-packages/airflow/example_dags/tutorial_etl_dag.py for tasks to queue
[2022-11-12 11:11:10,789] {logging_mixin.py:109} INFO - [2022-11-12 11:11:10,789] {dagbag.py:496} INFO - Filling up the DagBag from /home/upm/.local/lib/python3.8/site-packages/airflow/example_dags/tutorial_etl_dag.py
[2022-11-12 11:11:10,800] {processor.py:623} INFO - DAG(s) dict_keys(['tutorial_etl_dag']) retrieved from /home/upm/.local/lib/python3.8/site-packages/airflow/example_dags/tutorial_etl_dag.py
[2022-11-12 11:11:10,811] {logging_mixin.py:109} INFO - [2022-11-12 11:11:10,811] {dag.py:1834} INFO - Sync 1 DAGs
[2022-11-12 11:11:10,818] {logging_mixin.py:109} INFO - [2022-11-12 11:11:10,818] {dag.py:2287} INFO - Setting next_dagrun for tutorial_etl_dag to None
[2022-11-12 11:11:10,827] {processor.py:170} INFO - Processing /home/upm/.local/lib/python3.8/site-packages/airflow/example_dags/tutorial_etl_dag.py took 0.041 seconds
[2022-11-12 11:11:41,916] {processor.py:162} INFO - Started process (PID=82573) to work on /home/upm/.local/lib/python3.8/site-packages/airflow/example_dags/tutorial_etl_dag.py
[2022-11-12 11:11:41,917] {processor.py:613} INFO - Processing file /home/upm/.local/lib/python3.8/site-packages/airflow/example_dags/tutorial_etl_dag.py for tasks to queue
[2022-11-12 11:11:41,918] {logging_mixin.py:109} INFO - [2022-11-12 11:11:41,918] {dagbag.py:496} INFO - Filling up the DagBag from /home/upm/.local/lib/python3.8/site-packages/airflow/example_dags/tutorial_etl_dag.py
[2022-11-12 11:11:41,927] {processor.py:623} INFO - DAG(s) dict_keys(['tutorial_etl_dag']) retrieved from /home/upm/.local/lib/python3.8/site-packages/airflow/example_dags/tutorial_etl_dag.py
[2022-11-12 11:11:41,938] {logging_mixin.py:109} INFO - [2022-11-12 11:11:41,938] {dag.py:1834} INFO - Sync 1 DAGs
[2022-11-12 11:11:41,945] {logging_mixin.py:109} INFO - [2022-11-12 11:11:41,945] {dag.py:2287} INFO - Setting next_dagrun for tutorial_etl_dag to None
[2022-11-12 11:11:41,955] {processor.py:170} INFO - Processing /home/upm/.local/lib/python3.8/site-packages/airflow/example_dags/tutorial_etl_dag.py took 0.042 seconds
[2022-11-12 11:12:13,894] {processor.py:162} INFO - Started process (PID=82680) to work on /home/upm/.local/lib/python3.8/site-packages/airflow/example_dags/tutorial_etl_dag.py
[2022-11-12 11:12:13,895] {processor.py:613} INFO - Processing file /home/upm/.local/lib/python3.8/site-packages/airflow/example_dags/tutorial_etl_dag.py for tasks to queue
[2022-11-12 11:12:13,896] {logging_mixin.py:109} INFO - [2022-11-12 11:12:13,896] {dagbag.py:496} INFO - Filling up the DagBag from /home/upm/.local/lib/python3.8/site-packages/airflow/example_dags/tutorial_etl_dag.py
[2022-11-12 11:12:13,904] {processor.py:623} INFO - DAG(s) dict_keys(['tutorial_etl_dag']) retrieved from /home/upm/.local/lib/python3.8/site-packages/airflow/example_dags/tutorial_etl_dag.py
[2022-11-12 11:12:13,915] {logging_mixin.py:109} INFO - [2022-11-12 11:12:13,914] {dag.py:1834} INFO - Sync 1 DAGs
[2022-11-12 11:12:13,921] {logging_mixin.py:109} INFO - [2022-11-12 11:12:13,921] {dag.py:2287} INFO - Setting next_dagrun for tutorial_etl_dag to None
[2022-11-12 11:12:13,930] {processor.py:170} INFO - Processing /home/upm/.local/lib/python3.8/site-packages/airflow/example_dags/tutorial_etl_dag.py took 0.038 seconds
[2022-11-12 11:13:22,145] {processor.py:162} INFO - Started process (PID=82826) to work on /home/upm/.local/lib/python3.8/site-packages/airflow/example_dags/tutorial_etl_dag.py
[2022-11-12 11:13:22,147] {processor.py:613} INFO - Processing file /home/upm/.local/lib/python3.8/site-packages/airflow/example_dags/tutorial_etl_dag.py for tasks to queue
[2022-11-12 11:13:22,148] {logging_mixin.py:109} INFO - [2022-11-12 11:13:22,147] {dagbag.py:496} INFO - Filling up the DagBag from /home/upm/.local/lib/python3.8/site-packages/airflow/example_dags/tutorial_etl_dag.py
[2022-11-12 11:13:22,155] {processor.py:623} INFO - DAG(s) dict_keys(['tutorial_etl_dag']) retrieved from /home/upm/.local/lib/python3.8/site-packages/airflow/example_dags/tutorial_etl_dag.py
[2022-11-12 11:13:22,167] {logging_mixin.py:109} INFO - [2022-11-12 11:13:22,167] {dag.py:1834} INFO - Sync 1 DAGs
[2022-11-12 11:13:22,173] {logging_mixin.py:109} INFO - [2022-11-12 11:13:22,173] {dag.py:2287} INFO - Setting next_dagrun for tutorial_etl_dag to None
[2022-11-12 11:13:22,182] {processor.py:170} INFO - Processing /home/upm/.local/lib/python3.8/site-packages/airflow/example_dags/tutorial_etl_dag.py took 0.040 seconds
[2022-11-12 11:13:54,075] {processor.py:162} INFO - Started process (PID=82972) to work on /home/upm/.local/lib/python3.8/site-packages/airflow/example_dags/tutorial_etl_dag.py
[2022-11-12 11:13:54,077] {processor.py:613} INFO - Processing file /home/upm/.local/lib/python3.8/site-packages/airflow/example_dags/tutorial_etl_dag.py for tasks to queue
[2022-11-12 11:13:54,077] {logging_mixin.py:109} INFO - [2022-11-12 11:13:54,077] {dagbag.py:496} INFO - Filling up the DagBag from /home/upm/.local/lib/python3.8/site-packages/airflow/example_dags/tutorial_etl_dag.py
[2022-11-12 11:13:54,087] {processor.py:623} INFO - DAG(s) dict_keys(['tutorial_etl_dag']) retrieved from /home/upm/.local/lib/python3.8/site-packages/airflow/example_dags/tutorial_etl_dag.py
[2022-11-12 11:13:54,099] {logging_mixin.py:109} INFO - [2022-11-12 11:13:54,099] {dag.py:1834} INFO - Sync 1 DAGs
[2022-11-12 11:13:54,106] {logging_mixin.py:109} INFO - [2022-11-12 11:13:54,105] {dag.py:2287} INFO - Setting next_dagrun for tutorial_etl_dag to None
[2022-11-12 11:13:54,116] {processor.py:170} INFO - Processing /home/upm/.local/lib/python3.8/site-packages/airflow/example_dags/tutorial_etl_dag.py took 0.043 seconds
[2022-11-12 11:14:26,163] {processor.py:162} INFO - Started process (PID=83191) to work on /home/upm/.local/lib/python3.8/site-packages/airflow/example_dags/tutorial_etl_dag.py
[2022-11-12 11:14:26,166] {processor.py:613} INFO - Processing file /home/upm/.local/lib/python3.8/site-packages/airflow/example_dags/tutorial_etl_dag.py for tasks to queue
[2022-11-12 11:14:26,167] {logging_mixin.py:109} INFO - [2022-11-12 11:14:26,166] {dagbag.py:496} INFO - Filling up the DagBag from /home/upm/.local/lib/python3.8/site-packages/airflow/example_dags/tutorial_etl_dag.py
[2022-11-12 11:14:26,176] {processor.py:623} INFO - DAG(s) dict_keys(['tutorial_etl_dag']) retrieved from /home/upm/.local/lib/python3.8/site-packages/airflow/example_dags/tutorial_etl_dag.py
[2022-11-12 11:14:26,188] {logging_mixin.py:109} INFO - [2022-11-12 11:14:26,187] {dag.py:1834} INFO - Sync 1 DAGs
[2022-11-12 11:14:26,194] {logging_mixin.py:109} INFO - [2022-11-12 11:14:26,194] {dag.py:2287} INFO - Setting next_dagrun for tutorial_etl_dag to None
[2022-11-12 11:14:26,206] {processor.py:170} INFO - Processing /home/upm/.local/lib/python3.8/site-packages/airflow/example_dags/tutorial_etl_dag.py took 0.046 seconds
[2022-11-12 11:16:50,496] {processor.py:162} INFO - Started process (PID=83484) to work on /home/upm/.local/lib/python3.8/site-packages/airflow/example_dags/tutorial_etl_dag.py
[2022-11-12 11:16:50,498] {processor.py:613} INFO - Processing file /home/upm/.local/lib/python3.8/site-packages/airflow/example_dags/tutorial_etl_dag.py for tasks to queue
[2022-11-12 11:16:50,498] {logging_mixin.py:109} INFO - [2022-11-12 11:16:50,498] {dagbag.py:496} INFO - Filling up the DagBag from /home/upm/.local/lib/python3.8/site-packages/airflow/example_dags/tutorial_etl_dag.py
[2022-11-12 11:16:50,506] {processor.py:623} INFO - DAG(s) dict_keys(['tutorial_etl_dag']) retrieved from /home/upm/.local/lib/python3.8/site-packages/airflow/example_dags/tutorial_etl_dag.py
[2022-11-12 11:16:50,518] {logging_mixin.py:109} INFO - [2022-11-12 11:16:50,518] {dag.py:1834} INFO - Sync 1 DAGs
[2022-11-12 11:16:50,524] {logging_mixin.py:109} INFO - [2022-11-12 11:16:50,524] {dag.py:2287} INFO - Setting next_dagrun for tutorial_etl_dag to None
[2022-11-12 11:16:50,534] {processor.py:170} INFO - Processing /home/upm/.local/lib/python3.8/site-packages/airflow/example_dags/tutorial_etl_dag.py took 0.040 seconds
[2022-11-12 11:17:22,775] {processor.py:162} INFO - Started process (PID=83624) to work on /home/upm/.local/lib/python3.8/site-packages/airflow/example_dags/tutorial_etl_dag.py
[2022-11-12 11:17:22,776] {processor.py:613} INFO - Processing file /home/upm/.local/lib/python3.8/site-packages/airflow/example_dags/tutorial_etl_dag.py for tasks to queue
[2022-11-12 11:17:22,776] {logging_mixin.py:109} INFO - [2022-11-12 11:17:22,776] {dagbag.py:496} INFO - Filling up the DagBag from /home/upm/.local/lib/python3.8/site-packages/airflow/example_dags/tutorial_etl_dag.py
[2022-11-12 11:17:22,784] {processor.py:623} INFO - DAG(s) dict_keys(['tutorial_etl_dag']) retrieved from /home/upm/.local/lib/python3.8/site-packages/airflow/example_dags/tutorial_etl_dag.py
[2022-11-12 11:17:22,795] {logging_mixin.py:109} INFO - [2022-11-12 11:17:22,795] {dag.py:1834} INFO - Sync 1 DAGs
[2022-11-12 11:17:22,801] {logging_mixin.py:109} INFO - [2022-11-12 11:17:22,801] {dag.py:2287} INFO - Setting next_dagrun for tutorial_etl_dag to None
[2022-11-12 11:17:22,812] {processor.py:170} INFO - Processing /home/upm/.local/lib/python3.8/site-packages/airflow/example_dags/tutorial_etl_dag.py took 0.040 seconds
[2022-11-12 11:17:53,892] {processor.py:162} INFO - Started process (PID=83757) to work on /home/upm/.local/lib/python3.8/site-packages/airflow/example_dags/tutorial_etl_dag.py
[2022-11-12 11:17:53,893] {processor.py:613} INFO - Processing file /home/upm/.local/lib/python3.8/site-packages/airflow/example_dags/tutorial_etl_dag.py for tasks to queue
[2022-11-12 11:17:53,894] {logging_mixin.py:109} INFO - [2022-11-12 11:17:53,893] {dagbag.py:496} INFO - Filling up the DagBag from /home/upm/.local/lib/python3.8/site-packages/airflow/example_dags/tutorial_etl_dag.py
[2022-11-12 11:17:53,901] {processor.py:623} INFO - DAG(s) dict_keys(['tutorial_etl_dag']) retrieved from /home/upm/.local/lib/python3.8/site-packages/airflow/example_dags/tutorial_etl_dag.py
[2022-11-12 11:17:53,913] {logging_mixin.py:109} INFO - [2022-11-12 11:17:53,912] {dag.py:1834} INFO - Sync 1 DAGs
[2022-11-12 11:17:53,919] {logging_mixin.py:109} INFO - [2022-11-12 11:17:53,919] {dag.py:2287} INFO - Setting next_dagrun for tutorial_etl_dag to None
[2022-11-12 11:17:53,929] {processor.py:170} INFO - Processing /home/upm/.local/lib/python3.8/site-packages/airflow/example_dags/tutorial_etl_dag.py took 0.038 seconds
[2022-11-12 11:18:25,888] {processor.py:162} INFO - Started process (PID=83866) to work on /home/upm/.local/lib/python3.8/site-packages/airflow/example_dags/tutorial_etl_dag.py
[2022-11-12 11:18:25,890] {processor.py:613} INFO - Processing file /home/upm/.local/lib/python3.8/site-packages/airflow/example_dags/tutorial_etl_dag.py for tasks to queue
[2022-11-12 11:18:25,890] {logging_mixin.py:109} INFO - [2022-11-12 11:18:25,890] {dagbag.py:496} INFO - Filling up the DagBag from /home/upm/.local/lib/python3.8/site-packages/airflow/example_dags/tutorial_etl_dag.py
[2022-11-12 11:18:25,898] {processor.py:623} INFO - DAG(s) dict_keys(['tutorial_etl_dag']) retrieved from /home/upm/.local/lib/python3.8/site-packages/airflow/example_dags/tutorial_etl_dag.py
[2022-11-12 11:18:25,909] {logging_mixin.py:109} INFO - [2022-11-12 11:18:25,909] {dag.py:1834} INFO - Sync 1 DAGs
[2022-11-12 11:18:25,915] {logging_mixin.py:109} INFO - [2022-11-12 11:18:25,915] {dag.py:2287} INFO - Setting next_dagrun for tutorial_etl_dag to None
[2022-11-12 11:18:25,924] {processor.py:170} INFO - Processing /home/upm/.local/lib/python3.8/site-packages/airflow/example_dags/tutorial_etl_dag.py took 0.038 seconds
[2022-11-12 11:18:58,809] {processor.py:162} INFO - Started process (PID=84008) to work on /home/upm/.local/lib/python3.8/site-packages/airflow/example_dags/tutorial_etl_dag.py
[2022-11-12 11:18:58,810] {processor.py:613} INFO - Processing file /home/upm/.local/lib/python3.8/site-packages/airflow/example_dags/tutorial_etl_dag.py for tasks to queue
[2022-11-12 11:18:58,811] {logging_mixin.py:109} INFO - [2022-11-12 11:18:58,811] {dagbag.py:496} INFO - Filling up the DagBag from /home/upm/.local/lib/python3.8/site-packages/airflow/example_dags/tutorial_etl_dag.py
[2022-11-12 11:18:58,823] {processor.py:623} INFO - DAG(s) dict_keys(['tutorial_etl_dag']) retrieved from /home/upm/.local/lib/python3.8/site-packages/airflow/example_dags/tutorial_etl_dag.py
[2022-11-12 11:18:58,833] {logging_mixin.py:109} INFO - [2022-11-12 11:18:58,833] {dag.py:1834} INFO - Sync 1 DAGs
[2022-11-12 11:18:58,840] {logging_mixin.py:109} INFO - [2022-11-12 11:18:58,840] {dag.py:2287} INFO - Setting next_dagrun for tutorial_etl_dag to None
[2022-11-12 11:18:58,851] {processor.py:170} INFO - Processing /home/upm/.local/lib/python3.8/site-packages/airflow/example_dags/tutorial_etl_dag.py took 0.044 seconds
[2022-11-12 11:21:20,353] {processor.py:162} INFO - Started process (PID=84332) to work on /home/upm/.local/lib/python3.8/site-packages/airflow/example_dags/tutorial_etl_dag.py
[2022-11-12 11:21:20,355] {processor.py:613} INFO - Processing file /home/upm/.local/lib/python3.8/site-packages/airflow/example_dags/tutorial_etl_dag.py for tasks to queue
[2022-11-12 11:21:20,355] {logging_mixin.py:109} INFO - [2022-11-12 11:21:20,355] {dagbag.py:496} INFO - Filling up the DagBag from /home/upm/.local/lib/python3.8/site-packages/airflow/example_dags/tutorial_etl_dag.py
[2022-11-12 11:21:20,364] {processor.py:623} INFO - DAG(s) dict_keys(['tutorial_etl_dag']) retrieved from /home/upm/.local/lib/python3.8/site-packages/airflow/example_dags/tutorial_etl_dag.py
[2022-11-12 11:21:20,378] {logging_mixin.py:109} INFO - [2022-11-12 11:21:20,378] {dag.py:1834} INFO - Sync 1 DAGs
[2022-11-12 11:21:20,384] {logging_mixin.py:109} INFO - [2022-11-12 11:21:20,384] {dag.py:2287} INFO - Setting next_dagrun for tutorial_etl_dag to None
[2022-11-12 11:21:20,395] {processor.py:170} INFO - Processing /home/upm/.local/lib/python3.8/site-packages/airflow/example_dags/tutorial_etl_dag.py took 0.044 seconds
[2022-11-12 11:21:52,608] {processor.py:162} INFO - Started process (PID=84443) to work on /home/upm/.local/lib/python3.8/site-packages/airflow/example_dags/tutorial_etl_dag.py
[2022-11-12 11:21:52,610] {processor.py:613} INFO - Processing file /home/upm/.local/lib/python3.8/site-packages/airflow/example_dags/tutorial_etl_dag.py for tasks to queue
[2022-11-12 11:21:52,611] {logging_mixin.py:109} INFO - [2022-11-12 11:21:52,611] {dagbag.py:496} INFO - Filling up the DagBag from /home/upm/.local/lib/python3.8/site-packages/airflow/example_dags/tutorial_etl_dag.py
[2022-11-12 11:21:52,618] {processor.py:623} INFO - DAG(s) dict_keys(['tutorial_etl_dag']) retrieved from /home/upm/.local/lib/python3.8/site-packages/airflow/example_dags/tutorial_etl_dag.py
[2022-11-12 11:21:52,631] {logging_mixin.py:109} INFO - [2022-11-12 11:21:52,631] {dag.py:1834} INFO - Sync 1 DAGs
[2022-11-12 11:21:52,637] {logging_mixin.py:109} INFO - [2022-11-12 11:21:52,637] {dag.py:2287} INFO - Setting next_dagrun for tutorial_etl_dag to None
[2022-11-12 11:21:52,648] {processor.py:170} INFO - Processing /home/upm/.local/lib/python3.8/site-packages/airflow/example_dags/tutorial_etl_dag.py took 0.042 seconds
[2022-11-12 11:22:23,822] {processor.py:162} INFO - Started process (PID=84552) to work on /home/upm/.local/lib/python3.8/site-packages/airflow/example_dags/tutorial_etl_dag.py
[2022-11-12 11:22:23,823] {processor.py:613} INFO - Processing file /home/upm/.local/lib/python3.8/site-packages/airflow/example_dags/tutorial_etl_dag.py for tasks to queue
[2022-11-12 11:22:23,824] {logging_mixin.py:109} INFO - [2022-11-12 11:22:23,824] {dagbag.py:496} INFO - Filling up the DagBag from /home/upm/.local/lib/python3.8/site-packages/airflow/example_dags/tutorial_etl_dag.py
[2022-11-12 11:22:23,834] {processor.py:623} INFO - DAG(s) dict_keys(['tutorial_etl_dag']) retrieved from /home/upm/.local/lib/python3.8/site-packages/airflow/example_dags/tutorial_etl_dag.py
[2022-11-12 11:22:23,845] {logging_mixin.py:109} INFO - [2022-11-12 11:22:23,845] {dag.py:1834} INFO - Sync 1 DAGs
[2022-11-12 11:22:23,851] {logging_mixin.py:109} INFO - [2022-11-12 11:22:23,851] {dag.py:2287} INFO - Setting next_dagrun for tutorial_etl_dag to None
[2022-11-12 11:22:23,863] {processor.py:170} INFO - Processing /home/upm/.local/lib/python3.8/site-packages/airflow/example_dags/tutorial_etl_dag.py took 0.044 seconds
[2022-11-12 11:22:55,709] {processor.py:162} INFO - Started process (PID=84662) to work on /home/upm/.local/lib/python3.8/site-packages/airflow/example_dags/tutorial_etl_dag.py
[2022-11-12 11:22:55,711] {processor.py:613} INFO - Processing file /home/upm/.local/lib/python3.8/site-packages/airflow/example_dags/tutorial_etl_dag.py for tasks to queue
[2022-11-12 11:22:55,711] {logging_mixin.py:109} INFO - [2022-11-12 11:22:55,711] {dagbag.py:496} INFO - Filling up the DagBag from /home/upm/.local/lib/python3.8/site-packages/airflow/example_dags/tutorial_etl_dag.py
[2022-11-12 11:22:55,720] {processor.py:623} INFO - DAG(s) dict_keys(['tutorial_etl_dag']) retrieved from /home/upm/.local/lib/python3.8/site-packages/airflow/example_dags/tutorial_etl_dag.py
[2022-11-12 11:22:55,732] {logging_mixin.py:109} INFO - [2022-11-12 11:22:55,732] {dag.py:1834} INFO - Sync 1 DAGs
[2022-11-12 11:22:55,738] {logging_mixin.py:109} INFO - [2022-11-12 11:22:55,738] {dag.py:2287} INFO - Setting next_dagrun for tutorial_etl_dag to None
[2022-11-12 11:22:55,749] {processor.py:170} INFO - Processing /home/upm/.local/lib/python3.8/site-packages/airflow/example_dags/tutorial_etl_dag.py took 0.043 seconds
[2022-11-12 11:27:11,933] {processor.py:162} INFO - Started process (PID=85183) to work on /home/upm/.local/lib/python3.8/site-packages/airflow/example_dags/tutorial_etl_dag.py
[2022-11-12 11:27:11,935] {processor.py:613} INFO - Processing file /home/upm/.local/lib/python3.8/site-packages/airflow/example_dags/tutorial_etl_dag.py for tasks to queue
[2022-11-12 11:27:11,936] {logging_mixin.py:109} INFO - [2022-11-12 11:27:11,935] {dagbag.py:496} INFO - Filling up the DagBag from /home/upm/.local/lib/python3.8/site-packages/airflow/example_dags/tutorial_etl_dag.py
[2022-11-12 11:27:11,944] {processor.py:623} INFO - DAG(s) dict_keys(['tutorial_etl_dag']) retrieved from /home/upm/.local/lib/python3.8/site-packages/airflow/example_dags/tutorial_etl_dag.py
[2022-11-12 11:27:11,957] {logging_mixin.py:109} INFO - [2022-11-12 11:27:11,957] {dag.py:1834} INFO - Sync 1 DAGs
[2022-11-12 11:27:11,964] {logging_mixin.py:109} INFO - [2022-11-12 11:27:11,964] {dag.py:2287} INFO - Setting next_dagrun for tutorial_etl_dag to None
[2022-11-12 11:27:11,975] {processor.py:170} INFO - Processing /home/upm/.local/lib/python3.8/site-packages/airflow/example_dags/tutorial_etl_dag.py took 0.044 seconds
[2022-11-12 11:27:44,202] {processor.py:162} INFO - Started process (PID=85354) to work on /home/upm/.local/lib/python3.8/site-packages/airflow/example_dags/tutorial_etl_dag.py
[2022-11-12 11:27:44,204] {processor.py:613} INFO - Processing file /home/upm/.local/lib/python3.8/site-packages/airflow/example_dags/tutorial_etl_dag.py for tasks to queue
[2022-11-12 11:27:44,204] {logging_mixin.py:109} INFO - [2022-11-12 11:27:44,204] {dagbag.py:496} INFO - Filling up the DagBag from /home/upm/.local/lib/python3.8/site-packages/airflow/example_dags/tutorial_etl_dag.py
[2022-11-12 11:27:44,213] {processor.py:623} INFO - DAG(s) dict_keys(['tutorial_etl_dag']) retrieved from /home/upm/.local/lib/python3.8/site-packages/airflow/example_dags/tutorial_etl_dag.py
[2022-11-12 11:27:44,225] {logging_mixin.py:109} INFO - [2022-11-12 11:27:44,224] {dag.py:1834} INFO - Sync 1 DAGs
[2022-11-12 11:27:44,231] {logging_mixin.py:109} INFO - [2022-11-12 11:27:44,231] {dag.py:2287} INFO - Setting next_dagrun for tutorial_etl_dag to None
[2022-11-12 11:27:44,241] {processor.py:170} INFO - Processing /home/upm/.local/lib/python3.8/site-packages/airflow/example_dags/tutorial_etl_dag.py took 0.041 seconds
[2022-11-12 11:28:15,369] {processor.py:162} INFO - Started process (PID=85617) to work on /home/upm/.local/lib/python3.8/site-packages/airflow/example_dags/tutorial_etl_dag.py
[2022-11-12 11:28:15,371] {processor.py:613} INFO - Processing file /home/upm/.local/lib/python3.8/site-packages/airflow/example_dags/tutorial_etl_dag.py for tasks to queue
[2022-11-12 11:28:15,372] {logging_mixin.py:109} INFO - [2022-11-12 11:28:15,372] {dagbag.py:496} INFO - Filling up the DagBag from /home/upm/.local/lib/python3.8/site-packages/airflow/example_dags/tutorial_etl_dag.py
[2022-11-12 11:28:15,386] {processor.py:623} INFO - DAG(s) dict_keys(['tutorial_etl_dag']) retrieved from /home/upm/.local/lib/python3.8/site-packages/airflow/example_dags/tutorial_etl_dag.py
[2022-11-12 11:28:15,400] {logging_mixin.py:109} INFO - [2022-11-12 11:28:15,400] {dag.py:1834} INFO - Sync 1 DAGs
[2022-11-12 11:28:15,406] {logging_mixin.py:109} INFO - [2022-11-12 11:28:15,406] {dag.py:2287} INFO - Setting next_dagrun for tutorial_etl_dag to None
[2022-11-12 11:28:15,417] {processor.py:170} INFO - Processing /home/upm/.local/lib/python3.8/site-packages/airflow/example_dags/tutorial_etl_dag.py took 0.055 seconds
[2022-11-12 11:29:17,787] {processor.py:162} INFO - Started process (PID=85739) to work on /home/upm/.local/lib/python3.8/site-packages/airflow/example_dags/tutorial_etl_dag.py
[2022-11-12 11:29:17,788] {processor.py:613} INFO - Processing file /home/upm/.local/lib/python3.8/site-packages/airflow/example_dags/tutorial_etl_dag.py for tasks to queue
[2022-11-12 11:29:17,789] {logging_mixin.py:109} INFO - [2022-11-12 11:29:17,789] {dagbag.py:496} INFO - Filling up the DagBag from /home/upm/.local/lib/python3.8/site-packages/airflow/example_dags/tutorial_etl_dag.py
[2022-11-12 11:29:17,797] {processor.py:623} INFO - DAG(s) dict_keys(['tutorial_etl_dag']) retrieved from /home/upm/.local/lib/python3.8/site-packages/airflow/example_dags/tutorial_etl_dag.py
[2022-11-12 11:29:17,809] {logging_mixin.py:109} INFO - [2022-11-12 11:29:17,809] {dag.py:1834} INFO - Sync 1 DAGs
[2022-11-12 11:29:17,816] {logging_mixin.py:109} INFO - [2022-11-12 11:29:17,816] {dag.py:2287} INFO - Setting next_dagrun for tutorial_etl_dag to None
[2022-11-12 11:29:17,827] {processor.py:170} INFO - Processing /home/upm/.local/lib/python3.8/site-packages/airflow/example_dags/tutorial_etl_dag.py took 0.042 seconds
[2022-11-12 11:29:50,064] {processor.py:162} INFO - Started process (PID=85872) to work on /home/upm/.local/lib/python3.8/site-packages/airflow/example_dags/tutorial_etl_dag.py
[2022-11-12 11:29:50,065] {processor.py:613} INFO - Processing file /home/upm/.local/lib/python3.8/site-packages/airflow/example_dags/tutorial_etl_dag.py for tasks to queue
[2022-11-12 11:29:50,065] {logging_mixin.py:109} INFO - [2022-11-12 11:29:50,065] {dagbag.py:496} INFO - Filling up the DagBag from /home/upm/.local/lib/python3.8/site-packages/airflow/example_dags/tutorial_etl_dag.py
[2022-11-12 11:29:50,074] {processor.py:623} INFO - DAG(s) dict_keys(['tutorial_etl_dag']) retrieved from /home/upm/.local/lib/python3.8/site-packages/airflow/example_dags/tutorial_etl_dag.py
[2022-11-12 11:29:50,086] {logging_mixin.py:109} INFO - [2022-11-12 11:29:50,086] {dag.py:1834} INFO - Sync 1 DAGs
[2022-11-12 11:29:50,093] {logging_mixin.py:109} INFO - [2022-11-12 11:29:50,093] {dag.py:2287} INFO - Setting next_dagrun for tutorial_etl_dag to None
[2022-11-12 11:29:50,105] {processor.py:170} INFO - Processing /home/upm/.local/lib/python3.8/site-packages/airflow/example_dags/tutorial_etl_dag.py took 0.044 seconds
[2022-11-12 11:30:21,238] {processor.py:162} INFO - Started process (PID=86033) to work on /home/upm/.local/lib/python3.8/site-packages/airflow/example_dags/tutorial_etl_dag.py
[2022-11-12 11:30:21,240] {processor.py:613} INFO - Processing file /home/upm/.local/lib/python3.8/site-packages/airflow/example_dags/tutorial_etl_dag.py for tasks to queue
[2022-11-12 11:30:21,241] {logging_mixin.py:109} INFO - [2022-11-12 11:30:21,241] {dagbag.py:496} INFO - Filling up the DagBag from /home/upm/.local/lib/python3.8/site-packages/airflow/example_dags/tutorial_etl_dag.py
[2022-11-12 11:30:21,260] {processor.py:623} INFO - DAG(s) dict_keys(['tutorial_etl_dag']) retrieved from /home/upm/.local/lib/python3.8/site-packages/airflow/example_dags/tutorial_etl_dag.py
[2022-11-12 11:30:21,285] {logging_mixin.py:109} INFO - [2022-11-12 11:30:21,285] {dag.py:1834} INFO - Sync 1 DAGs
[2022-11-12 11:30:21,310] {logging_mixin.py:109} INFO - [2022-11-12 11:30:21,310] {dag.py:2287} INFO - Setting next_dagrun for tutorial_etl_dag to None
[2022-11-12 11:30:21,333] {processor.py:170} INFO - Processing /home/upm/.local/lib/python3.8/site-packages/airflow/example_dags/tutorial_etl_dag.py took 0.101 seconds
[2022-11-12 11:30:53,080] {processor.py:162} INFO - Started process (PID=86204) to work on /home/upm/.local/lib/python3.8/site-packages/airflow/example_dags/tutorial_etl_dag.py
[2022-11-12 11:30:53,081] {processor.py:613} INFO - Processing file /home/upm/.local/lib/python3.8/site-packages/airflow/example_dags/tutorial_etl_dag.py for tasks to queue
[2022-11-12 11:30:53,082] {logging_mixin.py:109} INFO - [2022-11-12 11:30:53,081] {dagbag.py:496} INFO - Filling up the DagBag from /home/upm/.local/lib/python3.8/site-packages/airflow/example_dags/tutorial_etl_dag.py
[2022-11-12 11:30:53,090] {processor.py:623} INFO - DAG(s) dict_keys(['tutorial_etl_dag']) retrieved from /home/upm/.local/lib/python3.8/site-packages/airflow/example_dags/tutorial_etl_dag.py
[2022-11-12 11:30:53,103] {logging_mixin.py:109} INFO - [2022-11-12 11:30:53,103] {dag.py:1834} INFO - Sync 1 DAGs
[2022-11-12 11:30:53,110] {logging_mixin.py:109} INFO - [2022-11-12 11:30:53,110] {dag.py:2287} INFO - Setting next_dagrun for tutorial_etl_dag to None
[2022-11-12 11:30:53,120] {processor.py:170} INFO - Processing /home/upm/.local/lib/python3.8/site-packages/airflow/example_dags/tutorial_etl_dag.py took 0.043 seconds
[2022-11-12 11:31:25,201] {processor.py:162} INFO - Started process (PID=86335) to work on /home/upm/.local/lib/python3.8/site-packages/airflow/example_dags/tutorial_etl_dag.py
[2022-11-12 11:31:25,206] {processor.py:613} INFO - Processing file /home/upm/.local/lib/python3.8/site-packages/airflow/example_dags/tutorial_etl_dag.py for tasks to queue
[2022-11-12 11:31:25,207] {logging_mixin.py:109} INFO - [2022-11-12 11:31:25,207] {dagbag.py:496} INFO - Filling up the DagBag from /home/upm/.local/lib/python3.8/site-packages/airflow/example_dags/tutorial_etl_dag.py
[2022-11-12 11:31:25,223] {processor.py:623} INFO - DAG(s) dict_keys(['tutorial_etl_dag']) retrieved from /home/upm/.local/lib/python3.8/site-packages/airflow/example_dags/tutorial_etl_dag.py
[2022-11-12 11:31:25,237] {logging_mixin.py:109} INFO - [2022-11-12 11:31:25,237] {dag.py:1834} INFO - Sync 1 DAGs
[2022-11-12 11:31:25,249] {logging_mixin.py:109} INFO - [2022-11-12 11:31:25,249] {dag.py:2287} INFO - Setting next_dagrun for tutorial_etl_dag to None
[2022-11-12 11:31:25,263] {processor.py:170} INFO - Processing /home/upm/.local/lib/python3.8/site-packages/airflow/example_dags/tutorial_etl_dag.py took 0.070 seconds
[2022-11-12 11:31:57,315] {processor.py:162} INFO - Started process (PID=86606) to work on /home/upm/.local/lib/python3.8/site-packages/airflow/example_dags/tutorial_etl_dag.py
[2022-11-12 11:31:57,316] {processor.py:613} INFO - Processing file /home/upm/.local/lib/python3.8/site-packages/airflow/example_dags/tutorial_etl_dag.py for tasks to queue
[2022-11-12 11:31:57,317] {logging_mixin.py:109} INFO - [2022-11-12 11:31:57,317] {dagbag.py:496} INFO - Filling up the DagBag from /home/upm/.local/lib/python3.8/site-packages/airflow/example_dags/tutorial_etl_dag.py
[2022-11-12 11:31:57,326] {processor.py:623} INFO - DAG(s) dict_keys(['tutorial_etl_dag']) retrieved from /home/upm/.local/lib/python3.8/site-packages/airflow/example_dags/tutorial_etl_dag.py
[2022-11-12 11:31:57,336] {logging_mixin.py:109} INFO - [2022-11-12 11:31:57,336] {dag.py:1834} INFO - Sync 1 DAGs
[2022-11-12 11:31:57,342] {logging_mixin.py:109} INFO - [2022-11-12 11:31:57,342] {dag.py:2287} INFO - Setting next_dagrun for tutorial_etl_dag to None
[2022-11-12 11:31:57,354] {processor.py:170} INFO - Processing /home/upm/.local/lib/python3.8/site-packages/airflow/example_dags/tutorial_etl_dag.py took 0.041 seconds
[2022-11-12 11:32:29,061] {processor.py:162} INFO - Started process (PID=86722) to work on /home/upm/.local/lib/python3.8/site-packages/airflow/example_dags/tutorial_etl_dag.py
[2022-11-12 11:32:29,062] {processor.py:613} INFO - Processing file /home/upm/.local/lib/python3.8/site-packages/airflow/example_dags/tutorial_etl_dag.py for tasks to queue
[2022-11-12 11:32:29,062] {logging_mixin.py:109} INFO - [2022-11-12 11:32:29,062] {dagbag.py:496} INFO - Filling up the DagBag from /home/upm/.local/lib/python3.8/site-packages/airflow/example_dags/tutorial_etl_dag.py
[2022-11-12 11:32:29,072] {processor.py:623} INFO - DAG(s) dict_keys(['tutorial_etl_dag']) retrieved from /home/upm/.local/lib/python3.8/site-packages/airflow/example_dags/tutorial_etl_dag.py
[2022-11-12 11:32:29,083] {logging_mixin.py:109} INFO - [2022-11-12 11:32:29,083] {dag.py:1834} INFO - Sync 1 DAGs
[2022-11-12 11:32:29,090] {logging_mixin.py:109} INFO - [2022-11-12 11:32:29,090] {dag.py:2287} INFO - Setting next_dagrun for tutorial_etl_dag to None
[2022-11-12 11:32:29,102] {processor.py:170} INFO - Processing /home/upm/.local/lib/python3.8/site-packages/airflow/example_dags/tutorial_etl_dag.py took 0.044 seconds
[2022-11-12 11:33:01,964] {processor.py:162} INFO - Started process (PID=86864) to work on /home/upm/.local/lib/python3.8/site-packages/airflow/example_dags/tutorial_etl_dag.py
[2022-11-12 11:33:01,967] {processor.py:613} INFO - Processing file /home/upm/.local/lib/python3.8/site-packages/airflow/example_dags/tutorial_etl_dag.py for tasks to queue
[2022-11-12 11:33:01,967] {logging_mixin.py:109} INFO - [2022-11-12 11:33:01,967] {dagbag.py:496} INFO - Filling up the DagBag from /home/upm/.local/lib/python3.8/site-packages/airflow/example_dags/tutorial_etl_dag.py
[2022-11-12 11:33:01,977] {processor.py:623} INFO - DAG(s) dict_keys(['tutorial_etl_dag']) retrieved from /home/upm/.local/lib/python3.8/site-packages/airflow/example_dags/tutorial_etl_dag.py
[2022-11-12 11:33:01,986] {logging_mixin.py:109} INFO - [2022-11-12 11:33:01,986] {dag.py:1834} INFO - Sync 1 DAGs
[2022-11-12 11:33:01,993] {logging_mixin.py:109} INFO - [2022-11-12 11:33:01,993] {dag.py:2287} INFO - Setting next_dagrun for tutorial_etl_dag to None
[2022-11-12 11:33:02,003] {processor.py:170} INFO - Processing /home/upm/.local/lib/python3.8/site-packages/airflow/example_dags/tutorial_etl_dag.py took 0.041 seconds
