[2022-11-12 11:06:25,720] {processor.py:162} INFO - Started process (PID=81860) to work on /home/upm/.local/lib/python3.8/site-packages/airflow/example_dags/tutorial_taskflow_api_etl.py
[2022-11-12 11:06:25,721] {processor.py:613} INFO - Processing file /home/upm/.local/lib/python3.8/site-packages/airflow/example_dags/tutorial_taskflow_api_etl.py for tasks to queue
[2022-11-12 11:06:25,721] {logging_mixin.py:109} INFO - [2022-11-12 11:06:25,721] {dagbag.py:496} INFO - Filling up the DagBag from /home/upm/.local/lib/python3.8/site-packages/airflow/example_dags/tutorial_taskflow_api_etl.py
[2022-11-12 11:06:25,733] {processor.py:623} INFO - DAG(s) dict_keys(['tutorial_taskflow_api_etl']) retrieved from /home/upm/.local/lib/python3.8/site-packages/airflow/example_dags/tutorial_taskflow_api_etl.py
[2022-11-12 11:06:25,936] {logging_mixin.py:109} INFO - [2022-11-12 11:06:25,936] {dag.py:1834} INFO - Sync 1 DAGs
[2022-11-12 11:06:25,941] {logging_mixin.py:109} INFO - [2022-11-12 11:06:25,941] {dag.py:2287} INFO - Setting next_dagrun for tutorial_taskflow_api_etl to None
[2022-11-12 11:06:25,951] {processor.py:170} INFO - Processing /home/upm/.local/lib/python3.8/site-packages/airflow/example_dags/tutorial_taskflow_api_etl.py took 0.234 seconds
[2022-11-12 11:06:57,459] {processor.py:162} INFO - Started process (PID=82008) to work on /home/upm/.local/lib/python3.8/site-packages/airflow/example_dags/tutorial_taskflow_api_etl.py
[2022-11-12 11:06:57,461] {processor.py:613} INFO - Processing file /home/upm/.local/lib/python3.8/site-packages/airflow/example_dags/tutorial_taskflow_api_etl.py for tasks to queue
[2022-11-12 11:06:57,461] {logging_mixin.py:109} INFO - [2022-11-12 11:06:57,461] {dagbag.py:496} INFO - Filling up the DagBag from /home/upm/.local/lib/python3.8/site-packages/airflow/example_dags/tutorial_taskflow_api_etl.py
[2022-11-12 11:06:57,475] {processor.py:623} INFO - DAG(s) dict_keys(['tutorial_taskflow_api_etl']) retrieved from /home/upm/.local/lib/python3.8/site-packages/airflow/example_dags/tutorial_taskflow_api_etl.py
[2022-11-12 11:06:57,697] {logging_mixin.py:109} INFO - [2022-11-12 11:06:57,697] {dag.py:1834} INFO - Sync 1 DAGs
[2022-11-12 11:06:57,702] {logging_mixin.py:109} INFO - [2022-11-12 11:06:57,702] {dag.py:2287} INFO - Setting next_dagrun for tutorial_taskflow_api_etl to None
[2022-11-12 11:06:57,713] {processor.py:170} INFO - Processing /home/upm/.local/lib/python3.8/site-packages/airflow/example_dags/tutorial_taskflow_api_etl.py took 0.258 seconds
[2022-11-12 11:07:29,890] {processor.py:162} INFO - Started process (PID=82117) to work on /home/upm/.local/lib/python3.8/site-packages/airflow/example_dags/tutorial_taskflow_api_etl.py
[2022-11-12 11:07:29,891] {processor.py:613} INFO - Processing file /home/upm/.local/lib/python3.8/site-packages/airflow/example_dags/tutorial_taskflow_api_etl.py for tasks to queue
[2022-11-12 11:07:29,891] {logging_mixin.py:109} INFO - [2022-11-12 11:07:29,891] {dagbag.py:496} INFO - Filling up the DagBag from /home/upm/.local/lib/python3.8/site-packages/airflow/example_dags/tutorial_taskflow_api_etl.py
[2022-11-12 11:07:29,904] {processor.py:623} INFO - DAG(s) dict_keys(['tutorial_taskflow_api_etl']) retrieved from /home/upm/.local/lib/python3.8/site-packages/airflow/example_dags/tutorial_taskflow_api_etl.py
[2022-11-12 11:07:30,123] {logging_mixin.py:109} INFO - [2022-11-12 11:07:30,123] {dag.py:1834} INFO - Sync 1 DAGs
[2022-11-12 11:07:30,130] {logging_mixin.py:109} INFO - [2022-11-12 11:07:30,130] {dag.py:2287} INFO - Setting next_dagrun for tutorial_taskflow_api_etl to None
[2022-11-12 11:07:30,142] {processor.py:170} INFO - Processing /home/upm/.local/lib/python3.8/site-packages/airflow/example_dags/tutorial_taskflow_api_etl.py took 0.255 seconds
[2022-11-12 11:10:45,142] {processor.py:162} INFO - Started process (PID=82374) to work on /home/upm/.local/lib/python3.8/site-packages/airflow/example_dags/tutorial_taskflow_api_etl.py
[2022-11-12 11:10:45,143] {processor.py:613} INFO - Processing file /home/upm/.local/lib/python3.8/site-packages/airflow/example_dags/tutorial_taskflow_api_etl.py for tasks to queue
[2022-11-12 11:10:45,144] {logging_mixin.py:109} INFO - [2022-11-12 11:10:45,143] {dagbag.py:496} INFO - Filling up the DagBag from /home/upm/.local/lib/python3.8/site-packages/airflow/example_dags/tutorial_taskflow_api_etl.py
[2022-11-12 11:10:45,156] {processor.py:623} INFO - DAG(s) dict_keys(['tutorial_taskflow_api_etl']) retrieved from /home/upm/.local/lib/python3.8/site-packages/airflow/example_dags/tutorial_taskflow_api_etl.py
[2022-11-12 11:10:45,361] {logging_mixin.py:109} INFO - [2022-11-12 11:10:45,361] {dag.py:1834} INFO - Sync 1 DAGs
[2022-11-12 11:10:45,366] {logging_mixin.py:109} INFO - [2022-11-12 11:10:45,366] {dag.py:2287} INFO - Setting next_dagrun for tutorial_taskflow_api_etl to None
[2022-11-12 11:10:45,376] {processor.py:170} INFO - Processing /home/upm/.local/lib/python3.8/site-packages/airflow/example_dags/tutorial_taskflow_api_etl.py took 0.236 seconds
[2022-11-12 11:11:16,530] {processor.py:162} INFO - Started process (PID=82478) to work on /home/upm/.local/lib/python3.8/site-packages/airflow/example_dags/tutorial_taskflow_api_etl.py
[2022-11-12 11:11:16,531] {processor.py:613} INFO - Processing file /home/upm/.local/lib/python3.8/site-packages/airflow/example_dags/tutorial_taskflow_api_etl.py for tasks to queue
[2022-11-12 11:11:16,531] {logging_mixin.py:109} INFO - [2022-11-12 11:11:16,531] {dagbag.py:496} INFO - Filling up the DagBag from /home/upm/.local/lib/python3.8/site-packages/airflow/example_dags/tutorial_taskflow_api_etl.py
[2022-11-12 11:11:16,545] {processor.py:623} INFO - DAG(s) dict_keys(['tutorial_taskflow_api_etl']) retrieved from /home/upm/.local/lib/python3.8/site-packages/airflow/example_dags/tutorial_taskflow_api_etl.py
[2022-11-12 11:11:16,755] {logging_mixin.py:109} INFO - [2022-11-12 11:11:16,755] {dag.py:1834} INFO - Sync 1 DAGs
[2022-11-12 11:11:16,760] {logging_mixin.py:109} INFO - [2022-11-12 11:11:16,760] {dag.py:2287} INFO - Setting next_dagrun for tutorial_taskflow_api_etl to None
[2022-11-12 11:11:16,770] {processor.py:170} INFO - Processing /home/upm/.local/lib/python3.8/site-packages/airflow/example_dags/tutorial_taskflow_api_etl.py took 0.242 seconds
[2022-11-12 11:11:47,643] {processor.py:162} INFO - Started process (PID=82594) to work on /home/upm/.local/lib/python3.8/site-packages/airflow/example_dags/tutorial_taskflow_api_etl.py
[2022-11-12 11:11:47,646] {processor.py:613} INFO - Processing file /home/upm/.local/lib/python3.8/site-packages/airflow/example_dags/tutorial_taskflow_api_etl.py for tasks to queue
[2022-11-12 11:11:47,647] {logging_mixin.py:109} INFO - [2022-11-12 11:11:47,647] {dagbag.py:496} INFO - Filling up the DagBag from /home/upm/.local/lib/python3.8/site-packages/airflow/example_dags/tutorial_taskflow_api_etl.py
[2022-11-12 11:11:47,662] {processor.py:623} INFO - DAG(s) dict_keys(['tutorial_taskflow_api_etl']) retrieved from /home/upm/.local/lib/python3.8/site-packages/airflow/example_dags/tutorial_taskflow_api_etl.py
[2022-11-12 11:11:47,945] {logging_mixin.py:109} INFO - [2022-11-12 11:11:47,945] {dag.py:1834} INFO - Sync 1 DAGs
[2022-11-12 11:11:47,950] {logging_mixin.py:109} INFO - [2022-11-12 11:11:47,950] {dag.py:2287} INFO - Setting next_dagrun for tutorial_taskflow_api_etl to None
[2022-11-12 11:11:47,959] {processor.py:170} INFO - Processing /home/upm/.local/lib/python3.8/site-packages/airflow/example_dags/tutorial_taskflow_api_etl.py took 0.319 seconds
[2022-11-12 11:12:20,180] {processor.py:162} INFO - Started process (PID=82694) to work on /home/upm/.local/lib/python3.8/site-packages/airflow/example_dags/tutorial_taskflow_api_etl.py
[2022-11-12 11:12:20,182] {processor.py:613} INFO - Processing file /home/upm/.local/lib/python3.8/site-packages/airflow/example_dags/tutorial_taskflow_api_etl.py for tasks to queue
[2022-11-12 11:12:20,182] {logging_mixin.py:109} INFO - [2022-11-12 11:12:20,182] {dagbag.py:496} INFO - Filling up the DagBag from /home/upm/.local/lib/python3.8/site-packages/airflow/example_dags/tutorial_taskflow_api_etl.py
[2022-11-12 11:12:20,195] {processor.py:623} INFO - DAG(s) dict_keys(['tutorial_taskflow_api_etl']) retrieved from /home/upm/.local/lib/python3.8/site-packages/airflow/example_dags/tutorial_taskflow_api_etl.py
[2022-11-12 11:12:20,408] {logging_mixin.py:109} INFO - [2022-11-12 11:12:20,408] {dag.py:1834} INFO - Sync 1 DAGs
[2022-11-12 11:12:20,413] {logging_mixin.py:109} INFO - [2022-11-12 11:12:20,413] {dag.py:2287} INFO - Setting next_dagrun for tutorial_taskflow_api_etl to None
[2022-11-12 11:12:20,423] {processor.py:170} INFO - Processing /home/upm/.local/lib/python3.8/site-packages/airflow/example_dags/tutorial_taskflow_api_etl.py took 0.245 seconds
[2022-11-12 11:13:27,900] {processor.py:162} INFO - Started process (PID=82843) to work on /home/upm/.local/lib/python3.8/site-packages/airflow/example_dags/tutorial_taskflow_api_etl.py
[2022-11-12 11:13:27,901] {processor.py:613} INFO - Processing file /home/upm/.local/lib/python3.8/site-packages/airflow/example_dags/tutorial_taskflow_api_etl.py for tasks to queue
[2022-11-12 11:13:27,902] {logging_mixin.py:109} INFO - [2022-11-12 11:13:27,902] {dagbag.py:496} INFO - Filling up the DagBag from /home/upm/.local/lib/python3.8/site-packages/airflow/example_dags/tutorial_taskflow_api_etl.py
[2022-11-12 11:13:27,916] {processor.py:623} INFO - DAG(s) dict_keys(['tutorial_taskflow_api_etl']) retrieved from /home/upm/.local/lib/python3.8/site-packages/airflow/example_dags/tutorial_taskflow_api_etl.py
[2022-11-12 11:13:28,139] {logging_mixin.py:109} INFO - [2022-11-12 11:13:28,139] {dag.py:1834} INFO - Sync 1 DAGs
[2022-11-12 11:13:28,145] {logging_mixin.py:109} INFO - [2022-11-12 11:13:28,145] {dag.py:2287} INFO - Setting next_dagrun for tutorial_taskflow_api_etl to None
[2022-11-12 11:13:28,156] {processor.py:170} INFO - Processing /home/upm/.local/lib/python3.8/site-packages/airflow/example_dags/tutorial_taskflow_api_etl.py took 0.259 seconds
[2022-11-12 11:14:00,366] {processor.py:162} INFO - Started process (PID=82994) to work on /home/upm/.local/lib/python3.8/site-packages/airflow/example_dags/tutorial_taskflow_api_etl.py
[2022-11-12 11:14:00,367] {processor.py:613} INFO - Processing file /home/upm/.local/lib/python3.8/site-packages/airflow/example_dags/tutorial_taskflow_api_etl.py for tasks to queue
[2022-11-12 11:14:00,368] {logging_mixin.py:109} INFO - [2022-11-12 11:14:00,368] {dagbag.py:496} INFO - Filling up the DagBag from /home/upm/.local/lib/python3.8/site-packages/airflow/example_dags/tutorial_taskflow_api_etl.py
[2022-11-12 11:14:00,384] {processor.py:623} INFO - DAG(s) dict_keys(['tutorial_taskflow_api_etl']) retrieved from /home/upm/.local/lib/python3.8/site-packages/airflow/example_dags/tutorial_taskflow_api_etl.py
[2022-11-12 11:14:00,623] {logging_mixin.py:109} INFO - [2022-11-12 11:14:00,623] {dag.py:1834} INFO - Sync 1 DAGs
[2022-11-12 11:14:00,629] {logging_mixin.py:109} INFO - [2022-11-12 11:14:00,629] {dag.py:2287} INFO - Setting next_dagrun for tutorial_taskflow_api_etl to None
[2022-11-12 11:14:00,639] {processor.py:170} INFO - Processing /home/upm/.local/lib/python3.8/site-packages/airflow/example_dags/tutorial_taskflow_api_etl.py took 0.275 seconds
[2022-11-12 11:14:32,437] {processor.py:162} INFO - Started process (PID=83211) to work on /home/upm/.local/lib/python3.8/site-packages/airflow/example_dags/tutorial_taskflow_api_etl.py
[2022-11-12 11:14:32,439] {processor.py:613} INFO - Processing file /home/upm/.local/lib/python3.8/site-packages/airflow/example_dags/tutorial_taskflow_api_etl.py for tasks to queue
[2022-11-12 11:14:32,439] {logging_mixin.py:109} INFO - [2022-11-12 11:14:32,439] {dagbag.py:496} INFO - Filling up the DagBag from /home/upm/.local/lib/python3.8/site-packages/airflow/example_dags/tutorial_taskflow_api_etl.py
[2022-11-12 11:14:32,459] {processor.py:623} INFO - DAG(s) dict_keys(['tutorial_taskflow_api_etl']) retrieved from /home/upm/.local/lib/python3.8/site-packages/airflow/example_dags/tutorial_taskflow_api_etl.py
[2022-11-12 11:14:32,734] {logging_mixin.py:109} INFO - [2022-11-12 11:14:32,734] {dag.py:1834} INFO - Sync 1 DAGs
[2022-11-12 11:14:32,741] {logging_mixin.py:109} INFO - [2022-11-12 11:14:32,741] {dag.py:2287} INFO - Setting next_dagrun for tutorial_taskflow_api_etl to None
[2022-11-12 11:14:32,755] {processor.py:170} INFO - Processing /home/upm/.local/lib/python3.8/site-packages/airflow/example_dags/tutorial_taskflow_api_etl.py took 0.321 seconds
[2022-11-12 11:16:57,077] {processor.py:162} INFO - Started process (PID=83507) to work on /home/upm/.local/lib/python3.8/site-packages/airflow/example_dags/tutorial_taskflow_api_etl.py
[2022-11-12 11:16:57,080] {processor.py:613} INFO - Processing file /home/upm/.local/lib/python3.8/site-packages/airflow/example_dags/tutorial_taskflow_api_etl.py for tasks to queue
[2022-11-12 11:16:57,080] {logging_mixin.py:109} INFO - [2022-11-12 11:16:57,080] {dagbag.py:496} INFO - Filling up the DagBag from /home/upm/.local/lib/python3.8/site-packages/airflow/example_dags/tutorial_taskflow_api_etl.py
[2022-11-12 11:16:57,100] {processor.py:623} INFO - DAG(s) dict_keys(['tutorial_taskflow_api_etl']) retrieved from /home/upm/.local/lib/python3.8/site-packages/airflow/example_dags/tutorial_taskflow_api_etl.py
[2022-11-12 11:16:57,326] {logging_mixin.py:109} INFO - [2022-11-12 11:16:57,326] {dag.py:1834} INFO - Sync 1 DAGs
[2022-11-12 11:16:57,331] {logging_mixin.py:109} INFO - [2022-11-12 11:16:57,331] {dag.py:2287} INFO - Setting next_dagrun for tutorial_taskflow_api_etl to None
[2022-11-12 11:16:57,340] {processor.py:170} INFO - Processing /home/upm/.local/lib/python3.8/site-packages/airflow/example_dags/tutorial_taskflow_api_etl.py took 0.265 seconds
[2022-11-12 11:17:28,503] {processor.py:162} INFO - Started process (PID=83644) to work on /home/upm/.local/lib/python3.8/site-packages/airflow/example_dags/tutorial_taskflow_api_etl.py
[2022-11-12 11:17:28,504] {processor.py:613} INFO - Processing file /home/upm/.local/lib/python3.8/site-packages/airflow/example_dags/tutorial_taskflow_api_etl.py for tasks to queue
[2022-11-12 11:17:28,504] {logging_mixin.py:109} INFO - [2022-11-12 11:17:28,504] {dagbag.py:496} INFO - Filling up the DagBag from /home/upm/.local/lib/python3.8/site-packages/airflow/example_dags/tutorial_taskflow_api_etl.py
[2022-11-12 11:17:28,517] {processor.py:623} INFO - DAG(s) dict_keys(['tutorial_taskflow_api_etl']) retrieved from /home/upm/.local/lib/python3.8/site-packages/airflow/example_dags/tutorial_taskflow_api_etl.py
[2022-11-12 11:17:28,731] {logging_mixin.py:109} INFO - [2022-11-12 11:17:28,731] {dag.py:1834} INFO - Sync 1 DAGs
[2022-11-12 11:17:28,736] {logging_mixin.py:109} INFO - [2022-11-12 11:17:28,736] {dag.py:2287} INFO - Setting next_dagrun for tutorial_taskflow_api_etl to None
[2022-11-12 11:17:28,744] {processor.py:170} INFO - Processing /home/upm/.local/lib/python3.8/site-packages/airflow/example_dags/tutorial_taskflow_api_etl.py took 0.244 seconds
[2022-11-12 11:17:59,627] {processor.py:162} INFO - Started process (PID=83779) to work on /home/upm/.local/lib/python3.8/site-packages/airflow/example_dags/tutorial_taskflow_api_etl.py
[2022-11-12 11:17:59,630] {processor.py:613} INFO - Processing file /home/upm/.local/lib/python3.8/site-packages/airflow/example_dags/tutorial_taskflow_api_etl.py for tasks to queue
[2022-11-12 11:17:59,631] {logging_mixin.py:109} INFO - [2022-11-12 11:17:59,631] {dagbag.py:496} INFO - Filling up the DagBag from /home/upm/.local/lib/python3.8/site-packages/airflow/example_dags/tutorial_taskflow_api_etl.py
[2022-11-12 11:17:59,649] {processor.py:623} INFO - DAG(s) dict_keys(['tutorial_taskflow_api_etl']) retrieved from /home/upm/.local/lib/python3.8/site-packages/airflow/example_dags/tutorial_taskflow_api_etl.py
[2022-11-12 11:17:59,893] {logging_mixin.py:109} INFO - [2022-11-12 11:17:59,893] {dag.py:1834} INFO - Sync 1 DAGs
[2022-11-12 11:17:59,901] {logging_mixin.py:109} INFO - [2022-11-12 11:17:59,900] {dag.py:2287} INFO - Setting next_dagrun for tutorial_taskflow_api_etl to None
[2022-11-12 11:17:59,913] {processor.py:170} INFO - Processing /home/upm/.local/lib/python3.8/site-packages/airflow/example_dags/tutorial_taskflow_api_etl.py took 0.291 seconds
[2022-11-12 11:18:33,265] {processor.py:162} INFO - Started process (PID=83893) to work on /home/upm/.local/lib/python3.8/site-packages/airflow/example_dags/tutorial_taskflow_api_etl.py
[2022-11-12 11:18:33,266] {processor.py:613} INFO - Processing file /home/upm/.local/lib/python3.8/site-packages/airflow/example_dags/tutorial_taskflow_api_etl.py for tasks to queue
[2022-11-12 11:18:33,266] {logging_mixin.py:109} INFO - [2022-11-12 11:18:33,266] {dagbag.py:496} INFO - Filling up the DagBag from /home/upm/.local/lib/python3.8/site-packages/airflow/example_dags/tutorial_taskflow_api_etl.py
[2022-11-12 11:18:33,279] {processor.py:623} INFO - DAG(s) dict_keys(['tutorial_taskflow_api_etl']) retrieved from /home/upm/.local/lib/python3.8/site-packages/airflow/example_dags/tutorial_taskflow_api_etl.py
[2022-11-12 11:18:33,546] {logging_mixin.py:109} INFO - [2022-11-12 11:18:33,546] {dag.py:1834} INFO - Sync 1 DAGs
[2022-11-12 11:18:33,555] {logging_mixin.py:109} INFO - [2022-11-12 11:18:33,554] {dag.py:2287} INFO - Setting next_dagrun for tutorial_taskflow_api_etl to None
[2022-11-12 11:18:33,575] {processor.py:170} INFO - Processing /home/upm/.local/lib/python3.8/site-packages/airflow/example_dags/tutorial_taskflow_api_etl.py took 0.313 seconds
[2022-11-12 11:19:05,941] {processor.py:162} INFO - Started process (PID=84067) to work on /home/upm/.local/lib/python3.8/site-packages/airflow/example_dags/tutorial_taskflow_api_etl.py
[2022-11-12 11:19:05,942] {processor.py:613} INFO - Processing file /home/upm/.local/lib/python3.8/site-packages/airflow/example_dags/tutorial_taskflow_api_etl.py for tasks to queue
[2022-11-12 11:19:05,942] {logging_mixin.py:109} INFO - [2022-11-12 11:19:05,942] {dagbag.py:496} INFO - Filling up the DagBag from /home/upm/.local/lib/python3.8/site-packages/airflow/example_dags/tutorial_taskflow_api_etl.py
[2022-11-12 11:19:05,956] {processor.py:623} INFO - DAG(s) dict_keys(['tutorial_taskflow_api_etl']) retrieved from /home/upm/.local/lib/python3.8/site-packages/airflow/example_dags/tutorial_taskflow_api_etl.py
[2022-11-12 11:19:06,185] {logging_mixin.py:109} INFO - [2022-11-12 11:19:06,185] {dag.py:1834} INFO - Sync 1 DAGs
[2022-11-12 11:19:06,190] {logging_mixin.py:109} INFO - [2022-11-12 11:19:06,190] {dag.py:2287} INFO - Setting next_dagrun for tutorial_taskflow_api_etl to None
[2022-11-12 11:19:06,202] {processor.py:170} INFO - Processing /home/upm/.local/lib/python3.8/site-packages/airflow/example_dags/tutorial_taskflow_api_etl.py took 0.263 seconds
[2022-11-12 11:21:26,937] {processor.py:162} INFO - Started process (PID=84362) to work on /home/upm/.local/lib/python3.8/site-packages/airflow/example_dags/tutorial_taskflow_api_etl.py
[2022-11-12 11:21:26,938] {processor.py:613} INFO - Processing file /home/upm/.local/lib/python3.8/site-packages/airflow/example_dags/tutorial_taskflow_api_etl.py for tasks to queue
[2022-11-12 11:21:26,939] {logging_mixin.py:109} INFO - [2022-11-12 11:21:26,938] {dagbag.py:496} INFO - Filling up the DagBag from /home/upm/.local/lib/python3.8/site-packages/airflow/example_dags/tutorial_taskflow_api_etl.py
[2022-11-12 11:21:26,952] {processor.py:623} INFO - DAG(s) dict_keys(['tutorial_taskflow_api_etl']) retrieved from /home/upm/.local/lib/python3.8/site-packages/airflow/example_dags/tutorial_taskflow_api_etl.py
[2022-11-12 11:21:27,254] {logging_mixin.py:109} INFO - [2022-11-12 11:21:27,253] {dag.py:1834} INFO - Sync 1 DAGs
[2022-11-12 11:21:27,262] {logging_mixin.py:109} INFO - [2022-11-12 11:21:27,262] {dag.py:2287} INFO - Setting next_dagrun for tutorial_taskflow_api_etl to None
[2022-11-12 11:21:27,275] {processor.py:170} INFO - Processing /home/upm/.local/lib/python3.8/site-packages/airflow/example_dags/tutorial_taskflow_api_etl.py took 0.341 seconds
[2022-11-12 11:21:58,355] {processor.py:162} INFO - Started process (PID=84463) to work on /home/upm/.local/lib/python3.8/site-packages/airflow/example_dags/tutorial_taskflow_api_etl.py
[2022-11-12 11:21:58,357] {processor.py:613} INFO - Processing file /home/upm/.local/lib/python3.8/site-packages/airflow/example_dags/tutorial_taskflow_api_etl.py for tasks to queue
[2022-11-12 11:21:58,358] {logging_mixin.py:109} INFO - [2022-11-12 11:21:58,358] {dagbag.py:496} INFO - Filling up the DagBag from /home/upm/.local/lib/python3.8/site-packages/airflow/example_dags/tutorial_taskflow_api_etl.py
[2022-11-12 11:21:58,370] {processor.py:623} INFO - DAG(s) dict_keys(['tutorial_taskflow_api_etl']) retrieved from /home/upm/.local/lib/python3.8/site-packages/airflow/example_dags/tutorial_taskflow_api_etl.py
[2022-11-12 11:21:58,655] {logging_mixin.py:109} INFO - [2022-11-12 11:21:58,655] {dag.py:1834} INFO - Sync 1 DAGs
[2022-11-12 11:21:58,661] {logging_mixin.py:109} INFO - [2022-11-12 11:21:58,661] {dag.py:2287} INFO - Setting next_dagrun for tutorial_taskflow_api_etl to None
[2022-11-12 11:21:58,672] {processor.py:170} INFO - Processing /home/upm/.local/lib/python3.8/site-packages/airflow/example_dags/tutorial_taskflow_api_etl.py took 0.323 seconds
[2022-11-12 11:22:29,552] {processor.py:162} INFO - Started process (PID=84572) to work on /home/upm/.local/lib/python3.8/site-packages/airflow/example_dags/tutorial_taskflow_api_etl.py
[2022-11-12 11:22:29,553] {processor.py:613} INFO - Processing file /home/upm/.local/lib/python3.8/site-packages/airflow/example_dags/tutorial_taskflow_api_etl.py for tasks to queue
[2022-11-12 11:22:29,553] {logging_mixin.py:109} INFO - [2022-11-12 11:22:29,553] {dagbag.py:496} INFO - Filling up the DagBag from /home/upm/.local/lib/python3.8/site-packages/airflow/example_dags/tutorial_taskflow_api_etl.py
[2022-11-12 11:22:29,566] {processor.py:623} INFO - DAG(s) dict_keys(['tutorial_taskflow_api_etl']) retrieved from /home/upm/.local/lib/python3.8/site-packages/airflow/example_dags/tutorial_taskflow_api_etl.py
[2022-11-12 11:22:29,775] {logging_mixin.py:109} INFO - [2022-11-12 11:22:29,775] {dag.py:1834} INFO - Sync 1 DAGs
[2022-11-12 11:22:29,781] {logging_mixin.py:109} INFO - [2022-11-12 11:22:29,781] {dag.py:2287} INFO - Setting next_dagrun for tutorial_taskflow_api_etl to None
[2022-11-12 11:22:29,791] {processor.py:170} INFO - Processing /home/upm/.local/lib/python3.8/site-packages/airflow/example_dags/tutorial_taskflow_api_etl.py took 0.241 seconds
[2022-11-12 11:27:18,505] {processor.py:162} INFO - Started process (PID=85204) to work on /home/upm/.local/lib/python3.8/site-packages/airflow/example_dags/tutorial_taskflow_api_etl.py
[2022-11-12 11:27:18,507] {processor.py:613} INFO - Processing file /home/upm/.local/lib/python3.8/site-packages/airflow/example_dags/tutorial_taskflow_api_etl.py for tasks to queue
[2022-11-12 11:27:18,508] {logging_mixin.py:109} INFO - [2022-11-12 11:27:18,508] {dagbag.py:496} INFO - Filling up the DagBag from /home/upm/.local/lib/python3.8/site-packages/airflow/example_dags/tutorial_taskflow_api_etl.py
[2022-11-12 11:27:18,526] {processor.py:623} INFO - DAG(s) dict_keys(['tutorial_taskflow_api_etl']) retrieved from /home/upm/.local/lib/python3.8/site-packages/airflow/example_dags/tutorial_taskflow_api_etl.py
[2022-11-12 11:27:18,816] {logging_mixin.py:109} INFO - [2022-11-12 11:27:18,816] {dag.py:1834} INFO - Sync 1 DAGs
[2022-11-12 11:27:18,824] {logging_mixin.py:109} INFO - [2022-11-12 11:27:18,824] {dag.py:2287} INFO - Setting next_dagrun for tutorial_taskflow_api_etl to None
[2022-11-12 11:27:18,837] {processor.py:170} INFO - Processing /home/upm/.local/lib/python3.8/site-packages/airflow/example_dags/tutorial_taskflow_api_etl.py took 0.335 seconds
[2022-11-12 11:27:49,960] {processor.py:162} INFO - Started process (PID=85371) to work on /home/upm/.local/lib/python3.8/site-packages/airflow/example_dags/tutorial_taskflow_api_etl.py
[2022-11-12 11:27:49,961] {processor.py:613} INFO - Processing file /home/upm/.local/lib/python3.8/site-packages/airflow/example_dags/tutorial_taskflow_api_etl.py for tasks to queue
[2022-11-12 11:27:49,962] {logging_mixin.py:109} INFO - [2022-11-12 11:27:49,962] {dagbag.py:496} INFO - Filling up the DagBag from /home/upm/.local/lib/python3.8/site-packages/airflow/example_dags/tutorial_taskflow_api_etl.py
[2022-11-12 11:27:49,984] {processor.py:623} INFO - DAG(s) dict_keys(['tutorial_taskflow_api_etl']) retrieved from /home/upm/.local/lib/python3.8/site-packages/airflow/example_dags/tutorial_taskflow_api_etl.py
[2022-11-12 11:27:50,195] {logging_mixin.py:109} INFO - [2022-11-12 11:27:50,195] {dag.py:1834} INFO - Sync 1 DAGs
[2022-11-12 11:27:50,199] {logging_mixin.py:109} INFO - [2022-11-12 11:27:50,199] {dag.py:2287} INFO - Setting next_dagrun for tutorial_taskflow_api_etl to None
[2022-11-12 11:27:50,210] {processor.py:170} INFO - Processing /home/upm/.local/lib/python3.8/site-packages/airflow/example_dags/tutorial_taskflow_api_etl.py took 0.255 seconds
[2022-11-12 11:28:21,084] {processor.py:162} INFO - Started process (PID=85639) to work on /home/upm/.local/lib/python3.8/site-packages/airflow/example_dags/tutorial_taskflow_api_etl.py
[2022-11-12 11:28:21,086] {processor.py:613} INFO - Processing file /home/upm/.local/lib/python3.8/site-packages/airflow/example_dags/tutorial_taskflow_api_etl.py for tasks to queue
[2022-11-12 11:28:21,086] {logging_mixin.py:109} INFO - [2022-11-12 11:28:21,086] {dagbag.py:496} INFO - Filling up the DagBag from /home/upm/.local/lib/python3.8/site-packages/airflow/example_dags/tutorial_taskflow_api_etl.py
[2022-11-12 11:28:21,099] {processor.py:623} INFO - DAG(s) dict_keys(['tutorial_taskflow_api_etl']) retrieved from /home/upm/.local/lib/python3.8/site-packages/airflow/example_dags/tutorial_taskflow_api_etl.py
[2022-11-12 11:28:21,358] {logging_mixin.py:109} INFO - [2022-11-12 11:28:21,358] {dag.py:1834} INFO - Sync 1 DAGs
[2022-11-12 11:28:21,365] {logging_mixin.py:109} INFO - [2022-11-12 11:28:21,365] {dag.py:2287} INFO - Setting next_dagrun for tutorial_taskflow_api_etl to None
[2022-11-12 11:28:21,377] {processor.py:170} INFO - Processing /home/upm/.local/lib/python3.8/site-packages/airflow/example_dags/tutorial_taskflow_api_etl.py took 0.295 seconds
[2022-11-12 11:29:24,365] {processor.py:162} INFO - Started process (PID=85791) to work on /home/upm/.local/lib/python3.8/site-packages/airflow/example_dags/tutorial_taskflow_api_etl.py
[2022-11-12 11:29:24,366] {processor.py:613} INFO - Processing file /home/upm/.local/lib/python3.8/site-packages/airflow/example_dags/tutorial_taskflow_api_etl.py for tasks to queue
[2022-11-12 11:29:24,366] {logging_mixin.py:109} INFO - [2022-11-12 11:29:24,366] {dagbag.py:496} INFO - Filling up the DagBag from /home/upm/.local/lib/python3.8/site-packages/airflow/example_dags/tutorial_taskflow_api_etl.py
[2022-11-12 11:29:24,379] {processor.py:623} INFO - DAG(s) dict_keys(['tutorial_taskflow_api_etl']) retrieved from /home/upm/.local/lib/python3.8/site-packages/airflow/example_dags/tutorial_taskflow_api_etl.py
[2022-11-12 11:29:24,628] {logging_mixin.py:109} INFO - [2022-11-12 11:29:24,628] {dag.py:1834} INFO - Sync 1 DAGs
[2022-11-12 11:29:24,639] {logging_mixin.py:109} INFO - [2022-11-12 11:29:24,639] {dag.py:2287} INFO - Setting next_dagrun for tutorial_taskflow_api_etl to None
[2022-11-12 11:29:24,657] {processor.py:170} INFO - Processing /home/upm/.local/lib/python3.8/site-packages/airflow/example_dags/tutorial_taskflow_api_etl.py took 0.294 seconds
[2022-11-12 11:29:55,806] {processor.py:162} INFO - Started process (PID=85890) to work on /home/upm/.local/lib/python3.8/site-packages/airflow/example_dags/tutorial_taskflow_api_etl.py
[2022-11-12 11:29:55,807] {processor.py:613} INFO - Processing file /home/upm/.local/lib/python3.8/site-packages/airflow/example_dags/tutorial_taskflow_api_etl.py for tasks to queue
[2022-11-12 11:29:55,807] {logging_mixin.py:109} INFO - [2022-11-12 11:29:55,807] {dagbag.py:496} INFO - Filling up the DagBag from /home/upm/.local/lib/python3.8/site-packages/airflow/example_dags/tutorial_taskflow_api_etl.py
[2022-11-12 11:29:55,820] {processor.py:623} INFO - DAG(s) dict_keys(['tutorial_taskflow_api_etl']) retrieved from /home/upm/.local/lib/python3.8/site-packages/airflow/example_dags/tutorial_taskflow_api_etl.py
[2022-11-12 11:29:56,030] {logging_mixin.py:109} INFO - [2022-11-12 11:29:56,029] {dag.py:1834} INFO - Sync 1 DAGs
[2022-11-12 11:29:56,035] {logging_mixin.py:109} INFO - [2022-11-12 11:29:56,035] {dag.py:2287} INFO - Setting next_dagrun for tutorial_taskflow_api_etl to None
[2022-11-12 11:29:56,046] {processor.py:170} INFO - Processing /home/upm/.local/lib/python3.8/site-packages/airflow/example_dags/tutorial_taskflow_api_etl.py took 0.242 seconds
[2022-11-12 11:30:26,903] {processor.py:162} INFO - Started process (PID=86110) to work on /home/upm/.local/lib/python3.8/site-packages/airflow/example_dags/tutorial_taskflow_api_etl.py
[2022-11-12 11:30:26,905] {processor.py:613} INFO - Processing file /home/upm/.local/lib/python3.8/site-packages/airflow/example_dags/tutorial_taskflow_api_etl.py for tasks to queue
[2022-11-12 11:30:26,905] {logging_mixin.py:109} INFO - [2022-11-12 11:30:26,905] {dagbag.py:496} INFO - Filling up the DagBag from /home/upm/.local/lib/python3.8/site-packages/airflow/example_dags/tutorial_taskflow_api_etl.py
[2022-11-12 11:30:26,918] {processor.py:623} INFO - DAG(s) dict_keys(['tutorial_taskflow_api_etl']) retrieved from /home/upm/.local/lib/python3.8/site-packages/airflow/example_dags/tutorial_taskflow_api_etl.py
[2022-11-12 11:30:27,122] {logging_mixin.py:109} INFO - [2022-11-12 11:30:27,122] {dag.py:1834} INFO - Sync 1 DAGs
[2022-11-12 11:30:27,135] {logging_mixin.py:109} INFO - [2022-11-12 11:30:27,135] {dag.py:2287} INFO - Setting next_dagrun for tutorial_taskflow_api_etl to None
[2022-11-12 11:30:27,146] {processor.py:170} INFO - Processing /home/upm/.local/lib/python3.8/site-packages/airflow/example_dags/tutorial_taskflow_api_etl.py took 0.245 seconds
[2022-11-12 11:30:59,376] {processor.py:162} INFO - Started process (PID=86232) to work on /home/upm/.local/lib/python3.8/site-packages/airflow/example_dags/tutorial_taskflow_api_etl.py
[2022-11-12 11:30:59,377] {processor.py:613} INFO - Processing file /home/upm/.local/lib/python3.8/site-packages/airflow/example_dags/tutorial_taskflow_api_etl.py for tasks to queue
[2022-11-12 11:30:59,377] {logging_mixin.py:109} INFO - [2022-11-12 11:30:59,377] {dagbag.py:496} INFO - Filling up the DagBag from /home/upm/.local/lib/python3.8/site-packages/airflow/example_dags/tutorial_taskflow_api_etl.py
[2022-11-12 11:30:59,390] {processor.py:623} INFO - DAG(s) dict_keys(['tutorial_taskflow_api_etl']) retrieved from /home/upm/.local/lib/python3.8/site-packages/airflow/example_dags/tutorial_taskflow_api_etl.py
[2022-11-12 11:30:59,611] {logging_mixin.py:109} INFO - [2022-11-12 11:30:59,611] {dag.py:1834} INFO - Sync 1 DAGs
[2022-11-12 11:30:59,616] {logging_mixin.py:109} INFO - [2022-11-12 11:30:59,616] {dag.py:2287} INFO - Setting next_dagrun for tutorial_taskflow_api_etl to None
[2022-11-12 11:30:59,628] {processor.py:170} INFO - Processing /home/upm/.local/lib/python3.8/site-packages/airflow/example_dags/tutorial_taskflow_api_etl.py took 0.254 seconds
[2022-11-12 11:31:31,489] {processor.py:162} INFO - Started process (PID=86354) to work on /home/upm/.local/lib/python3.8/site-packages/airflow/example_dags/tutorial_taskflow_api_etl.py
[2022-11-12 11:31:31,493] {processor.py:613} INFO - Processing file /home/upm/.local/lib/python3.8/site-packages/airflow/example_dags/tutorial_taskflow_api_etl.py for tasks to queue
[2022-11-12 11:31:31,494] {logging_mixin.py:109} INFO - [2022-11-12 11:31:31,494] {dagbag.py:496} INFO - Filling up the DagBag from /home/upm/.local/lib/python3.8/site-packages/airflow/example_dags/tutorial_taskflow_api_etl.py
[2022-11-12 11:31:31,507] {processor.py:623} INFO - DAG(s) dict_keys(['tutorial_taskflow_api_etl']) retrieved from /home/upm/.local/lib/python3.8/site-packages/airflow/example_dags/tutorial_taskflow_api_etl.py
[2022-11-12 11:31:31,711] {logging_mixin.py:109} INFO - [2022-11-12 11:31:31,711] {dag.py:1834} INFO - Sync 1 DAGs
[2022-11-12 11:31:31,716] {logging_mixin.py:109} INFO - [2022-11-12 11:31:31,716] {dag.py:2287} INFO - Setting next_dagrun for tutorial_taskflow_api_etl to None
[2022-11-12 11:31:31,727] {processor.py:170} INFO - Processing /home/upm/.local/lib/python3.8/site-packages/airflow/example_dags/tutorial_taskflow_api_etl.py took 0.244 seconds
[2022-11-12 11:32:03,933] {processor.py:162} INFO - Started process (PID=86628) to work on /home/upm/.local/lib/python3.8/site-packages/airflow/example_dags/tutorial_taskflow_api_etl.py
[2022-11-12 11:32:03,934] {processor.py:613} INFO - Processing file /home/upm/.local/lib/python3.8/site-packages/airflow/example_dags/tutorial_taskflow_api_etl.py for tasks to queue
[2022-11-12 11:32:03,934] {logging_mixin.py:109} INFO - [2022-11-12 11:32:03,934] {dagbag.py:496} INFO - Filling up the DagBag from /home/upm/.local/lib/python3.8/site-packages/airflow/example_dags/tutorial_taskflow_api_etl.py
[2022-11-12 11:32:03,947] {processor.py:623} INFO - DAG(s) dict_keys(['tutorial_taskflow_api_etl']) retrieved from /home/upm/.local/lib/python3.8/site-packages/airflow/example_dags/tutorial_taskflow_api_etl.py
[2022-11-12 11:32:04,161] {logging_mixin.py:109} INFO - [2022-11-12 11:32:04,160] {dag.py:1834} INFO - Sync 1 DAGs
[2022-11-12 11:32:04,166] {logging_mixin.py:109} INFO - [2022-11-12 11:32:04,166] {dag.py:2287} INFO - Setting next_dagrun for tutorial_taskflow_api_etl to None
[2022-11-12 11:32:04,176] {processor.py:170} INFO - Processing /home/upm/.local/lib/python3.8/site-packages/airflow/example_dags/tutorial_taskflow_api_etl.py took 0.245 seconds
[2022-11-12 11:32:36,411] {processor.py:162} INFO - Started process (PID=86747) to work on /home/upm/.local/lib/python3.8/site-packages/airflow/example_dags/tutorial_taskflow_api_etl.py
[2022-11-12 11:32:36,411] {processor.py:613} INFO - Processing file /home/upm/.local/lib/python3.8/site-packages/airflow/example_dags/tutorial_taskflow_api_etl.py for tasks to queue
[2022-11-12 11:32:36,412] {logging_mixin.py:109} INFO - [2022-11-12 11:32:36,412] {dagbag.py:496} INFO - Filling up the DagBag from /home/upm/.local/lib/python3.8/site-packages/airflow/example_dags/tutorial_taskflow_api_etl.py
[2022-11-12 11:32:36,425] {processor.py:623} INFO - DAG(s) dict_keys(['tutorial_taskflow_api_etl']) retrieved from /home/upm/.local/lib/python3.8/site-packages/airflow/example_dags/tutorial_taskflow_api_etl.py
[2022-11-12 11:32:36,631] {logging_mixin.py:109} INFO - [2022-11-12 11:32:36,631] {dag.py:1834} INFO - Sync 1 DAGs
[2022-11-12 11:32:36,635] {logging_mixin.py:109} INFO - [2022-11-12 11:32:36,635] {dag.py:2287} INFO - Setting next_dagrun for tutorial_taskflow_api_etl to None
[2022-11-12 11:32:36,644] {processor.py:170} INFO - Processing /home/upm/.local/lib/python3.8/site-packages/airflow/example_dags/tutorial_taskflow_api_etl.py took 0.236 seconds
[2022-11-12 11:33:07,694] {processor.py:162} INFO - Started process (PID=86881) to work on /home/upm/.local/lib/python3.8/site-packages/airflow/example_dags/tutorial_taskflow_api_etl.py
[2022-11-12 11:33:07,696] {processor.py:613} INFO - Processing file /home/upm/.local/lib/python3.8/site-packages/airflow/example_dags/tutorial_taskflow_api_etl.py for tasks to queue
[2022-11-12 11:33:07,696] {logging_mixin.py:109} INFO - [2022-11-12 11:33:07,696] {dagbag.py:496} INFO - Filling up the DagBag from /home/upm/.local/lib/python3.8/site-packages/airflow/example_dags/tutorial_taskflow_api_etl.py
[2022-11-12 11:33:07,709] {processor.py:623} INFO - DAG(s) dict_keys(['tutorial_taskflow_api_etl']) retrieved from /home/upm/.local/lib/python3.8/site-packages/airflow/example_dags/tutorial_taskflow_api_etl.py
[2022-11-12 11:33:07,922] {logging_mixin.py:109} INFO - [2022-11-12 11:33:07,922] {dag.py:1834} INFO - Sync 1 DAGs
[2022-11-12 11:33:07,929] {logging_mixin.py:109} INFO - [2022-11-12 11:33:07,929] {dag.py:2287} INFO - Setting next_dagrun for tutorial_taskflow_api_etl to None
[2022-11-12 11:33:07,941] {processor.py:170} INFO - Processing /home/upm/.local/lib/python3.8/site-packages/airflow/example_dags/tutorial_taskflow_api_etl.py took 0.249 seconds
