[2022-11-12 11:06:20,299] {processor.py:162} INFO - Started process (PID=81842) to work on /home/upm/.local/lib/python3.8/site-packages/airflow/example_dags/tutorial.py
[2022-11-12 11:06:20,300] {processor.py:613} INFO - Processing file /home/upm/.local/lib/python3.8/site-packages/airflow/example_dags/tutorial.py for tasks to queue
[2022-11-12 11:06:20,301] {logging_mixin.py:109} INFO - [2022-11-12 11:06:20,301] {dagbag.py:496} INFO - Filling up the DagBag from /home/upm/.local/lib/python3.8/site-packages/airflow/example_dags/tutorial.py
[2022-11-12 11:06:20,311] {processor.py:623} INFO - DAG(s) dict_keys(['tutorial']) retrieved from /home/upm/.local/lib/python3.8/site-packages/airflow/example_dags/tutorial.py
[2022-11-12 11:06:20,325] {logging_mixin.py:109} INFO - [2022-11-12 11:06:20,325] {dag.py:1834} INFO - Sync 1 DAGs
[2022-11-12 11:06:20,332] {logging_mixin.py:109} INFO - [2022-11-12 11:06:20,331] {dag.py:2287} INFO - Setting next_dagrun for tutorial to 2022-11-10 00:00:00+00:00
[2022-11-12 11:06:20,342] {processor.py:170} INFO - Processing /home/upm/.local/lib/python3.8/site-packages/airflow/example_dags/tutorial.py took 0.046 seconds
[2022-11-12 11:06:52,313] {processor.py:162} INFO - Started process (PID=81989) to work on /home/upm/.local/lib/python3.8/site-packages/airflow/example_dags/tutorial.py
[2022-11-12 11:06:52,314] {processor.py:613} INFO - Processing file /home/upm/.local/lib/python3.8/site-packages/airflow/example_dags/tutorial.py for tasks to queue
[2022-11-12 11:06:52,314] {logging_mixin.py:109} INFO - [2022-11-12 11:06:52,314] {dagbag.py:496} INFO - Filling up the DagBag from /home/upm/.local/lib/python3.8/site-packages/airflow/example_dags/tutorial.py
[2022-11-12 11:06:52,323] {processor.py:623} INFO - DAG(s) dict_keys(['tutorial']) retrieved from /home/upm/.local/lib/python3.8/site-packages/airflow/example_dags/tutorial.py
[2022-11-12 11:06:52,336] {logging_mixin.py:109} INFO - [2022-11-12 11:06:52,336] {dag.py:1834} INFO - Sync 1 DAGs
[2022-11-12 11:06:52,342] {logging_mixin.py:109} INFO - [2022-11-12 11:06:52,342] {dag.py:2287} INFO - Setting next_dagrun for tutorial to 2022-11-10 00:00:00+00:00
[2022-11-12 11:06:52,353] {processor.py:170} INFO - Processing /home/upm/.local/lib/python3.8/site-packages/airflow/example_dags/tutorial.py took 0.043 seconds
[2022-11-12 11:07:24,744] {processor.py:162} INFO - Started process (PID=82101) to work on /home/upm/.local/lib/python3.8/site-packages/airflow/example_dags/tutorial.py
[2022-11-12 11:07:24,745] {processor.py:613} INFO - Processing file /home/upm/.local/lib/python3.8/site-packages/airflow/example_dags/tutorial.py for tasks to queue
[2022-11-12 11:07:24,745] {logging_mixin.py:109} INFO - [2022-11-12 11:07:24,745] {dagbag.py:496} INFO - Filling up the DagBag from /home/upm/.local/lib/python3.8/site-packages/airflow/example_dags/tutorial.py
[2022-11-12 11:07:24,754] {processor.py:623} INFO - DAG(s) dict_keys(['tutorial']) retrieved from /home/upm/.local/lib/python3.8/site-packages/airflow/example_dags/tutorial.py
[2022-11-12 11:07:24,768] {logging_mixin.py:109} INFO - [2022-11-12 11:07:24,768] {dag.py:1834} INFO - Sync 1 DAGs
[2022-11-12 11:07:24,776] {logging_mixin.py:109} INFO - [2022-11-12 11:07:24,776] {dag.py:2287} INFO - Setting next_dagrun for tutorial to 2022-11-10 00:00:00+00:00
[2022-11-12 11:07:24,785] {processor.py:170} INFO - Processing /home/upm/.local/lib/python3.8/site-packages/airflow/example_dags/tutorial.py took 0.044 seconds
[2022-11-12 11:07:56,673] {processor.py:162} INFO - Started process (PID=82236) to work on /home/upm/.local/lib/python3.8/site-packages/airflow/example_dags/tutorial.py
[2022-11-12 11:07:56,674] {processor.py:613} INFO - Processing file /home/upm/.local/lib/python3.8/site-packages/airflow/example_dags/tutorial.py for tasks to queue
[2022-11-12 11:07:56,674] {logging_mixin.py:109} INFO - [2022-11-12 11:07:56,674] {dagbag.py:496} INFO - Filling up the DagBag from /home/upm/.local/lib/python3.8/site-packages/airflow/example_dags/tutorial.py
[2022-11-12 11:07:56,682] {processor.py:623} INFO - DAG(s) dict_keys(['tutorial']) retrieved from /home/upm/.local/lib/python3.8/site-packages/airflow/example_dags/tutorial.py
[2022-11-12 11:07:56,694] {logging_mixin.py:109} INFO - [2022-11-12 11:07:56,694] {dag.py:1834} INFO - Sync 1 DAGs
[2022-11-12 11:07:56,701] {logging_mixin.py:109} INFO - [2022-11-12 11:07:56,701] {dag.py:2287} INFO - Setting next_dagrun for tutorial to 2022-11-10 00:00:00+00:00
[2022-11-12 11:07:56,711] {processor.py:170} INFO - Processing /home/upm/.local/lib/python3.8/site-packages/airflow/example_dags/tutorial.py took 0.040 seconds
[2022-11-12 11:10:39,763] {processor.py:162} INFO - Started process (PID=82351) to work on /home/upm/.local/lib/python3.8/site-packages/airflow/example_dags/tutorial.py
[2022-11-12 11:10:39,765] {processor.py:613} INFO - Processing file /home/upm/.local/lib/python3.8/site-packages/airflow/example_dags/tutorial.py for tasks to queue
[2022-11-12 11:10:39,765] {logging_mixin.py:109} INFO - [2022-11-12 11:10:39,765] {dagbag.py:496} INFO - Filling up the DagBag from /home/upm/.local/lib/python3.8/site-packages/airflow/example_dags/tutorial.py
[2022-11-12 11:10:39,774] {processor.py:623} INFO - DAG(s) dict_keys(['tutorial']) retrieved from /home/upm/.local/lib/python3.8/site-packages/airflow/example_dags/tutorial.py
[2022-11-12 11:10:39,787] {logging_mixin.py:109} INFO - [2022-11-12 11:10:39,786] {dag.py:1834} INFO - Sync 1 DAGs
[2022-11-12 11:10:39,794] {logging_mixin.py:109} INFO - [2022-11-12 11:10:39,794] {dag.py:2287} INFO - Setting next_dagrun for tutorial to 2022-11-10 00:00:00+00:00
[2022-11-12 11:10:39,805] {processor.py:170} INFO - Processing /home/upm/.local/lib/python3.8/site-packages/airflow/example_dags/tutorial.py took 0.044 seconds
[2022-11-12 11:11:11,379] {processor.py:162} INFO - Started process (PID=82464) to work on /home/upm/.local/lib/python3.8/site-packages/airflow/example_dags/tutorial.py
[2022-11-12 11:11:11,380] {processor.py:613} INFO - Processing file /home/upm/.local/lib/python3.8/site-packages/airflow/example_dags/tutorial.py for tasks to queue
[2022-11-12 11:11:11,380] {logging_mixin.py:109} INFO - [2022-11-12 11:11:11,380] {dagbag.py:496} INFO - Filling up the DagBag from /home/upm/.local/lib/python3.8/site-packages/airflow/example_dags/tutorial.py
[2022-11-12 11:11:11,388] {processor.py:623} INFO - DAG(s) dict_keys(['tutorial']) retrieved from /home/upm/.local/lib/python3.8/site-packages/airflow/example_dags/tutorial.py
[2022-11-12 11:11:11,399] {logging_mixin.py:109} INFO - [2022-11-12 11:11:11,399] {dag.py:1834} INFO - Sync 1 DAGs
[2022-11-12 11:11:11,405] {logging_mixin.py:109} INFO - [2022-11-12 11:11:11,405] {dag.py:2287} INFO - Setting next_dagrun for tutorial to 2022-11-10 00:00:00+00:00
[2022-11-12 11:11:11,415] {processor.py:170} INFO - Processing /home/upm/.local/lib/python3.8/site-packages/airflow/example_dags/tutorial.py took 0.038 seconds
[2022-11-12 11:11:42,503] {processor.py:162} INFO - Started process (PID=82575) to work on /home/upm/.local/lib/python3.8/site-packages/airflow/example_dags/tutorial.py
[2022-11-12 11:11:42,504] {processor.py:613} INFO - Processing file /home/upm/.local/lib/python3.8/site-packages/airflow/example_dags/tutorial.py for tasks to queue
[2022-11-12 11:11:42,505] {logging_mixin.py:109} INFO - [2022-11-12 11:11:42,505] {dagbag.py:496} INFO - Filling up the DagBag from /home/upm/.local/lib/python3.8/site-packages/airflow/example_dags/tutorial.py
[2022-11-12 11:11:42,513] {processor.py:623} INFO - DAG(s) dict_keys(['tutorial']) retrieved from /home/upm/.local/lib/python3.8/site-packages/airflow/example_dags/tutorial.py
[2022-11-12 11:11:42,525] {logging_mixin.py:109} INFO - [2022-11-12 11:11:42,525] {dag.py:1834} INFO - Sync 1 DAGs
[2022-11-12 11:11:42,532] {logging_mixin.py:109} INFO - [2022-11-12 11:11:42,532] {dag.py:2287} INFO - Setting next_dagrun for tutorial to 2022-11-10 00:00:00+00:00
[2022-11-12 11:11:42,542] {processor.py:170} INFO - Processing /home/upm/.local/lib/python3.8/site-packages/airflow/example_dags/tutorial.py took 0.041 seconds
[2022-11-12 11:12:15,038] {processor.py:162} INFO - Started process (PID=82684) to work on /home/upm/.local/lib/python3.8/site-packages/airflow/example_dags/tutorial.py
[2022-11-12 11:12:15,039] {processor.py:613} INFO - Processing file /home/upm/.local/lib/python3.8/site-packages/airflow/example_dags/tutorial.py for tasks to queue
[2022-11-12 11:12:15,040] {logging_mixin.py:109} INFO - [2022-11-12 11:12:15,040] {dagbag.py:496} INFO - Filling up the DagBag from /home/upm/.local/lib/python3.8/site-packages/airflow/example_dags/tutorial.py
[2022-11-12 11:12:15,048] {processor.py:623} INFO - DAG(s) dict_keys(['tutorial']) retrieved from /home/upm/.local/lib/python3.8/site-packages/airflow/example_dags/tutorial.py
[2022-11-12 11:12:15,059] {logging_mixin.py:109} INFO - [2022-11-12 11:12:15,059] {dag.py:1834} INFO - Sync 1 DAGs
[2022-11-12 11:12:15,066] {logging_mixin.py:109} INFO - [2022-11-12 11:12:15,066] {dag.py:2287} INFO - Setting next_dagrun for tutorial to 2022-11-10 00:00:00+00:00
[2022-11-12 11:12:15,077] {processor.py:170} INFO - Processing /home/upm/.local/lib/python3.8/site-packages/airflow/example_dags/tutorial.py took 0.041 seconds
[2022-11-12 11:13:22,746] {processor.py:162} INFO - Started process (PID=82828) to work on /home/upm/.local/lib/python3.8/site-packages/airflow/example_dags/tutorial.py
[2022-11-12 11:13:22,748] {processor.py:613} INFO - Processing file /home/upm/.local/lib/python3.8/site-packages/airflow/example_dags/tutorial.py for tasks to queue
[2022-11-12 11:13:22,748] {logging_mixin.py:109} INFO - [2022-11-12 11:13:22,748] {dagbag.py:496} INFO - Filling up the DagBag from /home/upm/.local/lib/python3.8/site-packages/airflow/example_dags/tutorial.py
[2022-11-12 11:13:22,756] {processor.py:623} INFO - DAG(s) dict_keys(['tutorial']) retrieved from /home/upm/.local/lib/python3.8/site-packages/airflow/example_dags/tutorial.py
[2022-11-12 11:13:22,767] {logging_mixin.py:109} INFO - [2022-11-12 11:13:22,767] {dag.py:1834} INFO - Sync 1 DAGs
[2022-11-12 11:13:22,774] {logging_mixin.py:109} INFO - [2022-11-12 11:13:22,774] {dag.py:2287} INFO - Setting next_dagrun for tutorial to 2022-11-10 00:00:00+00:00
[2022-11-12 11:13:22,784] {processor.py:170} INFO - Processing /home/upm/.local/lib/python3.8/site-packages/airflow/example_dags/tutorial.py took 0.040 seconds
[2022-11-12 11:13:55,221] {processor.py:162} INFO - Started process (PID=82976) to work on /home/upm/.local/lib/python3.8/site-packages/airflow/example_dags/tutorial.py
[2022-11-12 11:13:55,222] {processor.py:613} INFO - Processing file /home/upm/.local/lib/python3.8/site-packages/airflow/example_dags/tutorial.py for tasks to queue
[2022-11-12 11:13:55,222] {logging_mixin.py:109} INFO - [2022-11-12 11:13:55,222] {dagbag.py:496} INFO - Filling up the DagBag from /home/upm/.local/lib/python3.8/site-packages/airflow/example_dags/tutorial.py
[2022-11-12 11:13:55,230] {processor.py:623} INFO - DAG(s) dict_keys(['tutorial']) retrieved from /home/upm/.local/lib/python3.8/site-packages/airflow/example_dags/tutorial.py
[2022-11-12 11:13:55,244] {logging_mixin.py:109} INFO - [2022-11-12 11:13:55,244] {dag.py:1834} INFO - Sync 1 DAGs
[2022-11-12 11:13:55,250] {logging_mixin.py:109} INFO - [2022-11-12 11:13:55,250] {dag.py:2287} INFO - Setting next_dagrun for tutorial to 2022-11-10 00:00:00+00:00
[2022-11-12 11:13:55,261] {processor.py:170} INFO - Processing /home/upm/.local/lib/python3.8/site-packages/airflow/example_dags/tutorial.py took 0.043 seconds
[2022-11-12 11:14:27,303] {processor.py:162} INFO - Started process (PID=83194) to work on /home/upm/.local/lib/python3.8/site-packages/airflow/example_dags/tutorial.py
[2022-11-12 11:14:27,307] {processor.py:613} INFO - Processing file /home/upm/.local/lib/python3.8/site-packages/airflow/example_dags/tutorial.py for tasks to queue
[2022-11-12 11:14:27,309] {logging_mixin.py:109} INFO - [2022-11-12 11:14:27,309] {dagbag.py:496} INFO - Filling up the DagBag from /home/upm/.local/lib/python3.8/site-packages/airflow/example_dags/tutorial.py
[2022-11-12 11:14:27,328] {processor.py:623} INFO - DAG(s) dict_keys(['tutorial']) retrieved from /home/upm/.local/lib/python3.8/site-packages/airflow/example_dags/tutorial.py
[2022-11-12 11:14:27,347] {logging_mixin.py:109} INFO - [2022-11-12 11:14:27,347] {dag.py:1834} INFO - Sync 1 DAGs
[2022-11-12 11:14:27,359] {logging_mixin.py:109} INFO - [2022-11-12 11:14:27,359] {dag.py:2287} INFO - Setting next_dagrun for tutorial to 2022-11-10 00:00:00+00:00
[2022-11-12 11:14:27,373] {processor.py:170} INFO - Processing /home/upm/.local/lib/python3.8/site-packages/airflow/example_dags/tutorial.py took 0.076 seconds
[2022-11-12 11:16:51,637] {processor.py:162} INFO - Started process (PID=83486) to work on /home/upm/.local/lib/python3.8/site-packages/airflow/example_dags/tutorial.py
[2022-11-12 11:16:51,640] {processor.py:613} INFO - Processing file /home/upm/.local/lib/python3.8/site-packages/airflow/example_dags/tutorial.py for tasks to queue
[2022-11-12 11:16:51,640] {logging_mixin.py:109} INFO - [2022-11-12 11:16:51,640] {dagbag.py:496} INFO - Filling up the DagBag from /home/upm/.local/lib/python3.8/site-packages/airflow/example_dags/tutorial.py
[2022-11-12 11:16:51,651] {processor.py:623} INFO - DAG(s) dict_keys(['tutorial']) retrieved from /home/upm/.local/lib/python3.8/site-packages/airflow/example_dags/tutorial.py
[2022-11-12 11:16:51,664] {logging_mixin.py:109} INFO - [2022-11-12 11:16:51,664] {dag.py:1834} INFO - Sync 1 DAGs
[2022-11-12 11:16:51,671] {logging_mixin.py:109} INFO - [2022-11-12 11:16:51,671] {dag.py:2287} INFO - Setting next_dagrun for tutorial to 2022-11-10 00:00:00+00:00
[2022-11-12 11:16:51,682] {processor.py:170} INFO - Processing /home/upm/.local/lib/python3.8/site-packages/airflow/example_dags/tutorial.py took 0.048 seconds
[2022-11-12 11:17:23,357] {processor.py:162} INFO - Started process (PID=83627) to work on /home/upm/.local/lib/python3.8/site-packages/airflow/example_dags/tutorial.py
[2022-11-12 11:17:23,358] {processor.py:613} INFO - Processing file /home/upm/.local/lib/python3.8/site-packages/airflow/example_dags/tutorial.py for tasks to queue
[2022-11-12 11:17:23,358] {logging_mixin.py:109} INFO - [2022-11-12 11:17:23,358] {dagbag.py:496} INFO - Filling up the DagBag from /home/upm/.local/lib/python3.8/site-packages/airflow/example_dags/tutorial.py
[2022-11-12 11:17:23,370] {processor.py:623} INFO - DAG(s) dict_keys(['tutorial']) retrieved from /home/upm/.local/lib/python3.8/site-packages/airflow/example_dags/tutorial.py
[2022-11-12 11:17:23,382] {logging_mixin.py:109} INFO - [2022-11-12 11:17:23,382] {dag.py:1834} INFO - Sync 1 DAGs
[2022-11-12 11:17:23,389] {logging_mixin.py:109} INFO - [2022-11-12 11:17:23,389] {dag.py:2287} INFO - Setting next_dagrun for tutorial to 2022-11-10 00:00:00+00:00
[2022-11-12 11:17:23,399] {processor.py:170} INFO - Processing /home/upm/.local/lib/python3.8/site-packages/airflow/example_dags/tutorial.py took 0.044 seconds
[2022-11-12 11:17:54,470] {processor.py:162} INFO - Started process (PID=83760) to work on /home/upm/.local/lib/python3.8/site-packages/airflow/example_dags/tutorial.py
[2022-11-12 11:17:54,473] {processor.py:613} INFO - Processing file /home/upm/.local/lib/python3.8/site-packages/airflow/example_dags/tutorial.py for tasks to queue
[2022-11-12 11:17:54,473] {logging_mixin.py:109} INFO - [2022-11-12 11:17:54,473] {dagbag.py:496} INFO - Filling up the DagBag from /home/upm/.local/lib/python3.8/site-packages/airflow/example_dags/tutorial.py
[2022-11-12 11:17:54,483] {processor.py:623} INFO - DAG(s) dict_keys(['tutorial']) retrieved from /home/upm/.local/lib/python3.8/site-packages/airflow/example_dags/tutorial.py
[2022-11-12 11:17:54,497] {logging_mixin.py:109} INFO - [2022-11-12 11:17:54,497] {dag.py:1834} INFO - Sync 1 DAGs
[2022-11-12 11:17:54,503] {logging_mixin.py:109} INFO - [2022-11-12 11:17:54,503] {dag.py:2287} INFO - Setting next_dagrun for tutorial to 2022-11-10 00:00:00+00:00
[2022-11-12 11:17:54,522] {processor.py:170} INFO - Processing /home/upm/.local/lib/python3.8/site-packages/airflow/example_dags/tutorial.py took 0.054 seconds
[2022-11-12 11:18:27,031] {processor.py:162} INFO - Started process (PID=83871) to work on /home/upm/.local/lib/python3.8/site-packages/airflow/example_dags/tutorial.py
[2022-11-12 11:18:27,032] {processor.py:613} INFO - Processing file /home/upm/.local/lib/python3.8/site-packages/airflow/example_dags/tutorial.py for tasks to queue
[2022-11-12 11:18:27,033] {logging_mixin.py:109} INFO - [2022-11-12 11:18:27,032] {dagbag.py:496} INFO - Filling up the DagBag from /home/upm/.local/lib/python3.8/site-packages/airflow/example_dags/tutorial.py
[2022-11-12 11:18:27,040] {processor.py:623} INFO - DAG(s) dict_keys(['tutorial']) retrieved from /home/upm/.local/lib/python3.8/site-packages/airflow/example_dags/tutorial.py
[2022-11-12 11:18:27,052] {logging_mixin.py:109} INFO - [2022-11-12 11:18:27,052] {dag.py:1834} INFO - Sync 1 DAGs
[2022-11-12 11:18:27,059] {logging_mixin.py:109} INFO - [2022-11-12 11:18:27,059] {dag.py:2287} INFO - Setting next_dagrun for tutorial to 2022-11-10 00:00:00+00:00
[2022-11-12 11:18:27,070] {processor.py:170} INFO - Processing /home/upm/.local/lib/python3.8/site-packages/airflow/example_dags/tutorial.py took 0.041 seconds
[2022-11-12 11:18:59,947] {processor.py:162} INFO - Started process (PID=84011) to work on /home/upm/.local/lib/python3.8/site-packages/airflow/example_dags/tutorial.py
[2022-11-12 11:18:59,949] {processor.py:613} INFO - Processing file /home/upm/.local/lib/python3.8/site-packages/airflow/example_dags/tutorial.py for tasks to queue
[2022-11-12 11:18:59,950] {logging_mixin.py:109} INFO - [2022-11-12 11:18:59,950] {dagbag.py:496} INFO - Filling up the DagBag from /home/upm/.local/lib/python3.8/site-packages/airflow/example_dags/tutorial.py
[2022-11-12 11:18:59,960] {processor.py:623} INFO - DAG(s) dict_keys(['tutorial']) retrieved from /home/upm/.local/lib/python3.8/site-packages/airflow/example_dags/tutorial.py
[2022-11-12 11:18:59,972] {logging_mixin.py:109} INFO - [2022-11-12 11:18:59,972] {dag.py:1834} INFO - Sync 1 DAGs
[2022-11-12 11:18:59,980] {logging_mixin.py:109} INFO - [2022-11-12 11:18:59,980] {dag.py:2287} INFO - Setting next_dagrun for tutorial to 2022-11-10 00:00:00+00:00
[2022-11-12 11:18:59,994] {processor.py:170} INFO - Processing /home/upm/.local/lib/python3.8/site-packages/airflow/example_dags/tutorial.py took 0.049 seconds
[2022-11-12 11:21:21,496] {processor.py:162} INFO - Started process (PID=84337) to work on /home/upm/.local/lib/python3.8/site-packages/airflow/example_dags/tutorial.py
[2022-11-12 11:21:21,498] {processor.py:613} INFO - Processing file /home/upm/.local/lib/python3.8/site-packages/airflow/example_dags/tutorial.py for tasks to queue
[2022-11-12 11:21:21,498] {logging_mixin.py:109} INFO - [2022-11-12 11:21:21,498] {dagbag.py:496} INFO - Filling up the DagBag from /home/upm/.local/lib/python3.8/site-packages/airflow/example_dags/tutorial.py
[2022-11-12 11:21:21,507] {processor.py:623} INFO - DAG(s) dict_keys(['tutorial']) retrieved from /home/upm/.local/lib/python3.8/site-packages/airflow/example_dags/tutorial.py
[2022-11-12 11:21:21,520] {logging_mixin.py:109} INFO - [2022-11-12 11:21:21,520] {dag.py:1834} INFO - Sync 1 DAGs
[2022-11-12 11:21:21,527] {logging_mixin.py:109} INFO - [2022-11-12 11:21:21,527] {dag.py:2287} INFO - Setting next_dagrun for tutorial to 2022-11-10 00:00:00+00:00
[2022-11-12 11:21:21,538] {processor.py:170} INFO - Processing /home/upm/.local/lib/python3.8/site-packages/airflow/example_dags/tutorial.py took 0.046 seconds
[2022-11-12 11:21:53,207] {processor.py:162} INFO - Started process (PID=84446) to work on /home/upm/.local/lib/python3.8/site-packages/airflow/example_dags/tutorial.py
[2022-11-12 11:21:53,209] {processor.py:613} INFO - Processing file /home/upm/.local/lib/python3.8/site-packages/airflow/example_dags/tutorial.py for tasks to queue
[2022-11-12 11:21:53,209] {logging_mixin.py:109} INFO - [2022-11-12 11:21:53,209] {dagbag.py:496} INFO - Filling up the DagBag from /home/upm/.local/lib/python3.8/site-packages/airflow/example_dags/tutorial.py
[2022-11-12 11:21:53,217] {processor.py:623} INFO - DAG(s) dict_keys(['tutorial']) retrieved from /home/upm/.local/lib/python3.8/site-packages/airflow/example_dags/tutorial.py
[2022-11-12 11:21:53,228] {logging_mixin.py:109} INFO - [2022-11-12 11:21:53,228] {dag.py:1834} INFO - Sync 1 DAGs
[2022-11-12 11:21:53,235] {logging_mixin.py:109} INFO - [2022-11-12 11:21:53,234] {dag.py:2287} INFO - Setting next_dagrun for tutorial to 2022-11-10 00:00:00+00:00
[2022-11-12 11:21:53,246] {processor.py:170} INFO - Processing /home/upm/.local/lib/python3.8/site-packages/airflow/example_dags/tutorial.py took 0.041 seconds
[2022-11-12 11:22:24,410] {processor.py:162} INFO - Started process (PID=84555) to work on /home/upm/.local/lib/python3.8/site-packages/airflow/example_dags/tutorial.py
[2022-11-12 11:22:24,411] {processor.py:613} INFO - Processing file /home/upm/.local/lib/python3.8/site-packages/airflow/example_dags/tutorial.py for tasks to queue
[2022-11-12 11:22:24,412] {logging_mixin.py:109} INFO - [2022-11-12 11:22:24,412] {dagbag.py:496} INFO - Filling up the DagBag from /home/upm/.local/lib/python3.8/site-packages/airflow/example_dags/tutorial.py
[2022-11-12 11:22:24,420] {processor.py:623} INFO - DAG(s) dict_keys(['tutorial']) retrieved from /home/upm/.local/lib/python3.8/site-packages/airflow/example_dags/tutorial.py
[2022-11-12 11:22:24,432] {logging_mixin.py:109} INFO - [2022-11-12 11:22:24,432] {dag.py:1834} INFO - Sync 1 DAGs
[2022-11-12 11:22:24,439] {logging_mixin.py:109} INFO - [2022-11-12 11:22:24,439] {dag.py:2287} INFO - Setting next_dagrun for tutorial to 2022-11-10 00:00:00+00:00
[2022-11-12 11:22:24,449] {processor.py:170} INFO - Processing /home/upm/.local/lib/python3.8/site-packages/airflow/example_dags/tutorial.py took 0.045 seconds
[2022-11-12 11:22:56,860] {processor.py:162} INFO - Started process (PID=84667) to work on /home/upm/.local/lib/python3.8/site-packages/airflow/example_dags/tutorial.py
[2022-11-12 11:22:56,863] {processor.py:613} INFO - Processing file /home/upm/.local/lib/python3.8/site-packages/airflow/example_dags/tutorial.py for tasks to queue
[2022-11-12 11:22:56,864] {logging_mixin.py:109} INFO - [2022-11-12 11:22:56,864] {dagbag.py:496} INFO - Filling up the DagBag from /home/upm/.local/lib/python3.8/site-packages/airflow/example_dags/tutorial.py
[2022-11-12 11:22:56,880] {processor.py:623} INFO - DAG(s) dict_keys(['tutorial']) retrieved from /home/upm/.local/lib/python3.8/site-packages/airflow/example_dags/tutorial.py
[2022-11-12 11:22:56,902] {logging_mixin.py:109} INFO - [2022-11-12 11:22:56,901] {dag.py:1834} INFO - Sync 1 DAGs
[2022-11-12 11:22:56,913] {logging_mixin.py:109} INFO - [2022-11-12 11:22:56,913] {dag.py:2287} INFO - Setting next_dagrun for tutorial to 2022-11-10 00:00:00+00:00
[2022-11-12 11:22:56,928] {processor.py:170} INFO - Processing /home/upm/.local/lib/python3.8/site-packages/airflow/example_dags/tutorial.py took 0.072 seconds
[2022-11-12 11:27:13,068] {processor.py:162} INFO - Started process (PID=85186) to work on /home/upm/.local/lib/python3.8/site-packages/airflow/example_dags/tutorial.py
[2022-11-12 11:27:13,070] {processor.py:613} INFO - Processing file /home/upm/.local/lib/python3.8/site-packages/airflow/example_dags/tutorial.py for tasks to queue
[2022-11-12 11:27:13,070] {logging_mixin.py:109} INFO - [2022-11-12 11:27:13,070] {dagbag.py:496} INFO - Filling up the DagBag from /home/upm/.local/lib/python3.8/site-packages/airflow/example_dags/tutorial.py
[2022-11-12 11:27:13,079] {processor.py:623} INFO - DAG(s) dict_keys(['tutorial']) retrieved from /home/upm/.local/lib/python3.8/site-packages/airflow/example_dags/tutorial.py
[2022-11-12 11:27:13,092] {logging_mixin.py:109} INFO - [2022-11-12 11:27:13,092] {dag.py:1834} INFO - Sync 1 DAGs
[2022-11-12 11:27:13,099] {logging_mixin.py:109} INFO - [2022-11-12 11:27:13,099] {dag.py:2287} INFO - Setting next_dagrun for tutorial to 2022-11-10 00:00:00+00:00
[2022-11-12 11:27:13,109] {processor.py:170} INFO - Processing /home/upm/.local/lib/python3.8/site-packages/airflow/example_dags/tutorial.py took 0.043 seconds
[2022-11-12 11:27:44,795] {processor.py:162} INFO - Started process (PID=85357) to work on /home/upm/.local/lib/python3.8/site-packages/airflow/example_dags/tutorial.py
[2022-11-12 11:27:44,796] {processor.py:613} INFO - Processing file /home/upm/.local/lib/python3.8/site-packages/airflow/example_dags/tutorial.py for tasks to queue
[2022-11-12 11:27:44,796] {logging_mixin.py:109} INFO - [2022-11-12 11:27:44,796] {dagbag.py:496} INFO - Filling up the DagBag from /home/upm/.local/lib/python3.8/site-packages/airflow/example_dags/tutorial.py
[2022-11-12 11:27:44,804] {processor.py:623} INFO - DAG(s) dict_keys(['tutorial']) retrieved from /home/upm/.local/lib/python3.8/site-packages/airflow/example_dags/tutorial.py
[2022-11-12 11:27:44,816] {logging_mixin.py:109} INFO - [2022-11-12 11:27:44,816] {dag.py:1834} INFO - Sync 1 DAGs
[2022-11-12 11:27:44,822] {logging_mixin.py:109} INFO - [2022-11-12 11:27:44,822] {dag.py:2287} INFO - Setting next_dagrun for tutorial to 2022-11-10 00:00:00+00:00
[2022-11-12 11:27:44,833] {processor.py:170} INFO - Processing /home/upm/.local/lib/python3.8/site-packages/airflow/example_dags/tutorial.py took 0.040 seconds
[2022-11-12 11:28:15,944] {processor.py:162} INFO - Started process (PID=85619) to work on /home/upm/.local/lib/python3.8/site-packages/airflow/example_dags/tutorial.py
[2022-11-12 11:28:15,946] {processor.py:613} INFO - Processing file /home/upm/.local/lib/python3.8/site-packages/airflow/example_dags/tutorial.py for tasks to queue
[2022-11-12 11:28:15,947] {logging_mixin.py:109} INFO - [2022-11-12 11:28:15,947] {dagbag.py:496} INFO - Filling up the DagBag from /home/upm/.local/lib/python3.8/site-packages/airflow/example_dags/tutorial.py
[2022-11-12 11:28:15,957] {processor.py:623} INFO - DAG(s) dict_keys(['tutorial']) retrieved from /home/upm/.local/lib/python3.8/site-packages/airflow/example_dags/tutorial.py
[2022-11-12 11:28:15,968] {logging_mixin.py:109} INFO - [2022-11-12 11:28:15,968] {dag.py:1834} INFO - Sync 1 DAGs
[2022-11-12 11:28:15,974] {logging_mixin.py:109} INFO - [2022-11-12 11:28:15,974] {dag.py:2287} INFO - Setting next_dagrun for tutorial to 2022-11-10 00:00:00+00:00
[2022-11-12 11:28:15,985] {processor.py:170} INFO - Processing /home/upm/.local/lib/python3.8/site-packages/airflow/example_dags/tutorial.py took 0.044 seconds
[2022-11-12 11:29:18,922] {processor.py:162} INFO - Started process (PID=85747) to work on /home/upm/.local/lib/python3.8/site-packages/airflow/example_dags/tutorial.py
[2022-11-12 11:29:18,924] {processor.py:613} INFO - Processing file /home/upm/.local/lib/python3.8/site-packages/airflow/example_dags/tutorial.py for tasks to queue
[2022-11-12 11:29:18,924] {logging_mixin.py:109} INFO - [2022-11-12 11:29:18,924] {dagbag.py:496} INFO - Filling up the DagBag from /home/upm/.local/lib/python3.8/site-packages/airflow/example_dags/tutorial.py
[2022-11-12 11:29:18,935] {processor.py:623} INFO - DAG(s) dict_keys(['tutorial']) retrieved from /home/upm/.local/lib/python3.8/site-packages/airflow/example_dags/tutorial.py
[2022-11-12 11:29:18,953] {logging_mixin.py:109} INFO - [2022-11-12 11:29:18,953] {dag.py:1834} INFO - Sync 1 DAGs
[2022-11-12 11:29:18,962] {logging_mixin.py:109} INFO - [2022-11-12 11:29:18,962] {dag.py:2287} INFO - Setting next_dagrun for tutorial to 2022-11-10 00:00:00+00:00
[2022-11-12 11:29:18,972] {processor.py:170} INFO - Processing /home/upm/.local/lib/python3.8/site-packages/airflow/example_dags/tutorial.py took 0.053 seconds
[2022-11-12 11:29:50,656] {processor.py:162} INFO - Started process (PID=85874) to work on /home/upm/.local/lib/python3.8/site-packages/airflow/example_dags/tutorial.py
[2022-11-12 11:29:50,656] {processor.py:613} INFO - Processing file /home/upm/.local/lib/python3.8/site-packages/airflow/example_dags/tutorial.py for tasks to queue
[2022-11-12 11:29:50,657] {logging_mixin.py:109} INFO - [2022-11-12 11:29:50,657] {dagbag.py:496} INFO - Filling up the DagBag from /home/upm/.local/lib/python3.8/site-packages/airflow/example_dags/tutorial.py
[2022-11-12 11:29:50,665] {processor.py:623} INFO - DAG(s) dict_keys(['tutorial']) retrieved from /home/upm/.local/lib/python3.8/site-packages/airflow/example_dags/tutorial.py
[2022-11-12 11:29:50,676] {logging_mixin.py:109} INFO - [2022-11-12 11:29:50,676] {dag.py:1834} INFO - Sync 1 DAGs
[2022-11-12 11:29:50,683] {logging_mixin.py:109} INFO - [2022-11-12 11:29:50,682] {dag.py:2287} INFO - Setting next_dagrun for tutorial to 2022-11-10 00:00:00+00:00
[2022-11-12 11:29:50,692] {processor.py:170} INFO - Processing /home/upm/.local/lib/python3.8/site-packages/airflow/example_dags/tutorial.py took 0.039 seconds
[2022-11-12 11:30:21,746] {processor.py:162} INFO - Started process (PID=86082) to work on /home/upm/.local/lib/python3.8/site-packages/airflow/example_dags/tutorial.py
[2022-11-12 11:30:21,748] {processor.py:613} INFO - Processing file /home/upm/.local/lib/python3.8/site-packages/airflow/example_dags/tutorial.py for tasks to queue
[2022-11-12 11:30:21,749] {logging_mixin.py:109} INFO - [2022-11-12 11:30:21,748] {dagbag.py:496} INFO - Filling up the DagBag from /home/upm/.local/lib/python3.8/site-packages/airflow/example_dags/tutorial.py
[2022-11-12 11:30:21,759] {processor.py:623} INFO - DAG(s) dict_keys(['tutorial']) retrieved from /home/upm/.local/lib/python3.8/site-packages/airflow/example_dags/tutorial.py
[2022-11-12 11:30:21,776] {logging_mixin.py:109} INFO - [2022-11-12 11:30:21,775] {dag.py:1834} INFO - Sync 1 DAGs
[2022-11-12 11:30:21,784] {logging_mixin.py:109} INFO - [2022-11-12 11:30:21,784] {dag.py:2287} INFO - Setting next_dagrun for tutorial to 2022-11-10 00:00:00+00:00
[2022-11-12 11:30:21,798] {processor.py:170} INFO - Processing /home/upm/.local/lib/python3.8/site-packages/airflow/example_dags/tutorial.py took 0.055 seconds
[2022-11-12 11:30:54,231] {processor.py:162} INFO - Started process (PID=86211) to work on /home/upm/.local/lib/python3.8/site-packages/airflow/example_dags/tutorial.py
[2022-11-12 11:30:54,233] {processor.py:613} INFO - Processing file /home/upm/.local/lib/python3.8/site-packages/airflow/example_dags/tutorial.py for tasks to queue
[2022-11-12 11:30:54,234] {logging_mixin.py:109} INFO - [2022-11-12 11:30:54,233] {dagbag.py:496} INFO - Filling up the DagBag from /home/upm/.local/lib/python3.8/site-packages/airflow/example_dags/tutorial.py
[2022-11-12 11:30:54,247] {processor.py:623} INFO - DAG(s) dict_keys(['tutorial']) retrieved from /home/upm/.local/lib/python3.8/site-packages/airflow/example_dags/tutorial.py
[2022-11-12 11:30:54,261] {logging_mixin.py:109} INFO - [2022-11-12 11:30:54,261] {dag.py:1834} INFO - Sync 1 DAGs
[2022-11-12 11:30:54,268] {logging_mixin.py:109} INFO - [2022-11-12 11:30:54,268] {dag.py:2287} INFO - Setting next_dagrun for tutorial to 2022-11-10 00:00:00+00:00
[2022-11-12 11:30:54,278] {processor.py:170} INFO - Processing /home/upm/.local/lib/python3.8/site-packages/airflow/example_dags/tutorial.py took 0.051 seconds
[2022-11-12 11:31:25,886] {processor.py:162} INFO - Started process (PID=86337) to work on /home/upm/.local/lib/python3.8/site-packages/airflow/example_dags/tutorial.py
[2022-11-12 11:31:25,888] {processor.py:613} INFO - Processing file /home/upm/.local/lib/python3.8/site-packages/airflow/example_dags/tutorial.py for tasks to queue
[2022-11-12 11:31:25,889] {logging_mixin.py:109} INFO - [2022-11-12 11:31:25,889] {dagbag.py:496} INFO - Filling up the DagBag from /home/upm/.local/lib/python3.8/site-packages/airflow/example_dags/tutorial.py
[2022-11-12 11:31:25,901] {processor.py:623} INFO - DAG(s) dict_keys(['tutorial']) retrieved from /home/upm/.local/lib/python3.8/site-packages/airflow/example_dags/tutorial.py
[2022-11-12 11:31:25,913] {logging_mixin.py:109} INFO - [2022-11-12 11:31:25,913] {dag.py:1834} INFO - Sync 1 DAGs
[2022-11-12 11:31:25,920] {logging_mixin.py:109} INFO - [2022-11-12 11:31:25,920] {dag.py:2287} INFO - Setting next_dagrun for tutorial to 2022-11-10 00:00:00+00:00
[2022-11-12 11:31:25,933] {processor.py:170} INFO - Processing /home/upm/.local/lib/python3.8/site-packages/airflow/example_dags/tutorial.py took 0.051 seconds
[2022-11-12 11:31:58,470] {processor.py:162} INFO - Started process (PID=86609) to work on /home/upm/.local/lib/python3.8/site-packages/airflow/example_dags/tutorial.py
[2022-11-12 11:31:58,473] {processor.py:613} INFO - Processing file /home/upm/.local/lib/python3.8/site-packages/airflow/example_dags/tutorial.py for tasks to queue
[2022-11-12 11:31:58,473] {logging_mixin.py:109} INFO - [2022-11-12 11:31:58,473] {dagbag.py:496} INFO - Filling up the DagBag from /home/upm/.local/lib/python3.8/site-packages/airflow/example_dags/tutorial.py
[2022-11-12 11:31:58,489] {processor.py:623} INFO - DAG(s) dict_keys(['tutorial']) retrieved from /home/upm/.local/lib/python3.8/site-packages/airflow/example_dags/tutorial.py
[2022-11-12 11:31:58,500] {logging_mixin.py:109} INFO - [2022-11-12 11:31:58,500] {dag.py:1834} INFO - Sync 1 DAGs
[2022-11-12 11:31:58,507] {logging_mixin.py:109} INFO - [2022-11-12 11:31:58,507] {dag.py:2287} INFO - Setting next_dagrun for tutorial to 2022-11-10 00:00:00+00:00
[2022-11-12 11:31:58,516] {processor.py:170} INFO - Processing /home/upm/.local/lib/python3.8/site-packages/airflow/example_dags/tutorial.py took 0.052 seconds
[2022-11-12 11:32:30,202] {processor.py:162} INFO - Started process (PID=86725) to work on /home/upm/.local/lib/python3.8/site-packages/airflow/example_dags/tutorial.py
[2022-11-12 11:32:30,203] {processor.py:613} INFO - Processing file /home/upm/.local/lib/python3.8/site-packages/airflow/example_dags/tutorial.py for tasks to queue
[2022-11-12 11:32:30,203] {logging_mixin.py:109} INFO - [2022-11-12 11:32:30,203] {dagbag.py:496} INFO - Filling up the DagBag from /home/upm/.local/lib/python3.8/site-packages/airflow/example_dags/tutorial.py
[2022-11-12 11:32:30,213] {processor.py:623} INFO - DAG(s) dict_keys(['tutorial']) retrieved from /home/upm/.local/lib/python3.8/site-packages/airflow/example_dags/tutorial.py
[2022-11-12 11:32:30,224] {logging_mixin.py:109} INFO - [2022-11-12 11:32:30,224] {dag.py:1834} INFO - Sync 1 DAGs
[2022-11-12 11:32:30,230] {logging_mixin.py:109} INFO - [2022-11-12 11:32:30,230] {dag.py:2287} INFO - Setting next_dagrun for tutorial to 2022-11-10 00:00:00+00:00
[2022-11-12 11:32:30,241] {processor.py:170} INFO - Processing /home/upm/.local/lib/python3.8/site-packages/airflow/example_dags/tutorial.py took 0.041 seconds
[2022-11-12 11:33:02,540] {processor.py:162} INFO - Started process (PID=86866) to work on /home/upm/.local/lib/python3.8/site-packages/airflow/example_dags/tutorial.py
[2022-11-12 11:33:02,542] {processor.py:613} INFO - Processing file /home/upm/.local/lib/python3.8/site-packages/airflow/example_dags/tutorial.py for tasks to queue
[2022-11-12 11:33:02,542] {logging_mixin.py:109} INFO - [2022-11-12 11:33:02,542] {dagbag.py:496} INFO - Filling up the DagBag from /home/upm/.local/lib/python3.8/site-packages/airflow/example_dags/tutorial.py
[2022-11-12 11:33:02,552] {processor.py:623} INFO - DAG(s) dict_keys(['tutorial']) retrieved from /home/upm/.local/lib/python3.8/site-packages/airflow/example_dags/tutorial.py
[2022-11-12 11:33:02,562] {logging_mixin.py:109} INFO - [2022-11-12 11:33:02,562] {dag.py:1834} INFO - Sync 1 DAGs
[2022-11-12 11:33:02,568] {logging_mixin.py:109} INFO - [2022-11-12 11:33:02,568] {dag.py:2287} INFO - Setting next_dagrun for tutorial to 2022-11-10 00:00:00+00:00
[2022-11-12 11:33:02,577] {processor.py:170} INFO - Processing /home/upm/.local/lib/python3.8/site-packages/airflow/example_dags/tutorial.py took 0.039 seconds
